Error: Invalid length: Expected 64 bits, got 65
Error: Invalid length: Expected 64 bits, got 65
Error: Invalid length: Expected 64 bits, got 65
Error: Invalid length: Expected 64 bits, got 65
Error: Invalid length: Expected 64 bits, got 65
Error: Invalid length: Expected 64 bits, got 65
Error: Invalid length: Expected 64 bits, got 65
Error: Invalid length: Expected 64 bits, got 65
Error: Invalid length: Expected 64 bits, got 65
Error: Invalid length: Expected 64 bits, got 65
Error: Invalid length: Expected 64 bits, got 65
Error: Invalid length: Expected 64 bits, got 65
Error: Invalid length: Expected 64 bits, got 65
Error: Invalid length: Expected 64 bits, got 65
Error: Invalid length: Expected 64 bits, got 65
Error: Invalid length: Expected 64 bits, got 65
Error: Invalid length: Expected 64 bits, got 65
Error: Invalid length: Expected 64 bits, got 65
Error: Invalid length: Expected 64 bits, got 65
Error: Invalid length: Expected 64 bits, got 65
Error: Invalid length: Expected 64 bits, got 65
Error: Invalid length: Expected 64 bits, got 65
Error: Invalid length: Expected 64 bits, got 65
Error: Invalid length: Expected 64 bits, got 65
Error: Invalid length: Expected 64 bits, got 65
Error: Invalid length: Expected 64 bits, got 65
Error: Invalid length: Expected 64 bits, got 65
Error: Invalid length: Expected 64 bits, got 65
Error: Invalid length: Expected 64 bits, got 65
Error: Invalid length: Expected 64 bits, got 65
Error: Invalid length: Expected 64 bits, got 65
Error: Invalid length: Expected 64 bits, got 65
Error: Invalid length: Expected 64 bits, got 65
Error: Invalid length: Expected 64 bits, got 65
Error: Invalid length: Expected 64 bits, got 65
Error: Invalid length: Expected 64 bits, got 65
Error: Invalid length: Expected 64 bits, got 65
Error: Invalid length: Expected 64 bits, got 65
Error: Invalid length: Expected 64 bits, got 65
Error: Invalid length: Expected 64 bits, got 65
Error: Invalid length: Expected 64 bits, got 65
Error: Invalid length: Expected 64 bits, got 65
Error: Invalid length: Expected 64 bits, got 65
Error: Invalid length: Expected 64 bits, got 65
Error: Invalid length: Expected 64 bits, got 65
Error: Invalid length: Expected 64 bits, got 65
Error: Invalid length: Expected 64 bits, got 65
Error: Invalid length: Expected 64 bits, got 65
Error: Invalid length: Expected 64 bits, got 65
Error: Invalid length: Expected 64 bits, got 65
Error: Invalid length: Expected 64 bits, got 65
Error: Invalid length: Expected 64 bits, got 65
Error: Invalid length: Expected 64 bits, got 65
Error: Invalid length: Expected 64 bits, got 65
Error: Invalid length: Expected 64 bits, got 65
Error: Invalid length: Expected 64 bits, got 65
Error: Invalid length: Expected 64 bits, got 65
Error: Invalid length: Expected 64 bits, got 65
Error: Invalid length: Expected 64 bits, got 65
Error: Invalid length: Expected 64 bits, got 65
Error: Invalid length: Expected 64 bits, got 65
Error: Invalid length: Expected 64 bits, got 65
Error: Invalid length: Expected 64 bits, got 65
Error: Invalid length: Expected 64 bits, got 65
Error: Invalid length: Expected 64 bits, got 65
Error: Invalid length: Expected 64 bits, got 65
Error: Invalid length: Expected 64 bits, got 65
Error: Invalid length: Expected 64 bits, got 65
Error: Invalid length: Expected 64 bits, got 65
Error: Invalid length: Expected 64 bits, got 65
Error: Invalid length: Expected 64 bits, got 65
Error: Invalid length: Expected 64 bits, got 65
Error: Invalid length: Expected 64 bits, got 65
Error: Invalid length: Expected 64 bits, got 65
Error: Invalid length: Expected 64 bits, got 65
Error: Invalid length: Expected 64 bits, got 65
Error: Invalid length: Expected 64 bits, got 65
Error: Invalid length: Expected 64 bits, got 65
Error: Invalid length: Expected 64 bits, got 65
Error: Invalid length: Expected 64 bits, got 65
Error: Invalid length: Expected 64 bits, got 65
Error: Invalid length: Expected 64 bits, got 65
Error: Invalid length: Expected 64 bits, got 65
Error: Invalid length: Expected 64 bits, got 65
Error: Invalid length: Expected 64 bits, got 65
Error: Invalid length: Expected 64 bits, got 65
Error: Invalid length: Expected 64 bits, got 65
Error: Invalid length: Expected 64 bits, got 65
Error: Invalid length: Expected 64 bits, got 65
Error: Invalid length: Expected 64 bits, got 65
Error: Invalid length: Expected 64 bits, got 65
Error: Invalid length: Expected 64 bits, got 65
Error: Invalid length: Expected 64 bits, got 65
Error: Invalid length: Expected 64 bits, got 65
Error: Invalid length: Expected 64 bits, got 65
Error: Invalid length: Expected 64 bits, got 65
Error: Invalid length: Expected 64 bits, got 65
Error: Invalid length: Expected 64 bits, got 65
Error: Invalid length: Expected 64 bits, got 65
Error: Invalid length: Expected 64 bits, got 65
Error: Invalid length: Expected 64 bits, got 65
Error: Invalid length: Expected 64 bits, got 65
Error: Invalid length: Expected 64 bits, got 65
Error: Invalid length: Expected 64 bits, got 65
Error: Invalid length: Expected 64 bits, got 65
Error: Invalid length: Expected 64 bits, got 65
Error: Invalid length: Expected 64 bits, got 65
Error: Invalid length: Expected 64 bits, got 65
Error: Invalid length: Expected 64 bits, got 65
Error: Invalid length: Expected 64 bits, got 65
Error: Invalid length: Expected 64 bits, got 65
Error: Invalid length: Expected 64 bits, got 65
Error: Invalid length: Expected 64 bits, got 65
Error: Invalid length: Expected 64 bits, got 65
Error: Invalid length: Expected 64 bits, got 65
Error: Invalid length: Expected 64 bits, got 65
Error: Invalid length: Expected 64 bits, got 65
Error: Invalid length: Expected 64 bits, got 65
Error: Invalid length: Expected 64 bits, got 65
Error: Invalid length: Expected 64 bits, got 65
Error: Invalid length: Expected 64 bits, got 65
Error: Invalid length: Expected 64 bits, got 65
Error: Invalid length: Expected 64 bits, got 65
Error: Invalid length: Expected 64 bits, got 65
Error: Invalid length: Expected 64 bits, got 65
Error: Invalid length: Expected 64 bits, got 65
Error: Invalid length: Expected 64 bits, got 65
Error: Invalid length: Expected 64 bits, got 65
Error: Invalid length: Expected 64 bits, got 65
Error: Invalid length: Expected 64 bits, got 65
Error: Invalid length: Expected 64 bits, got 65
Error: Invalid length: Expected 64 bits, got 65
Error: Invalid length: Expected 64 bits, got 65
Error: Invalid length: Expected 64 bits, got 65
Error: Invalid length: Expected 64 bits, got 65
Error: Invalid length: Expected 64 bits, got 65
Error: Invalid length: Expected 64 bits, got 65
Error: Invalid length: Expected 64 bits, got 65
Error: Invalid length: Expected 64 bits, got 65
Error: Invalid length: Expected 64 bits, got 65
Error: Invalid length: Expected 64 bits, got 65
Error: Invalid length: Expected 64 bits, got 65
Error: Invalid length: Expected 64 bits, got 65
Error: Invalid length: Expected 64 bits, got 65
Error: Invalid length: Expected 64 bits, got 65
Error: Invalid length: Expected 64 bits, got 65
Error: Invalid length: Expected 64 bits, got 65
Error: Invalid length: Expected 64 bits, got 65
Error: Invalid length: Expected 64 bits, got 65
Error: Invalid length: Expected 64 bits, got 65
Error: Invalid length: Expected 64 bits, got 65
Error: Invalid length: Expected 64 bits, got 65
Error: Invalid length: Expected 64 bits, got 65
Error: Invalid length: Expected 64 bits, got 65
Error: Invalid length: Expected 64 bits, got 65
Error: Invalid length: Expected 64 bits, got 65
Error: Invalid length: Expected 64 bits, got 65
Error: Invalid length: Expected 64 bits, got 65
Error: Invalid length: Expected 64 bits, got 65
Error: Invalid length: Expected 64 bits, got 65
Error: Invalid length: Expected 64 bits, got 65
Error: Invalid length: Expected 64 bits, got 65
Error: Invalid length: Expected 64 bits, got 65
Error: Invalid length: Expected 64 bits, got 65
Error: Invalid length: Expected 64 bits, got 65
Error: Invalid length: Expected 64 bits, got 65
Error: Invalid length: Expected 64 bits, got 65
Error: Invalid length: Expected 64 bits, got 65
Error: Invalid length: Expected 64 bits, got 65
Error: Invalid length: Expected 64 bits, got 65
Error: Invalid length: Expected 64 bits, got 65
Error: Invalid length: Expected 64 bits, got 65
Error: Invalid length: Expected 64 bits, got 65
Error: Invalid length: Expected 64 bits, got 65
Error: Invalid length: Expected 64 bits, got 65
Error: Invalid length: Expected 64 bits, got 65
Error: Invalid length: Expected 64 bits, got 65
Error: Invalid length: Expected 64 bits, got 65
Error: Invalid length: Expected 64 bits, got 65
Error: Invalid length: Expected 64 bits, got 65
Error: Invalid length: Expected 64 bits, got 65
Error: Invalid length: Expected 64 bits, got 65
Error: Invalid length: Expected 64 bits, got 65
Error: Invalid length: Expected 64 bits, got 65
Error: Invalid length: Expected 64 bits, got 65
Error: Invalid length: Expected 64 bits, got 65
Error: Invalid length: Expected 64 bits, got 65
Error: Invalid length: Expected 64 bits, got 65
Error: Invalid length: Expected 64 bits, got 65
Error: Invalid length: Expected 64 bits, got 65
Error: Invalid length: Expected 64 bits, got 65
Error: Invalid length: Expected 64 bits, got 65
Error: Invalid length: Expected 64 bits, got 65
Error: Invalid length: Expected 64 bits, got 65
Error: Invalid length: Expected 64 bits, got 65
Error: Invalid length: Expected 64 bits, got 65
Error: Invalid length: Expected 64 bits, got 65
Error: Invalid length: Expected 64 bits, got 65
Error: Invalid length: Expected 64 bits, got 65
Error: Invalid length: Expected 64 bits, got 65
Error: Invalid length: Expected 64 bits, got 65
Error: Invalid length: Expected 64 bits, got 65
Error: Invalid length: Expected 64 bits, got 65
Error: Invalid length: Expected 64 bits, got 65
Error: Invalid length: Expected 64 bits, got 65
Error: Invalid length: Expected 64 bits, got 65
Error: Invalid length: Expected 64 bits, got 65
Error: Invalid length: Expected 64 bits, got 65
Error: Invalid length: Expected 64 bits, got 65
Error: Invalid length: Expected 64 bits, got 65
Error: Invalid length: Expected 64 bits, got 65
Error: Invalid length: Expected 64 bits, got 65
Error: Invalid length: Expected 64 bits, got 65
Error: Invalid length: Expected 64 bits, got 65
Error: Invalid length: Expected 64 bits, got 65
Error: Invalid length: Expected 64 bits, got 65
Error: Invalid length: Expected 64 bits, got 65
Error: Invalid length: Expected 64 bits, got 65
Error: Invalid length: Expected 64 bits, got 65
Error: Invalid length: Expected 64 bits, got 65
Error: Invalid length: Expected 64 bits, got 65
Error: Invalid length: Expected 64 bits, got 65
Error: Invalid length: Expected 64 bits, got 65
Error: Invalid length: Expected 64 bits, got 65
Error: Invalid length: Expected 64 bits, got 65
Error: Invalid length: Expected 64 bits, got 65
Error: Invalid length: Expected 64 bits, got 65
Error: Invalid length: Expected 64 bits, got 65
Error: Invalid length: Expected 64 bits, got 65
Error: Invalid length: Expected 64 bits, got 65
Error: Invalid length: Expected 64 bits, got 65
Error: Invalid length: Expected 64 bits, got 65
Error: Invalid length: Expected 64 bits, got 65
Error: Invalid length: Expected 64 bits, got 65
Error: Invalid length: Expected 64 bits, got 65
Error: Invalid length: Expected 64 bits, got 65
Error: Invalid length: Expected 64 bits, got 65
Error: Invalid length: Expected 64 bits, got 65
Error: Invalid length: Expected 64 bits, got 65
Error: Invalid length: Expected 64 bits, got 65
Error: Invalid length: Expected 64 bits, got 65
Error: Invalid length: Expected 64 bits, got 65
Error: Invalid length: Expected 64 bits, got 65
Error: Invalid length: Expected 64 bits, got 65
Error: Invalid length: Expected 64 bits, got 65
Error: Invalid length: Expected 64 bits, got 65
Error: Invalid length: Expected 64 bits, got 65
Error: Invalid length: Expected 64 bits, got 65
Error: Invalid length: Expected 64 bits, got 65
Error: Invalid length: Expected 64 bits, got 65
Error: Invalid length: Expected 64 bits, got 65
Error: Invalid length: Expected 64 bits, got 65
Error: Invalid length: Expected 64 bits, got 65
Error: Invalid length: Expected 64 bits, got 65
Error: Invalid length: Expected 64 bits, got 65
Error: Invalid length: Expected 64 bits, got 65
Error: Invalid length: Expected 64 bits, got 65
Error: Invalid length: Expected 64 bits, got 65
Error: Invalid length: Expected 64 bits, got 65
Error: Invalid length: Expected 64 bits, got 65
Error: Invalid length: Expected 64 bits, got 65
Error: Invalid length: Expected 64 bits, got 65
Error: Invalid length: Expected 64 bits, got 65
Error: Invalid length: Expected 64 bits, got 65
Error: Invalid length: Expected 64 bits, got 65
Error: Invalid length: Expected 64 bits, got 65
Error: Invalid length: Expected 64 bits, got 65
Error: Invalid length: Expected 64 bits, got 65
Error: Invalid length: Expected 64 bits, got 65
Error: Invalid length: Expected 64 bits, got 65
Error: Invalid length: Expected 64 bits, got 65
Error: Invalid length: Expected 64 bits, got 65
Error: Invalid length: Expected 64 bits, got 65
Error: Invalid length: Expected 64 bits, got 65
Error: Invalid length: Expected 64 bits, got 65
Error: Invalid length: Expected 64 bits, got 65
Error: Invalid length: Expected 64 bits, got 65
Error: Invalid length: Expected 64 bits, got 65
Error: Invalid length: Expected 64 bits, got 65
Error: Invalid length: Expected 64 bits, got 65
Error: Invalid length: Expected 64 bits, got 65
Error: Invalid length: Expected 64 bits, got 65
Error: Invalid length: Expected 64 bits, got 65
Error: Invalid length: Expected 64 bits, got 65
Error: Invalid length: Expected 64 bits, got 65
Error: Invalid length: Expected 64 bits, got 65
Error: Invalid length: Expected 64 bits, got 65
Error: Invalid length: Expected 64 bits, got 65
Error: Invalid length: Expected 64 bits, got 65
Error: Invalid length: Expected 64 bits, got 65
Error: Invalid length: Expected 64 bits, got 65
Error: Invalid length: Expected 64 bits, got 65
Error: Invalid length: Expected 64 bits, got 65
Error: Invalid length: Expected 64 bits, got 65
Error: Invalid length: Expected 64 bits, got 65
Error: Invalid length: Expected 64 bits, got 65
Error: Invalid length: Expected 64 bits, got 65
Error: Invalid length: Expected 64 bits, got 65
Error: Invalid length: Expected 64 bits, got 65
Error: Invalid length: Expected 64 bits, got 65
Error: Invalid length: Expected 64 bits, got 65
Error: Invalid length: Expected 64 bits, got 65
Error: Invalid length: Expected 64 bits, got 65
Error: Invalid length: Expected 64 bits, got 65
Error: Invalid length: Expected 64 bits, got 65
Error: Invalid length: Expected 64 bits, got 65
Error: Invalid length: Expected 64 bits, got 65
Error: Invalid length: Expected 64 bits, got 65
Error: Invalid length: Expected 64 bits, got 65
Error: Invalid length: Expected 64 bits, got 65
Error: Invalid length: Expected 64 bits, got 65
Error: Invalid length: Expected 64 bits, got 65
Error: Invalid length: Expected 64 bits, got 65
Error: Invalid length: Expected 64 bits, got 65
Error: Invalid length: Expected 64 bits, got 65
Error: Invalid length: Expected 64 bits, got 65
Error: Invalid length: Expected 64 bits, got 65
Error: Invalid length: Expected 64 bits, got 65
Error: Invalid length: Expected 64 bits, got 65
Error: Invalid length: Expected 64 bits, got 65
Error: Invalid length: Expected 64 bits, got 65
Error: Invalid length: Expected 64 bits, got 65
Error: Invalid length: Expected 64 bits, got 65
Error: Invalid length: Expected 64 bits, got 65
Error: Invalid length: Expected 64 bits, got 65
Error: Invalid length: Expected 64 bits, got 65
Error: Invalid length: Expected 64 bits, got 65
Error: Invalid length: Expected 64 bits, got 65
Error: Invalid length: Expected 64 bits, got 65
Error: Invalid length: Expected 64 bits, got 65
Error: Invalid length: Expected 64 bits, got 65
Error: Invalid length: Expected 64 bits, got 65
Error: Invalid length: Expected 64 bits, got 65
Error: Invalid length: Expected 64 bits, got 65
Error: Invalid length: Expected 64 bits, got 65
Error: Invalid length: Expected 64 bits, got 65
Error: Invalid length: Expected 64 bits, got 65
Error: Invalid length: Expected 64 bits, got 65
Error: Invalid length: Expected 64 bits, got 65
Error: Invalid length: Expected 64 bits, got 65
Error: Invalid length: Expected 64 bits, got 65
Error: Invalid length: Expected 64 bits, got 65
Error: Invalid length: Expected 64 bits, got 65
Error: Invalid length: Expected 64 bits, got 65
Error: Invalid length: Expected 64 bits, got 65
Error: Invalid length: Expected 64 bits, got 65
Error: Invalid length: Expected 64 bits, got 65
Error: Invalid length: Expected 64 bits, got 65
Error: Invalid length: Expected 64 bits, got 65
Error: Invalid length: Expected 64 bits, got 65
Error: Invalid length: Expected 64 bits, got 65
Error: Invalid length: Expected 64 bits, got 65
Error: Invalid length: Expected 64 bits, got 65
Error: Invalid length: Expected 64 bits, got 65
Error: Invalid length: Expected 64 bits, got 65
Error: Invalid length: Expected 64 bits, got 65
Error: Invalid length: Expected 64 bits, got 65
Error: Invalid length: Expected 64 bits, got 65
Error: Invalid length: Expected 64 bits, got 65
Error: Invalid length: Expected 64 bits, got 65
Error: Invalid length: Expected 64 bits, got 65
Error: Invalid length: Expected 64 bits, got 65
Error: Invalid length: Expected 64 bits, got 65
Error: Invalid length: Expected 64 bits, got 65
Error: Invalid length: Expected 64 bits, got 65
Error: Invalid length: Expected 64 bits, got 65
Error: Invalid length: Expected 64 bits, got 65
Error: Invalid length: Expected 64 bits, got 65
Error: Invalid length: Expected 64 bits, got 65
Error: Invalid length: Expected 64 bits, got 65
Error: Invalid length: Expected 64 bits, got 65
Error: Invalid length: Expected 64 bits, got 65
Error: Invalid length: Expected 64 bits, got 65
Error: Invalid length: Expected 64 bits, got 65
Error: Invalid length: Expected 64 bits, got 65
Error: Invalid length: Expected 64 bits, got 65
Error: Invalid length: Expected 64 bits, got 65
Error: Invalid length: Expected 64 bits, got 65
Error: Invalid length: Expected 64 bits, got 65
Error: Invalid length: Expected 64 bits, got 65
Error: Invalid length: Expected 64 bits, got 65Error: 
Invalid length: Expected 64 bits, got 65
Error: Invalid length: Expected 64 bits, got 65
Error: Invalid length: Expected 64 bits, got 65
Error: Invalid length: Expected 64 bits, got 65
Error: Invalid length: Expected 64 bits, got 65
Error: Invalid length: Expected 64 bits, got 65
Error: Invalid length: Expected 64 bits, got 65
Error: Invalid length: Expected 64 bits, got 65
Error: Invalid length: Expected 64 bits, got 65
Error: Invalid length: Expected 64 bits, got 65
Error: Invalid length: Expected 64 bits, got 65
Error: Invalid length: Expected 64 bits, got 65
Error: Invalid length: Expected 64 bits, got 65
Error: Invalid length: Expected 64 bits, got 65
Error: Invalid length: Expected 64 bits, got 65
Error: Invalid length: Expected 64 bits, got 65
Error: Invalid length: Expected 64 bits, got 65
Error: Invalid length: Expected 64 bits, got 65
Error: Invalid length: Expected 64 bits, got 65
Error: Invalid length: Expected 64 bits, got 65
Error: Invalid length: Expected 64 bits, got 65
Error: Invalid length: Expected 64 bits, got 65
Error: Invalid length: Expected 64 bits, got 65
Error: Invalid length: Expected 64 bits, got 65
Error: Invalid length: Expected 64 bits, got 65
Error: Invalid length: Expected 64 bits, got 65
Error: Invalid length: Expected 64 bits, got 65
Error: Invalid length: Expected 64 bits, got 65
Error: Invalid length: Expected 64 bits, got 65
Error: Invalid length: Expected 64 bits, got 65
Error: Invalid length: Expected 64 bits, got 65
Error: Invalid length: Expected 64 bits, got 65
Error: Invalid length: Expected 64 bits, got 65
Error: Invalid length: Expected 64 bits, got 65
Error: Invalid length: Expected 64 bits, got 65
Error: Invalid length: Expected 64 bits, got 65
Error: Invalid length: Expected 64 bits, got 65
Error: Invalid length: Expected 64 bits, got 65
Error: Invalid length: Expected 64 bits, got 65
Error: Invalid length: Expected 64 bits, got 65
Error: Invalid length: Expected 64 bits, got 65
Error: Invalid length: Expected 64 bits, got 65
Error: Invalid length: Expected 64 bits, got 65
Error: Invalid length: Expected 64 bits, got 65
Error: Invalid length: Expected 64 bits, got 65
Error: Invalid length: Expected 64 bits, got 65
Error: Invalid length: Expected 64 bits, got 65
Error: Invalid length: Expected 64 bits, got 65
Error: Invalid length: Expected 64 bits, got 65
Error: Invalid length: Expected 64 bits, got 65
Error: Invalid length: Expected 64 bits, got 65
Error: Invalid length: Expected 64 bits, got 65
Error: Invalid length: Expected 64 bits, got 65
Error: Invalid length: Expected 64 bits, got 65
Error: Invalid length: Expected 64 bits, got 65
Error: Invalid length: Expected 64 bits, got 65
Error: Invalid length: Expected 64 bits, got 65
Error: Invalid length: Expected 64 bits, got 65
Error: Invalid length: Expected 64 bits, got 65
Error: Invalid length: Expected 64 bits, got 65
Error: Invalid length: Expected 64 bits, got 65
Error: Invalid length: Expected 64 bits, got 65
Error: Error: Invalid length: Expected 64 bits, got 65Invalid length: Expected 64 bits, got 65

Error: Invalid length: Expected 64 bits, got 65
Error: Invalid length: Expected 64 bits, got 65
Error: Invalid length: Expected 64 bits, got 65
Error: Invalid length: Expected 64 bits, got 65
Error: Invalid length: Expected 64 bits, got 65
Error: Invalid length: Expected 64 bits, got 65
Error: Invalid length: Expected 64 bits, got 65
Error: Invalid length: Expected 64 bits, got 65
Error: Invalid length: Expected 64 bits, got 65
Error: Invalid length: Expected 64 bits, got 65
Error: Invalid length: Expected 64 bits, got 65
Error: Invalid length: Expected 64 bits, got 65
Error: Invalid length: Expected 64 bits, got 65
Error: Invalid length: Expected 64 bits, got 65
Error: Invalid length: Expected 64 bits, got 65
Error: Invalid length: Expected 64 bits, got 65
Error: Invalid length: Expected 64 bits, got 65
Error: Invalid length: Expected 64 bits, got 65
Error: Invalid length: Expected 64 bits, got 65
Error: Invalid length: Expected 64 bits, got 65
Error: Invalid length: Expected 64 bits, got 65
Error: Invalid length: Expected 64 bits, got 65
Error: Invalid length: Expected 64 bits, got 65
Error: Invalid length: Expected 64 bits, got 65
Error: Invalid length: Expected 64 bits, got 65
Error: Invalid length: Expected 64 bits, got 65
Error: Invalid length: Expected 64 bits, got 65
Error: Invalid length: Expected 64 bits, got 65
Error: Invalid length: Expected 64 bits, got 65
Error: Invalid length: Expected 64 bits, got 65
Error: Invalid length: Expected 64 bits, got 65
Error: Invalid length: Expected 64 bits, got 65
Error: Invalid length: Expected 64 bits, got 65
Error: Invalid length: Expected 64 bits, got 65
Error: Invalid length: Expected 64 bits, got 65
Error: Invalid length: Expected 64 bits, got 65
Error: Invalid length: Expected 64 bits, got 65
Error: Invalid length: Expected 64 bits, got 65
Error: Invalid length: Expected 64 bits, got 65
Error: Invalid length: Expected 64 bits, got 65
Error: Invalid length: Expected 64 bits, got 65
Error: Invalid length: Expected 64 bits, got 65
Error: Invalid length: Expected 64 bits, got 65
Error: Invalid length: Expected 64 bits, got 65
Error: Invalid length: Expected 64 bits, got 65
Error: Invalid length: Expected 64 bits, got 65
Error: Invalid length: Expected 64 bits, got 65
Error: Invalid length: Expected 64 bits, got 65
Error: Invalid length: Expected 64 bits, got 65
Error: Invalid length: Expected 64 bits, got 65
Error: Invalid length: Expected 64 bits, got 65
Error: Invalid length: Expected 64 bits, got 65
Error: Invalid length: Expected 64 bits, got 65
Error: Invalid length: Expected 64 bits, got 65
Error: Invalid length: Expected 64 bits, got 65
Error: Invalid length: Expected 64 bits, got 65
Error: Invalid length: Expected 64 bits, got 65
Error: Invalid length: Expected 64 bits, got 65
Error: Invalid length: Expected 64 bits, got 65
Error: Invalid length: Expected 64 bits, got 65
Error: Invalid length: Expected 64 bits, got 65
Error: Invalid length: Expected 64 bits, got 65
Error: Invalid length: Expected 64 bits, got 65
Error: Invalid length: Expected 64 bits, got 65
Error: Invalid length: Expected 64 bits, got 65
Error: Invalid length: Expected 64 bits, got 65
Error: Invalid length: Expected 64 bits, got 65
Error: Invalid length: Expected 64 bits, got 65
Error: Invalid length: Expected 64 bits, got 65
Error: Invalid length: Expected 64 bits, got 65
Error: Invalid length: Expected 64 bits, got 65
Error: Invalid length: Expected 64 bits, got 65
Error: Invalid length: Expected 64 bits, got 65
Error: Invalid length: Expected 64 bits, got 65
Error: Invalid length: Expected 64 bits, got 65
Error: Invalid length: Expected 64 bits, got 65
Error: Invalid length: Expected 64 bits, got 65
Error: Invalid length: Expected 64 bits, got 65
Error: Invalid length: Expected 64 bits, got 65
Error: Invalid length: Expected 64 bits, got 65
Error: Invalid length: Expected 64 bits, got 65
Error: Invalid length: Expected 64 bits, got 65
Error: Invalid length: Expected 64 bits, got 65
Error: Invalid length: Expected 64 bits, got 65
Error: Invalid length: Expected 64 bits, got 65
Error: Invalid length: Expected 64 bits, got 65
Error: Invalid length: Expected 64 bits, got 65
Error: Invalid length: Expected 64 bits, got 65
Error: Invalid length: Expected 64 bits, got 65
Error: Invalid length: Expected 64 bits, got 65
Error: Invalid length: Expected 64 bits, got 65
Error: Invalid length: Expected 64 bits, got 65
Error: Invalid length: Expected 64 bits, got 65
Error: Invalid length: Expected 64 bits, got 65
Error: Invalid length: Expected 64 bits, got 65
Error: Invalid length: Expected 64 bits, got 65
Error: Invalid length: Expected 64 bits, got 65
Error: Invalid length: Expected 64 bits, got 65
Error: Invalid length: Expected 64 bits, got 65
Error: Invalid length: Expected 64 bits, got 65Error: 
Invalid length: Expected 64 bits, got 65
Error: Invalid length: Expected 64 bits, got 65
Error: Invalid length: Expected 64 bits, got 65
Error: Invalid length: Expected 64 bits, got 65
Error: Invalid length: Expected 64 bits, got 65
Error: Invalid length: Expected 64 bits, got 65
Error: Invalid length: Expected 64 bits, got 65
Error: Invalid length: Expected 64 bits, got 65
Error: Invalid length: Expected 64 bits, got 65

JOB STATISTICS
==============
Job ID: 9408034
Cluster: snellius
User/Group: njafarian/njafarian
State: COMPLETED (exit code 0)
Nodes: 35
Cores per node: 128
CPU Utilized: 00:02:45
CPU Efficiency: 0.16% of 1-04:37:20 core-walltime
Job Wall-clock time: 00:00:23
Memory Utilized: 2.66 MB
Memory Efficiency: 0.00% of 7.66 TB
