Loaded 150 adjacency matrices.
Total failures: 1440
Loaded 150 adjacency matrices.
Total failures: 1440
Loaded 150 adjacency matrices.
Total failures: 1440
Loaded 150 adjacency matrices.
Total failures: 1440
Loaded 150 adjacency matrices.
Total failures: 1440
Loaded 150 adjacency matrices.
Total failures: 1440
Loaded 150 adjacency matrices.
Total failures: 1440
Loaded 150 adjacency matrices.
Total failures: 1440
Loaded 150 adjacency matrices.
Total failures: 1440
Loaded 150 adjacency matrices.
Total failures: 1440
Loaded 150 adjacency matrices.
Total failures: 1440
Loaded 150 adjacency matrices.
Total failures: 1440
Loaded 150 adjacency matrices.
Total failures: 1440
Loaded 150 adjacency matrices.
Total failures: 1440
Loaded 150 adjacency matrices.
Total failures: 1440
Loaded 150 adjacency matrices.
Total failures: 1440
Loaded 150 adjacency matrices.
Total failures: 1440
Loaded 150 adjacency matrices.
Total failures: 1440
Loaded 150 adjacency matrices.
Total failures: 1440
Loaded 150 adjacency matrices.
Total failures: 1440
Loaded 150 adjacency matrices.
Total failures: 1440
Loaded 150 adjacency matrices.
Total failures: 1440
Loaded 150 adjacency matrices.
Total failures: 1440
Loaded 150 adjacency matrices.
Total failures: 1440
Loaded 150 adjacency matrices.
Total failures: 1440
Loaded 150 adjacency matrices.
Total failures: 1440
Loaded 150 adjacency matrices.
Total failures: 1440
Loaded 150 adjacency matrices.
Total failures: 1440
Loaded 150 adjacency matrices.
Total failures: 1440
Loaded 150 adjacency matrices.
Total failures: 1440
Loaded 150 adjacency matrices.
Total failures: 1440
Loaded 150 adjacency matrices.
Total failures: 1440
Loaded 150 adjacency matrices.
Total failures: 1440
Loaded 150 adjacency matrices.
Total failures: 1440
Loaded 150 adjacency matrices.
Total failures: 1440
Loaded 150 adjacency matrices.
Total failures: 1440
Loaded 150 adjacency matrices.
Total failures: 1440
Loaded 150 adjacency matrices.
Total failures: 1440
Loaded 150 adjacency matrices.
Total failures: 1440
Loaded 150 adjacency matrices.
Total failures: 1440
Loaded 150 adjacency matrices.
Total failures: 1440
Loaded 150 adjacency matrices.
Total failures: 1440
Loaded 150 adjacency matrices.
Total failures: 1440
Loaded 150 adjacency matrices.
Total failures: 1440
Loaded 150 adjacency matrices.
Total failures: 1440
Loaded 150 adjacency matrices.
Total failures: 1440
Loaded 150 adjacency matrices.
Total failures: 1440
Loaded 150 adjacency matrices.
Total failures: 1440
Loaded 150 adjacency matrices.
Total failures: 1440
Loaded 150 adjacency matrices.
Total failures: 1440
Loaded 150 adjacency matrices.
Total failures: 1440
Loaded 150 adjacency matrices.
Total failures: 1440
Loaded 150 adjacency matrices.
Total failures: 1440
Loaded 150 adjacency matrices.
Total failures: 1440
Loaded 150 adjacency matrices.
Total failures: 1440
Loaded 150 adjacency matrices.
Total failures: 1440
Loaded 150 adjacency matrices.
Total failures: 1440
Loaded 150 adjacency matrices.
Total failures: 1440
Loaded 150 adjacency matrices.
Total failures: 1440
Loaded 150 adjacency matrices.
Total failures: 1440
Loaded 150 adjacency matrices.
Total failures: 1440
Loaded 150 adjacency matrices.
Total failures: 1440
Loaded 150 adjacency matrices.
Total failures: 1440
Loaded 150 adjacency matrices.
Total failures: 1440
Loaded 150 adjacency matrices.
Total failures: 1440
Loaded 150 adjacency matrices.
Total failures: 1440
Loaded 150 adjacency matrices.
Total failures: 1440
Loaded 150 adjacency matrices.
Total failures: 1440
Loaded 150 adjacency matrices.
Total failures: 1440
Loaded 150 adjacency matrices.
Total failures: 1440
Loaded 150 adjacency matrices.
Total failures: 1440
Loaded 150 adjacency matrices.
Total failures: 1440
Loaded 150 adjacency matrices.
Total failures: 1440
Loaded 150 adjacency matrices.
Total failures: 1440
Loaded 150 adjacency matrices.
Total failures: 1440
Loaded 150 adjacency matrices.
Total failures: 1440
Loaded 150 adjacency matrices.
Total failures: 1440
Loaded 150 adjacency matrices.
Total failures: 1440
Loaded 150 adjacency matrices.
Total failures: 1440
Loaded 150 adjacency matrices.
Total failures: 1440
Loaded 150 adjacency matrices.
Total failures: 1440
Loaded 150 adjacency matrices.
Total failures: 1440
Loaded 150 adjacency matrices.
Total failures: 1440
Loaded 150 adjacency matrices.
Total failures: 1440
Loaded 150 adjacency matrices.
Total failures: 1440
Loaded 150 adjacency matrices.
Total failures: 1440
Loaded 150 adjacency matrices.
Total failures: 1440
Loaded 150 adjacency matrices.
Total failures: 1440
Loaded 150 adjacency matrices.
Total failures: 1440
Loaded 150 adjacency matrices.
Total failures: 1440
Loaded 150 adjacency matrices.
Total failures: 1440
Loaded 150 adjacency matrices.
Total failures: 1440
Loaded 150 adjacency matrices.
Total failures: 1440
Loaded 150 adjacency matrices.
Total failures: 1440
Loaded 150 adjacency matrices.
Total failures: 1440
Loaded 150 adjacency matrices.
Total failures: 1440
Loaded 150 adjacency matrices.
Total failures: 1440
Loaded 150 adjacency matrices.
Total failures: 1440
Loaded 150 adjacency matrices.
Total failures: 1440
Loaded 150 adjacency matrices.
Total failures: 1440
Loaded 150 adjacency matrices.
Total failures: 1440
Loaded 150 adjacency matrices.
Total failures: 1440
Loaded 150 adjacency matrices.
Total failures: 1440
Loaded 150 adjacency matrices.
Total failures: 1440
Loaded 150 adjacency matrices.
Total failures: 1440
Loaded 150 adjacency matrices.
Total failures: 1440
Loaded 150 adjacency matrices.
Total failures: 1440
Loaded 150 adjacency matrices.
Total failures: 1440
Loaded 150 adjacency matrices.
Total failures: 1440
Loaded 150 adjacency matrices.
Total failures: 1440
Loaded 150 adjacency matrices.
Total failures: 1440
Loaded 150 adjacency matrices.
Total failures: 1440
Loaded 150 adjacency matrices.
Total failures: 1440
Loaded 150 adjacency matrices.
Total failures: 1440
Loaded 150 adjacency matrices.
Total failures: 1440
Loaded 150 adjacency matrices.
Total failures: 1440
Loaded 150 adjacency matrices.
Total failures: 1440
Loaded 150 adjacency matrices.
Total failures: 1440
Loaded 150 adjacency matrices.
Total failures: 1440
Loaded 150 adjacency matrices.
Total failures: 1440
Loaded 150 adjacency matrices.
Total failures: 1440
Loaded 150 adjacency matrices.
Total failures: 1440
Loaded 150 adjacency matrices.
Total failures: 1440
Loaded 150 adjacency matrices.
Total failures: 1440
Loaded 150 adjacency matrices.
Total failures: 1440
Loaded 150 adjacency matrices.
Total failures: 1440
Loaded 150 adjacency matrices.
Total failures: 1440
Loaded 150 adjacency matrices.
Total failures: 1440
Loaded 150 adjacency matrices.
Total failures: 1440
Loaded 150 adjacency matrices.
Total failures: 1440
Loaded 150 adjacency matrices.
Total failures: 1440
Loaded 150 adjacency matrices.
Total failures: 1440
Loaded 150 adjacency matrices.
Total failures: 1440
Loaded 150 adjacency matrices.
Total failures: 1440
Loaded 150 adjacency matrices.
Total failures: 1440
Loaded 150 adjacency matrices.
Total failures: 1440
Loaded 150 adjacency matrices.
Total failures: 1440
Loaded 150 adjacency matrices.
Total failures: 1440
Loaded 150 adjacency matrices.
Total failures: 1440
Loaded 150 adjacency matrices.
Total failures: 1440
Loaded 150 adjacency matrices.
Total failures: 1440
Loaded 150 adjacency matrices.
Total failures: 1440
Loaded 150 adjacency matrices.
Total failures: 1440
Loaded 150 adjacency matrices.
Total failures: 1440
Loaded 150 adjacency matrices.
Total failures: 1440
Loaded 150 adjacency matrices.
Total failures: 1440
Loaded 150 adjacency matrices.
Total failures: 1440
Loaded 150 adjacency matrices.
Total failures: 1440
Loaded 150 adjacency matrices.
Total failures: 1440
Loaded 150 adjacency matrices.
Total failures: 1440

JOB STATISTICS
==============
Job ID: 9595080
Cluster: snellius
User/Group: njafarian/njafarian
State: COMPLETED (exit code 0)
Nodes: 10
Cores per node: 128
CPU Utilized: 00:13:00
CPU Efficiency: 2.54% of 08:32:00 core-walltime
Job Wall-clock time: 00:00:24
Memory Utilized: 2.64 MB
Memory Efficiency: 0.00% of 2.19 TB
