Loaded 57 adjacency matrices.
Total failures: 0
Loaded 57 adjacency matrices.
Total failures: 0
Loaded 57 adjacency matrices.
Total failures: 0
Loaded 57 adjacency matrices.
Total failures: 0
Loaded 57 adjacency matrices.
Total failures: 0
Loaded 57 adjacency matrices.
Total failures: 0
Loaded 57 adjacency matrices.
Total failures: 0
Loaded 57 adjacency matrices.
Total failures: 0
Loaded 57 adjacency matrices.
Total failures: 0
Loaded 57 adjacency matrices.
Total failures: 0
Loaded 57 adjacency matrices.
Total failures: 0
Loaded 57 adjacency matrices.
Total failures: 0
Loaded 57 adjacency matrices.
Total failures: 0
Loaded 57 adjacency matrices.
Total failures: 0
Loaded 57 adjacency matrices.
Total failures: 0
Loaded 57 adjacency matrices.
Total failures: 0
Loaded 57 adjacency matrices.
Total failures: 0
Loaded 57 adjacency matrices.
Total failures: 0
Loaded 57 adjacency matrices.
Total failures: 0
Loaded 57 adjacency matrices.
Total failures: 0
Loaded 57 adjacency matrices.
Total failures: 0
Loaded 57 adjacency matrices.
Total failures: 0
Loaded 57 adjacency matrices.
Total failures: 0
Loaded 57 adjacency matrices.
Total failures: 0
Loaded 57 adjacency matrices.
Total failures: 0
Loaded 57 adjacency matrices.
Total failures: 0
Loaded 57 adjacency matrices.
Total failures: 0
Loaded 57 adjacency matrices.
Total failures: 0
Loaded 57 adjacency matrices.
Total failures: 0
Loaded 57 adjacency matrices.
Total failures: 0
Loaded 57 adjacency matrices.
Total failures: 0
Loaded 57 adjacency matrices.
Total failures: 0
Loaded 57 adjacency matrices.
Total failures: 0
Loaded 57 adjacency matrices.
Total failures: 0
Loaded 57 adjacency matrices.
Total failures: 0
Loaded 57 adjacency matrices.
Total failures: 0
Loaded 57 adjacency matrices.
Total failures: 0
Loaded 57 adjacency matrices.
Total failures: 0
Loaded 57 adjacency matrices.
Total failures: 0
Loaded 57 adjacency matrices.
Total failures: 0
Loaded 57 adjacency matrices.
Total failures: 0
Loaded 57 adjacency matrices.
Total failures: 0
Loaded 57 adjacency matrices.
Total failures: 0
Loaded 57 adjacency matrices.
Total failures: 0
Loaded 57 adjacency matrices.
Total failures: 0
Loaded 57 adjacency matrices.
Total failures: 0
Loaded 57 adjacency matrices.
Total failures: 0
Loaded 57 adjacency matrices.
Total failures: 0
Loaded 57 adjacency matrices.
Total failures: 0
Loaded 57 adjacency matrices.
Total failures: 0
Loaded 57 adjacency matrices.
Total failures: 0
Loaded 57 adjacency matrices.
Total failures: 0
Loaded 57 adjacency matrices.
Total failures: 0
Loaded 57 adjacency matrices.
Total failures: 0
Loaded 57 adjacency matrices.
Total failures: 0
Loaded 57 adjacency matrices.
Total failures: 0
Loaded 57 adjacency matrices.
Total failures: 0

JOB STATISTICS
==============
Job ID: 9408782
Cluster: snellius
User/Group: njafarian/njafarian
State: COMPLETED (exit code 0)
Nodes: 4
Cores per node: 128
CPU Utilized: 00:00:13
CPU Efficiency: 0.17% of 02:08:00 core-walltime
Job Wall-clock time: 00:00:15
Memory Utilized: 2.64 MB
Memory Efficiency: 0.00% of 896.00 GB
