Loaded 150 adjacency matrices.
Starting 72000 runs.
Total failures: 0
Expected steps to absorption saved and compressed to '../output/expected_steps_130.csv.gz'
Loaded 150 adjacency matrices.
Starting 72000 runs.
Total failures: 0
Expected steps to absorption saved and compressed to '../output/expected_steps_127.csv.gz'
Loaded 150 adjacency matrices.
Starting 72000 runs.
Total failures: 0
Expected steps to absorption saved and compressed to '../output/expected_steps_135.csv.gz'
Loaded 150 adjacency matrices.
Starting 72000 runs.
Total failures: 0
Expected steps to absorption saved and compressed to '../output/expected_steps_133.csv.gz'
Loaded 150 adjacency matrices.
Starting 72000 runs.
Total failures: 0
Expected steps to absorption saved and compressed to '../output/expected_steps_80.csv.gz'
Loaded 150 adjacency matrices.
Starting 72000 runs.
Total failures: 0
Expected steps to absorption saved and compressed to '../output/expected_steps_126.csv.gz'
Loaded 150 adjacency matrices.
Starting 72000 runs.
Total failures: 0
Expected steps to absorption saved and compressed to '../output/expected_steps_82.csv.gz'
Loaded 150 adjacency matrices.
Starting 72000 runs.
Total failures: 0
Expected steps to absorption saved and compressed to '../output/expected_steps_131.csv.gz'
Loaded 150 adjacency matrices.
Starting 72000 runs.
Total failures: 0
Expected steps to absorption saved and compressed to '../output/expected_steps_81.csv.gz'
Loaded 150 adjacency matrices.
Starting 72000 runs.
Total failures: 0
Expected steps to absorption saved and compressed to '../output/expected_steps_132.csv.gz'
Loaded 150 adjacency matrices.
Starting 72000 runs.
Total failures: 0
Expected steps to absorption saved and compressed to '../output/expected_steps_124.csv.gz'
Loaded 150 adjacency matrices.
Starting 72000 runs.
Total failures: 0
Expected steps to absorption saved and compressed to '../output/expected_steps_120.csv.gz'
Loaded 150 adjacency matrices.
Starting 72000 runs.
Total failures: 0
Expected steps to absorption saved and compressed to '../output/expected_steps_125.csv.gz'
Loaded 150 adjacency matrices.
Starting 72000 runs.
Total failures: 0
Expected steps to absorption saved and compressed to '../output/expected_steps_23.csv.gz'
Loaded 150 adjacency matrices.
Starting 72000 runs.
Total failures: 0
Expected steps to absorption saved and compressed to '../output/expected_steps_70.csv.gz'
Loaded 150 adjacency matrices.
Starting 72000 runs.
Total failures: 0
Expected steps to absorption saved and compressed to '../output/expected_steps_142.csv.gz'
Loaded 150 adjacency matrices.
Starting 72000 runs.
Total failures: 0
Expected steps to absorption saved and compressed to '../output/expected_steps_141.csv.gz'
Loaded 150 adjacency matrices.
Starting 72000 runs.
Total failures: 0
Expected steps to absorption saved and compressed to '../output/expected_steps_65.csv.gz'
Loaded 150 adjacency matrices.
Starting 72000 runs.
Total failures: 0
Expected steps to absorption saved and compressed to '../output/expected_steps_137.csv.gz'
Loaded 150 adjacency matrices.
Starting 72000 runs.
Total failures: 0
Expected steps to absorption saved and compressed to '../output/expected_steps_145.csv.gz'
Loaded 150 adjacency matrices.
Starting 72000 runs.
Total failures: 0
Expected steps to absorption saved and compressed to '../output/expected_steps_138.csv.gz'
Loaded 150 adjacency matrices.
Starting 72000 runs.
Total failures: 0
Expected steps to absorption saved and compressed to '../output/expected_steps_104.csv.gz'
Loaded 150 adjacency matrices.
Starting 72000 runs.
Total failures: 0
Expected steps to absorption saved and compressed to '../output/expected_steps_136.csv.gz'
Loaded 150 adjacency matrices.
Starting 72000 runs.
Total failures: 0
Expected steps to absorption saved and compressed to '../output/expected_steps_118.csv.gz'
Loaded 150 adjacency matrices.
Starting 72000 runs.
Total failures: 0
Expected steps to absorption saved and compressed to '../output/expected_steps_73.csv.gz'
Loaded 150 adjacency matrices.
Starting 72000 runs.
Total failures: 0
Expected steps to absorption saved and compressed to '../output/expected_steps_129.csv.gz'
Loaded 150 adjacency matrices.
Starting 72000 runs.
Total failures: 0
Expected steps to absorption saved and compressed to '../output/expected_steps_119.csv.gz'
Loaded 150 adjacency matrices.
Starting 72000 runs.
Total failures: 0
Expected steps to absorption saved and compressed to '../output/expected_steps_34.csv.gz'
Loaded 150 adjacency matrices.
Starting 72000 runs.
Total failures: 0
Expected steps to absorption saved and compressed to '../output/expected_steps_94.csv.gz'
Loaded 150 adjacency matrices.
Starting 72000 runs.
Total failures: 0
Expected steps to absorption saved and compressed to '../output/expected_steps_71.csv.gz'
Loaded 150 adjacency matrices.
Starting 72000 runs.
Total failures: 0
Expected steps to absorption saved and compressed to '../output/expected_steps_98.csv.gz'
Loaded 150 adjacency matrices.
Starting 72000 runs.
Total failures: 0
Expected steps to absorption saved and compressed to '../output/expected_steps_72.csv.gz'
Loaded 150 adjacency matrices.
Starting 72000 runs.
Total failures: 0
Expected steps to absorption saved and compressed to '../output/expected_steps_128.csv.gz'
Loaded 150 adjacency matrices.
Starting 72000 runs.
Total failures: 0
Expected steps to absorption saved and compressed to '../output/expected_steps_83.csv.gz'
Loaded 150 adjacency matrices.
Starting 72000 runs.
Total failures: 0
Expected steps to absorption saved and compressed to '../output/expected_steps_134.csv.gz'
Loaded 150 adjacency matrices.
Starting 72000 runs.
Total failures: 0
Expected steps to absorption saved and compressed to '../output/expected_steps_122.csv.gz'
Loaded 150 adjacency matrices.
Starting 72000 runs.
Total failures: 0
Expected steps to absorption saved and compressed to '../output/expected_steps_99.csv.gz'
Loaded 150 adjacency matrices.
Starting 72000 runs.
Total failures: 0
Expected steps to absorption saved and compressed to '../output/expected_steps_67.csv.gz'
Loaded 150 adjacency matrices.
Starting 72000 runs.
Total failures: 0
Expected steps to absorption saved and compressed to '../output/expected_steps_105.csv.gz'
Loaded 150 adjacency matrices.
Starting 72000 runs.
Total failures: 0
Expected steps to absorption saved and compressed to '../output/expected_steps_140.csv.gz'
Loaded 150 adjacency matrices.
Starting 72000 runs.
Total failures: 0
Expected steps to absorption saved and compressed to '../output/expected_steps_123.csv.gz'
Loaded 150 adjacency matrices.
Starting 72000 runs.
Total failures: 0
Expected steps to absorption saved and compressed to '../output/expected_steps_88.csv.gz'
Loaded 150 adjacency matrices.
Starting 72000 runs.
Total failures: 0
Expected steps to absorption saved and compressed to '../output/expected_steps_25.csv.gz'
Loaded 150 adjacency matrices.
Starting 72000 runs.
Total failures: 0
Expected steps to absorption saved and compressed to '../output/expected_steps_87.csv.gz'
Loaded 150 adjacency matrices.
Starting 72000 runs.
Total failures: 0
Expected steps to absorption saved and compressed to '../output/expected_steps_33.csv.gz'
Loaded 150 adjacency matrices.
Starting 72000 runs.
Total failures: 0
Expected steps to absorption saved and compressed to '../output/expected_steps_78.csv.gz'
Loaded 150 adjacency matrices.
Starting 72000 runs.
Total failures: 0
Expected steps to absorption saved and compressed to '../output/expected_steps_89.csv.gz'
Loaded 150 adjacency matrices.
Starting 72000 runs.
Total failures: 0
Expected steps to absorption saved and compressed to '../output/expected_steps_46.csv.gz'
Loaded 150 adjacency matrices.
Starting 72000 runs.
Total failures: 0
Expected steps to absorption saved and compressed to '../output/expected_steps_49.csv.gz'
Loaded 150 adjacency matrices.
Starting 72000 runs.
Total failures: 0
Expected steps to absorption saved and compressed to '../output/expected_steps_97.csv.gz'
Loaded 150 adjacency matrices.
Starting 72000 runs.
Total failures: 0
Expected steps to absorption saved and compressed to '../output/expected_steps_144.csv.gz'
Loaded 150 adjacency matrices.
Starting 72000 runs.
Total failures: 0
Expected steps to absorption saved and compressed to '../output/expected_steps_36.csv.gz'
Loaded 150 adjacency matrices.
Starting 72000 runs.
Total failures: 0
Expected steps to absorption saved and compressed to '../output/expected_steps_42.csv.gz'
Loaded 150 adjacency matrices.
Starting 72000 runs.
Total failures: 0
Expected steps to absorption saved and compressed to '../output/expected_steps_106.csv.gz'
Loaded 150 adjacency matrices.
Starting 72000 runs.
Total failures: 0
Expected steps to absorption saved and compressed to '../output/expected_steps_39.csv.gz'
Loaded 150 adjacency matrices.
Starting 72000 runs.
Total failures: 0
Expected steps to absorption saved and compressed to '../output/expected_steps_96.csv.gz'
Loaded 150 adjacency matrices.
Starting 72000 runs.
Total failures: 0
Expected steps to absorption saved and compressed to '../output/expected_steps_61.csv.gz'
Loaded 150 adjacency matrices.
Starting 72000 runs.
Total failures: 0
Expected steps to absorption saved and compressed to '../output/expected_steps_116.csv.gz'
Loaded 150 adjacency matrices.
Starting 72000 runs.
Total failures: 0
Expected steps to absorption saved and compressed to '../output/expected_steps_77.csv.gz'
Loaded 150 adjacency matrices.
Starting 72000 runs.
Total failures: 0
Expected steps to absorption saved and compressed to '../output/expected_steps_76.csv.gz'
Loaded 150 adjacency matrices.
Starting 72000 runs.
Total failures: 0
Expected steps to absorption saved and compressed to '../output/expected_steps_75.csv.gz'
Loaded 150 adjacency matrices.
Starting 72000 runs.
Total failures: 0
Expected steps to absorption saved and compressed to '../output/expected_steps_69.csv.gz'
Loaded 150 adjacency matrices.
Starting 72000 runs.
Total failures: 0
Expected steps to absorption saved and compressed to '../output/expected_steps_74.csv.gz'
Loaded 150 adjacency matrices.
Starting 72000 runs.
Total failures: 0
Expected steps to absorption saved and compressed to '../output/expected_steps_102.csv.gz'
Loaded 150 adjacency matrices.
Starting 72000 runs.
Total failures: 0
Expected steps to absorption saved and compressed to '../output/expected_steps_114.csv.gz'
Loaded 150 adjacency matrices.
Starting 72000 runs.
Total failures: 0
Expected steps to absorption saved and compressed to '../output/expected_steps_53.csv.gz'
Loaded 150 adjacency matrices.
Starting 72000 runs.
Total failures: 0
Expected steps to absorption saved and compressed to '../output/expected_steps_55.csv.gz'
Loaded 150 adjacency matrices.
Starting 72000 runs.
Total failures: 0
Expected steps to absorption saved and compressed to '../output/expected_steps_107.csv.gz'
Loaded 150 adjacency matrices.
Starting 72000 runs.
Total failures: 0
Expected steps to absorption saved and compressed to '../output/expected_steps_139.csv.gz'
Loaded 150 adjacency matrices.
Starting 72000 runs.
Total failures: 0
Expected steps to absorption saved and compressed to '../output/expected_steps_13.csv.gz'
Loaded 150 adjacency matrices.
Starting 72000 runs.
Total failures: 0
Expected steps to absorption saved and compressed to '../output/expected_steps_38.csv.gz'
Loaded 150 adjacency matrices.
Starting 72000 runs.
Total failures: 0
Expected steps to absorption saved and compressed to '../output/expected_steps_79.csv.gz'
Loaded 150 adjacency matrices.
Starting 72000 runs.
Total failures: 0
Expected steps to absorption saved and compressed to '../output/expected_steps_35.csv.gz'
Loaded 150 adjacency matrices.
Starting 72000 runs.
Total failures: 0
Expected steps to absorption saved and compressed to '../output/expected_steps_100.csv.gz'
Loaded 150 adjacency matrices.
Starting 72000 runs.
Total failures: 0
Expected steps to absorption saved and compressed to '../output/expected_steps_117.csv.gz'
Loaded 150 adjacency matrices.
Starting 72000 runs.
Total failures: 0
Expected steps to absorption saved and compressed to '../output/expected_steps_68.csv.gz'
Loaded 150 adjacency matrices.
Starting 72000 runs.
Total failures: 0
Expected steps to absorption saved and compressed to '../output/expected_steps_21.csv.gz'
Loaded 150 adjacency matrices.
Starting 72000 runs.
Total failures: 0
Expected steps to absorption saved and compressed to '../output/expected_steps_64.csv.gz'
Loaded 150 adjacency matrices.
Starting 72000 runs.
Total failures: 0
Expected steps to absorption saved and compressed to '../output/expected_steps_58.csv.gz'
Loaded 150 adjacency matrices.
Starting 72000 runs.
Total failures: 0
Expected steps to absorption saved and compressed to '../output/expected_steps_56.csv.gz'
Loaded 150 adjacency matrices.
Starting 72000 runs.
Total failures: 0
Expected steps to absorption saved and compressed to '../output/expected_steps_103.csv.gz'
Loaded 150 adjacency matrices.
Starting 72000 runs.
Total failures: 0
Expected steps to absorption saved and compressed to '../output/expected_steps_101.csv.gz'
Loaded 150 adjacency matrices.
Starting 72000 runs.
Total failures: 0
Expected steps to absorption saved and compressed to '../output/expected_steps_31.csv.gz'
Loaded 150 adjacency matrices.
Starting 72000 runs.
Total failures: 0
Expected steps to absorption saved and compressed to '../output/expected_steps_24.csv.gz'
Loaded 150 adjacency matrices.
Starting 72000 runs.
Total failures: 0
Expected steps to absorption saved and compressed to '../output/expected_steps_51.csv.gz'
Loaded 150 adjacency matrices.
Starting 72000 runs.
Total failures: 0
Expected steps to absorption saved and compressed to '../output/expected_steps_54.csv.gz'
Loaded 150 adjacency matrices.
Starting 72000 runs.
Total failures: 0
Expected steps to absorption saved and compressed to '../output/expected_steps_66.csv.gz'
Loaded 150 adjacency matrices.
Starting 72000 runs.
Total failures: 0
Expected steps to absorption saved and compressed to '../output/expected_steps_149.csv.gz'
Loaded 150 adjacency matrices.
Starting 72000 runs.
Total failures: 0
Expected steps to absorption saved and compressed to '../output/expected_steps_63.csv.gz'
Loaded 150 adjacency matrices.
Starting 72000 runs.
Total failures: 0
Expected steps to absorption saved and compressed to '../output/expected_steps_112.csv.gz'
Loaded 150 adjacency matrices.
Starting 72000 runs.
Total failures: 0
Expected steps to absorption saved and compressed to '../output/expected_steps_59.csv.gz'
Loaded 150 adjacency matrices.
Starting 72000 runs.
Total failures: 0
Expected steps to absorption saved and compressed to '../output/expected_steps_86.csv.gz'
Loaded 150 adjacency matrices.
Starting 72000 runs.
Total failures: 0
Expected steps to absorption saved and compressed to '../output/expected_steps_52.csv.gz'
Loaded 150 adjacency matrices.
Starting 72000 runs.
Total failures: 0
Expected steps to absorption saved and compressed to '../output/expected_steps_121.csv.gz'
Loaded 150 adjacency matrices.
Starting 72000 runs.
Total failures: 0
Expected steps to absorption saved and compressed to '../output/expected_steps_3.csv.gz'
Loaded 150 adjacency matrices.
Starting 72000 runs.
Total failures: 0
Expected steps to absorption saved and compressed to '../output/expected_steps_92.csv.gz'
Loaded 150 adjacency matrices.
Starting 72000 runs.
Total failures: 0
Expected steps to absorption saved and compressed to '../output/expected_steps_48.csv.gz'
Loaded 150 adjacency matrices.
Starting 72000 runs.
Total failures: 0
Expected steps to absorption saved and compressed to '../output/expected_steps_108.csv.gz'
Loaded 150 adjacency matrices.
Starting 72000 runs.
Total failures: 0
Expected steps to absorption saved and compressed to '../output/expected_steps_95.csv.gz'
Loaded 150 adjacency matrices.
Starting 72000 runs.
Total failures: 0
Expected steps to absorption saved and compressed to '../output/expected_steps_57.csv.gz'
Loaded 150 adjacency matrices.
Starting 72000 runs.
Total failures: 0
Expected steps to absorption saved and compressed to '../output/expected_steps_62.csv.gz'
Loaded 150 adjacency matrices.
Starting 72000 runs.
Total failures: 0
Expected steps to absorption saved and compressed to '../output/expected_steps_143.csv.gz'
Loaded 150 adjacency matrices.
Starting 72000 runs.
Total failures: 0
Expected steps to absorption saved and compressed to '../output/expected_steps_30.csv.gz'
Loaded 150 adjacency matrices.
Starting 72000 runs.
Total failures: 0
Expected steps to absorption saved and compressed to '../output/expected_steps_4.csv.gz'
Loaded 150 adjacency matrices.
Starting 72000 runs.
Total failures: 0
Expected steps to absorption saved and compressed to '../output/expected_steps_9.csv.gz'
Loaded 150 adjacency matrices.
Starting 72000 runs.
Total failures: 0
Expected steps to absorption saved and compressed to '../output/expected_steps_113.csv.gz'
Loaded 150 adjacency matrices.
Starting 72000 runs.
Total failures: 0
Expected steps to absorption saved and compressed to '../output/expected_steps_85.csv.gz'
Loaded 150 adjacency matrices.
Starting 72000 runs.
Total failures: 0
Expected steps to absorption saved and compressed to '../output/expected_steps_37.csv.gz'
Loaded 150 adjacency matrices.
Starting 72000 runs.
Total failures: 0
Expected steps to absorption saved and compressed to '../output/expected_steps_26.csv.gz'
Loaded 150 adjacency matrices.
Starting 72000 runs.
Total failures: 0
Expected steps to absorption saved and compressed to '../output/expected_steps_60.csv.gz'
Loaded 150 adjacency matrices.
Starting 72000 runs.
Total failures: 0
Expected steps to absorption saved and compressed to '../output/expected_steps_91.csv.gz'
Loaded 150 adjacency matrices.
Starting 72000 runs.
Total failures: 0
Expected steps to absorption saved and compressed to '../output/expected_steps_147.csv.gz'
Loaded 150 adjacency matrices.
Starting 72000 runs.
Total failures: 0
Expected steps to absorption saved and compressed to '../output/expected_steps_19.csv.gz'
Loaded 150 adjacency matrices.
Starting 72000 runs.
Total failures: 0
Expected steps to absorption saved and compressed to '../output/expected_steps_93.csv.gz'
Loaded 150 adjacency matrices.
Starting 72000 runs.
Total failures: 0
Expected steps to absorption saved and compressed to '../output/expected_steps_14.csv.gz'
Loaded 150 adjacency matrices.
Starting 72000 runs.
Total failures: 0
Expected steps to absorption saved and compressed to '../output/expected_steps_146.csv.gz'
Loaded 150 adjacency matrices.
Starting 72000 runs.
Total failures: 0
Expected steps to absorption saved and compressed to '../output/expected_steps_109.csv.gz'
Loaded 150 adjacency matrices.
Starting 72000 runs.
Total failures: 0
Expected steps to absorption saved and compressed to '../output/expected_steps_15.csv.gz'
Loaded 150 adjacency matrices.
Starting 72000 runs.
Total failures: 0
Expected steps to absorption saved and compressed to '../output/expected_steps_111.csv.gz'
Loaded 150 adjacency matrices.
Starting 72000 runs.
Total failures: 0
Expected steps to absorption saved and compressed to '../output/expected_steps_115.csv.gz'
Loaded 150 adjacency matrices.
Starting 72000 runs.
Total failures: 0
Expected steps to absorption saved and compressed to '../output/expected_steps_22.csv.gz'
Loaded 150 adjacency matrices.
Starting 72000 runs.
Total failures: 0
Expected steps to absorption saved and compressed to '../output/expected_steps_32.csv.gz'
Loaded 150 adjacency matrices.
Starting 72000 runs.
Total failures: 0
Expected steps to absorption saved and compressed to '../output/expected_steps_44.csv.gz'
Loaded 150 adjacency matrices.
Starting 72000 runs.
Total failures: 0
Expected steps to absorption saved and compressed to '../output/expected_steps_18.csv.gz'
Loaded 150 adjacency matrices.
Starting 72000 runs.
Total failures: 0
Expected steps to absorption saved and compressed to '../output/expected_steps_90.csv.gz'
Loaded 150 adjacency matrices.
Starting 72000 runs.
Total failures: 0
Expected steps to absorption saved and compressed to '../output/expected_steps_84.csv.gz'
Loaded 150 adjacency matrices.
Starting 72000 runs.
Total failures: 0
Expected steps to absorption saved and compressed to '../output/expected_steps_50.csv.gz'
Loaded 150 adjacency matrices.
Starting 72000 runs.
Total failures: 0
Expected steps to absorption saved and compressed to '../output/expected_steps_43.csv.gz'
Loaded 150 adjacency matrices.
Starting 72000 runs.
Total failures: 0
Expected steps to absorption saved and compressed to '../output/expected_steps_41.csv.gz'
Loaded 150 adjacency matrices.
Starting 72000 runs.
Total failures: 0
Expected steps to absorption saved and compressed to '../output/expected_steps_45.csv.gz'
Loaded 150 adjacency matrices.
Starting 72000 runs.
Total failures: 0
Expected steps to absorption saved and compressed to '../output/expected_steps_29.csv.gz'
Loaded 150 adjacency matrices.
Starting 72000 runs.
Total failures: 0
Expected steps to absorption saved and compressed to '../output/expected_steps_8.csv.gz'
Loaded 150 adjacency matrices.
Starting 72000 runs.
Total failures: 0
Expected steps to absorption saved and compressed to '../output/expected_steps_17.csv.gz'
Loaded 150 adjacency matrices.
Starting 72000 runs.
Total failures: 0
Expected steps to absorption saved and compressed to '../output/expected_steps_110.csv.gz'
Loaded 150 adjacency matrices.
Starting 72000 runs.
Total failures: 0
Expected steps to absorption saved and compressed to '../output/expected_steps_148.csv.gz'
Loaded 150 adjacency matrices.
Starting 72000 runs.
Total failures: 0
Expected steps to absorption saved and compressed to '../output/expected_steps_16.csv.gz'
Loaded 150 adjacency matrices.
Starting 72000 runs.
Total failures: 0
Expected steps to absorption saved and compressed to '../output/expected_steps_20.csv.gz'
Loaded 150 adjacency matrices.
Starting 72000 runs.
Total failures: 0
Expected steps to absorption saved and compressed to '../output/expected_steps_12.csv.gz'
Loaded 150 adjacency matrices.
Starting 72000 runs.
Total failures: 0
Expected steps to absorption saved and compressed to '../output/expected_steps_27.csv.gz'
Loaded 150 adjacency matrices.
Starting 72000 runs.
Total failures: 0
Expected steps to absorption saved and compressed to '../output/expected_steps_47.csv.gz'
Loaded 150 adjacency matrices.
Starting 72000 runs.
Total failures: 0
Expected steps to absorption saved and compressed to '../output/expected_steps_40.csv.gz'
Loaded 150 adjacency matrices.
Starting 72000 runs.
Total failures: 0
Expected steps to absorption saved and compressed to '../output/expected_steps_5.csv.gz'
Loaded 150 adjacency matrices.
Starting 72000 runs.
Total failures: 0
Expected steps to absorption saved and compressed to '../output/expected_steps_11.csv.gz'
Loaded 150 adjacency matrices.
Starting 72000 runs.
Total failures: 0
Expected steps to absorption saved and compressed to '../output/expected_steps_10.csv.gz'
Loaded 150 adjacency matrices.
Starting 72000 runs.
Total failures: 0
Expected steps to absorption saved and compressed to '../output/expected_steps_28.csv.gz'
Loaded 150 adjacency matrices.
Starting 72000 runs.
Total failures: 0
Expected steps to absorption saved and compressed to '../output/expected_steps_7.csv.gz'
Loaded 150 adjacency matrices.
Starting 72000 runs.
Total failures: 0
Expected steps to absorption saved and compressed to '../output/expected_steps_6.csv.gz'
Loaded 150 adjacency matrices.
Starting 72000 runs.
Total failures: 0
Expected steps to absorption saved and compressed to '../output/expected_steps_2.csv.gz'
Loaded 150 adjacency matrices.
Starting 72000 runs.
Total failures: 0
Expected steps to absorption saved and compressed to '../output/expected_steps_1.csv.gz'
Loaded 150 adjacency matrices.
Starting 72000 runs.
Total failures: 0
Expected steps to absorption saved and compressed to '../output/expected_steps_0.csv.gz'

JOB STATISTICS
==============
Job ID: 9279757
Cluster: snellius
User/Group: njafarian/njafarian
State: COMPLETED (exit code 0)
Nodes: 5
Cores per node: 128
CPU Utilized: 00:39:28
CPU Efficiency: 7.25% of 09:04:00 core-walltime
Job Wall-clock time: 00:00:51
Memory Utilized: 5.29 MB
Memory Efficiency: 0.00% of 1.09 TB
