Loaded 150 adjacency matrices.
Total failures: 2980
Loaded 150 adjacency matrices.
Total failures: 2208
Loaded 150 adjacency matrices.
Total failures: 2448
Loaded 150 adjacency matrices.
Total failures: 2440
Loaded 150 adjacency matrices.
Total failures: 2312
Loaded 150 adjacency matrices.
Total failures: 3008
Loaded 150 adjacency matrices.
Total failures: 2434
Loaded 150 adjacency matrices.
Total failures: 3004
Loaded 150 adjacency matrices.
Total failures: 2496
Loaded 150 adjacency matrices.
Total failures: 3006
Loaded 150 adjacency matrices.
Total failures: 2208
Loaded 150 adjacency matrices.
Total failures: 2148
Loaded 150 adjacency matrices.
Total failures: 2216
Loaded 150 adjacency matrices.
Total failures: 2148
Loaded 150 adjacency matrices.
Total failures: 2208
Loaded 150 adjacency matrices.
Total failures: 2518
Loaded 150 adjacency matrices.
Total failures: 2580
Loaded 150 adjacency matrices.
Total failures: 2446
Loaded 150 adjacency matrices.
Total failures: 2592
Loaded 150 adjacency matrices.
Total failures: 2997
Loaded 150 adjacency matrices.
Total failures: 2330
Loaded 150 adjacency matrices.
Total failures: 2988
Loaded 150 adjacency matrices.
Total failures: 2440
Loaded 150 adjacency matrices.
Total failures: 2530
Loaded 150 adjacency matrices.
Total failures: 2550
Loaded 150 adjacency matrices.
Total failures: 2416
Loaded 150 adjacency matrices.
Total failures: 2588
Loaded 150 adjacency matrices.
Total failures: 2248
Loaded 150 adjacency matrices.
Total failures: 2436
Loaded 150 adjacency matrices.
Total failures: 2486
Loaded 150 adjacency matrices.
Total failures: 1824
Loaded 150 adjacency matrices.
Total failures: 2498
Loaded 150 adjacency matrices.
Total failures: 2544
Loaded 150 adjacency matrices.
Total failures: 2480
Loaded 150 adjacency matrices.
Total failures: 2514
Loaded 150 adjacency matrices.
Total failures: 2522
Loaded 150 adjacency matrices.
Total failures: 2488
Loaded 150 adjacency matrices.
Total failures: 2996
Loaded 150 adjacency matrices.
Total failures: 2516
Loaded 150 adjacency matrices.
Total failures: 2526
Loaded 150 adjacency matrices.
Total failures: 2584
Loaded 150 adjacency matrices.
Total failures: 2468
Loaded 150 adjacency matrices.
Total failures: 2464
Loaded 150 adjacency matrices.
Total failures: 3008
Loaded 150 adjacency matrices.
Total failures: 2364
Loaded 150 adjacency matrices.
Total failures: 2442
Loaded 150 adjacency matrices.
Total failures: 2412
Loaded 150 adjacency matrices.
Total failures: 2454
Loaded 150 adjacency matrices.
Total failures: 3001
Loaded 150 adjacency matrices.
Total failures: 3010
Loaded 150 adjacency matrices.
Total failures: 2508
Loaded 150 adjacency matrices.
Total failures: 3008
Loaded 150 adjacency matrices.
Total failures: 3006
Loaded 150 adjacency matrices.
Total failures: 2464
Loaded 150 adjacency matrices.
Total failures: 3011
Loaded 150 adjacency matrices.
Total failures: 2326
Loaded 150 adjacency matrices.
Total failures: 2354
Loaded 150 adjacency matrices.
Total failures: 2342
Loaded 150 adjacency matrices.
Total failures: 2448
Loaded 150 adjacency matrices.
Total failures: 2528
Loaded 150 adjacency matrices.
Total failures: 2492
Loaded 150 adjacency matrices.
Total failures: 2420
Loaded 150 adjacency matrices.
Total failures: 3000
Loaded 150 adjacency matrices.
Total failures: 2446
Loaded 150 adjacency matrices.
Total failures: 2366
Loaded 150 adjacency matrices.
Total failures: 2310
Loaded 150 adjacency matrices.
Total failures: 2520
Loaded 150 adjacency matrices.
Total failures: 3008
Loaded 150 adjacency matrices.
Total failures: 2404
Loaded 150 adjacency matrices.
Total failures: 2400
Loaded 150 adjacency matrices.
Total failures: 2360
Loaded 150 adjacency matrices.
Total failures: 2432
Loaded 150 adjacency matrices.
Total failures: 2296
Loaded 150 adjacency matrices.
Total failures: 2420
Loaded 150 adjacency matrices.
Total failures: 2306
Loaded 150 adjacency matrices.
Total failures: 2340
Loaded 150 adjacency matrices.
Total failures: 2438
Loaded 150 adjacency matrices.
Total failures: 2336
Loaded 150 adjacency matrices.
Total failures: 2420
Loaded 150 adjacency matrices.
Total failures: 2380
Loaded 150 adjacency matrices.
Total failures: 2388
Loaded 150 adjacency matrices.
Total failures: 2314
Loaded 150 adjacency matrices.
Total failures: 3010
Loaded 150 adjacency matrices.
Total failures: 2434
Loaded 150 adjacency matrices.
Total failures: 2304
Loaded 150 adjacency matrices.
Total failures: 2254
Loaded 150 adjacency matrices.
Total failures: 2036
Loaded 150 adjacency matrices.
Total failures: 2292
Loaded 150 adjacency matrices.
Total failures: 2236
Loaded 150 adjacency matrices.
Total failures: 2136
Loaded 150 adjacency matrices.
Total failures: 2348
Loaded 150 adjacency matrices.
Total failures: 2280
Loaded 150 adjacency matrices.
Total failures: 3006
Loaded 150 adjacency matrices.
Total failures: 2322
Loaded 150 adjacency matrices.
Total failures: 2246
Loaded 150 adjacency matrices.
Total failures: 2410
Loaded 150 adjacency matrices.
Total failures: 2240
Loaded 150 adjacency matrices.
Total failures: 2172
Loaded 150 adjacency matrices.
Total failures: 2310
Loaded 150 adjacency matrices.
Total failures: 2232
Loaded 150 adjacency matrices.
Total failures: 2220
Loaded 150 adjacency matrices.
Total failures: 2204
Loaded 150 adjacency matrices.
Total failures: 2184
Loaded 150 adjacency matrices.
Total failures: 2324
Loaded 150 adjacency matrices.
Total failures: 2268
Loaded 150 adjacency matrices.
Total failures: 2380
Loaded 150 adjacency matrices.
Total failures: 2428
Loaded 150 adjacency matrices.
Total failures: 2472
Loaded 150 adjacency matrices.
Total failures: 2360
Loaded 150 adjacency matrices.
Total failures: 3008
Loaded 150 adjacency matrices.
Total failures: 2242
Loaded 150 adjacency matrices.
Total failures: 2412
Loaded 150 adjacency matrices.
Total failures: 2160
Loaded 150 adjacency matrices.
Total failures: 2112
Loaded 150 adjacency matrices.
Total failures: 3006
Loaded 150 adjacency matrices.
Total failures: 2282
Loaded 150 adjacency matrices.
Total failures: 2268
Loaded 150 adjacency matrices.
Total failures: 2372
Loaded 150 adjacency matrices.
Total failures: 2358
Loaded 150 adjacency matrices.
Total failures: 2404
Loaded 150 adjacency matrices.
Total failures: 2270
Loaded 150 adjacency matrices.
Total failures: 2088
Loaded 150 adjacency matrices.
Total failures: 2250
Loaded 150 adjacency matrices.
Total failures: 2412
Loaded 150 adjacency matrices.
Total failures: 2316
Loaded 150 adjacency matrices.
Total failures: 2306
Loaded 150 adjacency matrices.
Total failures: 2112
Loaded 150 adjacency matrices.
Total failures: 2112
Loaded 150 adjacency matrices.
Total failures: 2210
Loaded 150 adjacency matrices.
Total failures: 2222
Loaded 150 adjacency matrices.
Total failures: 2260
Loaded 150 adjacency matrices.
Total failures: 2098
Loaded 150 adjacency matrices.
Total failures: 1728
Loaded 150 adjacency matrices.
Total failures: 2348
Loaded 150 adjacency matrices.
Total failures: 2144
Loaded 150 adjacency matrices.
Total failures: 2084
Loaded 150 adjacency matrices.
Total failures: 2292
Loaded 150 adjacency matrices.
Total failures: 1920
Loaded 150 adjacency matrices.
Total failures: 2340
Loaded 150 adjacency matrices.
Total failures: 2076
Loaded 150 adjacency matrices.
Total failures: 2074
Loaded 150 adjacency matrices.
Total failures: 2038
Loaded 150 adjacency matrices.
Total failures: 1960
Loaded 150 adjacency matrices.
Total failures: 2280
Loaded 150 adjacency matrices.
Total failures: 3000
Loaded 150 adjacency matrices.
Total failures: 2052
Loaded 150 adjacency matrices.
Total failures: 1896
Loaded 150 adjacency matrices.
Total failures: 1956
Loaded 150 adjacency matrices.
Total failures: 1872
Loaded 150 adjacency matrices.
Total failures: 1440

JOB STATISTICS
==============
Job ID: 9882956
Cluster: snellius
User/Group: njafarian1/njafarian1
State: COMPLETED (exit code 0)
Nodes: 10
Cores per node: 128
CPU Utilized: 00:26:20
CPU Efficiency: 3.17% of 13:52:00 core-walltime
Job Wall-clock time: 00:00:39
Memory Utilized: 2.67 MB
Memory Efficiency: 0.00% of 2.19 TB
