Loaded 554 adjacency matrices.
Total failures: 19216
Loaded 554 adjacency matrices.
Total failures: 19478
Loaded 554 adjacency matrices.
Total failures: 19508
Loaded 554 adjacency matrices.
Total failures: 18536
Loaded 554 adjacency matrices.
Total failures: 19264
Loaded 554 adjacency matrices.
Total failures: 19444
Loaded 554 adjacency matrices.
Total failures: 19406
Loaded 554 adjacency matrices.
Total failures: 19120
Loaded 554 adjacency matrices.
Total failures: 19092
Loaded 554 adjacency matrices.
Total failures: 19372
Loaded 554 adjacency matrices.
Total failures: 19160
Loaded 554 adjacency matrices.
Total failures: 19038
Loaded 554 adjacency matrices.
Total failures: 19292
Loaded 554 adjacency matrices.
Total failures: 19096
Loaded 554 adjacency matrices.
Total failures: 18940
Loaded 554 adjacency matrices.
Total failures: 18978
Loaded 554 adjacency matrices.
Total failures: 19372
Loaded 554 adjacency matrices.
Total failures: 19410
Loaded 554 adjacency matrices.
Total failures: 18972
Loaded 554 adjacency matrices.
Total failures: 18906
Loaded 554 adjacency matrices.
Total failures: 18780
Loaded 554 adjacency matrices.
Total failures: 18768
Loaded 554 adjacency matrices.
Total failures: 18752
Loaded 554 adjacency matrices.
Total failures: 18692
Loaded 554 adjacency matrices.
Total failures: 18554
Loaded 554 adjacency matrices.
Total failures: 18924
Loaded 554 adjacency matrices.
Total failures: 18600
Loaded 554 adjacency matrices.
Total failures: 19040
Loaded 554 adjacency matrices.
Total failures: 19080
Loaded 554 adjacency matrices.
Total failures: 18480
Loaded 554 adjacency matrices.
Total failures: 18560
Loaded 554 adjacency matrices.
Total failures: 19040
Loaded 554 adjacency matrices.
Total failures: 18696
Loaded 554 adjacency matrices.
Total failures: 18756
Loaded 554 adjacency matrices.
Total failures: 18906
Loaded 554 adjacency matrices.
Total failures: 18852
Loaded 554 adjacency matrices.
Total failures: 19258
Loaded 554 adjacency matrices.
Total failures: 18820
Loaded 554 adjacency matrices.
Total failures: 18876
Loaded 554 adjacency matrices.
Total failures: 18786
Loaded 554 adjacency matrices.
Total failures: 19220
Loaded 554 adjacency matrices.
Total failures: 18782
Loaded 554 adjacency matrices.
Total failures: 18600
Loaded 554 adjacency matrices.
Total failures: 19104
Loaded 554 adjacency matrices.
Total failures: 18528
Loaded 554 adjacency matrices.
Total failures: 19334
Loaded 554 adjacency matrices.
Total failures: 18260
Loaded 554 adjacency matrices.
Total failures: 18440
Loaded 554 adjacency matrices.
Total failures: 18368
Loaded 554 adjacency matrices.
Total failures: 18368
Loaded 554 adjacency matrices.
Total failures: 18338
Loaded 554 adjacency matrices.
Total failures: 18714
Loaded 554 adjacency matrices.
Total failures: 18106
Loaded 554 adjacency matrices.
Total failures: 19032
Loaded 554 adjacency matrices.
Total failures: 18666
Loaded 554 adjacency matrices.
Total failures: 18976
Loaded 554 adjacency matrices.
Total failures: 18708
Loaded 554 adjacency matrices.
Total failures: 18676
Loaded 554 adjacency matrices.
Total failures: 18432
Loaded 554 adjacency matrices.
Total failures: 18456
Loaded 554 adjacency matrices.
Total failures: 18856
Loaded 554 adjacency matrices.
Total failures: 18818
Loaded 554 adjacency matrices.
Total failures: 18260
Loaded 554 adjacency matrices.
Total failures: 18504
Loaded 554 adjacency matrices.
Total failures: 19182
Loaded 554 adjacency matrices.
Total failures: 18050
Loaded 554 adjacency matrices.
Total failures: 18408
Loaded 554 adjacency matrices.
Total failures: 18232
Loaded 554 adjacency matrices.
Total failures: 18424
Loaded 554 adjacency matrices.
Total failures: 19220
Loaded 554 adjacency matrices.
Total failures: 18050
Loaded 554 adjacency matrices.
Total failures: 18518
Loaded 554 adjacency matrices.
Total failures: 18402
Loaded 554 adjacency matrices.
Total failures: 19106
Loaded 554 adjacency matrices.
Total failures: 18116
Loaded 554 adjacency matrices.
Total failures: 18694
Loaded 554 adjacency matrices.
Total failures: 18904
Loaded 554 adjacency matrices.
Total failures: 18194
Loaded 554 adjacency matrices.
Total failures: 17812
Loaded 554 adjacency matrices.
Total failures: 18312
Loaded 554 adjacency matrices.
Total failures: 18482
Loaded 554 adjacency matrices.
Total failures: 18292
Loaded 554 adjacency matrices.
Total failures: 18620
Loaded 554 adjacency matrices.
Total failures: 18280
Loaded 554 adjacency matrices.
Total failures: 18716
Loaded 554 adjacency matrices.
Total failures: 18242
Loaded 554 adjacency matrices.
Total failures: 18904
Loaded 554 adjacency matrices.
Total failures: 18352
Loaded 554 adjacency matrices.
Total failures: 18444
Loaded 554 adjacency matrices.
Total failures: 18748
Loaded 554 adjacency matrices.
Total failures: 18320
Loaded 554 adjacency matrices.
Total failures: 18628
Loaded 554 adjacency matrices.
Total failures: 19182
Loaded 554 adjacency matrices.
Total failures: 18396
Loaded 554 adjacency matrices.
Total failures: 17890
Loaded 554 adjacency matrices.
Total failures: 18912
Loaded 554 adjacency matrices.
Total failures: 18856
Loaded 554 adjacency matrices.
Total failures: 18024
Loaded 554 adjacency matrices.
Total failures: 19296
Loaded 554 adjacency matrices.
Total failures: 18594
Loaded 554 adjacency matrices.
Total failures: 18638
Loaded 554 adjacency matrices.
Total failures: 18492
Loaded 554 adjacency matrices.
Total failures: 18280
Loaded 554 adjacency matrices.
Total failures: 18156
Loaded 554 adjacency matrices.
Total failures: 18304
Loaded 554 adjacency matrices.
Total failures: 18134
Loaded 554 adjacency matrices.
Total failures: 18390
Loaded 554 adjacency matrices.
Total failures: 18984
Loaded 554 adjacency matrices.
Total failures: 17712
Loaded 554 adjacency matrices.
Total failures: 17920
Loaded 554 adjacency matrices.
Total failures: 18182
Loaded 554 adjacency matrices.
Total failures: 18562
Loaded 554 adjacency matrices.
Total failures: 18040
Loaded 554 adjacency matrices.
Total failures: 18540
Loaded 554 adjacency matrices.
Total failures: 18446
Loaded 554 adjacency matrices.
Total failures: 18208
Loaded 554 adjacency matrices.
Total failures: 18248
Loaded 554 adjacency matrices.
Total failures: 17948
Loaded 554 adjacency matrices.
Total failures: 18666
Loaded 554 adjacency matrices.
Total failures: 18470
Loaded 554 adjacency matrices.
Total failures: 18140
Loaded 554 adjacency matrices.
Total failures: 17576
Loaded 554 adjacency matrices.
Total failures: 18562
Loaded 554 adjacency matrices.
Total failures: 17592
Loaded 554 adjacency matrices.
Total failures: 17808
Loaded 554 adjacency matrices.
Total failures: 18242
Loaded 554 adjacency matrices.
Total failures: 17760
Loaded 554 adjacency matrices.
Total failures: 18236
Loaded 554 adjacency matrices.
Total failures: 17520
Loaded 554 adjacency matrices.
Total failures: 19068
Loaded 554 adjacency matrices.
Total failures: 17716
Loaded 554 adjacency matrices.
Total failures: 18330
Loaded 554 adjacency matrices.
Total failures: 17920
Loaded 554 adjacency matrices.
Total failures: 18232
Loaded 554 adjacency matrices.
Total failures: 17986
Loaded 554 adjacency matrices.
Total failures: 18050
Loaded 554 adjacency matrices.
Total failures: 17464
Loaded 554 adjacency matrices.
Total failures: 17882
Loaded 554 adjacency matrices.
Total failures: 18290
Loaded 554 adjacency matrices.
Total failures: 18546
Loaded 554 adjacency matrices.
Total failures: 17922
Loaded 554 adjacency matrices.
Total failures: 18166
Loaded 554 adjacency matrices.
Total failures: 17818
Loaded 554 adjacency matrices.
Total failures: 17974
Loaded 554 adjacency matrices.
Total failures: 19068
Loaded 554 adjacency matrices.
Total failures: 17688
Loaded 554 adjacency matrices.
Total failures: 17778
Loaded 554 adjacency matrices.
Total failures: 17708
Loaded 554 adjacency matrices.
Total failures: 17762
Loaded 554 adjacency matrices.
Total failures: 17892
Loaded 554 adjacency matrices.
Total failures: 18128
Loaded 554 adjacency matrices.
Total failures: 18728
Loaded 554 adjacency matrices.
Total failures: 17932
Loaded 554 adjacency matrices.
Total failures: 17722
Loaded 554 adjacency matrices.
Total failures: 17538
Loaded 554 adjacency matrices.
Total failures: 17896
Loaded 554 adjacency matrices.
Total failures: 17974
Loaded 554 adjacency matrices.
Total failures: 17624
Loaded 554 adjacency matrices.
Total failures: 17850
Loaded 554 adjacency matrices.
Total failures: 18166
Loaded 554 adjacency matrices.
Total failures: 18418
Loaded 554 adjacency matrices.
Total failures: 18678
Loaded 554 adjacency matrices.
Total failures: 18342
Loaded 554 adjacency matrices.
Total failures: 18292
Loaded 554 adjacency matrices.
Total failures: 18230
Loaded 554 adjacency matrices.
Total failures: 18522
Loaded 554 adjacency matrices.
Total failures: 18524
Loaded 554 adjacency matrices.
Total failures: 17916
Loaded 554 adjacency matrices.
Total failures: 17844
Loaded 554 adjacency matrices.
Total failures: 17712
Loaded 554 adjacency matrices.
Total failures: 17868
Loaded 554 adjacency matrices.
Total failures: 17604
Loaded 554 adjacency matrices.
Total failures: 17860
Loaded 554 adjacency matrices.
Total failures: 18128
Loaded 554 adjacency matrices.
Total failures: 17684
Loaded 554 adjacency matrices.
Total failures: 18856
Loaded 554 adjacency matrices.
Total failures: 18316
Loaded 554 adjacency matrices.
Total failures: 17474
Loaded 554 adjacency matrices.
Total failures: 18078
Loaded 554 adjacency matrices.
Total failures: 17576
Loaded 554 adjacency matrices.
Total failures: 18152
Loaded 554 adjacency matrices.
Total failures: 17778
Loaded 554 adjacency matrices.
Total failures: 17416
Loaded 554 adjacency matrices.
Total failures: 17970
Loaded 554 adjacency matrices.
Total failures: 17786
Loaded 554 adjacency matrices.
Total failures: 17732
Loaded 554 adjacency matrices.
Total failures: 17692
Loaded 554 adjacency matrices.
Total failures: 18484
Loaded 554 adjacency matrices.
Total failures: 17432
Loaded 554 adjacency matrices.
Total failures: 17554
Loaded 554 adjacency matrices.
Total failures: 17488
Loaded 554 adjacency matrices.
Total failures: 17634
Loaded 554 adjacency matrices.
Total failures: 18728
Loaded 554 adjacency matrices.
Total failures: 18200
Loaded 554 adjacency matrices.
Total failures: 17794
Loaded 554 adjacency matrices.
Total failures: 17918
Loaded 554 adjacency matrices.
Total failures: 17368
Loaded 554 adjacency matrices.
Total failures: 17192
Loaded 554 adjacency matrices.
Total failures: 17296
Loaded 554 adjacency matrices.
Total failures: 18524
Loaded 554 adjacency matrices.
Total failures: 18270
Loaded 554 adjacency matrices.
Total failures: 17400
Loaded 554 adjacency matrices.
Total failures: 17540
Loaded 554 adjacency matrices.
Total failures: 18078
Loaded 554 adjacency matrices.
Total failures: 17932
Loaded 554 adjacency matrices.
Total failures: 17496
Loaded 554 adjacency matrices.
Total failures: 18102
Loaded 554 adjacency matrices.
Total failures: 16976
Loaded 554 adjacency matrices.
Total failures: 17498
Loaded 554 adjacency matrices.
Total failures: 18302
Loaded 554 adjacency matrices.
Total failures: 18230
Loaded 554 adjacency matrices.
Total failures: 17624
Loaded 554 adjacency matrices.
Total failures: 17416
Loaded 554 adjacency matrices.
Total failures: 17008
Loaded 554 adjacency matrices.
Total failures: 17328
Loaded 554 adjacency matrices.
Total failures: 17344
Loaded 554 adjacency matrices.
Total failures: 17308
Loaded 554 adjacency matrices.
Total failures: 18156
Loaded 554 adjacency matrices.
Total failures: 17524
Loaded 554 adjacency matrices.
Total failures: 17902
Loaded 554 adjacency matrices.
Total failures: 17162
Loaded 554 adjacency matrices.
Total failures: 17706
Loaded 554 adjacency matrices.
Total failures: 17628
Loaded 554 adjacency matrices.
Total failures: 17858
Loaded 554 adjacency matrices.
Total failures: 17252
Loaded 554 adjacency matrices.
Total failures: 17798
Loaded 554 adjacency matrices.
Total failures: 18330
Loaded 554 adjacency matrices.
Total failures: 18856
Loaded 554 adjacency matrices.
Total failures: 17756
Loaded 554 adjacency matrices.
Total failures: 17264
Loaded 554 adjacency matrices.
Total failures: 17822
Loaded 554 adjacency matrices.
Total failures: 17762
Loaded 554 adjacency matrices.
Total failures: 17176
Loaded 554 adjacency matrices.
Total failures: 17498
Loaded 554 adjacency matrices.
Total failures: 18600
Loaded 554 adjacency matrices.
Total failures: 16784
Loaded 554 adjacency matrices.
Total failures: 17568
Loaded 554 adjacency matrices.
Total failures: 17394
Loaded 554 adjacency matrices.
Total failures: 18060
Loaded 554 adjacency matrices.
Total failures: 18600
Loaded 554 adjacency matrices.
Total failures: 17618
Loaded 554 adjacency matrices.
Total failures: 17584
Loaded 554 adjacency matrices.
Total failures: 17708
Loaded 554 adjacency matrices.
Total failures: 17652
Loaded 554 adjacency matrices.
Total failures: 17748
Loaded 554 adjacency matrices.
Total failures: 17836
Loaded 554 adjacency matrices.
Total failures: 18466
Loaded 554 adjacency matrices.
Total failures: 16680
Loaded 554 adjacency matrices.
Total failures: 18000
Loaded 554 adjacency matrices.
Total failures: 18024
Loaded 554 adjacency matrices.
Total failures: 17964
Loaded 554 adjacency matrices.
Total failures: 17298
Loaded 554 adjacency matrices.
Total failures: 17832
Loaded 554 adjacency matrices.
Total failures: 17072
Loaded 554 adjacency matrices.
Total failures: 17464
Loaded 554 adjacency matrices.
Total failures: 18014
Loaded 554 adjacency matrices.
Total failures: 17134
Loaded 554 adjacency matrices.
Total failures: 17092
Loaded 554 adjacency matrices.
Total failures: 16976
Loaded 554 adjacency matrices.
Total failures: 18222
Loaded 554 adjacency matrices.
Total failures: 18954
Loaded 554 adjacency matrices.
Total failures: 17334
Loaded 554 adjacency matrices.
Total failures: 17412
Loaded 554 adjacency matrices.
Total failures: 17298
Loaded 554 adjacency matrices.
Total failures: 17182
Loaded 554 adjacency matrices.
Total failures: 17762
Loaded 554 adjacency matrices.
Total failures: 18728
Loaded 554 adjacency matrices.
Total failures: 17660
Loaded 554 adjacency matrices.
Total failures: 17222
Loaded 554 adjacency matrices.
Total failures: 17140
Loaded 554 adjacency matrices.
Total failures: 18408
Loaded 554 adjacency matrices.
Total failures: 17264
Loaded 554 adjacency matrices.
Total failures: 18182
Loaded 554 adjacency matrices.
Total failures: 17826
Loaded 554 adjacency matrices.
Total failures: 17450
Loaded 554 adjacency matrices.
Total failures: 16712
Loaded 554 adjacency matrices.
Total failures: 17168
Loaded 554 adjacency matrices.
Total failures: 16584
Loaded 554 adjacency matrices.
Total failures: 17836
Loaded 554 adjacency matrices.
Total failures: 16818
Loaded 554 adjacency matrices.
Total failures: 17484
Loaded 554 adjacency matrices.
Total failures: 17076
Loaded 554 adjacency matrices.
Total failures: 18116
Loaded 554 adjacency matrices.
Total failures: 17418
Loaded 554 adjacency matrices.
Total failures: 17112
Loaded 554 adjacency matrices.
Total failures: 16832
Loaded 554 adjacency matrices.
Total failures: 18102
Loaded 554 adjacency matrices.
Total failures: 16842
Loaded 554 adjacency matrices.
Total failures: 17666
Loaded 554 adjacency matrices.
Total failures: 17064
Loaded 554 adjacency matrices.
Total failures: 17896
Loaded 554 adjacency matrices.
Total failures: 17088
Loaded 554 adjacency matrices.
Total failures: 17212
Loaded 554 adjacency matrices.
Total failures: 17262
Loaded 554 adjacency matrices.
Total failures: 17352
Loaded 554 adjacency matrices.
Total failures: 18324
Loaded 554 adjacency matrices.
Total failures: 17450
Loaded 554 adjacency matrices.
Total failures: 18324
Loaded 554 adjacency matrices.
Total failures: 18078
Loaded 554 adjacency matrices.
Total failures: 17222
Loaded 554 adjacency matrices.
Total failures: 17082
Loaded 554 adjacency matrices.
Total failures: 17846
Loaded 554 adjacency matrices.
Total failures: 16690
Loaded 554 adjacency matrices.
Total failures: 18144
Loaded 554 adjacency matrices.
Total failures: 17974
Loaded 554 adjacency matrices.
Total failures: 16904
Loaded 554 adjacency matrices.
Total failures: 17748
Loaded 554 adjacency matrices.
Total failures: 18608
Loaded 554 adjacency matrices.
Total failures: 17552
Loaded 554 adjacency matrices.
Total failures: 17554
Loaded 554 adjacency matrices.
Total failures: 17144
Loaded 554 adjacency matrices.
Total failures: 17452
Loaded 554 adjacency matrices.
Total failures: 17192
Loaded 554 adjacency matrices.
Total failures: 16784
Loaded 554 adjacency matrices.
Total failures: 17226
Loaded 554 adjacency matrices.
Total failures: 17148
Loaded 554 adjacency matrices.
Total failures: 16944
Loaded 554 adjacency matrices.
Total failures: 17252
Loaded 554 adjacency matrices.
Total failures: 17382
Loaded 554 adjacency matrices.
Total failures: 17886
Loaded 554 adjacency matrices.
Total failures: 17296
Loaded 554 adjacency matrices.
Total failures: 16858
Loaded 554 adjacency matrices.
Total failures: 16744
Loaded 554 adjacency matrices.
Total failures: 17064
Loaded 554 adjacency matrices.
Total failures: 18014
Loaded 554 adjacency matrices.
Total failures: 17690
Loaded 554 adjacency matrices.
Total failures: 17060
Loaded 554 adjacency matrices.
Total failures: 17380
Loaded 554 adjacency matrices.
Total failures: 17404
Loaded 554 adjacency matrices.
Total failures: 17084
Loaded 554 adjacency matrices.
Total failures: 16826
Loaded 554 adjacency matrices.
Total failures: 17702
Loaded 554 adjacency matrices.
Total failures: 16796
Loaded 554 adjacency matrices.
Total failures: 18054
Loaded 554 adjacency matrices.
Total failures: 18014
Loaded 554 adjacency matrices.
Total failures: 16392
Loaded 554 adjacency matrices.
Total failures: 18840
Loaded 554 adjacency matrices.
Total failures: 18600
Loaded 554 adjacency matrices.
Total failures: 17172
Loaded 554 adjacency matrices.
Total failures: 18054
Loaded 554 adjacency matrices.
Total failures: 17380
Loaded 554 adjacency matrices.
Total failures: 18370
Loaded 554 adjacency matrices.
Total failures: 16410
Loaded 554 adjacency matrices.
Total failures: 17382
Loaded 554 adjacency matrices.
Total failures: 16650
Loaded 554 adjacency matrices.
Total failures: 15960
Loaded 554 adjacency matrices.
Total failures: 17896
Loaded 554 adjacency matrices.
Total failures: 16680
Loaded 554 adjacency matrices.
Total failures: 16626
Loaded 554 adjacency matrices.
Total failures: 17634
Loaded 554 adjacency matrices.
Total failures: 17620
Loaded 554 adjacency matrices.
Total failures: 17436
Loaded 554 adjacency matrices.
Total failures: 18466
Loaded 554 adjacency matrices.
Total failures: 17308
Loaded 554 adjacency matrices.
Total failures: 16896
Loaded 554 adjacency matrices.
Total failures: 17516
Loaded 554 adjacency matrices.
Total failures: 17242
Loaded 554 adjacency matrices.
Total failures: 16980
Loaded 554 adjacency matrices.
Total failures: 17212
Loaded 554 adjacency matrices.
Total failures: 16282
Loaded 554 adjacency matrices.
Total failures: 16708
Loaded 554 adjacency matrices.
Total failures: 16724
Loaded 554 adjacency matrices.
Total failures: 16656
Loaded 554 adjacency matrices.
Total failures: 17466
Loaded 554 adjacency matrices.
Total failures: 17748
Loaded 554 adjacency matrices.
Total failures: 18162
Loaded 554 adjacency matrices.
Total failures: 17268
Loaded 554 adjacency matrices.
Total failures: 17252
Loaded 554 adjacency matrices.
Total failures: 16898
Loaded 554 adjacency matrices.
Total failures: 17064
Loaded 554 adjacency matrices.
Total failures: 16868
Loaded 554 adjacency matrices.
Total failures: 16804
Loaded 554 adjacency matrices.
Total failures: 17282
Loaded 554 adjacency matrices.
Total failures: 15782
Loaded 554 adjacency matrices.
Total failures: 16386
Loaded 554 adjacency matrices.
Total failures: 16056
Loaded 554 adjacency matrices.
Total failures: 17240
Loaded 554 adjacency matrices.
Total failures: 16780
Loaded 554 adjacency matrices.
Total failures: 17648
Loaded 554 adjacency matrices.
Total failures: 17268
Loaded 554 adjacency matrices.
Total failures: 16164
Loaded 554 adjacency matrices.
Total failures: 17028
Loaded 554 adjacency matrices.
Total failures: 16916
Loaded 554 adjacency matrices.
Total failures: 17042
Loaded 554 adjacency matrices.
Total failures: 16722
Loaded 554 adjacency matrices.
Total failures: 17208
Loaded 554 adjacency matrices.
Total failures: 17172
Loaded 554 adjacency matrices.
Total failures: 15984
Loaded 554 adjacency matrices.
Total failures: 17506
Loaded 554 adjacency matrices.
Total failures: 15456
Loaded 554 adjacency matrices.
Total failures: 17028
Loaded 554 adjacency matrices.
Total failures: 16482
Loaded 554 adjacency matrices.
Total failures: 17284
Loaded 554 adjacency matrices.
Total failures: 16280
Loaded 554 adjacency matrices.
Total failures: 17074
Loaded 554 adjacency matrices.
Total failures: 17694
Loaded 554 adjacency matrices.
Total failures: 17480
Loaded 554 adjacency matrices.
Total failures: 16776
Loaded 554 adjacency matrices.
Total failures: 17134
Loaded 554 adjacency matrices.
Total failures: 15888
Loaded 554 adjacency matrices.
Total failures: 17620
Loaded 554 adjacency matrices.
Total failures: 17964
Loaded 554 adjacency matrices.
Total failures: 17566
Loaded 554 adjacency matrices.
Total failures: 16492
Loaded 554 adjacency matrices.
Total failures: 16244
Loaded 554 adjacency matrices.
Total failures: 17662
Loaded 554 adjacency matrices.
Total failures: 16372
Loaded 554 adjacency matrices.
Total failures: 18012
Loaded 554 adjacency matrices.
Total failures: 17112
Loaded 554 adjacency matrices.
Total failures: 16258
Loaded 554 adjacency matrices.
Total failures: 16530
Loaded 554 adjacency matrices.
Total failures: 15384
Loaded 554 adjacency matrices.
Total failures: 16610
Loaded 554 adjacency matrices.
Total failures: 16968
Loaded 554 adjacency matrices.
Total failures: 16290
Loaded 554 adjacency matrices.
Total failures: 17760
Loaded 554 adjacency matrices.
Total failures: 16488
Loaded 554 adjacency matrices.
Total failures: 15970
Loaded 554 adjacency matrices.
Total failures: 16204
Loaded 554 adjacency matrices.
Total failures: 17144
Loaded 554 adjacency matrices.
Total failures: 15822
Loaded 554 adjacency matrices.
Total failures: 16416
Loaded 554 adjacency matrices.
Total failures: 15736
Loaded 554 adjacency matrices.
Total failures: 16910
Loaded 554 adjacency matrices.
Total failures: 18168
Loaded 554 adjacency matrices.
Total failures: 15956
Loaded 554 adjacency matrices.
Total failures: 15336
Loaded 554 adjacency matrices.
Total failures: 16980
Loaded 554 adjacency matrices.
Total failures: 16460
Loaded 554 adjacency matrices.
Total failures: 16496
Loaded 554 adjacency matrices.
Total failures: 16578
Loaded 554 adjacency matrices.
Total failures: 16506
Loaded 554 adjacency matrices.
Total failures: 15832
Loaded 554 adjacency matrices.
Total failures: 16840
Loaded 554 adjacency matrices.
Total failures: 17014
Loaded 554 adjacency matrices.
Total failures: 17084
Loaded 554 adjacency matrices.
Total failures: 16200
Loaded 554 adjacency matrices.
Total failures: 17042
Loaded 554 adjacency matrices.
Total failures: 17622
Loaded 554 adjacency matrices.
Total failures: 17662
Loaded 554 adjacency matrices.
Total failures: 17832
Loaded 554 adjacency matrices.
Total failures: 16584
Loaded 554 adjacency matrices.
Total failures: 17064
Loaded 554 adjacency matrices.
Total failures: 16910
Loaded 554 adjacency matrices.
Total failures: 16392
Loaded 554 adjacency matrices.
Total failures: 16532
Loaded 554 adjacency matrices.
Total failures: 16796
Loaded 554 adjacency matrices.
Total failures: 16474
Loaded 554 adjacency matrices.
Total failures: 16908
Loaded 554 adjacency matrices.
Total failures: 16446
Loaded 554 adjacency matrices.
Total failures: 16580
Loaded 554 adjacency matrices.
Total failures: 15600
Loaded 554 adjacency matrices.
Total failures: 16376
Loaded 554 adjacency matrices.
Total failures: 15950
Loaded 554 adjacency matrices.
Total failures: 16056
Loaded 554 adjacency matrices.
Total failures: 16692
Loaded 554 adjacency matrices.
Total failures: 17520
Loaded 554 adjacency matrices.
Total failures: 16916
Loaded 554 adjacency matrices.
Total failures: 16554
Loaded 554 adjacency matrices.
Total failures: 16116
Loaded 554 adjacency matrices.
Total failures: 15570
Loaded 554 adjacency matrices.
Total failures: 17290
Loaded 554 adjacency matrices.
Total failures: 16874
Loaded 554 adjacency matrices.
Total failures: 18012
Loaded 554 adjacency matrices.
Total failures: 16044
Loaded 554 adjacency matrices.
Total failures: 16718
Loaded 554 adjacency matrices.
Total failures: 15240
Loaded 554 adjacency matrices.
Total failures: 16026
Loaded 554 adjacency matrices.
Total failures: 16392
Loaded 554 adjacency matrices.
Total failures: 15168
Loaded 554 adjacency matrices.
Total failures: 14952
Loaded 554 adjacency matrices.
Total failures: 16386
Loaded 554 adjacency matrices.
Total failures: 15756
Loaded 554 adjacency matrices.
Total failures: 16362
Loaded 554 adjacency matrices.
Total failures: 18216
Loaded 554 adjacency matrices.
Total failures: 16474
Loaded 554 adjacency matrices.
Total failures: 16374
Loaded 554 adjacency matrices.
Total failures: 16826
Loaded 554 adjacency matrices.
Total failures: 14802
Loaded 554 adjacency matrices.
Total failures: 16448
Loaded 554 adjacency matrices.
Total failures: 17352
Loaded 554 adjacency matrices.
Total failures: 17132
Loaded 554 adjacency matrices.
Total failures: 16208
Loaded 554 adjacency matrices.
Total failures: 15548
Loaded 554 adjacency matrices.
Total failures: 16258
Loaded 554 adjacency matrices.
Total failures: 14634
Loaded 554 adjacency matrices.
Total failures: 15786
Loaded 554 adjacency matrices.
Total failures: 17886
Loaded 554 adjacency matrices.
Total failures: 16656
Loaded 554 adjacency matrices.
Total failures: 15980
Loaded 554 adjacency matrices.
Total failures: 18324
Loaded 554 adjacency matrices.
Total failures: 15970
Loaded 554 adjacency matrices.
Total failures: 15792
Loaded 554 adjacency matrices.
Total failures: 16080
Loaded 554 adjacency matrices.
Total failures: 14808
Loaded 554 adjacency matrices.
Total failures: 15912
Loaded 554 adjacency matrices.
Total failures: 16080
Loaded 554 adjacency matrices.
Total failures: 16488
Loaded 554 adjacency matrices.
Total failures: 16698
Loaded 554 adjacency matrices.
Total failures: 17280
Loaded 554 adjacency matrices.
Total failures: 15672
Loaded 554 adjacency matrices.
Total failures: 16062
Loaded 554 adjacency matrices.
Total failures: 14336
Loaded 554 adjacency matrices.
Total failures: 16846
Loaded 554 adjacency matrices.
Total failures: 17520
Loaded 554 adjacency matrices.
Total failures: 14880
Loaded 554 adjacency matrices.
Total failures: 16544
Loaded 554 adjacency matrices.
Total failures: 14322
Loaded 554 adjacency matrices.
Total failures: 16194
Loaded 554 adjacency matrices.
Total failures: 16330
Loaded 554 adjacency matrices.
Total failures: 17172
Loaded 554 adjacency matrices.
Total failures: 15512
Loaded 554 adjacency matrices.
Total failures: 15876
Loaded 554 adjacency matrices.
Total failures: 17274
Loaded 554 adjacency matrices.
Total failures: 16698
Loaded 554 adjacency matrices.
Total failures: 16258
Loaded 554 adjacency matrices.
Total failures: 15504
Loaded 554 adjacency matrices.
Total failures: 15956
Loaded 554 adjacency matrices.
Total failures: 16042
Loaded 554 adjacency matrices.
Total failures: 16626
Loaded 554 adjacency matrices.
Total failures: 15072
Loaded 554 adjacency matrices.
Total failures: 15772
Loaded 554 adjacency matrices.
Total failures: 17118
Loaded 554 adjacency matrices.
Total failures: 15168
Loaded 554 adjacency matrices.
Total failures: 14840
Loaded 554 adjacency matrices.
Total failures: 16128
Loaded 554 adjacency matrices.
Total failures: 15914
Loaded 554 adjacency matrices.
Total failures: 14880
Loaded 554 adjacency matrices.
Total failures: 13176
Loaded 554 adjacency matrices.
Total failures: 16896
Loaded 554 adjacency matrices.
Total failures: 17664
Loaded 554 adjacency matrices.
Total failures: 15534
Loaded 554 adjacency matrices.
Total failures: 14624
Loaded 554 adjacency matrices.
Total failures: 15084
Loaded 554 adjacency matrices.
Total failures: 15620
Loaded 554 adjacency matrices.
Total failures: 14976
Loaded 554 adjacency matrices.
Total failures: 14970
Loaded 554 adjacency matrices.
Total failures: 13392
Loaded 554 adjacency matrices.
Total failures: 16824
Loaded 554 adjacency matrices.
Total failures: 14682
Loaded 554 adjacency matrices.
Total failures: 15520
Loaded 554 adjacency matrices.
Total failures: 13680
Loaded 554 adjacency matrices.
Total failures: 16444
Loaded 554 adjacency matrices.
Total failures: 15484
Loaded 554 adjacency matrices.
Total failures: 12816
Loaded 554 adjacency matrices.
Total failures: 14424
Loaded 554 adjacency matrices.
Total failures: 15048
Loaded 554 adjacency matrices.
Total failures: 13560
Loaded 554 adjacency matrices.
Total failures: 16680
Loaded 554 adjacency matrices.
Total failures: 15936
Loaded 554 adjacency matrices.
Total failures: 13764
Loaded 554 adjacency matrices.
Total failures: 13728
Loaded 554 adjacency matrices.
Total failures: 12120
Loaded 554 adjacency matrices.
Total failures: 10080

JOB STATISTICS
==============
Job ID: 9606004
Cluster: snellius
User/Group: njafarian/njafarian
State: COMPLETED (exit code 0)
Nodes: 35
Cores per node: 128
CPU Utilized: 1-02:40:56
CPU Efficiency: 1.83% of 60-18:29:20 core-walltime
Job Wall-clock time: 00:19:32
Memory Utilized: 1.14 GB
Memory Efficiency: 0.01% of 7.66 TB
