Loaded 150 adjacency matrices.
Total failures: 0
Loaded 150 adjacency matrices.
Total failures: 0
Loaded 150 adjacency matrices.
Total failures: 0
Loaded 150 adjacency matrices.
Total failures: 0
Loaded 150 adjacency matrices.
Total failures: 0
Loaded 150 adjacency matrices.
Total failures: 0
Loaded 150 adjacency matrices.
Total failures: 0
Loaded 150 adjacency matrices.
Total failures: 18
Loaded 150 adjacency matrices.
Total failures: 0
Loaded 150 adjacency matrices.
Total failures: 0
Loaded 150 adjacency matrices.
Total failures: 0
Loaded 150 adjacency matrices.
Total failures: 0
Loaded 150 adjacency matrices.
Total failures: 0
Loaded 150 adjacency matrices.
Total failures: 0
Loaded 150 adjacency matrices.
Total failures: 0
Loaded 150 adjacency matrices.
Total failures: 0
Loaded 150 adjacency matrices.
Total failures: 0
Loaded 150 adjacency matrices.
Total failures: 0
Loaded 150 adjacency matrices.
Total failures: 0
Loaded 150 adjacency matrices.
Total failures: 0
Loaded 150 adjacency matrices.
Total failures: 0
Loaded 150 adjacency matrices.
Total failures: 0
Loaded 150 adjacency matrices.
Total failures: 0
Loaded 150 adjacency matrices.
Total failures: 0
Loaded 150 adjacency matrices.
Total failures: 0
Loaded 150 adjacency matrices.
Total failures: 0
Loaded 150 adjacency matrices.
Total failures: 0
Loaded 150 adjacency matrices.
Total failures: 0
Loaded 150 adjacency matrices.
Total failures: 0
Loaded 150 adjacency matrices.
Total failures: 0
Loaded 150 adjacency matrices.
Total failures: 0
Loaded 150 adjacency matrices.
Total failures: 0
Loaded 150 adjacency matrices.
Total failures: 18
Loaded 150 adjacency matrices.
Total failures: 0
Loaded 150 adjacency matrices.
Total failures: 24
Loaded 150 adjacency matrices.
Total failures: 0
Loaded 150 adjacency matrices.
Total failures: 0
Loaded 150 adjacency matrices.
Total failures: 0
Loaded 150 adjacency matrices.
Total failures: 18
Loaded 150 adjacency matrices.
Total failures: 0
Loaded 150 adjacency matrices.
Total failures: 0
Loaded 150 adjacency matrices.
Total failures: 0
Loaded 150 adjacency matrices.
Total failures: 0
Loaded 150 adjacency matrices.
Total failures: 0
Loaded 150 adjacency matrices.
Total failures: 0
Loaded 150 adjacency matrices.
Total failures: 0
Loaded 150 adjacency matrices.
Total failures: 0
Loaded 150 adjacency matrices.
Total failures: 12
Loaded 150 adjacency matrices.
Total failures: 0
Loaded 150 adjacency matrices.
Total failures: 0
Loaded 150 adjacency matrices.
Total failures: 0
Loaded 150 adjacency matrices.
Total failures: 0
Loaded 150 adjacency matrices.
Total failures: 0
Loaded 150 adjacency matrices.
Total failures: 0
Loaded 150 adjacency matrices.
Total failures: 0
Loaded 150 adjacency matrices.
Total failures: 0
Loaded 150 adjacency matrices.
Total failures: 0
Loaded 150 adjacency matrices.
Total failures: 0
Loaded 150 adjacency matrices.
Total failures: 0
Loaded 150 adjacency matrices.
Total failures: 0
Loaded 150 adjacency matrices.
Total failures: 0
Loaded 150 adjacency matrices.
Total failures: 0
Loaded 150 adjacency matrices.
Total failures: 0
Loaded 150 adjacency matrices.
Total failures: 0
Loaded 150 adjacency matrices.
Total failures: 0
Loaded 150 adjacency matrices.
Total failures: 0
Loaded 150 adjacency matrices.
Total failures: 0
Loaded 150 adjacency matrices.
Total failures: 6
Loaded 150 adjacency matrices.
Total failures: 0
Loaded 150 adjacency matrices.
Total failures: 0
Loaded 150 adjacency matrices.
Total failures: 0
Loaded 150 adjacency matrices.
Total failures: 0
Loaded 150 adjacency matrices.
Total failures: 0
Loaded 150 adjacency matrices.
Total failures: 0
Loaded 150 adjacency matrices.
Total failures: 0
Loaded 150 adjacency matrices.
Total failures: 0
Loaded 150 adjacency matrices.
Total failures: 0
Loaded 150 adjacency matrices.
Total failures: 0
Loaded 150 adjacency matrices.
Total failures: 0
Loaded 150 adjacency matrices.
Total failures: 0
Loaded 150 adjacency matrices.
Total failures: 0
Loaded 150 adjacency matrices.
Total failures: 0
Loaded 150 adjacency matrices.
Total failures: 12
Loaded 150 adjacency matrices.
Total failures: 0
Loaded 150 adjacency matrices.
Total failures: 0
Loaded 150 adjacency matrices.
Total failures: 0
Loaded 150 adjacency matrices.
Total failures: 0
Loaded 150 adjacency matrices.
Total failures: 0
Loaded 150 adjacency matrices.
Total failures: 0
Loaded 150 adjacency matrices.
Total failures: 0
Loaded 150 adjacency matrices.
Total failures: 0
Loaded 150 adjacency matrices.
Total failures: 0
Loaded 150 adjacency matrices.
Total failures: 0
Loaded 150 adjacency matrices.
Total failures: 0
Loaded 150 adjacency matrices.
Total failures: 0
Loaded 150 adjacency matrices.
Total failures: 0
Loaded 150 adjacency matrices.
Total failures: 0
Loaded 150 adjacency matrices.
Total failures: 24
Loaded 150 adjacency matrices.
Total failures: 0
Loaded 150 adjacency matrices.
Total failures: 0
Loaded 150 adjacency matrices.
Total failures: 0
Loaded 150 adjacency matrices.
Total failures: 0
Loaded 150 adjacency matrices.
Total failures: 0
Loaded 150 adjacency matrices.
Total failures: 0
Loaded 150 adjacency matrices.
Total failures: 0
Loaded 150 adjacency matrices.
Total failures: 0
Loaded 150 adjacency matrices.
Total failures: 0
Loaded 150 adjacency matrices.
Total failures: 0
Loaded 150 adjacency matrices.
Total failures: 0
Loaded 150 adjacency matrices.
Total failures: 18
Loaded 150 adjacency matrices.
Total failures: 0
Loaded 150 adjacency matrices.
Total failures: 0
Loaded 150 adjacency matrices.
Total failures: 0
Loaded 150 adjacency matrices.
Total failures: 0
Loaded 150 adjacency matrices.
Total failures: 0
Loaded 150 adjacency matrices.
Total failures: 0
Loaded 150 adjacency matrices.
Total failures: 0
Loaded 150 adjacency matrices.
Total failures: 0
Loaded 150 adjacency matrices.
Total failures: 0
Loaded 150 adjacency matrices.
Total failures: 24
Loaded 150 adjacency matrices.
Total failures: 12
Loaded 150 adjacency matrices.
Total failures: 0
Loaded 150 adjacency matrices.
Total failures: 0
Loaded 150 adjacency matrices.
Total failures: 0
Loaded 150 adjacency matrices.
Total failures: 0
Loaded 150 adjacency matrices.
Total failures: 0
Loaded 150 adjacency matrices.
Total failures: 0
Loaded 150 adjacency matrices.
Total failures: 0
Loaded 150 adjacency matrices.
Total failures: 0
Loaded 150 adjacency matrices.
Total failures: 0
Loaded 150 adjacency matrices.
Total failures: 0
Loaded 150 adjacency matrices.
Total failures: 0
Loaded 150 adjacency matrices.
Total failures: 0
Loaded 150 adjacency matrices.
Total failures: 0
Loaded 150 adjacency matrices.
Total failures: 0
Loaded 150 adjacency matrices.
Total failures: 0
Loaded 150 adjacency matrices.
Total failures: 0
Loaded 150 adjacency matrices.
Total failures: 0
Loaded 150 adjacency matrices.
Total failures: 0
Loaded 150 adjacency matrices.
Total failures: 0
Loaded 150 adjacency matrices.
Total failures: 0
Loaded 150 adjacency matrices.
Total failures: 0
Loaded 150 adjacency matrices.
Total failures: 0
Loaded 150 adjacency matrices.
Total failures: 0
Loaded 150 adjacency matrices.
Total failures: 0
Loaded 150 adjacency matrices.
Total failures: 0
Loaded 150 adjacency matrices.
Total failures: 0
Loaded 150 adjacency matrices.
Total failures: 0
Loaded 150 adjacency matrices.
Total failures: 0
Loaded 150 adjacency matrices.
Total failures: 0

JOB STATISTICS
==============
Job ID: 9473237
Cluster: snellius
User/Group: njafarian/njafarian
State: COMPLETED (exit code 0)
Nodes: 10
Cores per node: 128
CPU Utilized: 00:10:46
CPU Efficiency: 2.02% of 08:53:20 core-walltime
Job Wall-clock time: 00:00:25
Memory Utilized: 2.57 MB
Memory Efficiency: 0.00% of 2.19 TB
