Invalid length: Expected 64 bits, got 65Error: Error: Invalid length: Expected 64 bits, got 65
Error: Error: Invalid length: Expected 64 bits, got 65
Invalid length: Expected 64 bits, got 65Error: 
Error: Error: Error: Invalid length: Expected 64 bits, got 65Error: Invalid length: Expected 64 bits, got 65Error: Error: Invalid length: Expected 64 bits, got 65Invalid length: Expected 64 bits, got 65
Error: 
Invalid length: Expected 64 bits, got 65Error: Invalid length: Expected 64 bits, got 65Error: Invalid length: Expected 64 bits, got 65Invalid length: Expected 64 bits, got 65Error: Error: 
Error: Error: Error: Invalid length: Expected 64 bits, got 65Error: Invalid length: Expected 64 bits, got 65Invalid length: Expected 64 bits, got 65Error: Error: Invalid length: Expected 64 bits, got 65Invalid length: Expected 64 bits, got 65Invalid length: Expected 64 bits, got 65Invalid length: Expected 64 bits, got 65Error: Invalid length: Expected 64 bits, got 65
Error: Invalid length: Expected 64 bits, got 65
Error: Error: Error: Invalid length: Expected 64 bits, got 65Error: Error: Error: Invalid length: Expected 64 bits, got 65Error: Invalid length: Expected 64 bits, got 65Error: 
Error: Invalid length: Expected 64 bits, got 65Invalid length: Expected 64 bits, got 65Error: Error: Invalid length: Expected 64 bits, got 65Error: Error: 
Error: Error: 
Error: Error: Invalid length: Expected 64 bits, got 65Invalid length: Expected 64 bits, got 65Error: Error: Error: Error: Error: Error: Invalid length: Expected 64 bits, got 65Invalid length: Expected 64 bits, got 65Error: Invalid length: Expected 64 bits, got 65Invalid length: Expected 64 bits, got 65Error: Invalid length: Expected 64 bits, got 65Error: Error: Error: Error: Error: Error: Invalid length: Expected 64 bits, got 65Invalid length: Expected 64 bits, got 65Invalid length: Expected 64 bits, got 65Invalid length: Expected 64 bits, got 65Error: Error: Error: Invalid length: Expected 64 bits, got 65Error: Error: Error: Error: Invalid length: Expected 64 bits, got 65Error: Error: Invalid length: Expected 64 bits, got 65Invalid length: Expected 64 bits, got 65Error: Invalid length: Expected 64 bits, got 65Invalid length: Expected 64 bits, got 65



Error: Error: Error: Invalid length: Expected 64 bits, got 65Invalid length: Expected 64 bits, got 65Error: Invalid length: Expected 64 bits, got 65Error: 
Invalid length: Expected 64 bits, got 65Invalid length: Expected 64 bits, got 65Error: Error: Error: Error: Invalid length: Expected 64 bits, got 65Invalid length: Expected 64 bits, got 65Invalid length: Expected 64 bits, got 65Invalid length: Expected 64 bits, got 65
Invalid length: Expected 64 bits, got 65Invalid length: Expected 64 bits, got 65Error: Error: Error: Error: 
Error: Invalid length: Expected 64 bits, got 65Error: Invalid length: Expected 64 bits, got 65Invalid length: Expected 64 bits, got 65Error: Error: 
Error: Error: Invalid length: Expected 64 bits, got 65Error: Error: Invalid length: Expected 64 bits, got 65Invalid length: Expected 64 bits, got 65Error: Error: Invalid length: Expected 64 bits, got 65Error: Invalid length: Expected 64 bits, got 65Invalid length: Expected 64 bits, got 65Invalid length: Expected 64 bits, got 65
Invalid length: Expected 64 bits, got 65Invalid length: Expected 64 bits, got 65Error: Error: 
Error: 
Error: Error: Invalid length: Expected 64 bits, got 65Invalid length: Expected 64 bits, got 65Error: Error: Error: Invalid length: Expected 64 bits, got 65Error: Invalid length: Expected 64 bits, got 65Invalid length: Expected 64 bits, got 65Error: Error: Error: Error: Invalid length: Expected 64 bits, got 65Error: 
Invalid length: Expected 64 bits, got 65Invalid length: Expected 64 bits, got 65Invalid length: Expected 64 bits, got 65Error: Invalid length: Expected 64 bits, got 65Invalid length: Expected 64 bits, got 65Error: 
Invalid length: Expected 64 bits, got 65Invalid length: Expected 64 bits, got 65

Error: Error: 
Invalid length: Expected 64 bits, got 65Error: Invalid length: Expected 64 bits, got 65Invalid length: Expected 64 bits, got 65
Error: Invalid length: Expected 64 bits, got 65Error: Error: Invalid length: Expected 64 bits, got 65Error: Error: Invalid length: Expected 64 bits, got 65Error: 
Error: Error: Invalid length: Expected 64 bits, got 65Error: Error: Error: Error: Error: Error: 
Invalid length: Expected 64 bits, got 65Error: Invalid length: Expected 64 bits, got 65Invalid length: Expected 64 bits, got 65Invalid length: Expected 64 bits, got 65Error: Error: Error: Error: 
Invalid length: Expected 64 bits, got 65Error: Invalid length: Expected 64 bits, got 65Invalid length: Expected 64 bits, got 65Invalid length: Expected 64 bits, got 65
Error: Error: Invalid length: Expected 64 bits, got 65Error: Error: Error: Error: Error: Error: 
Error: Invalid length: Expected 64 bits, got 65Invalid length: Expected 64 bits, got 65Error: Invalid length: Expected 64 bits, got 65Invalid length: Expected 64 bits, got 65Error: Error: Error: Invalid length: Expected 64 bits, got 65Invalid length: Expected 64 bits, got 65Error: Error: Invalid length: Expected 64 bits, got 65Error: 

Error: Invalid length: Expected 64 bits, got 65Invalid length: Expected 64 bits, got 65Error: Error: Error: Error: Error: Error: Error: Invalid length: Expected 64 bits, got 65Error: Error: Error: Error: Invalid length: Expected 64 bits, got 65Invalid length: Expected 64 bits, got 65Error: Invalid length: Expected 64 bits, got 65Invalid length: Expected 64 bits, got 65Invalid length: Expected 64 bits, got 65Invalid length: Expected 64 bits, got 65Invalid length: Expected 64 bits, got 65Error: Invalid length: Expected 64 bits, got 65Error: Invalid length: Expected 64 bits, got 65Error: Error: 
Error: Invalid length: Expected 64 bits, got 65Error: 
Invalid length: Expected 64 bits, got 65Error: Error: Error: 
Error: Error: Error: Invalid length: Expected 64 bits, got 65Error: Error: Error: Error: Error: Invalid length: Expected 64 bits, got 65Error: Error: Error: Error: Error: Invalid length: Expected 64 bits, got 65Error: 
Error: Invalid length: Expected 64 bits, got 65Invalid length: Expected 64 bits, got 65Error: 
Error: Error: Invalid length: Expected 64 bits, got 65Error: Invalid length: Expected 64 bits, got 65Error: Error: 
Error: Error: Invalid length: Expected 64 bits, got 65Error: Invalid length: Expected 64 bits, got 65Invalid length: Expected 64 bits, got 65Error: Error: Error: Error: Invalid length: Expected 64 bits, got 65Error: Invalid length: Expected 64 bits, got 65Error: Error: Invalid length: Expected 64 bits, got 65Invalid length: Expected 64 bits, got 65Error: Error: Error: Error: Invalid length: Expected 64 bits, got 65
Error: Invalid length: Expected 64 bits, got 65Error: Invalid length: Expected 64 bits, got 65Invalid length: Expected 64 bits, got 65Error: 
Invalid length: Expected 64 bits, got 65Error: Invalid length: Expected 64 bits, got 65
Error: Error: Error: 
Error: Invalid length: Expected 64 bits, got 65

Error: Invalid length: Expected 64 bits, got 65
Invalid length: Expected 64 bits, got 65Error: Invalid length: Expected 64 bits, got 65Invalid length: Expected 64 bits, got 65Invalid length: Expected 64 bits, got 65Invalid length: Expected 64 bits, got 65Error: Error: Invalid length: Expected 64 bits, got 65Error: Invalid length: Expected 64 bits, got 65Error: Error: 
Error: Error: Error: Error: Error: Invalid length: Expected 64 bits, got 65Error: Error: Invalid length: Expected 64 bits, got 65
Error: Invalid length: Expected 64 bits, got 65Error: Invalid length: Expected 64 bits, got 65Error: 
Error: Invalid length: Expected 64 bits, got 65Error: Invalid length: Expected 64 bits, got 65Error: Error: Error: Invalid length: Expected 64 bits, got 65Invalid length: Expected 64 bits, got 65Error: Invalid length: Expected 64 bits, got 65Error: Invalid length: Expected 64 bits, got 65Invalid length: Expected 64 bits, got 65Error: Error: Error: Invalid length: Expected 64 bits, got 65Invalid length: Expected 64 bits, got 65Invalid length: Expected 64 bits, got 65Error: Error: Error: Error: Error: 

Error: 
Invalid length: Expected 64 bits, got 65Error: Invalid length: Expected 64 bits, got 65Error: Error: Error: Error: Error: Invalid length: Expected 64 bits, got 65Error: Invalid length: Expected 64 bits, got 65Invalid length: Expected 64 bits, got 65Error: Error: Error: Invalid length: Expected 64 bits, got 65Invalid length: Expected 64 bits, got 65Error: Invalid length: Expected 64 bits, got 65Invalid length: Expected 64 bits, got 65Error: Invalid length: Expected 64 bits, got 65Error: Invalid length: Expected 64 bits, got 65Invalid length: Expected 64 bits, got 65Error: Invalid length: Expected 64 bits, got 65
Invalid length: Expected 64 bits, got 65Error: Invalid length: Expected 64 bits, got 65Error: Invalid length: Expected 64 bits, got 65Invalid length: Expected 64 bits, got 65Error: Error: 
Invalid length: Expected 64 bits, got 65Error: Error: 
Error: Invalid length: Expected 64 bits, got 65Invalid length: Expected 64 bits, got 65Invalid length: Expected 64 bits, got 65Error: Error: Invalid length: Expected 64 bits, got 65Error: Invalid length: Expected 64 bits, got 65Invalid length: Expected 64 bits, got 65Error: 
Invalid length: Expected 64 bits, got 65Error: Invalid length: Expected 64 bits, got 65Invalid length: Expected 64 bits, got 65Error: 
Invalid length: Expected 64 bits, got 65Error: Invalid length: Expected 64 bits, got 65Invalid length: Expected 64 bits, got 65
Error: Error: Error: Error: Invalid length: Expected 64 bits, got 65
Error: Error: Error: Invalid length: Expected 64 bits, got 65Invalid length: Expected 64 bits, got 65Invalid length: Expected 64 bits, got 65Error: Error: Invalid length: Expected 64 bits, got 65Invalid length: Expected 64 bits, got 65Error: Error: 
Invalid length: Expected 64 bits, got 65Error: Invalid length: Expected 64 bits, got 65Error: Error: Error: Invalid length: Expected 64 bits, got 65Error: 
Invalid length: Expected 64 bits, got 65Error: Invalid length: Expected 64 bits, got 65Invalid length: Expected 64 bits, got 65Error: Invalid length: Expected 64 bits, got 65Invalid length: Expected 64 bits, got 65Error: Invalid length: Expected 64 bits, got 65Invalid length: Expected 64 bits, got 65Error: Invalid length: Expected 64 bits, got 65Error: 
Error: Error: Error: Error: Invalid length: Expected 64 bits, got 65
Error: Invalid length: Expected 64 bits, got 65Invalid length: Expected 64 bits, got 65Invalid length: Expected 64 bits, got 65Invalid length: Expected 64 bits, got 65Error: Invalid length: Expected 64 bits, got 65Error: Invalid length: Expected 64 bits, got 65Error: Error: Error: Error: Error: 
Invalid length: Expected 64 bits, got 65Invalid length: Expected 64 bits, got 65
Error: Error: Invalid length: Expected 64 bits, got 65Invalid length: Expected 64 bits, got 65Error: 

Error: Invalid length: Expected 64 bits, got 65Invalid length: Expected 64 bits, got 65Error: Error: Error: Error: Error: Error: Error: Error: 
Invalid length: Expected 64 bits, got 65Invalid length: Expected 64 bits, got 65Invalid length: Expected 64 bits, got 65Invalid length: Expected 64 bits, got 65Error: Invalid length: Expected 64 bits, got 65Invalid length: Expected 64 bits, got 65Error: 
Error: Invalid length: Expected 64 bits, got 65Error: Invalid length: Expected 64 bits, got 65Error: Error: Error: Error: Invalid length: Expected 64 bits, got 65Error: Invalid length: Expected 64 bits, got 65
Invalid length: Expected 64 bits, got 65Invalid length: Expected 64 bits, got 65Error: Invalid length: Expected 64 bits, got 65
Invalid length: Expected 64 bits, got 65Error: Error: 
Invalid length: Expected 64 bits, got 65Error: Invalid length: Expected 64 bits, got 65
Error: Error: Error: Error: 
Error: Error: Error: Invalid length: Expected 64 bits, got 65Invalid length: Expected 64 bits, got 65Error: Invalid length: Expected 64 bits, got 65Error: Error: 
Invalid length: Expected 64 bits, got 65Error: Error: Invalid length: Expected 64 bits, got 65Invalid length: Expected 64 bits, got 65Invalid length: Expected 64 bits, got 65Invalid length: Expected 64 bits, got 65Error: Error: Invalid length: Expected 64 bits, got 65Invalid length: Expected 64 bits, got 65Error: Error: Error: Invalid length: Expected 64 bits, got 65Invalid length: Expected 64 bits, got 65Error: Invalid length: Expected 64 bits, got 65Error: Invalid length: Expected 64 bits, got 65Invalid length: Expected 64 bits, got 65Invalid length: Expected 64 bits, got 65Error: 
Error: Error: Invalid length: Expected 64 bits, got 65


Invalid length: Expected 64 bits, got 65Invalid length: Expected 64 bits, got 65Error: Invalid length: Expected 64 bits, got 65Error: Error: Error: Error: 

Invalid length: Expected 64 bits, got 65Error: Invalid length: Expected 64 bits, got 65Invalid length: Expected 64 bits, got 65Error: Error: Error: Error: Error: Invalid length: Expected 64 bits, got 65Error: Invalid length: Expected 64 bits, got 65Invalid length: Expected 64 bits, got 65Invalid length: Expected 64 bits, got 65Invalid length: Expected 64 bits, got 65Invalid length: Expected 64 bits, got 65Error: Error: Error: Error: Error: Error: Invalid length: Expected 64 bits, got 65Error: Invalid length: Expected 64 bits, got 65Invalid length: Expected 64 bits, got 65
Invalid length: Expected 64 bits, got 65Invalid length: Expected 64 bits, got 65Invalid length: Expected 64 bits, got 65Invalid length: Expected 64 bits, got 65Error: Error: Invalid length: Expected 64 bits, got 65Error: 
Error: Error: 
Invalid length: Expected 64 bits, got 65Error: Error: Invalid length: Expected 64 bits, got 65Invalid length: Expected 64 bits, got 65Error: Invalid length: Expected 64 bits, got 65Invalid length: Expected 64 bits, got 65Error: Invalid length: Expected 64 bits, got 65Invalid length: Expected 64 bits, got 65Invalid length: Expected 64 bits, got 65Invalid length: Expected 64 bits, got 65Error: 
Invalid length: Expected 64 bits, got 65Invalid length: Expected 64 bits, got 65Error: 
Invalid length: Expected 64 bits, got 65Error: Invalid length: Expected 64 bits, got 65Error: 
Error: Invalid length: Expected 64 bits, got 65Error: 
Invalid length: Expected 64 bits, got 65Error: Invalid length: Expected 64 bits, got 65Error: Invalid length: Expected 64 bits, got 65Error: Invalid length: Expected 64 bits, got 65Error: Error: Invalid length: Expected 64 bits, got 65Error: Invalid length: Expected 64 bits, got 65Error: Error: Error: Error: Error: Invalid length: Expected 64 bits, got 65Invalid length: Expected 64 bits, got 65Error: Invalid length: Expected 64 bits, got 65Invalid length: Expected 64 bits, got 65Invalid length: Expected 64 bits, got 65Invalid length: Expected 64 bits, got 65Invalid length: Expected 64 bits, got 65
Error: Invalid length: Expected 64 bits, got 65Error: Invalid length: Expected 64 bits, got 65Invalid length: Expected 64 bits, got 65Error: Error: Error: Invalid length: Expected 64 bits, got 65Invalid length: Expected 64 bits, got 65Invalid length: Expected 64 bits, got 65

Invalid length: Expected 64 bits, got 65Error: Invalid length: Expected 64 bits, got 65Error: 
Error: Error: Invalid length: Expected 64 bits, got 65Error: Error: Error: Invalid length: Expected 64 bits, got 65Error: Invalid length: Expected 64 bits, got 65Invalid length: Expected 64 bits, got 65Invalid length: Expected 64 bits, got 65Error: Invalid length: Expected 64 bits, got 65Error: Error: Invalid length: Expected 64 bits, got 65Error: Error: Error: Invalid length: Expected 64 bits, got 65Error: Invalid length: Expected 64 bits, got 65Invalid length: Expected 64 bits, got 65Error: 
Invalid length: Expected 64 bits, got 65Invalid length: Expected 64 bits, got 65Error: Error: Invalid length: Expected 64 bits, got 65
Invalid length: Expected 64 bits, got 65Error: Error: 
Invalid length: Expected 64 bits, got 65Invalid length: Expected 64 bits, got 65Error: Error: Error: Invalid length: Expected 64 bits, got 65Invalid length: Expected 64 bits, got 65Error: 
Error: Invalid length: Expected 64 bits, got 65Invalid length: Expected 64 bits, got 65Invalid length: Expected 64 bits, got 65Error: 
Invalid length: Expected 64 bits, got 65Error: Invalid length: Expected 64 bits, got 65Error: Error: Error: Invalid length: Expected 64 bits, got 65Error: Error: Invalid length: Expected 64 bits, got 65Error: Invalid length: Expected 64 bits, got 65Invalid length: Expected 64 bits, got 65Invalid length: Expected 64 bits, got 65Error: 
Error: Error: Invalid length: Expected 64 bits, got 65Error: 
Error: Invalid length: Expected 64 bits, got 65Error: Invalid length: Expected 64 bits, got 65Invalid length: Expected 64 bits, got 65Error: Invalid length: Expected 64 bits, got 65Error: Invalid length: Expected 64 bits, got 65
Invalid length: Expected 64 bits, got 65Error: Error: Invalid length: Expected 64 bits, got 65Invalid length: Expected 64 bits, got 65Invalid length: Expected 64 bits, got 65Error: Error: Error: Invalid length: Expected 64 bits, got 65Invalid length: Expected 64 bits, got 65Error: 
Error: Invalid length: Expected 64 bits, got 65Invalid length: Expected 64 bits, got 65Invalid length: Expected 64 bits, got 65Invalid length: Expected 64 bits, got 65Error: Error: Error: Invalid length: Expected 64 bits, got 65Invalid length: Expected 64 bits, got 65Error: Error: 
Invalid length: Expected 64 bits, got 65Invalid length: Expected 64 bits, got 65Invalid length: Expected 64 bits, got 65Error: 
Invalid length: Expected 64 bits, got 65Invalid length: Expected 64 bits, got 65Error: 
Error: Error: Invalid length: Expected 64 bits, got 65Error: Error: Error: Invalid length: Expected 64 bits, got 65Error: Invalid length: Expected 64 bits, got 65Error: Error: Error: 
Invalid length: Expected 64 bits, got 65Error: Invalid length: Expected 64 bits, got 65Error: Invalid length: Expected 64 bits, got 65Invalid length: Expected 64 bits, got 65Invalid length: Expected 64 bits, got 65Error: Error: Invalid length: Expected 64 bits, got 65Error: Invalid length: Expected 64 bits, got 65Error: Error: Error: Invalid length: Expected 64 bits, got 65Invalid length: Expected 64 bits, got 65Error: Error: 
Error: Invalid length: Expected 64 bits, got 65Invalid length: Expected 64 bits, got 65Invalid length: Expected 64 bits, got 65Error: Error: Error: Error: Invalid length: Expected 64 bits, got 65Error: 

Invalid length: Expected 64 bits, got 65Invalid length: Expected 64 bits, got 65Invalid length: Expected 64 bits, got 65Invalid length: Expected 64 bits, got 65Error: Invalid length: Expected 64 bits, got 65Error: Error: Error: Error: Error: Error: Invalid length: Expected 64 bits, got 65Error: Invalid length: Expected 64 bits, got 65Invalid length: Expected 64 bits, got 65Invalid length: Expected 64 bits, got 65Invalid length: Expected 64 bits, got 65Invalid length: Expected 64 bits, got 65Invalid length: Expected 64 bits, got 65Error: Invalid length: Expected 64 bits, got 65
Error: Error: 
Invalid length: Expected 64 bits, got 65Invalid length: Expected 64 bits, got 65Invalid length: Expected 64 bits, got 65
Error: Error: Invalid length: Expected 64 bits, got 65Error: Invalid length: Expected 64 bits, got 65Error: Error: Error: Invalid length: Expected 64 bits, got 65Error: Error: Error: 
Invalid length: Expected 64 bits, got 65Invalid length: Expected 64 bits, got 65Invalid length: Expected 64 bits, got 65
Invalid length: Expected 64 bits, got 65Invalid length: Expected 64 bits, got 65Invalid length: Expected 64 bits, got 65Error: Error: Error: Error: Error: Error: Error: Error: Invalid length: Expected 64 bits, got 65Invalid length: Expected 64 bits, got 65Invalid length: Expected 64 bits, got 65Error: Invalid length: Expected 64 bits, got 65Invalid length: Expected 64 bits, got 65Invalid length: Expected 64 bits, got 65Invalid length: Expected 64 bits, got 65Error: Error: Error: Invalid length: Expected 64 bits, got 65Error: Error: Error: Error: Invalid length: Expected 64 bits, got 65Invalid length: Expected 64 bits, got 65Error: Error: Invalid length: Expected 64 bits, got 65Invalid length: Expected 64 bits, got 65
Invalid length: Expected 64 bits, got 65Invalid length: Expected 64 bits, got 65Error: Invalid length: Expected 64 bits, got 65Invalid length: Expected 64 bits, got 65Error: Invalid length: Expected 64 bits, got 65Error: Invalid length: Expected 64 bits, got 65Error: Invalid length: Expected 64 bits, got 65Invalid length: Expected 64 bits, got 65Error: Invalid length: Expected 64 bits, got 65Invalid length: Expected 64 bits, got 65Error: 
Error: Error: 

Error: Error: Invalid length: Expected 64 bits, got 65Error: Invalid length: Expected 64 bits, got 65Error: Invalid length: Expected 64 bits, got 65Error: Invalid length: Expected 64 bits, got 65Invalid length: Expected 64 bits, got 65Error: Invalid length: Expected 64 bits, got 65
Invalid length: Expected 64 bits, got 65Error: Invalid length: Expected 64 bits, got 65Error: Error: Invalid length: Expected 64 bits, got 65Error: Invalid length: Expected 64 bits, got 65Error: Error: Invalid length: Expected 64 bits, got 65Error: Invalid length: Expected 64 bits, got 65Error: Error: Error: Error: Invalid length: Expected 64 bits, got 65Error: Invalid length: Expected 64 bits, got 65Error: Invalid length: Expected 64 bits, got 65
Invalid length: Expected 64 bits, got 65Invalid length: Expected 64 bits, got 65Error: Invalid length: Expected 64 bits, got 65Error: Error: Error: Error: Error: Error: Invalid length: Expected 64 bits, got 65Error: Invalid length: Expected 64 bits, got 65Invalid length: Expected 64 bits, got 65Invalid length: Expected 64 bits, got 65Invalid length: Expected 64 bits, got 65Invalid length: Expected 64 bits, got 65Error: Invalid length: Expected 64 bits, got 65Invalid length: Expected 64 bits, got 65Error: Error: Error: Invalid length: Expected 64 bits, got 65Error: Invalid length: Expected 64 bits, got 65
Error: Invalid length: Expected 64 bits, got 65Invalid length: Expected 64 bits, got 65Invalid length: Expected 64 bits, got 65Error: Invalid length: Expected 64 bits, got 65Error: Error: Error: Error: 
Error: Invalid length: Expected 64 bits, got 65Error: Invalid length: Expected 64 bits, got 65Error: Invalid length: Expected 64 bits, got 65Invalid length: Expected 64 bits, got 65Error: 
Error: Invalid length: Expected 64 bits, got 65
Invalid length: Expected 64 bits, got 65Error: Error: Invalid length: Expected 64 bits, got 65Error: Error: Error: Error: Error: Invalid length: Expected 64 bits, got 65Invalid length: Expected 64 bits, got 65Invalid length: Expected 64 bits, got 65Error: Invalid length: Expected 64 bits, got 65Error: Invalid length: Expected 64 bits, got 65Error: Error: Invalid length: Expected 64 bits, got 65Error: Invalid length: Expected 64 bits, got 65Error: Invalid length: Expected 64 bits, got 65Error: Invalid length: Expected 64 bits, got 65Invalid length: Expected 64 bits, got 65
Error: Invalid length: Expected 64 bits, got 65Invalid length: Expected 64 bits, got 65Error: Invalid length: Expected 64 bits, got 65Error: Invalid length: Expected 64 bits, got 65Error: Invalid length: Expected 64 bits, got 65Invalid length: Expected 64 bits, got 65Error: Invalid length: Expected 64 bits, got 65Error: Invalid length: Expected 64 bits, got 65Error: 
Error: Error: Invalid length: Expected 64 bits, got 65Error: Error: Error: Error: Error: Invalid length: Expected 64 bits, got 65Error: Invalid length: Expected 64 bits, got 65Invalid length: Expected 64 bits, got 65Error: Invalid length: Expected 64 bits, got 65Invalid length: Expected 64 bits, got 65Invalid length: Expected 64 bits, got 65Invalid length: Expected 64 bits, got 65Invalid length: Expected 64 bits, got 65
Error: Invalid length: Expected 64 bits, got 65Error: Error: Error: 
Error: Error: Invalid length: Expected 64 bits, got 65Error: Invalid length: Expected 64 bits, got 65Invalid length: Expected 64 bits, got 65Invalid length: Expected 64 bits, got 65Error: Error: Invalid length: Expected 64 bits, got 65Error: Invalid length: Expected 64 bits, got 65
Error: Error: Invalid length: Expected 64 bits, got 65Invalid length: Expected 64 bits, got 65
Invalid length: Expected 64 bits, got 65Error: Error: Invalid length: Expected 64 bits, got 65Invalid length: Expected 64 bits, got 65Error: Error: Error: Error: Invalid length: Expected 64 bits, got 65Invalid length: Expected 64 bits, got 65Error: 
Invalid length: Expected 64 bits, got 65Invalid length: Expected 64 bits, got 65Error: Error: Error: Error: Invalid length: Expected 64 bits, got 65Error: Error: Error: Error: Invalid length: Expected 64 bits, got 65Error: Error: Invalid length: Expected 64 bits, got 65Invalid length: Expected 64 bits, got 65Invalid length: Expected 64 bits, got 65Error: Invalid length: Expected 64 bits, got 65Invalid length: Expected 64 bits, got 65Invalid length: Expected 64 bits, got 65Invalid length: Expected 64 bits, got 65
Error: Error: Invalid length: Expected 64 bits, got 65Error: Error: Error: Error: Error: Invalid length: Expected 64 bits, got 65Invalid length: Expected 64 bits, got 65Error: Error: Invalid length: Expected 64 bits, got 65Invalid length: Expected 64 bits, got 65Invalid length: Expected 64 bits, got 65Error: Error: Error: Invalid length: Expected 64 bits, got 65Invalid length: Expected 64 bits, got 65Error: Invalid length: Expected 64 bits, got 65Error: Invalid length: Expected 64 bits, got 65Invalid length: Expected 64 bits, got 65Invalid length: Expected 64 bits, got 65Error: Error: Invalid length: Expected 64 bits, got 65Error: Invalid length: Expected 64 bits, got 65Invalid length: Expected 64 bits, got 65Invalid length: Expected 64 bits, got 65Error: Invalid length: Expected 64 bits, got 65Error: Error: Error: Error: 

Invalid length: Expected 64 bits, got 65
Invalid length: Expected 64 bits, got 65Invalid length: Expected 64 bits, got 65Invalid length: Expected 64 bits, got 65Error: Error: Error: Error: Error: Error: Error: Error: Invalid length: Expected 64 bits, got 65Error: Invalid length: Expected 64 bits, got 65Invalid length: Expected 64 bits, got 65Invalid length: Expected 64 bits, got 65Invalid length: Expected 64 bits, got 65Invalid length: Expected 64 bits, got 65Invalid length: Expected 64 bits, got 65Error: Invalid length: Expected 64 bits, got 65Error: Invalid length: Expected 64 bits, got 65Error: Invalid length: Expected 64 bits, got 65Error: Error: Invalid length: Expected 64 bits, got 65Error: Invalid length: Expected 64 bits, got 65
Error: 
Invalid length: Expected 64 bits, got 65Invalid length: Expected 64 bits, got 65Error: Invalid length: Expected 64 bits, got 65Error: Error: Invalid length: Expected 64 bits, got 65Error: Error: Error: Invalid length: Expected 64 bits, got 65Error: Invalid length: Expected 64 bits, got 65Invalid length: Expected 64 bits, got 65Error: Invalid length: Expected 64 bits, got 65Error: Invalid length: Expected 64 bits, got 65Error: Error: Error: Error: Invalid length: Expected 64 bits, got 65Error: Invalid length: Expected 64 bits, got 65Invalid length: Expected 64 bits, got 65Invalid length: Expected 64 bits, got 65Invalid length: Expected 64 bits, got 65Invalid length: Expected 64 bits, got 65Invalid length: Expected 64 bits, got 65Invalid length: Expected 64 bits, got 65Invalid length: Expected 64 bits, got 65Error: Error: Error: Error: Error: Error: 
Error: Invalid length: Expected 64 bits, got 65Invalid length: Expected 64 bits, got 65Invalid length: Expected 64 bits, got 65Invalid length: Expected 64 bits, got 65Invalid length: Expected 64 bits, got 65Invalid length: Expected 64 bits, got 65Error: Invalid length: Expected 64 bits, got 65Error: Error: Error: 
Error: Invalid length: Expected 64 bits, got 65Invalid length: Expected 64 bits, got 65Error: Error: Invalid length: Expected 64 bits, got 65Invalid length: Expected 64 bits, got 65Error: Invalid length: Expected 64 bits, got 65
Invalid length: Expected 64 bits, got 65Invalid length: Expected 64 bits, got 65Invalid length: Expected 64 bits, got 65Error: Error: Invalid length: Expected 64 bits, got 65Error: 
Invalid length: Expected 64 bits, got 65Error: 
Invalid length: Expected 64 bits, got 65Invalid length: Expected 64 bits, got 65Error: Error: Error: Error: 
Error: Error: Error: Invalid length: Expected 64 bits, got 65Invalid length: Expected 64 bits, got 65Invalid length: Expected 64 bits, got 65Invalid length: Expected 64 bits, got 65Error: Invalid length: Expected 64 bits, got 65Invalid length: Expected 64 bits, got 65Invalid length: Expected 64 bits, got 65Error: Error: Error: Error: Invalid length: Expected 64 bits, got 65
Error: Error: Error: Invalid length: Expected 64 bits, got 65Invalid length: Expected 64 bits, got 65Invalid length: Expected 64 bits, got 65Error: Error: Invalid length: Expected 64 bits, got 65Invalid length: Expected 64 bits, got 65Invalid length: Expected 64 bits, got 65Invalid length: Expected 64 bits, got 65Invalid length: Expected 64 bits, got 65Error: Invalid length: Expected 64 bits, got 65Invalid length: Expected 64 bits, got 65Error: Invalid length: Expected 64 bits, got 65Error: 
Error: Invalid length: Expected 64 bits, got 65Error: Error: Error: 
Invalid length: Expected 64 bits, got 65Error: Invalid length: Expected 64 bits, got 65Error: Error: Error: Invalid length: Expected 64 bits, got 65Error: Error: Invalid length: Expected 64 bits, got 65Invalid length: Expected 64 bits, got 65Invalid length: Expected 64 bits, got 65Invalid length: Expected 64 bits, got 65Error: Error: Invalid length: Expected 64 bits, got 65Invalid length: Expected 64 bits, got 65Error: Error: Invalid length: Expected 64 bits, got 65Error: Invalid length: Expected 64 bits, got 65Invalid length: Expected 64 bits, got 65Error: Error: Invalid length: Expected 64 bits, got 65Invalid length: Expected 64 bits, got 65Error: Error: Error: Error: Invalid length: Expected 64 bits, got 65Invalid length: Expected 64 bits, got 65Error: Error: Invalid length: Expected 64 bits, got 65Invalid length: Expected 64 bits, got 65Error: Invalid length: Expected 64 bits, got 65Error: Error: Invalid length: Expected 64 bits, got 65Invalid length: Expected 64 bits, got 65
Invalid length: Expected 64 bits, got 65Invalid length: Expected 64 bits, got 65Error: Invalid length: Expected 64 bits, got 65Invalid length: Expected 64 bits, got 65Error: Error: Error: 
Error: Error: Error: Error: Invalid length: Expected 64 bits, got 65Invalid length: Expected 64 bits, got 65Error: Invalid length: Expected 64 bits, got 65Invalid length: Expected 64 bits, got 65Invalid length: Expected 64 bits, got 65Invalid length: Expected 64 bits, got 65Invalid length: Expected 64 bits, got 65Error: Error: Invalid length: Expected 64 bits, got 65Error: Error: 
Invalid length: Expected 64 bits, got 65Error: Invalid length: Expected 64 bits, got 65Invalid length: Expected 64 bits, got 65Error: Error: Invalid length: Expected 64 bits, got 65Error: Error: Invalid length: Expected 64 bits, got 65Error: Error: Invalid length: Expected 64 bits, got 65Invalid length: Expected 64 bits, got 65
Error: Invalid length: Expected 64 bits, got 65Error: Error: Invalid length: Expected 64 bits, got 65Error: Invalid length: Expected 64 bits, got 65Error: Invalid length: Expected 64 bits, got 65Invalid length: Expected 64 bits, got 65Invalid length: Expected 64 bits, got 65Error: Error: Invalid length: Expected 64 bits, got 65Error: Invalid length: Expected 64 bits, got 65Error: Invalid length: Expected 64 bits, got 65Error: Invalid length: Expected 64 bits, got 65Invalid length: Expected 64 bits, got 65Error: Invalid length: Expected 64 bits, got 65Invalid length: Expected 64 bits, got 65Error: Error: Invalid length: Expected 64 bits, got 65Error: Error: Error: Invalid length: Expected 64 bits, got 65Error: Invalid length: Expected 64 bits, got 65Invalid length: Expected 64 bits, got 65Error: Error: Invalid length: Expected 64 bits, got 65Error: Error: Invalid length: Expected 64 bits, got 65Error: Invalid length: Expected 64 bits, got 65Invalid length: Expected 64 bits, got 65Error: Error: Invalid length: Expected 64 bits, got 65Error: Error: Invalid length: Expected 64 bits, got 65Invalid length: Expected 64 bits, got 65Error: Invalid length: Expected 64 bits, got 65Invalid length: Expected 64 bits, got 65Error: Invalid length: Expected 64 bits, got 65Invalid length: Expected 64 bits, got 65Error: Error: Invalid length: Expected 64 bits, got 65
Error: Invalid length: Expected 64 bits, got 65Error: 
Invalid length: Expected 64 bits, got 65Invalid length: Expected 64 bits, got 65Invalid length: Expected 64 bits, got 65Error: Error: Invalid length: Expected 64 bits, got 65Invalid length: Expected 64 bits, got 65Error: Error: Error: Invalid length: Expected 64 bits, got 65Error: Invalid length: Expected 64 bits, got 65

Invalid length: Expected 64 bits, got 65Invalid length: Expected 64 bits, got 65Invalid length: Expected 64 bits, got 65Error: Invalid length: Expected 64 bits, got 65Error: Error: Error: Error: Error: Error: Error: Invalid length: Expected 64 bits, got 65Invalid length: Expected 64 bits, got 65Invalid length: Expected 64 bits, got 65Invalid length: Expected 64 bits, got 65Invalid length: Expected 64 bits, got 65Invalid length: Expected 64 bits, got 65Error: Invalid length: Expected 64 bits, got 65Error: Error: Error: Error: Error: Error: Error: Error: Invalid length: Expected 64 bits, got 65Error: Error: Invalid length: Expected 64 bits, got 65Invalid length: Expected 64 bits, got 65Invalid length: Expected 64 bits, got 65Invalid length: Expected 64 bits, got 65Invalid length: Expected 64 bits, got 65Invalid length: Expected 64 bits, got 65Invalid length: Expected 64 bits, got 65Invalid length: Expected 64 bits, got 65Error: Invalid length: Expected 64 bits, got 65Error: Error: Invalid length: Expected 64 bits, got 65Error: Error: Error: Invalid length: Expected 64 bits, got 65
Error: Error: 
Invalid length: Expected 64 bits, got 65Error: Invalid length: Expected 64 bits, got 65Error: Error: Invalid length: Expected 64 bits, got 65Invalid length: Expected 64 bits, got 65Error: Error: Invalid length: Expected 64 bits, got 65Error: Invalid length: Expected 64 bits, got 65Invalid length: Expected 64 bits, got 65Error: Error: Error: Error: Error: Invalid length: Expected 64 bits, got 65Error: Error: Invalid length: Expected 64 bits, got 65Invalid length: Expected 64 bits, got 65Invalid length: Expected 64 bits, got 65Error: Error: Error: Invalid length: Expected 64 bits, got 65Invalid length: Expected 64 bits, got 65Error: Invalid length: Expected 64 bits, got 65Error: Invalid length: Expected 64 bits, got 65Invalid length: Expected 64 bits, got 65Invalid length: Expected 64 bits, got 65Error: Error: Invalid length: Expected 64 bits, got 65Error: Error: 
Error: Error: Error: Error: Error: Invalid length: Expected 64 bits, got 65Invalid length: Expected 64 bits, got 65
Invalid length: Expected 64 bits, got 65Invalid length: Expected 64 bits, got 65Invalid length: Expected 64 bits, got 65Error: Invalid length: Expected 64 bits, got 65Error: Error: Error: Error: Error: Error: Invalid length: Expected 64 bits, got 65Error: Invalid length: Expected 64 bits, got 65Invalid length: Expected 64 bits, got 65Invalid length: Expected 64 bits, got 65Invalid length: Expected 64 bits, got 65Invalid length: Expected 64 bits, got 65Invalid length: Expected 64 bits, got 65Error: Invalid length: Expected 64 bits, got 65Error: Error: 
Invalid length: Expected 64 bits, got 65Error: Error: Error: Error: Invalid length: Expected 64 bits, got 65Invalid length: Expected 64 bits, got 65Error: Error: Invalid length: Expected 64 bits, got 65Invalid length: Expected 64 bits, got 65Invalid length: Expected 64 bits, got 65Invalid length: Expected 64 bits, got 65Error: Invalid length: Expected 64 bits, got 65Invalid length: Expected 64 bits, got 65Invalid length: Expected 64 bits, got 65Error: Error: Error: Error: Invalid length: Expected 64 bits, got 65
Error: Error: Invalid length: Expected 64 bits, got 65Invalid length: Expected 64 bits, got 65Invalid length: Expected 64 bits, got 65Invalid length: Expected 64 bits, got 65Error: Error: Invalid length: Expected 64 bits, got 65Invalid length: Expected 64 bits, got 65Error: Error: Error: Invalid length: Expected 64 bits, got 65Invalid length: Expected 64 bits, got 65Invalid length: Expected 64 bits, got 65Error: Error: Error: Invalid length: Expected 64 bits, got 65Invalid length: Expected 64 bits, got 65Error: Error: Error: Invalid length: Expected 64 bits, got 65Error: Error: Error: Error: Invalid length: Expected 64 bits, got 65Invalid length: Expected 64 bits, got 65Invalid length: Expected 64 bits, got 65Invalid length: Expected 64 bits, got 65Invalid length: Expected 64 bits, got 65Error: Error: Error: Invalid length: Expected 64 bits, got 65Error: Error: Invalid length: Expected 64 bits, got 65Invalid length: Expected 64 bits, got 65Invalid length: Expected 64 bits, got 65Invalid length: Expected 64 bits, got 65Error: 
Invalid length: Expected 64 bits, got 65Invalid length: Expected 64 bits, got 65Error: Error: Error: Error: Invalid length: Expected 64 bits, got 65
Error: Invalid length: Expected 64 bits, got 65Invalid length: Expected 64 bits, got 65Invalid length: Expected 64 bits, got 65Error: Error: Error: 
Invalid length: Expected 64 bits, got 65
Invalid length: Expected 64 bits, got 65Error: Error: Invalid length: Expected 64 bits, got 65Invalid length: Expected 64 bits, got 65

Error: Invalid length: Expected 64 bits, got 65Invalid length: Expected 64 bits, got 65Invalid length: Expected 64 bits, got 65Error: Error: 
Error: Invalid length: Expected 64 bits, got 65Error: Error: Error: Invalid length: Expected 64 bits, got 65Error: 
Invalid length: Expected 64 bits, got 65Invalid length: Expected 64 bits, got 65Error: Error: Invalid length: Expected 64 bits, got 65
Invalid length: Expected 64 bits, got 65
Invalid length: Expected 64 bits, got 65Invalid length: Expected 64 bits, got 65Invalid length: Expected 64 bits, got 65Invalid length: Expected 64 bits, got 65Error: Invalid length: Expected 64 bits, got 65Error: Invalid length: Expected 64 bits, got 65Error: Error: Error: Error: Invalid length: Expected 64 bits, got 65
Invalid length: Expected 64 bits, got 65
Invalid length: Expected 64 bits, got 65Invalid length: Expected 64 bits, got 65Invalid length: Expected 64 bits, got 65Invalid length: Expected 64 bits, got 65Error: Error: Error: 
Error: Error: Error: 
Invalid length: Expected 64 bits, got 65Invalid length: Expected 64 bits, got 65Invalid length: Expected 64 bits, got 65Error: Invalid length: Expected 64 bits, got 65Invalid length: Expected 64 bits, got 65Invalid length: Expected 64 bits, got 65Error: Error: 
Error: Invalid length: Expected 64 bits, got 65
Error: Error: Invalid length: Expected 64 bits, got 65Invalid length: Expected 64 bits, got 65
Invalid length: Expected 64 bits, got 65Error: Error: Invalid length: Expected 64 bits, got 65Invalid length: Expected 64 bits, got 65Error: 
Invalid length: Expected 64 bits, got 65Error: Invalid length: Expected 64 bits, got 65Invalid length: Expected 64 bits, got 65Error: Error: Error: Error: 
Invalid length: Expected 64 bits, got 65Error: Error: Error: Invalid length: Expected 64 bits, got 65Invalid length: Expected 64 bits, got 65Error: 
Error: Invalid length: Expected 64 bits, got 65Error: Error: Error: Error: Error: 
Invalid length: Expected 64 bits, got 65Invalid length: Expected 64 bits, got 65Invalid length: Expected 64 bits, got 65Invalid length: Expected 64 bits, got 65Error: Invalid length: Expected 64 bits, got 65Invalid length: Expected 64 bits, got 65
Error: Error: Error: Error: Invalid length: Expected 64 bits, got 65Invalid length: Expected 64 bits, got 65Error: 
Invalid length: Expected 64 bits, got 65Invalid length: Expected 64 bits, got 65Invalid length: Expected 64 bits, got 65Invalid length: Expected 64 bits, got 65Invalid length: Expected 64 bits, got 65
Invalid length: Expected 64 bits, got 65
Error: 
Error: 

Error: Error: Error: Error: Invalid length: Expected 64 bits, got 65Invalid length: Expected 64 bits, got 65
Error: Invalid length: Expected 64 bits, got 65Invalid length: Expected 64 bits, got 65Error: Invalid length: Expected 64 bits, got 65Error: Error: Invalid length: Expected 64 bits, got 65Invalid length: Expected 64 bits, got 65Error: Invalid length: Expected 64 bits, got 65Invalid length: Expected 64 bits, got 65Error: 
Error: Error: Invalid length: Expected 64 bits, got 65Error: 
Error: Invalid length: Expected 64 bits, got 65
Invalid length: Expected 64 bits, got 65Invalid length: Expected 64 bits, got 65
Invalid length: Expected 64 bits, got 65Error: Error: Error: 
Error: Invalid length: Expected 64 bits, got 65Error: Invalid length: Expected 64 bits, got 65Error: Invalid length: Expected 64 bits, got 65Invalid length: Expected 64 bits, got 65Invalid length: Expected 64 bits, got 65Error: 
Invalid length: Expected 64 bits, got 65Error: Error: Error: Error: 
Invalid length: Expected 64 bits, got 65
Error: Invalid length: Expected 64 bits, got 65Invalid length: Expected 64 bits, got 65Invalid length: Expected 64 bits, got 65Invalid length: Expected 64 bits, got 65Error: Invalid length: Expected 64 bits, got 65
Invalid length: Expected 64 bits, got 65
Error: Error: Error: Invalid length: Expected 64 bits, got 65Error: Error: Invalid length: Expected 64 bits, got 65Invalid length: Expected 64 bits, got 65Invalid length: Expected 64 bits, got 65Invalid length: Expected 64 bits, got 65Error: 
Invalid length: Expected 64 bits, got 65Error: 

Error: 
Invalid length: Expected 64 bits, got 65Error: Error: Invalid length: Expected 64 bits, got 65Error: Error: Invalid length: Expected 64 bits, got 65
Error: Invalid length: Expected 64 bits, got 65Invalid length: Expected 64 bits, got 65Error: Invalid length: Expected 64 bits, got 65Error: Error: 
Invalid length: Expected 64 bits, got 65Error: Error: Invalid length: Expected 64 bits, got 65Error: Invalid length: Expected 64 bits, got 65Invalid length: Expected 64 bits, got 65
Error: Invalid length: Expected 64 bits, got 65Invalid length: Expected 64 bits, got 65Invalid length: Expected 64 bits, got 65Error: Error: Error: 
Invalid length: Expected 64 bits, got 65Error: Invalid length: Expected 64 bits, got 65
Invalid length: Expected 64 bits, got 65Invalid length: Expected 64 bits, got 65Error: 
Error: Invalid length: Expected 64 bits, got 65Error: Error: Error: Error: Error: 
Invalid length: Expected 64 bits, got 65Error: Error: Invalid length: Expected 64 bits, got 65Invalid length: Expected 64 bits, got 65Invalid length: Expected 64 bits, got 65Invalid length: Expected 64 bits, got 65
Error: 

Error: Error: Error: Error: Invalid length: Expected 64 bits, got 65Invalid length: Expected 64 bits, got 65
Error: Invalid length: Expected 64 bits, got 65Invalid length: Expected 64 bits, got 65Invalid length: Expected 64 bits, got 65Error: Error: Error: Invalid length: Expected 64 bits, got 65Error: Error: Error: Error: Invalid length: Expected 64 bits, got 65Invalid length: Expected 64 bits, got 65Invalid length: Expected 64 bits, got 65Error: Invalid length: Expected 64 bits, got 65Invalid length: Expected 64 bits, got 65Invalid length: Expected 64 bits, got 65Invalid length: Expected 64 bits, got 65Error: 
Error: Invalid length: Expected 64 bits, got 65Error: Error: Error: Error: Invalid length: Expected 64 bits, got 65
Invalid length: Expected 64 bits, got 65Error: Invalid length: Expected 64 bits, got 65Invalid length: Expected 64 bits, got 65Invalid length: Expected 64 bits, got 65Error: Error: 
Error: Invalid length: Expected 64 bits, got 65Error: Error: Error: Error: Invalid length: Expected 64 bits, got 65
Error: Error: Error: Invalid length: Expected 64 bits, got 65Error: Invalid length: Expected 64 bits, got 65Error: 
Error: Invalid length: Expected 64 bits, got 65Invalid length: Expected 64 bits, got 65Error: Error: Error: Invalid length: Expected 64 bits, got 65
Invalid length: Expected 64 bits, got 65Error: Error: Invalid length: Expected 64 bits, got 65Error: Invalid length: Expected 64 bits, got 65Error: Error: 
Invalid length: Expected 64 bits, got 65Invalid length: Expected 64 bits, got 65Error: Invalid length: Expected 64 bits, got 65
Invalid length: Expected 64 bits, got 65Invalid length: Expected 64 bits, got 65Error: Error: Error: Invalid length: Expected 64 bits, got 65Error: Invalid length: Expected 64 bits, got 65Error: Error: Error: Invalid length: Expected 64 bits, got 65Invalid length: Expected 64 bits, got 65Error: Invalid length: Expected 64 bits, got 65
Error: Invalid length: Expected 64 bits, got 65Invalid length: Expected 64 bits, got 65Error: Error: Invalid length: Expected 64 bits, got 65Error: 
Invalid length: Expected 64 bits, got 65Invalid length: Expected 64 bits, got 65Error: Invalid length: Expected 64 bits, got 65Invalid length: Expected 64 bits, got 65Error: Invalid length: Expected 64 bits, got 65
Error: 
Invalid length: Expected 64 bits, got 65
Error: Error: Error: 
Invalid length: Expected 64 bits, got 65Error: Error: Invalid length: Expected 64 bits, got 65Invalid length: Expected 64 bits, got 65Error: Error: 
Error: Invalid length: Expected 64 bits, got 65Invalid length: Expected 64 bits, got 65Invalid length: Expected 64 bits, got 65Error: Invalid length: Expected 64 bits, got 65Invalid length: Expected 64 bits, got 65
Invalid length: Expected 64 bits, got 65Error: Error: Error: Invalid length: Expected 64 bits, got 65Error: Error: 
Error: Error: Invalid length: Expected 64 bits, got 65Invalid length: Expected 64 bits, got 65Invalid length: Expected 64 bits, got 65Error: Invalid length: Expected 64 bits, got 65
Invalid length: Expected 64 bits, got 65Invalid length: Expected 64 bits, got 65Error: Invalid length: Expected 64 bits, got 65
Invalid length: Expected 64 bits, got 65Error: 
Invalid length: Expected 64 bits, got 65Error: Error: Error: Error: Error: Invalid length: Expected 64 bits, got 65Invalid length: Expected 64 bits, got 65
Invalid length: Expected 64 bits, got 65Invalid length: Expected 64 bits, got 65Invalid length: Expected 64 bits, got 65Error: Invalid length: Expected 64 bits, got 65Error: Invalid length: Expected 64 bits, got 65Error: Error: Error: Error: Invalid length: Expected 64 bits, got 65Error: Invalid length: Expected 64 bits, got 65
Error: Invalid length: Expected 64 bits, got 65Error: Invalid length: Expected 64 bits, got 65Error: Invalid length: Expected 64 bits, got 65Error: Invalid length: Expected 64 bits, got 65Invalid length: Expected 64 bits, got 65
Invalid length: Expected 64 bits, got 65
Error: Error: Invalid length: Expected 64 bits, got 65Error: Error: Error: Invalid length: Expected 64 bits, got 65
Invalid length: Expected 64 bits, got 65Invalid length: Expected 64 bits, got 65Error: Invalid length: Expected 64 bits, got 65Error: Invalid length: Expected 64 bits, got 65Error: 
Error: Error: Invalid length: Expected 64 bits, got 65Error: Error: Error: Invalid length: Expected 64 bits, got 65
Invalid length: Expected 64 bits, got 65Invalid length: Expected 64 bits, got 65Invalid length: Expected 64 bits, got 65Invalid length: Expected 64 bits, got 65Invalid length: Expected 64 bits, got 65Invalid length: Expected 64 bits, got 65Error: 
Error: 
Error: Error: Error: Error: Invalid length: Expected 64 bits, got 65Error: Invalid length: Expected 64 bits, got 65
Error: Invalid length: Expected 64 bits, got 65Invalid length: Expected 64 bits, got 65Invalid length: Expected 64 bits, got 65Error: Invalid length: Expected 64 bits, got 65

Invalid length: Expected 64 bits, got 65Error: Error: Error: Invalid length: Expected 64 bits, got 65Error: Error: 
Error: Invalid length: Expected 64 bits, got 65Invalid length: Expected 64 bits, got 65Invalid length: Expected 64 bits, got 65Error: Invalid length: Expected 64 bits, got 65Invalid length: Expected 64 bits, got 65
Invalid length: Expected 64 bits, got 65Error: Error: Error: Error: Error: Error: 
Error: Invalid length: Expected 64 bits, got 65Invalid length: Expected 64 bits, got 65Error: Invalid length: Expected 64 bits, got 65Invalid length: Expected 64 bits, got 65Invalid length: Expected 64 bits, got 65
Invalid length: Expected 64 bits, got 65Invalid length: Expected 64 bits, got 65Error: Invalid length: Expected 64 bits, got 65Error: Error: Error: 
Error: Error: Invalid length: Expected 64 bits, got 65Error: Invalid length: Expected 64 bits, got 65Invalid length: Expected 64 bits, got 65Invalid length: Expected 64 bits, got 65
Invalid length: Expected 64 bits, got 65Invalid length: Expected 64 bits, got 65Error: Invalid length: Expected 64 bits, got 65Error: Error: Error: Invalid length: Expected 64 bits, got 65Error: Error: Invalid length: Expected 64 bits, got 65Error: Invalid length: Expected 64 bits, got 65Invalid length: Expected 64 bits, got 65Error: 
Invalid length: Expected 64 bits, got 65Invalid length: Expected 64 bits, got 65Error: Invalid length: Expected 64 bits, got 65Error: Invalid length: Expected 64 bits, got 65Invalid length: Expected 64 bits, got 65
Error: 
Invalid length: Expected 64 bits, got 65Error: Invalid length: Expected 64 bits, got 65
Error: 
Invalid length: Expected 64 bits, got 65Error: 
Invalid length: Expected 64 bits, got 65Error: Error: Error: Invalid length: Expected 64 bits, got 65
Error: 
Error: Error: Error: Invalid length: Expected 64 bits, got 65Invalid length: Expected 64 bits, got 65Invalid length: Expected 64 bits, got 65Invalid length: Expected 64 bits, got 65
Error: Invalid length: Expected 64 bits, got 65Invalid length: Expected 64 bits, got 65Error: Error: Error: Error: Invalid length: Expected 64 bits, got 65Invalid length: Expected 64 bits, got 65Error: Invalid length: Expected 64 bits, got 65Invalid length: Expected 64 bits, got 65Invalid length: Expected 64 bits, got 65Invalid length: Expected 64 bits, got 65Invalid length: Expected 64 bits, got 65
Error: Invalid length: Expected 64 bits, got 65
Error: Error: Error: Error: Error: Invalid length: Expected 64 bits, got 65Error: Error: Invalid length: Expected 64 bits, got 65Invalid length: Expected 64 bits, got 65
Invalid length: Expected 64 bits, got 65Invalid length: Expected 64 bits, got 65Error: Invalid length: Expected 64 bits, got 65Invalid length: Expected 64 bits, got 65Error: Error: 
Error: Error: Invalid length: Expected 64 bits, got 65Error: Error: Invalid length: Expected 64 bits, got 65Invalid length: Expected 64 bits, got 65
Invalid length: Expected 64 bits, got 65Error: Error: Invalid length: Expected 64 bits, got 65Invalid length: Expected 64 bits, got 65Error: Error: 
Error: Invalid length: Expected 64 bits, got 65Invalid length: Expected 64 bits, got 65Error: Error: Error: Error: 
Invalid length: Expected 64 bits, got 65Error: Error: Invalid length: Expected 64 bits, got 65Invalid length: Expected 64 bits, got 65Error: Invalid length: Expected 64 bits, got 65
Error: Invalid length: Expected 64 bits, got 65Invalid length: Expected 64 bits, got 65Error: Error: Invalid length: Expected 64 bits, got 65Error: 
Invalid length: Expected 64 bits, got 65Error: Error: Invalid length: Expected 64 bits, got 65Invalid length: Expected 64 bits, got 65Error: 

Error: Invalid length: Expected 64 bits, got 65Invalid length: Expected 64 bits, got 65
Error: Invalid length: Expected 64 bits, got 65Error: 
Error: Error: Error: Error: Invalid length: Expected 64 bits, got 65Error: Invalid length: Expected 64 bits, got 65
Invalid length: Expected 64 bits, got 65
Error: Invalid length: Expected 64 bits, got 65Error: Invalid length: Expected 64 bits, got 65Error: Invalid length: Expected 64 bits, got 65Error: 
Error: Error: Invalid length: Expected 64 bits, got 65Error: Invalid length: Expected 64 bits, got 65Error: Invalid length: Expected 64 bits, got 65Invalid length: Expected 64 bits, got 65Invalid length: Expected 64 bits, got 65
Error: Invalid length: Expected 64 bits, got 65Error: Invalid length: Expected 64 bits, got 65Error: Invalid length: Expected 64 bits, got 65Invalid length: Expected 64 bits, got 65
Invalid length: Expected 64 bits, got 65Error: Invalid length: Expected 64 bits, got 65Error: Invalid length: Expected 64 bits, got 65Error: 

Error: 
Error: Invalid length: Expected 64 bits, got 65Error: Invalid length: Expected 64 bits, got 65Error: Error: Invalid length: Expected 64 bits, got 65
Invalid length: Expected 64 bits, got 65Invalid length: Expected 64 bits, got 65Invalid length: Expected 64 bits, got 65Invalid length: Expected 64 bits, got 65Invalid length: Expected 64 bits, got 65Invalid length: Expected 64 bits, got 65Error: Invalid length: Expected 64 bits, got 65Error: 
Error: Error: Error: Error: Invalid length: Expected 64 bits, got 65
Invalid length: Expected 64 bits, got 65Error: Invalid length: Expected 64 bits, got 65Invalid length: Expected 64 bits, got 65Invalid length: Expected 64 bits, got 65Invalid length: Expected 64 bits, got 65Error: 
Error: Invalid length: Expected 64 bits, got 65Error: Error: Error: Error: Invalid length: Expected 64 bits, got 65
Invalid length: Expected 64 bits, got 65Error: Invalid length: Expected 64 bits, got 65Invalid length: Expected 64 bits, got 65Invalid length: Expected 64 bits, got 65Invalid length: Expected 64 bits, got 65Error: 
Error: Error: Error: Error: Error: Error: Invalid length: Expected 64 bits, got 65Invalid length: Expected 64 bits, got 65Invalid length: Expected 64 bits, got 65Invalid length: Expected 64 bits, got 65Error: Invalid length: Expected 64 bits, got 65Invalid length: Expected 64 bits, got 65Invalid length: Expected 64 bits, got 65Error: 
Error: Error: Invalid length: Expected 64 bits, got 65Error: Error: Error: Error: 
Invalid length: Expected 64 bits, got 65Invalid length: Expected 64 bits, got 65Error: Invalid length: Expected 64 bits, got 65Invalid length: Expected 64 bits, got 65Invalid length: Expected 64 bits, got 65Error: 
Error: Error: Invalid length: Expected 64 bits, got 65Error: Invalid length: Expected 64 bits, got 65Error: Error: 
Error: Invalid length: Expected 64 bits, got 65Error: Invalid length: Expected 64 bits, got 65Error: Invalid length: Expected 64 bits, got 65Error: 
Error: Error: Invalid length: Expected 64 bits, got 65
Invalid length: Expected 64 bits, got 65Error: Invalid length: Expected 64 bits, got 65
Error: Invalid length: Expected 64 bits, got 65Error: Error: Error: Invalid length: Expected 64 bits, got 65Error: 
Invalid length: Expected 64 bits, got 65Error: Error: Invalid length: Expected 64 bits, got 65Invalid length: Expected 64 bits, got 65Error: Invalid length: Expected 64 bits, got 65Invalid length: Expected 64 bits, got 65Error: Invalid length: Expected 64 bits, got 65Invalid length: Expected 64 bits, got 65Error: Error: Invalid length: Expected 64 bits, got 65Error: 
Invalid length: Expected 64 bits, got 65
Error: Invalid length: Expected 64 bits, got 65Invalid length: Expected 64 bits, got 65Invalid length: Expected 64 bits, got 65Invalid length: Expected 64 bits, got 65Error: Error: 
Error: Error: Error: Invalid length: Expected 64 bits, got 65Error: Error: Invalid length: Expected 64 bits, got 65
Error: 
Invalid length: Expected 64 bits, got 65Error: Error: Invalid length: Expected 64 bits, got 65Invalid length: Expected 64 bits, got 65
Invalid length: Expected 64 bits, got 65Error: Error: Invalid length: Expected 64 bits, got 65Invalid length: Expected 64 bits, got 65Error: Error: 
Error: Error: Invalid length: Expected 64 bits, got 65Invalid length: Expected 64 bits, got 65
Invalid length: Expected 64 bits, got 65Error: 
Invalid length: Expected 64 bits, got 65Error: Error: Error: Invalid length: Expected 64 bits, got 65Error: Invalid length: Expected 64 bits, got 65
Error: Invalid length: Expected 64 bits, got 65Error: Error: Error: Invalid length: Expected 64 bits, got 65Error: 
Invalid length: Expected 64 bits, got 65Invalid length: Expected 64 bits, got 65Invalid length: Expected 64 bits, got 65Invalid length: Expected 64 bits, got 65Error: Error: Invalid length: Expected 64 bits, got 65
Error: Error: Invalid length: Expected 64 bits, got 65Error: Invalid length: Expected 64 bits, got 65Invalid length: Expected 64 bits, got 65Error: 
Error: Invalid length: Expected 64 bits, got 65Error: Invalid length: Expected 64 bits, got 65Error: Error: Invalid length: Expected 64 bits, got 65Error: Invalid length: Expected 64 bits, got 65Invalid length: Expected 64 bits, got 65Invalid length: Expected 64 bits, got 65
Invalid length: Expected 64 bits, got 65
Error: Error: Error: Error: Error: Error: Error: Invalid length: Expected 64 bits, got 65Invalid length: Expected 64 bits, got 65Error: Invalid length: Expected 64 bits, got 65Invalid length: Expected 64 bits, got 65Invalid length: Expected 64 bits, got 65
Invalid length: Expected 64 bits, got 65Invalid length: Expected 64 bits, got 65Error: Invalid length: Expected 64 bits, got 65Error: Error: Error: 
Error: Error: Invalid length: Expected 64 bits, got 65Error: Invalid length: Expected 64 bits, got 65Invalid length: Expected 64 bits, got 65Invalid length: Expected 64 bits, got 65
Invalid length: Expected 64 bits, got 65Invalid length: Expected 64 bits, got 65Error: Error: Error: Error: Error: 
Error: Invalid length: Expected 64 bits, got 65Invalid length: Expected 64 bits, got 65Error: Error: Invalid length: Expected 64 bits, got 65Error: 
Invalid length: Expected 64 bits, got 65Error: Error: Invalid length: Expected 64 bits, got 65Invalid length: Expected 64 bits, got 65Error: Invalid length: Expected 64 bits, got 65
Error: Invalid length: Expected 64 bits, got 65Invalid length: Expected 64 bits, got 65Error: Error: Invalid length: Expected 64 bits, got 65Error: 
Invalid length: Expected 64 bits, got 65Error: Error: Invalid length: Expected 64 bits, got 65Error: Error: Invalid length: Expected 64 bits, got 65
Error: Invalid length: Expected 64 bits, got 65Invalid length: Expected 64 bits, got 65Error: Invalid length: Expected 64 bits, got 65Invalid length: Expected 64 bits, got 65Error: 
Error: Error: Error: Invalid length: Expected 64 bits, got 65Error: Error: Invalid length: Expected 64 bits, got 65
Error: Error: Invalid length: Expected 64 bits, got 65Error: Invalid length: Expected 64 bits, got 65Invalid length: Expected 64 bits, got 65Error: Error: Error: Invalid length: Expected 64 bits, got 65Error: Invalid length: Expected 64 bits, got 65Error: 
Invalid length: Expected 64 bits, got 65Invalid length: Expected 64 bits, got 65Invalid length: Expected 64 bits, got 65Error: Invalid length: Expected 64 bits, got 65Error: 
Invalid length: Expected 64 bits, got 65Error: 
Error: Invalid length: Expected 64 bits, got 65
Invalid length: Expected 64 bits, got 65Error: 
Invalid length: Expected 64 bits, got 65Error: Invalid length: Expected 64 bits, got 65Error: Invalid length: Expected 64 bits, got 65Error: Invalid length: Expected 64 bits, got 65
Error: Invalid length: Expected 64 bits, got 65Error: Invalid length: Expected 64 bits, got 65
Invalid length: Expected 64 bits, got 65Error: Error: Invalid length: Expected 64 bits, got 65
Invalid length: Expected 64 bits, got 65Error: Error: 
Error: Invalid length: Expected 64 bits, got 65Error: Error: Error: Invalid length: Expected 64 bits, got 65Invalid length: Expected 64 bits, got 65
Invalid length: Expected 64 bits, got 65Error: Invalid length: Expected 64 bits, got 65Invalid length: Expected 64 bits, got 65Invalid length: Expected 64 bits, got 65Error: Error: 
Error: Invalid length: Expected 64 bits, got 65
Error: Error: Invalid length: Expected 64 bits, got 65Error: 
Invalid length: Expected 64 bits, got 65Error: Error: Invalid length: Expected 64 bits, got 65Invalid length: Expected 64 bits, got 65Error: Invalid length: Expected 64 bits, got 65
Error: Invalid length: Expected 64 bits, got 65Error: Invalid length: Expected 64 bits, got 65Error: Invalid length: Expected 64 bits, got 65Error: Error: Invalid length: Expected 64 bits, got 65Error: Invalid length: Expected 64 bits, got 65
Error: 
Invalid length: Expected 64 bits, got 65Invalid length: Expected 64 bits, got 65Error: Error: Error: Error: Invalid length: Expected 64 bits, got 65
Error: 
Invalid length: Expected 64 bits, got 65Invalid length: Expected 64 bits, got 65Invalid length: Expected 64 bits, got 65Invalid length: Expected 64 bits, got 65Error: Invalid length: Expected 64 bits, got 65Invalid length: Expected 64 bits, got 65
Error: Error: Error: Error: Invalid length: Expected 64 bits, got 65Error: Error: 
Invalid length: Expected 64 bits, got 65Invalid length: Expected 64 bits, got 65Invalid length: Expected 64 bits, got 65Invalid length: Expected 64 bits, got 65Error: Invalid length: Expected 64 bits, got 65Error: Error: Error: Error: Error: Invalid length: Expected 64 bits, got 65Error: Error: Invalid length: Expected 64 bits, got 65Invalid length: Expected 64 bits, got 65Invalid length: Expected 64 bits, got 65Invalid length: Expected 64 bits, got 65Invalid length: Expected 64 bits, got 65Invalid length: Expected 64 bits, got 65Invalid length: Expected 64 bits, got 65Error: Error: Error: Error: Error: Error: Error: Invalid length: Expected 64 bits, got 65Invalid length: Expected 64 bits, got 65Invalid length: Expected 64 bits, got 65Invalid length: Expected 64 bits, got 65Error: Invalid length: Expected 64 bits, got 65Error: Invalid length: Expected 64 bits, got 65Invalid length: Expected 64 bits, got 65Error: Error: Error: Invalid length: Expected 64 bits, got 65Error: Error: Error: Invalid length: Expected 64 bits, got 65Invalid length: Expected 64 bits, got 65Error: Error: Invalid length: Expected 64 bits, got 65Invalid length: Expected 64 bits, got 65Invalid length: Expected 64 bits, got 65Error: Error: Invalid length: Expected 64 bits, got 65Invalid length: Expected 64 bits, got 65Error: Error: Error: Invalid length: Expected 64 bits, got 65Error: Error: Error: Invalid length: Expected 64 bits, got 65Invalid length: Expected 64 bits, got 65Invalid length: Expected 64 bits, got 65Error: Invalid length: Expected 64 bits, got 65Invalid length: Expected 64 bits, got 65Invalid length: Expected 64 bits, got 65Error: Error: Error: Invalid length: Expected 64 bits, got 65Error: Error: Error: Invalid length: Expected 64 bits, got 65Invalid length: Expected 64 bits, got 65Invalid length: Expected 64 bits, got 65Error: Invalid length: Expected 64 bits, got 65Invalid length: Expected 64 bits, got 65Invalid length: Expected 64 bits, got 65Error: Error: Error: Invalid length: Expected 64 bits, got 65Error: Error: Error: Invalid length: Expected 64 bits, got 65Invalid length: Expected 64 bits, got 65Invalid length: Expected 64 bits, got 65Error: Invalid length: Expected 64 bits, got 65Invalid length: Expected 64 bits, got 65Invalid length: Expected 64 bits, got 65Error: Invalid length: Expected 64 bits, got 65Error: Invalid length: Expected 64 bits, got 65Error: Error: Error: Error: 
Invalid length: Expected 64 bits, got 65Error: Invalid length: Expected 64 bits, got 65Invalid length: Expected 64 bits, got 65Invalid length: Expected 64 bits, got 65Error: Error: Error: Invalid length: Expected 64 bits, got 65Error: Invalid length: Expected 64 bits, got 65Error: Invalid length: Expected 64 bits, got 65Invalid length: Expected 64 bits, got 65Invalid length: Expected 64 bits, got 65Error: Invalid length: Expected 64 bits, got 65
Invalid length: Expected 64 bits, got 65Error: Error: Error: Invalid length: Expected 64 bits, got 65Error: 
Error: Invalid length: Expected 64 bits, got 65Invalid length: Expected 64 bits, got 65Error: Error: Invalid length: Expected 64 bits, got 65Invalid length: Expected 64 bits, got 65Invalid length: Expected 64 bits, got 65Invalid length: Expected 64 bits, got 65Error: Invalid length: Expected 64 bits, got 65Invalid length: Expected 64 bits, got 65Error: 
Error: Error: Invalid length: Expected 64 bits, got 65Error: Error: Invalid length: Expected 64 bits, got 65
Invalid length: Expected 64 bits, got 65Invalid length: Expected 64 bits, got 65Error: Invalid length: Expected 64 bits, got 65Invalid length: Expected 64 bits, got 65Error: Error: Error: Error: Invalid length: Expected 64 bits, got 65Error: 
Invalid length: Expected 64 bits, got 65Invalid length: Expected 64 bits, got 65Invalid length: Expected 64 bits, got 65Invalid length: Expected 64 bits, got 65Error: Invalid length: Expected 64 bits, got 65
Error: Error: Error: Error: Invalid length: Expected 64 bits, got 65Error: 
Invalid length: Expected 64 bits, got 65
Error: Invalid length: Expected 64 bits, got 65Error: Invalid length: Expected 64 bits, got 65Invalid length: Expected 64 bits, got 65Error: Invalid length: Expected 64 bits, got 65Error: Error: Invalid length: Expected 64 bits, got 65Error: Error: Invalid length: Expected 64 bits, got 65
Invalid length: Expected 64 bits, got 65Invalid length: Expected 64 bits, got 65Error: Invalid length: Expected 64 bits, got 65Invalid length: Expected 64 bits, got 65Error: 
Error: Error: Invalid length: Expected 64 bits, got 65Error: Error: Invalid length: Expected 64 bits, got 65Invalid length: Expected 64 bits, got 65Error: Invalid length: Expected 64 bits, got 65Error: Invalid length: Expected 64 bits, got 65
Invalid length: Expected 64 bits, got 65
Error: 
Invalid length: Expected 64 bits, got 65Error: Error: Invalid length: Expected 64 bits, got 65Error: Invalid length: Expected 64 bits, got 65
Error: Invalid length: Expected 64 bits, got 65Invalid length: Expected 64 bits, got 65Error: Error: Error: Invalid length: Expected 64 bits, got 65Invalid length: Expected 64 bits, got 65Error: Invalid length: Expected 64 bits, got 65Invalid length: Expected 64 bits, got 65Invalid length: Expected 64 bits, got 65Error: 
Invalid length: Expected 64 bits, got 65Invalid length: Expected 64 bits, got 65Error: Error: Error: Error: 
Error: Error: Invalid length: Expected 64 bits, got 65Invalid length: Expected 64 bits, got 65Error: Invalid length: Expected 64 bits, got 65
Invalid length: Expected 64 bits, got 65Invalid length: Expected 64 bits, got 65Error: Error: Invalid length: Expected 64 bits, got 65Error: Invalid length: Expected 64 bits, got 65Error: Error: Invalid length: Expected 64 bits, got 65Invalid length: Expected 64 bits, got 65Error: Invalid length: Expected 64 bits, got 65
Invalid length: Expected 64 bits, got 65Invalid length: Expected 64 bits, got 65Error: Error: Invalid length: Expected 64 bits, got 65Error: Error: Error: Error: Invalid length: Expected 64 bits, got 65Invalid length: Expected 64 bits, got 65
Invalid length: Expected 64 bits, got 65Invalid length: Expected 64 bits, got 65Error: Invalid length: Expected 64 bits, got 65Error: Error: 
Error: Error: Invalid length: Expected 64 bits, got 65Error: Invalid length: Expected 64 bits, got 65Invalid length: Expected 64 bits, got 65
Error: Invalid length: Expected 64 bits, got 65Error: Invalid length: Expected 64 bits, got 65Error: Invalid length: Expected 64 bits, got 65
Error: Error: Invalid length: Expected 64 bits, got 65Error: Invalid length: Expected 64 bits, got 65Invalid length: Expected 64 bits, got 65Invalid length: Expected 64 bits, got 65Invalid length: Expected 64 bits, got 65Invalid length: Expected 64 bits, got 65Error: Error: Error: Error: 
Error: Error: Invalid length: Expected 64 bits, got 65Invalid length: Expected 64 bits, got 65Invalid length: Expected 64 bits, got 65Error: 
Invalid length: Expected 64 bits, got 65Invalid length: Expected 64 bits, got 65Error: Error: 
Invalid length: Expected 64 bits, got 65Error: Error: Error: Invalid length: Expected 64 bits, got 65Invalid length: Expected 64 bits, got 65
Error: Invalid length: Expected 64 bits, got 65Invalid length: Expected 64 bits, got 65Invalid length: Expected 64 bits, got 65Error: Error: 
Invalid length: Expected 64 bits, got 65Error: Error: Error: Invalid length: Expected 64 bits, got 65Invalid length: Expected 64 bits, got 65
Error: Invalid length: Expected 64 bits, got 65Invalid length: Expected 64 bits, got 65Invalid length: Expected 64 bits, got 65Error: Error: Invalid length: Expected 64 bits, got 65Invalid length: Expected 64 bits, got 65Error: Error: Error: Invalid length: Expected 64 bits, got 65Invalid length: Expected 64 bits, got 65
Error: Invalid length: Expected 64 bits, got 65Invalid length: Expected 64 bits, got 65Invalid length: Expected 64 bits, got 65Error: Error: 
Invalid length: Expected 64 bits, got 65Error: Error: Error: Invalid length: Expected 64 bits, got 65Invalid length: Expected 64 bits, got 65
Error: Invalid length: Expected 64 bits, got 65Invalid length: Expected 64 bits, got 65Invalid length: Expected 64 bits, got 65Error: Error: 
Invalid length: Expected 64 bits, got 65Error: Error: Error: Invalid length: Expected 64 bits, got 65Invalid length: Expected 64 bits, got 65
Error: 
Invalid length: Expected 64 bits, got 65Invalid length: Expected 64 bits, got 65Error: Error: Invalid length: Expected 64 bits, got 65Invalid length: Expected 64 bits, got 65
Error: Error: Invalid length: Expected 64 bits, got 65Invalid length: Expected 64 bits, got 65Error: Error: 
Invalid length: Expected 64 bits, got 65Invalid length: Expected 64 bits, got 65Error: Error: Invalid length: Expected 64 bits, got 65Invalid length: Expected 64 bits, got 65Invalid length: Expected 64 bits, got 65Error: Error: Error: Invalid length: Expected 64 bits, got 65Error: Error: 
Invalid length: Expected 64 bits, got 65Invalid length: Expected 64 bits, got 65Invalid length: Expected 64 bits, got 65Error: Invalid length: Expected 64 bits, got 65Invalid length: Expected 64 bits, got 65Invalid length: Expected 64 bits, got 65Error: 
Error: 
Error: Error: 
Invalid length: Expected 64 bits, got 65Invalid length: Expected 64 bits, got 65Invalid length: Expected 64 bits, got 65Invalid length: Expected 64 bits, got 65Invalid length: Expected 64 bits, got 65Invalid length: Expected 64 bits, got 65
Error: Error: Error: 
Error: Error: 
Invalid length: Expected 64 bits, got 65Invalid length: Expected 64 bits, got 65Invalid length: Expected 64 bits, got 65
Invalid length: Expected 64 bits, got 65
Invalid length: Expected 64 bits, got 65
Error: Error: Error: Error: Error: 


Invalid length: Expected 64 bits, got 65Error: Invalid length: Expected 64 bits, got 65Invalid length: Expected 64 bits, got 65Invalid length: Expected 64 bits, got 65
Error: Error: Invalid length: Expected 64 bits, got 65Error: Error: Error: 
Invalid length: Expected 64 bits, got 65Invalid length: Expected 64 bits, got 65Invalid length: Expected 64 bits, got 65Error: Invalid length: Expected 64 bits, got 65Invalid length: Expected 64 bits, got 65

Error: Error: Error: Error: Error: Invalid length: Expected 64 bits, got 65
Invalid length: Expected 64 bits, got 65Error: Invalid length: Expected 64 bits, got 65Invalid length: Expected 64 bits, got 65Invalid length: Expected 64 bits, got 65

Error: Invalid length: Expected 64 bits, got 65Error: Error: Error: 

Invalid length: Expected 64 bits, got 65Error: Invalid length: Expected 64 bits, got 65Invalid length: Expected 64 bits, got 65Invalid length: Expected 64 bits, got 65Error: 
Error: Invalid length: Expected 64 bits, got 65Error: Error: Error: Invalid length: Expected 64 bits, got 65
Error: 
Invalid length: Expected 64 bits, got 65Invalid length: Expected 64 bits, got 65Invalid length: Expected 64 bits, got 65Error: Invalid length: Expected 64 bits, got 65Invalid length: Expected 64 bits, got 65Invalid length: Expected 64 bits, got 65Error: Error: Error: Invalid length: Expected 64 bits, got 65
Error: 
Invalid length: Expected 64 bits, got 65Invalid length: Expected 64 bits, got 65Invalid length: Expected 64 bits, got 65Error: 
Invalid length: Expected 64 bits, got 65
Error: Error: Error: Invalid length: Expected 64 bits, got 65
Error: 
Invalid length: Expected 64 bits, got 65Invalid length: Expected 64 bits, got 65Invalid length: Expected 64 bits, got 65Error: 
Invalid length: Expected 64 bits, got 65
Error: 
Error: Invalid length: Expected 64 bits, got 65Invalid length: Expected 64 bits, got 65Error: Error: Invalid length: Expected 64 bits, got 65
Error: Error: 
Invalid length: Expected 64 bits, got 65Invalid length: Expected 64 bits, got 65Invalid length: Expected 64 bits, got 65
Error: 

Error: 
Invalid length: Expected 64 bits, got 65Invalid length: Expected 64 bits, got 65Invalid length: Expected 64 bits, got 65Invalid length: Expected 64 bits, got 65Invalid length: Expected 64 bits, got 65Invalid length: Expected 64 bits, got 65Error: Error: Error: Error: 

Error: Invalid length: Expected 64 bits, got 65Invalid length: Expected 64 bits, got 65Error: Error: Invalid length: Expected 64 bits, got 65
Error: Invalid length: Expected 64 bits, got 65Invalid length: Expected 64 bits, got 65Invalid length: Expected 64 bits, got 65Invalid length: Expected 64 bits, got 65
Error: Invalid length: Expected 64 bits, got 65Error: Error: Error: 

Invalid length: Expected 64 bits, got 65
Invalid length: Expected 64 bits, got 65Invalid length: Expected 64 bits, got 65Error: Invalid length: Expected 64 bits, got 65Error: Error: 
Invalid length: Expected 64 bits, got 65Error: Error: 
Invalid length: Expected 64 bits, got 65Error: Invalid length: Expected 64 bits, got 65
Invalid length: Expected 64 bits, got 65Invalid length: Expected 64 bits, got 65
Error: Invalid length: Expected 64 bits, got 65
Error: Error: Error: 
Invalid length: Expected 64 bits, got 65Invalid length: Expected 64 bits, got 65
Invalid length: Expected 64 bits, got 65Invalid length: Expected 64 bits, got 65Invalid length: Expected 64 bits, got 65Invalid length: Expected 64 bits, got 65Error: 

Error: Error: Error: 
Invalid length: Expected 64 bits, got 65

Invalid length: Expected 64 bits, got 65Invalid length: Expected 64 bits, got 65Invalid length: Expected 64 bits, got 65
Error: Invalid length: Expected 64 bits, got 65

Error: Error: 
Invalid length: Expected 64 bits, got 65Error: 
Error: Invalid length: Expected 64 bits, got 65Invalid length: Expected 64 bits, got 65
Error: 
Invalid length: Expected 64 bits, got 65Invalid length: Expected 64 bits, got 65Error: Error: 
Error: Invalid length: Expected 64 bits, got 65
Error: Invalid length: Expected 64 bits, got 65Invalid length: Expected 64 bits, got 65Invalid length: Expected 64 bits, got 65Invalid length: Expected 64 bits, got 65
Error: 
Error: 


Invalid length: Expected 64 bits, got 65Error: Error: Invalid length: Expected 64 bits, got 65Invalid length: Expected 64 bits, got 65Error: 
Invalid length: Expected 64 bits, got 65Invalid length: Expected 64 bits, got 65Invalid length: Expected 64 bits, got 65
Error: Error: Error: Error: Error: 

Invalid length: Expected 64 bits, got 65Invalid length: Expected 64 bits, got 65Invalid length: Expected 64 bits, got 65Error: Invalid length: Expected 64 bits, got 65Invalid length: Expected 64 bits, got 65

Invalid length: Expected 64 bits, got 65Error: Invalid length: Expected 64 bits, got 65Error: 
Error: 

Invalid length: Expected 64 bits, got 65Error: 
JOB STATISTICS
==============
Job ID: 10061111
Array Job ID: 10061108_3
Cluster: snellius
User/Group: njafarian1/njafarian1
State: COMPLETED (exit code 0)
Nodes: 8
Cores per node: 192
CPU Utilized: 00:00:31
CPU Efficiency: 0.09% of 09:48:48 core-walltime
Job Wall-clock time: 00:00:23
Memory Utilized: 2.69 MB
Memory Efficiency: 0.00% of 2.62 TB
Invalid length: Expected 64 bits, got 65Invalid length: Expected 64 bits, got 65Invalid length: Expected 64 bits, got 65
Error: Error: Invalid length: Expected 64 bits, got 65Error: 



Invalid length: Expected 64 bits, got 65Error: Invalid length: Expected 64 bits, got 65Invalid length: Expected 64 bits, got 65Invalid length: Expected 64 bits, got 65
Error: Error: Invalid length: Expected 64 bits, got 65Error: 
Invalid length: Expected 64 bits, got 65
Error: Invalid length: Expected 64 bits, got 65Error: Invalid length: Expected 64 bits, got 65

Invalid length: Expected 64 bits, got 65Invalid length: Expected 64 bits, got 65
Error: Error: 
Invalid length: Expected 64 bits, got 65Error: Invalid length: Expected 64 bits, got 65
Invalid length: Expected 64 bits, got 65Invalid length: Expected 64 bits, got 65Invalid length: Expected 64 bits, got 65Error: Invalid length: Expected 64 bits, got 65Error: 
Error: 

Invalid length: Expected 64 bits, got 65Error: Invalid length: Expected 64 bits, got 65Invalid length: Expected 64 bits, got 65Invalid length: Expected 64 bits, got 65
Error: Error: Invalid length: Expected 64 bits, got 65Error: 
Invalid length: Expected 64 bits, got 65
Invalid length: Expected 64 bits, got 65
Error: Invalid length: Expected 64 bits, got 65

Invalid length: Expected 64 bits, got 65Error: 
Invalid length: Expected 64 bits, got 65Error: 

Error: Invalid length: Expected 64 bits, got 65
Error: Invalid length: Expected 64 bits, got 65Invalid length: Expected 64 bits, got 65
Error: Error: 
Invalid length: Expected 64 bits, got 65Error: 

Invalid length: Expected 64 bits, got 65Invalid length: Expected 64 bits, got 65Invalid length: Expected 64 bits, got 65Error: Invalid length: Expected 64 bits, got 65

Error: Error: 
Invalid length: Expected 64 bits, got 65

Error: Invalid length: Expected 64 bits, got 65Invalid length: Expected 64 bits, got 65Invalid length: Expected 64 bits, got 65Error: 

Invalid length: Expected 64 bits, got 65Error: Error: 
Invalid length: Expected 64 bits, got 65Invalid length: Expected 64 bits, got 65

Invalid length: Expected 64 bits, got 65Error: 
Error: Error: 




Invalid length: Expected 64 bits, got 65Invalid length: Expected 64 bits, got 65Error: Invalid length: Expected 64 bits, got 65Invalid length: Expected 64 bits, got 65

Error: Error: Error: Error: 
Invalid length: Expected 64 bits, got 65
Invalid length: Expected 64 bits, got 65Invalid length: Expected 64 bits, got 65Invalid length: Expected 64 bits, got 65

Invalid length: Expected 64 bits, got 65
Error: Error: Error: Error: 
Invalid length: Expected 64 bits, got 65

Error: Invalid length: Expected 64 bits, got 65Invalid length: Expected 64 bits, got 65
Invalid length: Expected 64 bits, got 65

Invalid length: Expected 64 bits, got 65Error: Error: 
Error: 

Error: Invalid length: Expected 64 bits, got 65
Error: Invalid length: Expected 64 bits, got 65

Invalid length: Expected 64 bits, got 65
Invalid length: Expected 64 bits, got 65Invalid length: Expected 64 bits, got 65Error: Invalid length: Expected 64 bits, got 65Invalid length: Expected 64 bits, got 65


Error: Error: 




Invalid length: Expected 64 bits, got 65Invalid length: Expected 64 bits, got 65


Invalid length: Expected 64 bits, got 65
Error: Error: 



Invalid length: Expected 64 bits, got 65Error: Invalid length: Expected 64 bits, got 65




Invalid length: Expected 64 bits, got 65Error: 

Invalid length: Expected 64 bits, got 65

Error: Invalid length: Expected 64 bits, got 65




Invalid length: Expected 64 bits, got 65Error: Error: 

Invalid length: Expected 64 bits, got 65






Invalid length: Expected 64 bits, got 65Invalid length: Expected 64 bits, got 65
Invalid length: Expected 64 bits, got 65
Invalid length: Expected 64 bits, got 65

Error: 

Invalid length: Expected 64 bits, got 65Error: 
Invalid length: Expected 64 bits, got 65
Error: 

Invalid length: Expected 64 bits, got 65Invalid length: Expected 64 bits, got 65

Invalid length: Expected 64 bits, got 65Invalid length: Expected 64 bits, got 65

Error: 

Error: 







Invalid length: Expected 64 bits, got 65Invalid length: Expected 64 bits, got 65


Invalid length: Expected 64 bits, got 65
Error: Invalid length: Expected 64 bits, got 65


Invalid length: Expected 64 bits, got 65
Invalid length: Expected 64 bits, got 65


Invalid length: Expected 64 bits, got 65
Error: Error: 

Invalid length: Expected 64 bits, got 65

Invalid length: Expected 64 bits, got 65Error: 




Error: Invalid length: Expected 64 bits, got 65
Error: 
Invalid length: Expected 64 bits, got 65
Invalid length: Expected 64 bits, got 65

Invalid length: Expected 64 bits, got 65Invalid length: Expected 64 bits, got 65

Error: 

Error: 


Invalid length: Expected 64 bits, got 65

Error: 


Error: 
Invalid length: Expected 64 bits, got 65Invalid length: Expected 64 bits, got 65


Invalid length: Expected 64 bits, got 65

Error: 


Error: Invalid length: Expected 64 bits, got 65
Error: 


Invalid length: Expected 64 bits, got 65
Invalid length: Expected 64 bits, got 65





Invalid length: Expected 64 bits, got 65

Error: 





Invalid length: Expected 64 bits, got 65




Invalid length: Expected 64 bits, got 65Error: 
Invalid length: Expected 64 bits, got 65
Invalid length: Expected 64 bits, got 65

Invalid length: Expected 64 bits, got 65
Error: 


Invalid length: Expected 64 bits, got 65
Invalid length: Expected 64 bits, got 65Invalid length: Expected 64 bits, got 65Invalid length: Expected 64 bits, got 65




Error: 


Invalid length: Expected 64 bits, got 65Invalid length: Expected 64 bits, got 65
Invalid length: Expected 64 bits, got 65
Invalid length: Expected 64 bits, got 65


















Invalid length: Expected 64 bits, got 65


Invalid length: Expected 64 bits, got 65
Invalid length: Expected 64 bits, got 65




Invalid length: Expected 64 bits, got 65

Invalid length: Expected 64 bits, got 65
Invalid length: Expected 64 bits, got 65

Invalid length: Expected 64 bits, got 65




Invalid length: Expected 64 bits, got 65



Invalid length: Expected 64 bits, got 65

Invalid length: Expected 64 bits, got 65



Invalid length: Expected 64 bits, got 65



Invalid length: Expected 64 bits, got 65











Invalid length: Expected 64 bits, got 65







Invalid length: Expected 64 bits, got 65


Invalid length: Expected 64 bits, got 65








Invalid length: Expected 64 bits, got 65



Invalid length: Expected 64 bits, got 65










Invalid length: Expected 64 bits, got 65
Invalid length: Expected 64 bits, got 65




Invalid length: Expected 64 bits, got 65Invalid length: Expected 64 bits, got 65
Invalid length: Expected 64 bits, got 65







Invalid length: Expected 64 bits, got 65






Invalid length: Expected 64 bits, got 65Invalid length: Expected 64 bits, got 65


Invalid length: Expected 64 bits, got 65Invalid length: Expected 64 bits, got 65




















Invalid length: Expected 64 bits, got 65


Invalid length: Expected 64 bits, got 65







Invalid length: Expected 64 bits, got 65
Invalid length: Expected 64 bits, got 65


Invalid length: Expected 64 bits, got 65







Invalid length: Expected 64 bits, got 65












Invalid length: Expected 64 bits, got 65

Invalid length: Expected 64 bits, got 65






Invalid length: Expected 64 bits, got 65Invalid length: Expected 64 bits, got 65Invalid length: Expected 64 bits, got 65






Invalid length: Expected 64 bits, got 65









Invalid length: Expected 64 bits, got 65











Invalid length: Expected 64 bits, got 65











Invalid length: Expected 64 bits, got 65



Invalid length: Expected 64 bits, got 65

Invalid length: Expected 64 bits, got 65









Invalid length: Expected 64 bits, got 65


Invalid length: Expected 64 bits, got 65








Invalid length: Expected 64 bits, got 65













Invalid length: Expected 64 bits, got 65








Invalid length: Expected 64 bits, got 65Invalid length: Expected 64 bits, got 65

Invalid length: Expected 64 bits, got 65
Invalid length: Expected 64 bits, got 65Invalid length: Expected 64 bits, got 65








Invalid length: Expected 64 bits, got 65Invalid length: Expected 64 bits, got 65






Invalid length: Expected 64 bits, got 65









Invalid length: Expected 64 bits, got 65
Invalid length: Expected 64 bits, got 65






Invalid length: Expected 64 bits, got 65

Invalid length: Expected 64 bits, got 65




Invalid length: Expected 64 bits, got 65






Invalid length: Expected 64 bits, got 65







Invalid length: Expected 64 bits, got 65

Invalid length: Expected 64 bits, got 65

Invalid length: Expected 64 bits, got 65




Invalid length: Expected 64 bits, got 65







Invalid length: Expected 64 bits, got 65



















Invalid length: Expected 64 bits, got 65Invalid length: Expected 64 bits, got 65



Invalid length: Expected 64 bits, got 65

Invalid length: Expected 64 bits, got 65











Invalid length: Expected 64 bits, got 65Invalid length: Expected 64 bits, got 65











Invalid length: Expected 64 bits, got 65











Invalid length: Expected 64 bits, got 65
Invalid length: Expected 64 bits, got 65


Invalid length: Expected 64 bits, got 65
























Invalid length: Expected 64 bits, got 65


Invalid length: Expected 64 bits, got 65Invalid length: Expected 64 bits, got 65




Invalid length: Expected 64 bits, got 65


Invalid length: Expected 64 bits, got 65Invalid length: Expected 64 bits, got 65






Invalid length: Expected 64 bits, got 65




Invalid length: Expected 64 bits, got 65








Invalid length: Expected 64 bits, got 65
Invalid length: Expected 64 bits, got 65Invalid length: Expected 64 bits, got 65




Invalid length: Expected 64 bits, got 65



Invalid length: Expected 64 bits, got 65



Invalid length: Expected 64 bits, got 65

Invalid length: Expected 64 bits, got 65



Invalid length: Expected 64 bits, got 65






Invalid length: Expected 64 bits, got 65


Invalid length: Expected 64 bits, got 65



Invalid length: Expected 64 bits, got 65
Invalid length: Expected 64 bits, got 65








Invalid length: Expected 64 bits, got 65





Invalid length: Expected 64 bits, got 65

Invalid length: Expected 64 bits, got 65


Invalid length: Expected 64 bits, got 65





Invalid length: Expected 64 bits, got 65

Invalid length: Expected 64 bits, got 65
Invalid length: Expected 64 bits, got 65





























Invalid length: Expected 64 bits, got 65



Invalid length: Expected 64 bits, got 65





Invalid length: Expected 64 bits, got 65





Invalid length: Expected 64 bits, got 65Invalid length: Expected 64 bits, got 65

Invalid length: Expected 64 bits, got 65Invalid length: Expected 64 bits, got 65















Invalid length: Expected 64 bits, got 65



Invalid length: Expected 64 bits, got 65









Invalid length: Expected 64 bits, got 65Invalid length: Expected 64 bits, got 65












Invalid length: Expected 64 bits, got 65Invalid length: Expected 64 bits, got 65








Invalid length: Expected 64 bits, got 65Invalid length: Expected 64 bits, got 65Invalid length: Expected 64 bits, got 65








Invalid length: Expected 64 bits, got 65





Invalid length: Expected 64 bits, got 65


Invalid length: Expected 64 bits, got 65
















Invalid length: Expected 64 bits, got 65


























Invalid length: Expected 64 bits, got 65Invalid length: Expected 64 bits, got 65

Invalid length: Expected 64 bits, got 65











Invalid length: Expected 64 bits, got 65
Invalid length: Expected 64 bits, got 65















Invalid length: Expected 64 bits, got 65Invalid length: Expected 64 bits, got 65Invalid length: Expected 64 bits, got 65
Invalid length: Expected 64 bits, got 65
















































Invalid length: Expected 64 bits, got 65



Invalid length: Expected 64 bits, got 65














Invalid length: Expected 64 bits, got 65














Invalid length: Expected 64 bits, got 65
Invalid length: Expected 64 bits, got 65

Invalid length: Expected 64 bits, got 65





Invalid length: Expected 64 bits, got 65









Invalid length: Expected 64 bits, got 65

Invalid length: Expected 64 bits, got 65













Invalid length: Expected 64 bits, got 65
Invalid length: Expected 64 bits, got 65





















Invalid length: Expected 64 bits, got 65















Invalid length: Expected 64 bits, got 65















Invalid length: Expected 64 bits, got 65












Invalid length: Expected 64 bits, got 65

Invalid length: Expected 64 bits, got 65


Invalid length: Expected 64 bits, got 65












Invalid length: Expected 64 bits, got 65Invalid length: Expected 64 bits, got 65










Invalid length: Expected 64 bits, got 65






















































Invalid length: Expected 64 bits, got 65


Invalid length: Expected 64 bits, got 65





Invalid length: Expected 64 bits, got 65










Invalid length: Expected 64 bits, got 65



















Invalid length: Expected 64 bits, got 65



Invalid length: Expected 64 bits, got 65










Invalid length: Expected 64 bits, got 65













Invalid length: Expected 64 bits, got 65
Invalid length: Expected 64 bits, got 65Invalid length: Expected 64 bits, got 65
Invalid length: Expected 64 bits, got 65Invalid length: Expected 64 bits, got 65










Invalid length: Expected 64 bits, got 65



























Invalid length: Expected 64 bits, got 65
Invalid length: Expected 64 bits, got 65







Invalid length: Expected 64 bits, got 65
Invalid length: Expected 64 bits, got 65





Invalid length: Expected 64 bits, got 65















JOB STATISTICS
==============
Job ID: 10061115
Array Job ID: 10061108_7
Cluster: snellius
User/Group: njafarian1/njafarian1
State: COMPLETED (exit code 0)
Nodes: 8
Cores per node: 192
CPU Utilized: 00:00:34
CPU Efficiency: 0.08% of 11:31:12 core-walltime
Job Wall-clock time: 00:00:27
Memory Utilized: 2.70 MB
Memory Efficiency: 0.00% of 2.62 TB






Invalid length: Expected 64 bits, got 65




Invalid length: Expected 64 bits, got 65




















Invalid length: Expected 64 bits, got 65



Invalid length: Expected 64 bits, got 65





Invalid length: Expected 64 bits, got 65






Invalid length: Expected 64 bits, got 65


Invalid length: Expected 64 bits, got 65

Invalid length: Expected 64 bits, got 65Invalid length: Expected 64 bits, got 65











JOB STATISTICS
==============
Job ID: 10061114
Array Job ID: 10061108_6
Cluster: snellius
User/Group: njafarian1/njafarian1
State: COMPLETED (exit code 0)
Nodes: 8
Cores per node: 192
CPU Utilized: 00:00:38
CPU Efficiency: 0.09% of 11:56:48 core-walltime
Job Wall-clock time: 00:00:28
Memory Utilized: 2.79 MB
Memory Efficiency: 0.00% of 2.62 TB

JOB STATISTICS
==============
Job ID: 10061110
Array Job ID: 10061108_2
Cluster: snellius
User/Group: njafarian1/njafarian1
State: COMPLETED (exit code 0)
Nodes: 8
Cores per node: 192
CPU Utilized: 00:00:35
CPU Efficiency: 0.08% of 12:22:24 core-walltime
Job Wall-clock time: 00:00:29
Memory Utilized: 2.74 MB
Memory Efficiency: 0.00% of 2.62 TB

JOB STATISTICS
==============
Job ID: 10061112
Array Job ID: 10061108_4
Cluster: snellius
User/Group: njafarian1/njafarian1
State: COMPLETED (exit code 0)
Nodes: 8
Cores per node: 192
CPU Utilized: 00:00:38
CPU Efficiency: 0.09% of 12:22:24 core-walltime
Job Wall-clock time: 00:00:29
Memory Utilized: 2.74 MB
Memory Efficiency: 0.00% of 2.62 TB

JOB STATISTICS
==============
Job ID: 10061109
Array Job ID: 10061108_1
Cluster: snellius
User/Group: njafarian1/njafarian1
State: COMPLETED (exit code 0)
Nodes: 8
Cores per node: 192
CPU Utilized: 00:00:32
CPU Efficiency: 0.07% of 12:22:24 core-walltime
Job Wall-clock time: 00:00:29
Memory Utilized: 2.69 MB
Memory Efficiency: 0.00% of 2.62 TB

JOB STATISTICS
==============
Job ID: 10061113
Array Job ID: 10061108_5
Cluster: snellius
User/Group: njafarian1/njafarian1
State: COMPLETED (exit code 0)
Nodes: 8
Cores per node: 192
CPU Utilized: 00:00:37
CPU Efficiency: 0.08% of 12:22:24 core-walltime
Job Wall-clock time: 00:00:29
Memory Utilized: 2.76 MB
Memory Efficiency: 0.00% of 2.62 TB
