Loaded 150 adjacency matrices.
Total failures: 0
Loaded 150 adjacency matrices.
Total failures: 0
Loaded 150 adjacency matrices.
Total failures: 0
Loaded 150 adjacency matrices.
Total failures: 0
Loaded 150 adjacency matrices.
Total failures: 0
Loaded 150 adjacency matrices.
Total failures: 0
Loaded 150 adjacency matrices.
Total failures: 0
Loaded 150 adjacency matrices.
Total failures: 0
Loaded 150 adjacency matrices.
Total failures: 0
Loaded 150 adjacency matrices.
Total failures: 0
Loaded 150 adjacency matrices.
Total failures: 0
Loaded 150 adjacency matrices.
Total failures: 0
Loaded 150 adjacency matrices.
Total failures: 0
Loaded 150 adjacency matrices.
Total failures: 0
Loaded 150 adjacency matrices.
Total failures: 0
Loaded 150 adjacency matrices.
Total failures: 0
Loaded 150 adjacency matrices.
Total failures: 0
Loaded 150 adjacency matrices.
Total failures: 0
Loaded 150 adjacency matrices.
Total failures: 0
Loaded 150 adjacency matrices.
Total failures: 0
Loaded 150 adjacency matrices.
Total failures: 0
Loaded 150 adjacency matrices.
Total failures: 0
Loaded 150 adjacency matrices.
Total failures: 0
Loaded 150 adjacency matrices.
Total failures: 0
Loaded 150 adjacency matrices.
Total failures: 0
Loaded 150 adjacency matrices.
Total failures: 0
Loaded 150 adjacency matrices.
Total failures: 0
Loaded 150 adjacency matrices.
Total failures: 0
Loaded 150 adjacency matrices.
Total failures: 0
Loaded 150 adjacency matrices.
Total failures: 0
Loaded 150 adjacency matrices.
Total failures: 0
Loaded 150 adjacency matrices.
Total failures: 0
Loaded 150 adjacency matrices.
Total failures: 0
Loaded 150 adjacency matrices.
Total failures: 0
Loaded 150 adjacency matrices.
Total failures: 0
Loaded 150 adjacency matrices.
Total failures: 0
Loaded 150 adjacency matrices.
Total failures: 0
Loaded 150 adjacency matrices.
Total failures: 0
Loaded 150 adjacency matrices.
Total failures: 0
Loaded 150 adjacency matrices.
Total failures: 0
Loaded 150 adjacency matrices.
Total failures: 0
Loaded 150 adjacency matrices.
Total failures: 0
Loaded 150 adjacency matrices.
Total failures: 0
Loaded 150 adjacency matrices.
Total failures: 0
Loaded 150 adjacency matrices.
Total failures: 0
Loaded 150 adjacency matrices.
Total failures: 0
Loaded 150 adjacency matrices.
Total failures: 0
Loaded 150 adjacency matrices.
Total failures: 0
Loaded 150 adjacency matrices.
Total failures: 0
Loaded 150 adjacency matrices.
Total failures: 0
Loaded 150 adjacency matrices.
Total failures: 0
Loaded 150 adjacency matrices.
Total failures: 0
Loaded 150 adjacency matrices.
Total failures: 0
Loaded 150 adjacency matrices.
Total failures: 0
Loaded 150 adjacency matrices.
Total failures: 0
Loaded 150 adjacency matrices.
Total failures: 0
Loaded 150 adjacency matrices.
Total failures: 0
Loaded 150 adjacency matrices.
Total failures: 0
Loaded 150 adjacency matrices.
Total failures: 0
Loaded 150 adjacency matrices.
Total failures: 0
Loaded 150 adjacency matrices.
Total failures: 0
Loaded 150 adjacency matrices.
Total failures: 0
Loaded 150 adjacency matrices.
Total failures: 0
Loaded 150 adjacency matrices.
Total failures: 0
Loaded 150 adjacency matrices.
Total failures: 0
Loaded 150 adjacency matrices.
Total failures: 0
Loaded 150 adjacency matrices.
Total failures: 0
Loaded 150 adjacency matrices.
Total failures: 0
Loaded 150 adjacency matrices.
Total failures: 0
Loaded 150 adjacency matrices.
Total failures: 0
Loaded 150 adjacency matrices.
Total failures: 0
Loaded 150 adjacency matrices.
Total failures: 0
Loaded 150 adjacency matrices.
Total failures: 0
Loaded 150 adjacency matrices.
Total failures: 0
Loaded 150 adjacency matrices.
Total failures: 0
Loaded 150 adjacency matrices.
Total failures: 0
Loaded 150 adjacency matrices.
Total failures: 0
Loaded 150 adjacency matrices.
Total failures: 0
Loaded 150 adjacency matrices.
Total failures: 0
Loaded 150 adjacency matrices.
Total failures: 0
Loaded 150 adjacency matrices.
Total failures: 0
Loaded 150 adjacency matrices.
Total failures: 0
Loaded 150 adjacency matrices.
Total failures: 0
Loaded 150 adjacency matrices.
Total failures: 0
Loaded 150 adjacency matrices.
Total failures: 0
Loaded 150 adjacency matrices.
Total failures: 0
Loaded 150 adjacency matrices.
Total failures: 0
Loaded 150 adjacency matrices.
Total failures: 0
Loaded 150 adjacency matrices.
Total failures: 0
Loaded 150 adjacency matrices.
Total failures: 0
Loaded 150 adjacency matrices.
Total failures: 0
Loaded 150 adjacency matrices.
Total failures: 0
Loaded 150 adjacency matrices.
Total failures: 0
Loaded 150 adjacency matrices.
Total failures: 0
Loaded 150 adjacency matrices.
Total failures: 0
Loaded 150 adjacency matrices.
Total failures: 0
Loaded 150 adjacency matrices.
Total failures: 0
Loaded 150 adjacency matrices.
Total failures: 0
Loaded 150 adjacency matrices.
Total failures: 0
Loaded 150 adjacency matrices.
Total failures: 0
Loaded 150 adjacency matrices.
Total failures: 0
Loaded 150 adjacency matrices.
Total failures: 0
Loaded 150 adjacency matrices.
Total failures: 0
Loaded 150 adjacency matrices.
Total failures: 0
Loaded 150 adjacency matrices.
Total failures: 0
Loaded 150 adjacency matrices.
Total failures: 0
Loaded 150 adjacency matrices.
Total failures: 0
Loaded 150 adjacency matrices.
Total failures: 0
Loaded 150 adjacency matrices.
Total failures: 0
Loaded 150 adjacency matrices.
Total failures: 0
Loaded 150 adjacency matrices.
Total failures: 0
Loaded 150 adjacency matrices.
Total failures: 0
Loaded 150 adjacency matrices.
Total failures: 0
Loaded 150 adjacency matrices.
Total failures: 0
Loaded 150 adjacency matrices.
Total failures: 0
Loaded 150 adjacency matrices.
Total failures: 0
Loaded 150 adjacency matrices.
Total failures: 0
Loaded 150 adjacency matrices.
Total failures: 0
Loaded 150 adjacency matrices.
Total failures: 0
Loaded 150 adjacency matrices.
Total failures: 0
Loaded 150 adjacency matrices.
Total failures: 0
Loaded 150 adjacency matrices.
Total failures: 0
Loaded 150 adjacency matrices.
Total failures: 0
Loaded 150 adjacency matrices.
Total failures: 0
Loaded 150 adjacency matrices.
Total failures: 0
Loaded 150 adjacency matrices.
Total failures: 0
Loaded 150 adjacency matrices.
Total failures: 0
Loaded 150 adjacency matrices.
Total failures: 0
Loaded 150 adjacency matrices.
Total failures: 0
Loaded 150 adjacency matrices.
Total failures: 0
Loaded 150 adjacency matrices.
Total failures: 0
Loaded 150 adjacency matrices.
Total failures: 0
Loaded 150 adjacency matrices.
Total failures: 0
Loaded 150 adjacency matrices.
Total failures: 0
Loaded 150 adjacency matrices.
Total failures: 0
Loaded 150 adjacency matrices.
Total failures: 0
Loaded 150 adjacency matrices.
Total failures: 0
Loaded 150 adjacency matrices.
Total failures: 0
Loaded 150 adjacency matrices.
Total failures: 0
Loaded 150 adjacency matrices.
Total failures: 0
Loaded 150 adjacency matrices.
Total failures: 0
Loaded 150 adjacency matrices.
Total failures: 0
Loaded 150 adjacency matrices.
Total failures: 0
Loaded 150 adjacency matrices.
Total failures: 0
Loaded 150 adjacency matrices.
Total failures: 0
Loaded 150 adjacency matrices.
Total failures: 0
Loaded 150 adjacency matrices.
Total failures: 0
Loaded 150 adjacency matrices.
Total failures: 0
Loaded 150 adjacency matrices.
Total failures: 0
Loaded 150 adjacency matrices.
Total failures: 0

JOB STATISTICS
==============
Job ID: 9408443
Cluster: snellius
User/Group: njafarian/njafarian
State: COMPLETED (exit code 0)
Nodes: 10
Cores per node: 128
CPU Utilized: 00:02:59
CPU Efficiency: 0.82% of 06:02:40 core-walltime
Job Wall-clock time: 00:00:17
Memory Utilized: 2.61 MB
Memory Efficiency: 0.00% of 2.19 TB
