Loaded 57 adjacency matrices.
Starting 12000 runs.
Total failures: 0
Expected steps to absorption saved and compressed to '../output/expected_steps_54.csv.gz'
Loaded 57 adjacency matrices.
Starting 12000 runs.
Total failures: 0
Expected steps to absorption saved and compressed to '../output/expected_steps_32.csv.gz'
Loaded 57 adjacency matrices.
Starting 12000 runs.
Total failures: 0
Expected steps to absorption saved and compressed to '../output/expected_steps_56.csv.gz'
Loaded 57 adjacency matrices.
Starting 12000 runs.
Total failures: 0
Expected steps to absorption saved and compressed to '../output/expected_steps_52.csv.gz'
Loaded 57 adjacency matrices.
Starting 12000 runs.
Total failures: 0
Expected steps to absorption saved and compressed to '../output/expected_steps_28.csv.gz'
Loaded 57 adjacency matrices.
Starting 12000 runs.
Total failures: 0
Expected steps to absorption saved and compressed to '../output/expected_steps_31.csv.gz'
Loaded 57 adjacency matrices.
Starting 12000 runs.
Total failures: 0
Expected steps to absorption saved and compressed to '../output/expected_steps_55.csv.gz'
Loaded 57 adjacency matrices.
Starting 12000 runs.
Total failures: 0
Expected steps to absorption saved and compressed to '../output/expected_steps_29.csv.gz'
Loaded 57 adjacency matrices.
Starting 12000 runs.
Total failures: 0
Expected steps to absorption saved and compressed to '../output/expected_steps_53.csv.gz'
Loaded 57 adjacency matrices.
Starting 12000 runs.
Total failures: 0
Expected steps to absorption saved and compressed to '../output/expected_steps_48.csv.gz'
Loaded 57 adjacency matrices.
Starting 12000 runs.
Total failures: 0
Expected steps to absorption saved and compressed to '../output/expected_steps_34.csv.gz'
Loaded 57 adjacency matrices.
Starting 12000 runs.
Total failures: 0
Expected steps to absorption saved and compressed to '../output/expected_steps_51.csv.gz'
Loaded 57 adjacency matrices.
Starting 12000 runs.
Total failures: 0
Expected steps to absorption saved and compressed to '../output/expected_steps_17.csv.gz'
Loaded 57 adjacency matrices.
Starting 12000 runs.
Total failures: 0
Expected steps to absorption saved and compressed to '../output/expected_steps_44.csv.gz'
Loaded 57 adjacency matrices.
Starting 12000 runs.
Total failures: 0
Expected steps to absorption saved and compressed to '../output/expected_steps_21.csv.gz'
Loaded 57 adjacency matrices.
Starting 12000 runs.
Total failures: 0
Expected steps to absorption saved and compressed to '../output/expected_steps_23.csv.gz'
Loaded 57 adjacency matrices.
Starting 12000 runs.
Total failures: 0
Expected steps to absorption saved and compressed to '../output/expected_steps_43.csv.gz'
Loaded 57 adjacency matrices.
Starting 12000 runs.
Total failures: 0
Expected steps to absorption saved and compressed to '../output/expected_steps_20.csv.gz'
Loaded 57 adjacency matrices.
Starting 12000 runs.
Total failures: 0
Expected steps to absorption saved and compressed to '../output/expected_steps_38.csv.gz'
Loaded 57 adjacency matrices.
Starting 12000 runs.
Total failures: 0
Expected steps to absorption saved and compressed to '../output/expected_steps_49.csv.gz'
Loaded 57 adjacency matrices.
Starting 12000 runs.
Total failures: 0
Expected steps to absorption saved and compressed to '../output/expected_steps_42.csv.gz'
Loaded 57 adjacency matrices.
Starting 12000 runs.
Total failures: 0
Expected steps to absorption saved and compressed to '../output/expected_steps_6.csv.gz'
Loaded 57 adjacency matrices.
Starting 12000 runs.
Total failures: 0
Expected steps to absorption saved and compressed to '../output/expected_steps_46.csv.gz'
Loaded 57 adjacency matrices.
Starting 12000 runs.
Total failures: 0
Expected steps to absorption saved and compressed to '../output/expected_steps_22.csv.gz'
Loaded 57 adjacency matrices.
Starting 12000 runs.
Total failures: 0
Expected steps to absorption saved and compressed to '../output/expected_steps_25.csv.gz'
Loaded 57 adjacency matrices.
Starting 12000 runs.
Total failures: 0
Expected steps to absorption saved and compressed to '../output/expected_steps_30.csv.gz'
Loaded 57 adjacency matrices.
Starting 12000 runs.
Total failures: 0
Expected steps to absorption saved and compressed to '../output/expected_steps_24.csv.gz'
Loaded 57 adjacency matrices.
Starting 12000 runs.
Total failures: 0
Expected steps to absorption saved and compressed to '../output/expected_steps_50.csv.gz'
Loaded 57 adjacency matrices.
Starting 12000 runs.
Total failures: 0
Expected steps to absorption saved and compressed to '../output/expected_steps_33.csv.gz'
Loaded 57 adjacency matrices.
Starting 12000 runs.
Total failures: 0
Expected steps to absorption saved and compressed to '../output/expected_steps_26.csv.gz'
Loaded 57 adjacency matrices.
Starting 12000 runs.
Total failures: 0
Expected steps to absorption saved and compressed to '../output/expected_steps_27.csv.gz'
Loaded 57 adjacency matrices.
Starting 12000 runs.
Total failures: 0
Expected steps to absorption saved and compressed to '../output/expected_steps_47.csv.gz'
Loaded 57 adjacency matrices.
Starting 12000 runs.
Total failures: 0
Expected steps to absorption saved and compressed to '../output/expected_steps_45.csv.gz'
Loaded 57 adjacency matrices.
Starting 12000 runs.
Total failures: 0
Expected steps to absorption saved and compressed to '../output/expected_steps_5.csv.gz'
Loaded 57 adjacency matrices.
Starting 12000 runs.
Total failures: 0
Expected steps to absorption saved and compressed to '../output/expected_steps_37.csv.gz'
Loaded 57 adjacency matrices.
Starting 12000 runs.
Total failures: 0
Expected steps to absorption saved and compressed to '../output/expected_steps_40.csv.gz'
Loaded 57 adjacency matrices.
Starting 12000 runs.
Total failures: 0
Expected steps to absorption saved and compressed to '../output/expected_steps_7.csv.gz'
Loaded 57 adjacency matrices.
Starting 12000 runs.
Total failures: 0
Expected steps to absorption saved and compressed to '../output/expected_steps_13.csv.gz'
Loaded 57 adjacency matrices.
Starting 12000 runs.
Total failures: 0
Expected steps to absorption saved and compressed to '../output/expected_steps_18.csv.gz'
Loaded 57 adjacency matrices.
Starting 12000 runs.
Total failures: 0
Expected steps to absorption saved and compressed to '../output/expected_steps_15.csv.gz'
Loaded 57 adjacency matrices.
Starting 12000 runs.
Total failures: 0
Expected steps to absorption saved and compressed to '../output/expected_steps_19.csv.gz'
Loaded 57 adjacency matrices.
Starting 12000 runs.
Total failures: 0
Expected steps to absorption saved and compressed to '../output/expected_steps_4.csv.gz'
Loaded 57 adjacency matrices.
Starting 12000 runs.
Total failures: 0
Expected steps to absorption saved and compressed to '../output/expected_steps_3.csv.gz'
Loaded 57 adjacency matrices.
Starting 12000 runs.
Total failures: 0
Expected steps to absorption saved and compressed to '../output/expected_steps_14.csv.gz'
Loaded 57 adjacency matrices.
Starting 12000 runs.
Total failures: 0
Expected steps to absorption saved and compressed to '../output/expected_steps_41.csv.gz'
Loaded 57 adjacency matrices.
Starting 12000 runs.
Total failures: 0
Expected steps to absorption saved and compressed to '../output/expected_steps_11.csv.gz'
Loaded 57 adjacency matrices.
Starting 12000 runs.
Total failures: 0
Expected steps to absorption saved and compressed to '../output/expected_steps_39.csv.gz'
Loaded 57 adjacency matrices.
Starting 12000 runs.
Total failures: 0
Expected steps to absorption saved and compressed to '../output/expected_steps_36.csv.gz'
Loaded 57 adjacency matrices.
Starting 12000 runs.
Total failures: 0
Expected steps to absorption saved and compressed to '../output/expected_steps_9.csv.gz'
Loaded 57 adjacency matrices.
Starting 12000 runs.
Total failures: 0
Expected steps to absorption saved and compressed to '../output/expected_steps_35.csv.gz'
Loaded 57 adjacency matrices.
Starting 12000 runs.
Total failures: 0
Expected steps to absorption saved and compressed to '../output/expected_steps_12.csv.gz'
Loaded 57 adjacency matrices.
Starting 12000 runs.
Total failures: 0
Expected steps to absorption saved and compressed to '../output/expected_steps_10.csv.gz'
Loaded 57 adjacency matrices.
Starting 12000 runs.
Total failures: 0
Expected steps to absorption saved and compressed to '../output/expected_steps_1.csv.gz'
Loaded 57 adjacency matrices.
Starting 12000 runs.
Total failures: 0
Expected steps to absorption saved and compressed to '../output/expected_steps_8.csv.gz'
Loaded 57 adjacency matrices.
Starting 12000 runs.
Total failures: 0
Expected steps to absorption saved and compressed to '../output/expected_steps_2.csv.gz'
Loaded 57 adjacency matrices.
Starting 12000 runs.
Total failures: 0
Expected steps to absorption saved and compressed to '../output/expected_steps_16.csv.gz'
Loaded 57 adjacency matrices.
Starting 12000 runs.
Total failures: 0
Expected steps to absorption saved and compressed to '../output/expected_steps_0.csv.gz'

JOB STATISTICS
==============
Job ID: 9564028
Cluster: snellius
User/Group: njafarian/njafarian
State: COMPLETED (exit code 0)
Nodes: 2
Cores per node: 128
CPU Utilized: 00:05:59
CPU Efficiency: 7.38% of 01:21:04 core-walltime
Job Wall-clock time: 00:00:19
Memory Utilized: 2.59 MB
Memory Efficiency: 0.00% of 448.00 GB
