Loaded 57 adjacency matrices.
Total failures: 240
Loaded 57 adjacency matrices.
Total failures: 240
Loaded 57 adjacency matrices.
Total failures: 240
Loaded 57 adjacency matrices.
Total failures: 240
Loaded 57 adjacency matrices.
Total failures: 240
Loaded 57 adjacency matrices.
Total failures: 240
Loaded 57 adjacency matrices.
Total failures: 240
Loaded 57 adjacency matrices.
Total failures: 240
Loaded 57 adjacency matrices.
Total failures: 240
Loaded 57 adjacency matrices.
Total failures: 240
Loaded 57 adjacency matrices.
Total failures: 240
Loaded 57 adjacency matrices.
Total failures: 240
Loaded 57 adjacency matrices.
Total failures: 240
Loaded 57 adjacency matrices.
Total failures: 240
Loaded 57 adjacency matrices.
Total failures: 240
Loaded 57 adjacency matrices.
Total failures: 240
Loaded 57 adjacency matrices.
Total failures: 240
Loaded 57 adjacency matrices.
Total failures: 240
Loaded 57 adjacency matrices.
Total failures: 240
Loaded 57 adjacency matrices.
Total failures: 240
Loaded 57 adjacency matrices.
Total failures: 240
Loaded 57 adjacency matrices.
Total failures: 240
Loaded 57 adjacency matrices.
Total failures: 240
Loaded 57 adjacency matrices.
Total failures: 240
Loaded 57 adjacency matrices.
Total failures: 240
Loaded 57 adjacency matrices.
Total failures: 240
Loaded 57 adjacency matrices.
Total failures: 240
Loaded 57 adjacency matrices.
Total failures: 240
Loaded 57 adjacency matrices.
Total failures: 240
Loaded 57 adjacency matrices.
Total failures: 240
Loaded 57 adjacency matrices.
Total failures: 240
Loaded 57 adjacency matrices.
Total failures: 240
Loaded 57 adjacency matrices.
Total failures: 240
Loaded 57 adjacency matrices.
Total failures: 240
Loaded 57 adjacency matrices.
Total failures: 240
Loaded 57 adjacency matrices.
Total failures: 240
Loaded 57 adjacency matrices.
Total failures: 240
Loaded 57 adjacency matrices.
Total failures: 240
Loaded 57 adjacency matrices.
Total failures: 240
Loaded 57 adjacency matrices.
Total failures: 240
Loaded 57 adjacency matrices.
Total failures: 240
Loaded 57 adjacency matrices.
Total failures: 240
Loaded 57 adjacency matrices.
Total failures: 240
Loaded 57 adjacency matrices.
Total failures: 240
Loaded 57 adjacency matrices.
Total failures: 240
Loaded 57 adjacency matrices.
Total failures: 240
Loaded 57 adjacency matrices.
Total failures: 240
Loaded 57 adjacency matrices.
Total failures: 240
Loaded 57 adjacency matrices.
Total failures: 240
Loaded 57 adjacency matrices.
Total failures: 240
Loaded 57 adjacency matrices.
Total failures: 240
Loaded 57 adjacency matrices.
Total failures: 240
Loaded 57 adjacency matrices.
Total failures: 240
Loaded 57 adjacency matrices.
Total failures: 240
Loaded 57 adjacency matrices.
Total failures: 240
Loaded 57 adjacency matrices.
Total failures: 240
Loaded 57 adjacency matrices.
Total failures: 240

JOB STATISTICS
==============
Job ID: 9595075
Cluster: snellius
User/Group: njafarian/njafarian
State: COMPLETED (exit code 0)
Nodes: 4
Cores per node: 128
CPU Utilized: 00:00:36
CPU Efficiency: 0.50% of 01:59:28 core-walltime
Job Wall-clock time: 00:00:14
Memory Utilized: 2.57 MB
Memory Efficiency: 0.00% of 896.00 GB
