Loaded 554 adjacency matrices.
Total failures: 0
Loaded 554 adjacency matrices.
Total failures: 0
Loaded 554 adjacency matrices.
Total failures: 0
Loaded 554 adjacency matrices.
Total failures: 0
Loaded 554 adjacency matrices.
Total failures: 0
Loaded 554 adjacency matrices.
Total failures: 0
Loaded 554 adjacency matrices.
Total failures: 0
Loaded 554 adjacency matrices.
Total failures: 168
Loaded 554 adjacency matrices.
Total failures: 0
Loaded 554 adjacency matrices.
Total failures: 0
Loaded 554 adjacency matrices.
Total failures: 288
Loaded 554 adjacency matrices.
Total failures: 0
Loaded 554 adjacency matrices.
Total failures: 168
Loaded 554 adjacency matrices.
Total failures: 264
Loaded 554 adjacency matrices.
Total failures: 168
Loaded 554 adjacency matrices.
Total failures: 0
Loaded 554 adjacency matrices.
Total failures: 0
Loaded 554 adjacency matrices.
Total failures: 168
Loaded 554 adjacency matrices.
Total failures: 0
Loaded 554 adjacency matrices.
Total failures: 0
Loaded 554 adjacency matrices.
Total failures: 0
Loaded 554 adjacency matrices.
Total failures: 0
Loaded 554 adjacency matrices.
Total failures: 0
Loaded 554 adjacency matrices.
Total failures: 0
Loaded 554 adjacency matrices.
Total failures: 0
Loaded 554 adjacency matrices.
Total failures: 0
Loaded 554 adjacency matrices.
Total failures: 0
Loaded 554 adjacency matrices.
Total failures: 0
Loaded 554 adjacency matrices.
Total failures: 0
Loaded 554 adjacency matrices.
Total failures: 0
Loaded 554 adjacency matrices.
Total failures: 0
Loaded 554 adjacency matrices.
Total failures: 0
Loaded 554 adjacency matrices.
Total failures: 276
Loaded 554 adjacency matrices.
Total failures: 0
Loaded 554 adjacency matrices.
Total failures: 0
Loaded 554 adjacency matrices.
Total failures: 0
Loaded 554 adjacency matrices.
Total failures: 0
Loaded 554 adjacency matrices.
Total failures: 288
Loaded 554 adjacency matrices.
Total failures: 0
Loaded 554 adjacency matrices.
Total failures: 0
Loaded 554 adjacency matrices.
Total failures: 0
Loaded 554 adjacency matrices.
Total failures: 0
Loaded 554 adjacency matrices.
Total failures: 0
Loaded 554 adjacency matrices.
Total failures: 0
Loaded 554 adjacency matrices.
Total failures: 0
Loaded 554 adjacency matrices.
Total failures: 0
Loaded 554 adjacency matrices.
Total failures: 0
Loaded 554 adjacency matrices.
Total failures: 0
Loaded 554 adjacency matrices.
Total failures: 228
Loaded 554 adjacency matrices.
Total failures: 0
Loaded 554 adjacency matrices.
Total failures: 0
Loaded 554 adjacency matrices.
Total failures: 0
Loaded 554 adjacency matrices.
Total failures: 0
Loaded 554 adjacency matrices.
Total failures: 0
Loaded 554 adjacency matrices.
Total failures: 192
Loaded 554 adjacency matrices.
Total failures: 0
Loaded 554 adjacency matrices.
Total failures: 0
Loaded 554 adjacency matrices.
Total failures: 0
Loaded 554 adjacency matrices.
Total failures: 0
Loaded 554 adjacency matrices.
Total failures: 0
Loaded 554 adjacency matrices.
Total failures: 0
Loaded 554 adjacency matrices.
Total failures: 0
Loaded 554 adjacency matrices.
Total failures: 0
Loaded 554 adjacency matrices.
Total failures: 276
Loaded 554 adjacency matrices.
Total failures: 288
Loaded 554 adjacency matrices.
Total failures: 276
Loaded 554 adjacency matrices.
Total failures: 0
Loaded 554 adjacency matrices.
Total failures: 0
Loaded 554 adjacency matrices.
Total failures: 0
Loaded 554 adjacency matrices.
Total failures: 0
Loaded 554 adjacency matrices.
Total failures: 0
Loaded 554 adjacency matrices.
Total failures: 0
Loaded 554 adjacency matrices.
Total failures: 0
Loaded 554 adjacency matrices.
Total failures: 228
Loaded 554 adjacency matrices.
Total failures: 0
Loaded 554 adjacency matrices.
Total failures: 0
Loaded 554 adjacency matrices.
Total failures: 0
Loaded 554 adjacency matrices.
Total failures: 0
Loaded 554 adjacency matrices.
Total failures: 0
Loaded 554 adjacency matrices.
Total failures: 0
Loaded 554 adjacency matrices.
Total failures: 0
Loaded 554 adjacency matrices.
Total failures: 0
Loaded 554 adjacency matrices.
Total failures: 0
Loaded 554 adjacency matrices.
Total failures: 0
Loaded 554 adjacency matrices.
Total failures: 0
Loaded 554 adjacency matrices.
Total failures: 0
Loaded 554 adjacency matrices.
Total failures: 0
Loaded 554 adjacency matrices.
Total failures: 0
Loaded 554 adjacency matrices.
Total failures: 0
Loaded 554 adjacency matrices.
Total failures: 0
Loaded 554 adjacency matrices.
Total failures: 288
Loaded 554 adjacency matrices.
Total failures: 0
Loaded 554 adjacency matrices.
Total failures: 0
Loaded 554 adjacency matrices.
Total failures: 162
Loaded 554 adjacency matrices.
Total failures: 0
Loaded 554 adjacency matrices.
Total failures: 0
Loaded 554 adjacency matrices.
Total failures: 0
Loaded 554 adjacency matrices.
Total failures: 0
Loaded 554 adjacency matrices.
Total failures: 216
Loaded 554 adjacency matrices.
Total failures: 0
Loaded 554 adjacency matrices.
Total failures: 0
Loaded 554 adjacency matrices.
Total failures: 0
Loaded 554 adjacency matrices.
Total failures: 0
Loaded 554 adjacency matrices.
Total failures: 0
Loaded 554 adjacency matrices.
Total failures: 0
Loaded 554 adjacency matrices.
Total failures: 0
Loaded 554 adjacency matrices.
Total failures: 0
Loaded 554 adjacency matrices.
Total failures: 0
Loaded 554 adjacency matrices.
Total failures: 276
Loaded 554 adjacency matrices.
Total failures: 0
Loaded 554 adjacency matrices.
Total failures: 0
Loaded 554 adjacency matrices.
Total failures: 0
Loaded 554 adjacency matrices.
Total failures: 0
Loaded 554 adjacency matrices.
Total failures: 0
Loaded 554 adjacency matrices.
Total failures: 0
Loaded 554 adjacency matrices.
Total failures: 0
Loaded 554 adjacency matrices.
Total failures: 0
Loaded 554 adjacency matrices.
Total failures: 0
Loaded 554 adjacency matrices.
Total failures: 0
Loaded 554 adjacency matrices.
Total failures: 0
Loaded 554 adjacency matrices.
Total failures: 0
Loaded 554 adjacency matrices.
Total failures: 0
Loaded 554 adjacency matrices.
Total failures: 0
Loaded 554 adjacency matrices.
Total failures: 0
Loaded 554 adjacency matrices.
Total failures: 0
Loaded 554 adjacency matrices.
Total failures: 0
Loaded 554 adjacency matrices.
Total failures: 276
Loaded 554 adjacency matrices.
Total failures: 0
Loaded 554 adjacency matrices.
Total failures: 0
Loaded 554 adjacency matrices.
Total failures: 0
Loaded 554 adjacency matrices.
Total failures: 0
Loaded 554 adjacency matrices.
Total failures: 0
Loaded 554 adjacency matrices.
Total failures: 0
Loaded 554 adjacency matrices.
Total failures: 0
Loaded 554 adjacency matrices.
Total failures: 0
Loaded 554 adjacency matrices.
Total failures: 0
Loaded 554 adjacency matrices.
Total failures: 0
Loaded 554 adjacency matrices.
Total failures: 0
Loaded 554 adjacency matrices.
Total failures: 0
Loaded 554 adjacency matrices.
Total failures: 216
Loaded 554 adjacency matrices.
Total failures: 228
Loaded 554 adjacency matrices.
Total failures: 0
Loaded 554 adjacency matrices.
Total failures: 0
Loaded 554 adjacency matrices.
Total failures: 0
Loaded 554 adjacency matrices.
Total failures: 0
Loaded 554 adjacency matrices.
Total failures: 0
Loaded 554 adjacency matrices.
Total failures: 0
Loaded 554 adjacency matrices.
Total failures: 0
Loaded 554 adjacency matrices.
Total failures: 0
Loaded 554 adjacency matrices.
Total failures: 0
Loaded 554 adjacency matrices.
Total failures: 0
Loaded 554 adjacency matrices.
Total failures: 0
Loaded 554 adjacency matrices.
Total failures: 0
Loaded 554 adjacency matrices.
Total failures: 0
Loaded 554 adjacency matrices.
Total failures: 0
Loaded 554 adjacency matrices.
Total failures: 0
Loaded 554 adjacency matrices.
Total failures: 0
Loaded 554 adjacency matrices.
Total failures: 0
Loaded 554 adjacency matrices.
Total failures: 0
Loaded 554 adjacency matrices.
Total failures: 0
Loaded 554 adjacency matrices.
Total failures: 0
Loaded 554 adjacency matrices.
Total failures: 0
Loaded 554 adjacency matrices.
Total failures: 0
Loaded 554 adjacency matrices.
Total failures: 204
Loaded 554 adjacency matrices.
Total failures: 0
Loaded 554 adjacency matrices.
Total failures: 0
Loaded 554 adjacency matrices.
Total failures: 216
Loaded 554 adjacency matrices.
Total failures: 0
Loaded 554 adjacency matrices.
Total failures: 0
Loaded 554 adjacency matrices.
Total failures: 0
Loaded 554 adjacency matrices.
Total failures: 0
Loaded 554 adjacency matrices.
Total failures: 0
Loaded 554 adjacency matrices.
Total failures: 216
Loaded 554 adjacency matrices.
Total failures: 0
Loaded 554 adjacency matrices.
Total failures: 0
Loaded 554 adjacency matrices.
Total failures: 0
Loaded 554 adjacency matrices.
Total failures: 0
Loaded 554 adjacency matrices.
Total failures: 0
Loaded 554 adjacency matrices.
Total failures: 204
Loaded 554 adjacency matrices.
Total failures: 0
Loaded 554 adjacency matrices.
Total failures: 0
Loaded 554 adjacency matrices.
Total failures: 0
Loaded 554 adjacency matrices.
Total failures: 0
Loaded 554 adjacency matrices.
Total failures: 264
Loaded 554 adjacency matrices.
Total failures: 0
Loaded 554 adjacency matrices.
Total failures: 0
Loaded 554 adjacency matrices.
Total failures: 0
Loaded 554 adjacency matrices.
Total failures: 0
Loaded 554 adjacency matrices.
Total failures: 0
Loaded 554 adjacency matrices.
Total failures: 0
Loaded 554 adjacency matrices.
Total failures: 0
Loaded 554 adjacency matrices.
Total failures: 246
Loaded 554 adjacency matrices.
Total failures: 312
Loaded 554 adjacency matrices.
Total failures: 0
Loaded 554 adjacency matrices.
Total failures: 0
Loaded 554 adjacency matrices.
Total failures: 0
Loaded 554 adjacency matrices.
Total failures: 0
Loaded 554 adjacency matrices.
Total failures: 0
Loaded 554 adjacency matrices.
Total failures: 0
Loaded 554 adjacency matrices.
Total failures: 0
Loaded 554 adjacency matrices.
Total failures: 0
Loaded 554 adjacency matrices.
Total failures: 0
Loaded 554 adjacency matrices.
Total failures: 0
Loaded 554 adjacency matrices.
Total failures: 0
Loaded 554 adjacency matrices.
Total failures: 0
Loaded 554 adjacency matrices.
Total failures: 0
Loaded 554 adjacency matrices.
Total failures: 0
Loaded 554 adjacency matrices.
Total failures: 0
Loaded 554 adjacency matrices.
Total failures: 0
Loaded 554 adjacency matrices.
Total failures: 48
Loaded 554 adjacency matrices.
Total failures: 0
Loaded 554 adjacency matrices.
Total failures: 0
Loaded 554 adjacency matrices.
Total failures: 0
Loaded 554 adjacency matrices.
Total failures: 0
Loaded 554 adjacency matrices.
Total failures: 0
Loaded 554 adjacency matrices.
Total failures: 0
Loaded 554 adjacency matrices.
Total failures: 0
Loaded 554 adjacency matrices.
Total failures: 0
Loaded 554 adjacency matrices.
Total failures: 216
Loaded 554 adjacency matrices.
Total failures: 294
Loaded 554 adjacency matrices.
Total failures: 0
Loaded 554 adjacency matrices.
Total failures: 0
Loaded 554 adjacency matrices.
Total failures: 168
Loaded 554 adjacency matrices.
Total failures: 0
Loaded 554 adjacency matrices.
Total failures: 0
Loaded 554 adjacency matrices.
Total failures: 0
Loaded 554 adjacency matrices.
Total failures: 0
Loaded 554 adjacency matrices.
Total failures: 0
Loaded 554 adjacency matrices.
Total failures: 0
Loaded 554 adjacency matrices.
Total failures: 0
Loaded 554 adjacency matrices.
Total failures: 0
Loaded 554 adjacency matrices.
Total failures: 0
Loaded 554 adjacency matrices.
Total failures: 0
Loaded 554 adjacency matrices.
Total failures: 0
Loaded 554 adjacency matrices.
Total failures: 276
Loaded 554 adjacency matrices.
Total failures: 0
Loaded 554 adjacency matrices.
Total failures: 0
Loaded 554 adjacency matrices.
Total failures: 0
Loaded 554 adjacency matrices.
Total failures: 0
Loaded 554 adjacency matrices.
Total failures: 0
Loaded 554 adjacency matrices.
Total failures: 0
Loaded 554 adjacency matrices.
Total failures: 0
Loaded 554 adjacency matrices.
Total failures: 0
Loaded 554 adjacency matrices.
Total failures: 0
Loaded 554 adjacency matrices.
Total failures: 0
Loaded 554 adjacency matrices.
Total failures: 0
Loaded 554 adjacency matrices.
Total failures: 0
Loaded 554 adjacency matrices.
Total failures: 0
Loaded 554 adjacency matrices.
Total failures: 0
Loaded 554 adjacency matrices.
Total failures: 0
Loaded 554 adjacency matrices.
Total failures: 0
Loaded 554 adjacency matrices.
Total failures: 0
Loaded 554 adjacency matrices.
Total failures: 0
Loaded 554 adjacency matrices.
Total failures: 0
Loaded 554 adjacency matrices.
Total failures: 0
Loaded 554 adjacency matrices.
Total failures: 0
Loaded 554 adjacency matrices.
Total failures: 0
Loaded 554 adjacency matrices.
Total failures: 0
Loaded 554 adjacency matrices.
Total failures: 0
Loaded 554 adjacency matrices.
Total failures: 0
Loaded 554 adjacency matrices.
Total failures: 228
Loaded 554 adjacency matrices.
Total failures: 0
Loaded 554 adjacency matrices.
Total failures: 0
Loaded 554 adjacency matrices.
Total failures: 0
Loaded 554 adjacency matrices.
Total failures: 0
Loaded 554 adjacency matrices.
Total failures: 0
Loaded 554 adjacency matrices.
Total failures: 0
Loaded 554 adjacency matrices.
Total failures: 0
Loaded 554 adjacency matrices.
Total failures: 0
Loaded 554 adjacency matrices.
Total failures: 0
Loaded 554 adjacency matrices.
Total failures: 0
Loaded 554 adjacency matrices.
Total failures: 0
Loaded 554 adjacency matrices.
Total failures: 0
Loaded 554 adjacency matrices.
Total failures: 0
Loaded 554 adjacency matrices.
Total failures: 0
Loaded 554 adjacency matrices.
Total failures: 0
Loaded 554 adjacency matrices.
Total failures: 0
Loaded 554 adjacency matrices.
Total failures: 0
Loaded 554 adjacency matrices.
Total failures: 0
Loaded 554 adjacency matrices.
Total failures: 0
Loaded 554 adjacency matrices.
Total failures: 0
Loaded 554 adjacency matrices.
Total failures: 0
Loaded 554 adjacency matrices.
Total failures: 0
Loaded 554 adjacency matrices.
Total failures: 0
Loaded 554 adjacency matrices.
Total failures: 0
Loaded 554 adjacency matrices.
Total failures: 0
Loaded 554 adjacency matrices.
Total failures: 0
Loaded 554 adjacency matrices.
Total failures: 0
Loaded 554 adjacency matrices.
Total failures: 0
Loaded 554 adjacency matrices.
Total failures: 0
Loaded 554 adjacency matrices.
Total failures: 0
Loaded 554 adjacency matrices.
Total failures: 0
Loaded 554 adjacency matrices.
Total failures: 0
Loaded 554 adjacency matrices.
Total failures: 0
Loaded 554 adjacency matrices.
Total failures: 0
Loaded 554 adjacency matrices.
Total failures: 0
Loaded 554 adjacency matrices.
Total failures: 0
Loaded 554 adjacency matrices.
Total failures: 0
Loaded 554 adjacency matrices.
Total failures: 0
Loaded 554 adjacency matrices.
Total failures: 0
Loaded 554 adjacency matrices.
Total failures: 0
Loaded 554 adjacency matrices.
Total failures: 0
Loaded 554 adjacency matrices.
Total failures: 0
Loaded 554 adjacency matrices.
Total failures: 156
Loaded 554 adjacency matrices.
Total failures: 0
Loaded 554 adjacency matrices.
Total failures: 0
Loaded 554 adjacency matrices.
Total failures: 0
Loaded 554 adjacency matrices.
Total failures: 0
Loaded 554 adjacency matrices.
Total failures: 0
Loaded 554 adjacency matrices.
Total failures: 0
Loaded 554 adjacency matrices.
Total failures: 0
Loaded 554 adjacency matrices.
Total failures: 0
Loaded 554 adjacency matrices.
Total failures: 0
Loaded 554 adjacency matrices.
Total failures: 0
Loaded 554 adjacency matrices.
Total failures: 0
Loaded 554 adjacency matrices.
Total failures: 0
Loaded 554 adjacency matrices.
Total failures: 0
Loaded 554 adjacency matrices.
Total failures: 0
Loaded 554 adjacency matrices.
Total failures: 0
Loaded 554 adjacency matrices.
Total failures: 0
Loaded 554 adjacency matrices.
Total failures: 180
Loaded 554 adjacency matrices.
Total failures: 0
Loaded 554 adjacency matrices.
Total failures: 0
Loaded 554 adjacency matrices.
Total failures: 0
Loaded 554 adjacency matrices.
Total failures: 0
Loaded 554 adjacency matrices.
Total failures: 0
Loaded 554 adjacency matrices.
Total failures: 0
Loaded 554 adjacency matrices.
Total failures: 0
Loaded 554 adjacency matrices.
Total failures: 0
Loaded 554 adjacency matrices.
Total failures: 0
Loaded 554 adjacency matrices.
Total failures: 0
Loaded 554 adjacency matrices.
Total failures: 0
Loaded 554 adjacency matrices.
Total failures: 0
Loaded 554 adjacency matrices.
Total failures: 0
Loaded 554 adjacency matrices.
Total failures: 0
Loaded 554 adjacency matrices.
Total failures: 0
Loaded 554 adjacency matrices.
Total failures: 144
Loaded 554 adjacency matrices.
Total failures: 0
Loaded 554 adjacency matrices.
Total failures: 0
Loaded 554 adjacency matrices.
Total failures: 0
Loaded 554 adjacency matrices.
Total failures: 0
Loaded 554 adjacency matrices.
Total failures: 0
Loaded 554 adjacency matrices.
Total failures: 0
Loaded 554 adjacency matrices.
Total failures: 0
Loaded 554 adjacency matrices.
Total failures: 0
Loaded 554 adjacency matrices.
Total failures: 0
Loaded 554 adjacency matrices.
Total failures: 0
Loaded 554 adjacency matrices.
Total failures: 0
Loaded 554 adjacency matrices.
Total failures: 0
Loaded 554 adjacency matrices.
Total failures: 0
Loaded 554 adjacency matrices.
Total failures: 0
Loaded 554 adjacency matrices.
Total failures: 0
Loaded 554 adjacency matrices.
Total failures: 0
Loaded 554 adjacency matrices.
Total failures: 0
Loaded 554 adjacency matrices.
Total failures: 0
Loaded 554 adjacency matrices.
Total failures: 0
Loaded 554 adjacency matrices.
Total failures: 0
Loaded 554 adjacency matrices.
Total failures: 258
Loaded 554 adjacency matrices.
Total failures: 0
Loaded 554 adjacency matrices.
Total failures: 0
Loaded 554 adjacency matrices.
Total failures: 0
Loaded 554 adjacency matrices.
Total failures: 0
Loaded 554 adjacency matrices.
Total failures: 0
Loaded 554 adjacency matrices.
Total failures: 0
Loaded 554 adjacency matrices.
Total failures: 0
Loaded 554 adjacency matrices.
Total failures: 0
Loaded 554 adjacency matrices.
Total failures: 0
Loaded 554 adjacency matrices.
Total failures: 0
Loaded 554 adjacency matrices.
Total failures: 240
Loaded 554 adjacency matrices.
Total failures: 0
Loaded 554 adjacency matrices.
Total failures: 0
Loaded 554 adjacency matrices.
Total failures: 0
Loaded 554 adjacency matrices.
Total failures: 0
Loaded 554 adjacency matrices.
Total failures: 0
Loaded 554 adjacency matrices.
Total failures: 0
Loaded 554 adjacency matrices.
Total failures: 0
Loaded 554 adjacency matrices.
Total failures: 0
Loaded 554 adjacency matrices.
Total failures: 0
Loaded 554 adjacency matrices.
Total failures: 0
Loaded 554 adjacency matrices.
Total failures: 0
Loaded 554 adjacency matrices.
Total failures: 0
Loaded 554 adjacency matrices.
Total failures: 0
Loaded 554 adjacency matrices.
Total failures: 192
Loaded 554 adjacency matrices.
Total failures: 0
Loaded 554 adjacency matrices.
Total failures: 0
Loaded 554 adjacency matrices.
Total failures: 0
Loaded 554 adjacency matrices.
Total failures: 0
Loaded 554 adjacency matrices.
Total failures: 0
Loaded 554 adjacency matrices.
Total failures: 0
Loaded 554 adjacency matrices.
Total failures: 0
Loaded 554 adjacency matrices.
Total failures: 0
Loaded 554 adjacency matrices.
Total failures: 0
Loaded 554 adjacency matrices.
Total failures: 0
Loaded 554 adjacency matrices.
Total failures: 210
Loaded 554 adjacency matrices.
Total failures: 0
Loaded 554 adjacency matrices.
Total failures: 0
Loaded 554 adjacency matrices.
Total failures: 0
Loaded 554 adjacency matrices.
Total failures: 0
Loaded 554 adjacency matrices.
Total failures: 0
Loaded 554 adjacency matrices.
Total failures: 0
Loaded 554 adjacency matrices.
Total failures: 0
Loaded 554 adjacency matrices.
Total failures: 0
Loaded 554 adjacency matrices.
Total failures: 0
Loaded 554 adjacency matrices.
Total failures: 0
Loaded 554 adjacency matrices.
Total failures: 0
Loaded 554 adjacency matrices.
Total failures: 0
Loaded 554 adjacency matrices.
Total failures: 0
Loaded 554 adjacency matrices.
Total failures: 0
Loaded 554 adjacency matrices.
Total failures: 0
Loaded 554 adjacency matrices.
Total failures: 0
Loaded 554 adjacency matrices.
Total failures: 0
Loaded 554 adjacency matrices.
Total failures: 0
Loaded 554 adjacency matrices.
Total failures: 0
Loaded 554 adjacency matrices.
Total failures: 0
Loaded 554 adjacency matrices.
Total failures: 144
Loaded 554 adjacency matrices.
Total failures: 0
Loaded 554 adjacency matrices.
Total failures: 0
Loaded 554 adjacency matrices.
Total failures: 0
Loaded 554 adjacency matrices.
Total failures: 0
Loaded 554 adjacency matrices.
Total failures: 0
Loaded 554 adjacency matrices.
Total failures: 0
Loaded 554 adjacency matrices.
Total failures: 0
Loaded 554 adjacency matrices.
Total failures: 0
Loaded 554 adjacency matrices.
Total failures: 0
Loaded 554 adjacency matrices.
Total failures: 0
Loaded 554 adjacency matrices.
Total failures: 0
Loaded 554 adjacency matrices.
Total failures: 0
Loaded 554 adjacency matrices.
Total failures: 0
Loaded 554 adjacency matrices.
Total failures: 0
Loaded 554 adjacency matrices.
Total failures: 0
Loaded 554 adjacency matrices.
Total failures: 0
Loaded 554 adjacency matrices.
Total failures: 0
Loaded 554 adjacency matrices.
Total failures: 0
Loaded 554 adjacency matrices.
Total failures: 0
Loaded 554 adjacency matrices.
Total failures: 0
Loaded 554 adjacency matrices.
Total failures: 0
Loaded 554 adjacency matrices.
Total failures: 0
Loaded 554 adjacency matrices.
Total failures: 0
Loaded 554 adjacency matrices.
Total failures: 0
Loaded 554 adjacency matrices.
Total failures: 0
Loaded 554 adjacency matrices.
Total failures: 0
Loaded 554 adjacency matrices.
Total failures: 0
Loaded 554 adjacency matrices.
Total failures: 0
Loaded 554 adjacency matrices.
Total failures: 0
Loaded 554 adjacency matrices.
Total failures: 0
Loaded 554 adjacency matrices.
Total failures: 0
Loaded 554 adjacency matrices.
Total failures: 0
Loaded 554 adjacency matrices.
Total failures: 0
Loaded 554 adjacency matrices.
Total failures: 0
Loaded 554 adjacency matrices.
Total failures: 0
Loaded 554 adjacency matrices.
Total failures: 0
Loaded 554 adjacency matrices.
Total failures: 0
Loaded 554 adjacency matrices.
Total failures: 0
Loaded 554 adjacency matrices.
Total failures: 0
Loaded 554 adjacency matrices.
Total failures: 0
Loaded 554 adjacency matrices.
Total failures: 0
Loaded 554 adjacency matrices.
Total failures: 0
Loaded 554 adjacency matrices.
Total failures: 0
Loaded 554 adjacency matrices.
Total failures: 0
Loaded 554 adjacency matrices.
Total failures: 192
Loaded 554 adjacency matrices.
Total failures: 0
Loaded 554 adjacency matrices.
Total failures: 0
Loaded 554 adjacency matrices.
Total failures: 0
Loaded 554 adjacency matrices.
Total failures: 0
Loaded 554 adjacency matrices.
Total failures: 0
Loaded 554 adjacency matrices.
Total failures: 0
Loaded 554 adjacency matrices.
Total failures: 0
Loaded 554 adjacency matrices.
Total failures: 0
Loaded 554 adjacency matrices.
Total failures: 0
Loaded 554 adjacency matrices.
Total failures: 0
Loaded 554 adjacency matrices.
Total failures: 0
Loaded 554 adjacency matrices.
Total failures: 0
Loaded 554 adjacency matrices.
Total failures: 0
Loaded 554 adjacency matrices.
Total failures: 0
Loaded 554 adjacency matrices.
Total failures: 0
Loaded 554 adjacency matrices.
Total failures: 0
Loaded 554 adjacency matrices.
Total failures: 0
Loaded 554 adjacency matrices.
Total failures: 0
Loaded 554 adjacency matrices.
Total failures: 0
Loaded 554 adjacency matrices.
Total failures: 114
Loaded 554 adjacency matrices.
Total failures: 0
Loaded 554 adjacency matrices.
Total failures: 0
Loaded 554 adjacency matrices.
Total failures: 0
Loaded 554 adjacency matrices.
Total failures: 0
Loaded 554 adjacency matrices.
Total failures: 0
Loaded 554 adjacency matrices.
Total failures: 0
Loaded 554 adjacency matrices.
Total failures: 0
Loaded 554 adjacency matrices.
Total failures: 0
Loaded 554 adjacency matrices.
Total failures: 0
Loaded 554 adjacency matrices.
Total failures: 0
Loaded 554 adjacency matrices.
Total failures: 0
Loaded 554 adjacency matrices.
Total failures: 0
Loaded 554 adjacency matrices.
Total failures: 0
Loaded 554 adjacency matrices.
Total failures: 0
Loaded 554 adjacency matrices.
Total failures: 0
Loaded 554 adjacency matrices.
Total failures: 0
Loaded 554 adjacency matrices.
Total failures: 0
Loaded 554 adjacency matrices.
Total failures: 0
Loaded 554 adjacency matrices.
Total failures: 0
Loaded 554 adjacency matrices.
Total failures: 0
Loaded 554 adjacency matrices.
Total failures: 0
Loaded 554 adjacency matrices.
Total failures: 0
Loaded 554 adjacency matrices.
Total failures: 0
Loaded 554 adjacency matrices.
Total failures: 0
Loaded 554 adjacency matrices.
Total failures: 0
Loaded 554 adjacency matrices.
Total failures: 0
Loaded 554 adjacency matrices.
Total failures: 0
Loaded 554 adjacency matrices.
Total failures: 0
Loaded 554 adjacency matrices.
Total failures: 144
Loaded 554 adjacency matrices.
Total failures: 0
Loaded 554 adjacency matrices.
Total failures: 0
Loaded 554 adjacency matrices.
Total failures: 0
Loaded 554 adjacency matrices.
Total failures: 0
Loaded 554 adjacency matrices.
Total failures: 0
Loaded 554 adjacency matrices.
Total failures: 0
Loaded 554 adjacency matrices.
Total failures: 96
Loaded 554 adjacency matrices.
Total failures: 0
Loaded 554 adjacency matrices.
Total failures: 0
Loaded 554 adjacency matrices.
Total failures: 0
Loaded 554 adjacency matrices.
Total failures: 0
Loaded 554 adjacency matrices.
Total failures: 0
Loaded 554 adjacency matrices.
Total failures: 0
Loaded 554 adjacency matrices.
Total failures: 0
Loaded 554 adjacency matrices.
Total failures: 0
Loaded 554 adjacency matrices.
Total failures: 0
Loaded 554 adjacency matrices.
Total failures: 96
Loaded 554 adjacency matrices.
Total failures: 0
Loaded 554 adjacency matrices.
Total failures: 0
Loaded 554 adjacency matrices.
Total failures: 0
Loaded 554 adjacency matrices.
Total failures: 0
Loaded 554 adjacency matrices.
Total failures: 0
Loaded 554 adjacency matrices.
Total failures: 0
Loaded 554 adjacency matrices.
Total failures: 0
Loaded 554 adjacency matrices.
Total failures: 0
Loaded 554 adjacency matrices.
Total failures: 0
Loaded 554 adjacency matrices.
Total failures: 0
Loaded 554 adjacency matrices.
Total failures: 0
Loaded 554 adjacency matrices.
Total failures: 0
Loaded 554 adjacency matrices.
Total failures: 0
Loaded 554 adjacency matrices.
Total failures: 0
Loaded 554 adjacency matrices.
Total failures: 0
Loaded 554 adjacency matrices.
Total failures: 0
Loaded 554 adjacency matrices.
Total failures: 0
Loaded 554 adjacency matrices.
Total failures: 0
Loaded 554 adjacency matrices.
Total failures: 0
Loaded 554 adjacency matrices.
Total failures: 0
Loaded 554 adjacency matrices.
Total failures: 0
Loaded 554 adjacency matrices.
Total failures: 0
Loaded 554 adjacency matrices.
Total failures: 0
Loaded 554 adjacency matrices.
Total failures: 0
Loaded 554 adjacency matrices.
Total failures: 0
Loaded 554 adjacency matrices.
Total failures: 0
Loaded 554 adjacency matrices.
Total failures: 0
Loaded 554 adjacency matrices.
Total failures: 0

JOB STATISTICS
==============
Job ID: 9534567
Cluster: snellius
User/Group: njafarian/njafarian
State: COMPLETED (exit code 0)
Nodes: 35
Cores per node: 128
CPU Utilized: 07:44:23
CPU Efficiency: 1.79% of 18-01:04:00 core-walltime
Job Wall-clock time: 00:05:48
Memory Utilized: 1.10 GB
Memory Efficiency: 0.01% of 7.66 TB
