Loaded 554 adjacency matrices.
Starting 504000 runs.
Total failures: 0
Expected steps to absorption saved and compressed to '../output/expected_steps_509.csv.gz'
Loaded 554 adjacency matrices.
Starting 504000 runs.
Total failures: 0
Expected steps to absorption saved and compressed to '../output/expected_steps_498.csv.gz'
Loaded 554 adjacency matrices.
Starting 504000 runs.
Total failures: 0
Expected steps to absorption saved and compressed to '../output/expected_steps_511.csv.gz'
Loaded 554 adjacency matrices.
Starting 504000 runs.
Total failures: 0
Expected steps to absorption saved and compressed to '../output/expected_steps_500.csv.gz'
Loaded 554 adjacency matrices.
Starting 504000 runs.
Total failures: 0
Expected steps to absorption saved and compressed to '../output/expected_steps_516.csv.gz'
Loaded 554 adjacency matrices.
Starting 504000 runs.
Total failures: 0
Expected steps to absorption saved and compressed to '../output/expected_steps_457.csv.gz'
Loaded 554 adjacency matrices.
Starting 504000 runs.
Total failures: 0
Expected steps to absorption saved and compressed to '../output/expected_steps_507.csv.gz'
Loaded 554 adjacency matrices.
Starting 504000 runs.
Total failures: 0
Expected steps to absorption saved and compressed to '../output/expected_steps_506.csv.gz'
Loaded 554 adjacency matrices.
Starting 504000 runs.
Total failures: 0
Expected steps to absorption saved and compressed to '../output/expected_steps_331.csv.gz'
Loaded 554 adjacency matrices.
Starting 504000 runs.
Total failures: 0
Expected steps to absorption saved and compressed to '../output/expected_steps_337.csv.gz'
Loaded 554 adjacency matrices.
Starting 504000 runs.
Total failures: 0
Expected steps to absorption saved and compressed to '../output/expected_steps_483.csv.gz'
Loaded 554 adjacency matrices.
Starting 504000 runs.
Total failures: 0
Expected steps to absorption saved and compressed to '../output/expected_steps_520.csv.gz'
Loaded 554 adjacency matrices.
Starting 504000 runs.
Total failures: 0
Expected steps to absorption saved and compressed to '../output/expected_steps_517.csv.gz'
Loaded 554 adjacency matrices.
Starting 504000 runs.
Total failures: 0
Expected steps to absorption saved and compressed to '../output/expected_steps_485.csv.gz'
Loaded 554 adjacency matrices.
Starting 504000 runs.
Total failures: 0
Expected steps to absorption saved and compressed to '../output/expected_steps_513.csv.gz'
Loaded 554 adjacency matrices.
Starting 504000 runs.
Total failures: 0
Expected steps to absorption saved and compressed to '../output/expected_steps_497.csv.gz'
Loaded 554 adjacency matrices.
Starting 504000 runs.
Total failures: 0
Expected steps to absorption saved and compressed to '../output/expected_steps_332.csv.gz'
Loaded 554 adjacency matrices.
Starting 504000 runs.
Total failures: 0
Expected steps to absorption saved and compressed to '../output/expected_steps_499.csv.gz'
Loaded 554 adjacency matrices.
Starting 504000 runs.
Total failures: 0
Expected steps to absorption saved and compressed to '../output/expected_steps_514.csv.gz'
Loaded 554 adjacency matrices.
Starting 504000 runs.
Total failures: 0
Expected steps to absorption saved and compressed to '../output/expected_steps_493.csv.gz'
Loaded 554 adjacency matrices.
Starting 504000 runs.
Total failures: 0
Expected steps to absorption saved and compressed to '../output/expected_steps_508.csv.gz'
Loaded 554 adjacency matrices.
Starting 504000 runs.
Total failures: 0
Expected steps to absorption saved and compressed to '../output/expected_steps_489.csv.gz'
Loaded 554 adjacency matrices.
Starting 504000 runs.
Total failures: 0
Expected steps to absorption saved and compressed to '../output/expected_steps_455.csv.gz'
Loaded 554 adjacency matrices.
Starting 504000 runs.
Total failures: 0
Expected steps to absorption saved and compressed to '../output/expected_steps_491.csv.gz'
Loaded 554 adjacency matrices.
Starting 504000 runs.
Total failures: 0
Expected steps to absorption saved and compressed to '../output/expected_steps_345.csv.gz'
Loaded 554 adjacency matrices.
Starting 504000 runs.
Total failures: 0
Expected steps to absorption saved and compressed to '../output/expected_steps_510.csv.gz'
Loaded 554 adjacency matrices.
Starting 504000 runs.
Total failures: 0
Expected steps to absorption saved and compressed to '../output/expected_steps_313.csv.gz'
Loaded 554 adjacency matrices.
Starting 504000 runs.
Total failures: 0
Expected steps to absorption saved and compressed to '../output/expected_steps_335.csv.gz'
Loaded 554 adjacency matrices.
Starting 504000 runs.
Total failures: 0
Expected steps to absorption saved and compressed to '../output/expected_steps_490.csv.gz'
Loaded 554 adjacency matrices.
Starting 504000 runs.
Total failures: 0
Expected steps to absorption saved and compressed to '../output/expected_steps_334.csv.gz'
Loaded 554 adjacency matrices.
Starting 504000 runs.
Total failures: 0
Expected steps to absorption saved and compressed to '../output/expected_steps_515.csv.gz'
Loaded 554 adjacency matrices.
Starting 504000 runs.
Total failures: 0
Expected steps to absorption saved and compressed to '../output/expected_steps_456.csv.gz'
Loaded 554 adjacency matrices.
Starting 504000 runs.
Total failures: 0
Expected steps to absorption saved and compressed to '../output/expected_steps_383.csv.gz'
Loaded 554 adjacency matrices.
Starting 504000 runs.
Total failures: 0
Expected steps to absorption saved and compressed to '../output/expected_steps_452.csv.gz'
Loaded 554 adjacency matrices.
Starting 504000 runs.
Total failures: 0
Expected steps to absorption saved and compressed to '../output/expected_steps_408.csv.gz'
Loaded 554 adjacency matrices.
Starting 504000 runs.
Total failures: 0
Expected steps to absorption saved and compressed to '../output/expected_steps_294.csv.gz'
Loaded 554 adjacency matrices.
Starting 504000 runs.
Total failures: 0
Expected steps to absorption saved and compressed to '../output/expected_steps_458.csv.gz'
Loaded 554 adjacency matrices.
Starting 504000 runs.
Total failures: 0
Expected steps to absorption saved and compressed to '../output/expected_steps_336.csv.gz'
Loaded 554 adjacency matrices.
Starting 504000 runs.
Total failures: 0
Expected steps to absorption saved and compressed to '../output/expected_steps_328.csv.gz'
Loaded 554 adjacency matrices.
Starting 504000 runs.
Total failures: 0
Expected steps to absorption saved and compressed to '../output/expected_steps_512.csv.gz'
Loaded 554 adjacency matrices.
Starting 504000 runs.
Total failures: 0
Expected steps to absorption saved and compressed to '../output/expected_steps_314.csv.gz'
Loaded 554 adjacency matrices.
Starting 504000 runs.
Total failures: 0
Expected steps to absorption saved and compressed to '../output/expected_steps_329.csv.gz'
Loaded 554 adjacency matrices.
Starting 504000 runs.
Total failures: 0
Expected steps to absorption saved and compressed to '../output/expected_steps_492.csv.gz'
Loaded 554 adjacency matrices.
Starting 504000 runs.
Total failures: 0
Expected steps to absorption saved and compressed to '../output/expected_steps_321.csv.gz'
Loaded 554 adjacency matrices.
Starting 504000 runs.
Total failures: 0
Expected steps to absorption saved and compressed to '../output/expected_steps_333.csv.gz'
Loaded 554 adjacency matrices.
Starting 504000 runs.
Total failures: 0
Expected steps to absorption saved and compressed to '../output/expected_steps_518.csv.gz'
Loaded 554 adjacency matrices.
Starting 504000 runs.
Total failures: 0
Expected steps to absorption saved and compressed to '../output/expected_steps_343.csv.gz'
Loaded 554 adjacency matrices.
Starting 504000 runs.
Total failures: 0
Expected steps to absorption saved and compressed to '../output/expected_steps_503.csv.gz'
Loaded 554 adjacency matrices.
Starting 504000 runs.
Total failures: 0
Expected steps to absorption saved and compressed to '../output/expected_steps_494.csv.gz'
Loaded 554 adjacency matrices.
Starting 504000 runs.
Total failures: 0
Expected steps to absorption saved and compressed to '../output/expected_steps_501.csv.gz'
Loaded 554 adjacency matrices.
Starting 504000 runs.
Total failures: 0
Expected steps to absorption saved and compressed to '../output/expected_steps_484.csv.gz'
Loaded 554 adjacency matrices.
Starting 504000 runs.
Total failures: 0
Expected steps to absorption saved and compressed to '../output/expected_steps_344.csv.gz'
Loaded 554 adjacency matrices.
Starting 504000 runs.
Total failures: 0
Expected steps to absorption saved and compressed to '../output/expected_steps_442.csv.gz'
Loaded 554 adjacency matrices.
Starting 504000 runs.
Total failures: 0
Expected steps to absorption saved and compressed to '../output/expected_steps_502.csv.gz'
Loaded 554 adjacency matrices.
Starting 504000 runs.
Total failures: 0
Expected steps to absorption saved and compressed to '../output/expected_steps_384.csv.gz'
Loaded 554 adjacency matrices.
Starting 504000 runs.
Total failures: 0
Expected steps to absorption saved and compressed to '../output/expected_steps_504.csv.gz'
Loaded 554 adjacency matrices.
Starting 504000 runs.
Total failures: 0
Expected steps to absorption saved and compressed to '../output/expected_steps_531.csv.gz'
Loaded 554 adjacency matrices.
Starting 504000 runs.
Total failures: 0
Expected steps to absorption saved and compressed to '../output/expected_steps_322.csv.gz'
Loaded 554 adjacency matrices.
Starting 504000 runs.
Total failures: 0
Expected steps to absorption saved and compressed to '../output/expected_steps_317.csv.gz'
Loaded 554 adjacency matrices.
Starting 504000 runs.
Total failures: 0
Expected steps to absorption saved and compressed to '../output/expected_steps_330.csv.gz'
Loaded 554 adjacency matrices.
Starting 504000 runs.
Total failures: 0
Expected steps to absorption saved and compressed to '../output/expected_steps_444.csv.gz'
Loaded 554 adjacency matrices.
Starting 504000 runs.
Total failures: 0
Expected steps to absorption saved and compressed to '../output/expected_steps_528.csv.gz'
Loaded 554 adjacency matrices.
Starting 504000 runs.
Total failures: 0
Expected steps to absorption saved and compressed to '../output/expected_steps_352.csv.gz'
Loaded 554 adjacency matrices.
Starting 504000 runs.
Total failures: 0
Expected steps to absorption saved and compressed to '../output/expected_steps_523.csv.gz'
Loaded 554 adjacency matrices.
Starting 504000 runs.
Total failures: 0
Expected steps to absorption saved and compressed to '../output/expected_steps_318.csv.gz'
Loaded 554 adjacency matrices.
Starting 504000 runs.
Total failures: 0
Expected steps to absorption saved and compressed to '../output/expected_steps_320.csv.gz'
Loaded 554 adjacency matrices.
Starting 504000 runs.
Total failures: 0
Expected steps to absorption saved and compressed to '../output/expected_steps_479.csv.gz'
Loaded 554 adjacency matrices.
Starting 504000 runs.
Total failures: 0
Expected steps to absorption saved and compressed to '../output/expected_steps_385.csv.gz'
Loaded 554 adjacency matrices.
Starting 504000 runs.
Total failures: 0
Expected steps to absorption saved and compressed to '../output/expected_steps_376.csv.gz'
Loaded 554 adjacency matrices.
Starting 504000 runs.
Total failures: 0
Expected steps to absorption saved and compressed to '../output/expected_steps_346.csv.gz'
Loaded 554 adjacency matrices.
Starting 504000 runs.
Total failures: 0
Expected steps to absorption saved and compressed to '../output/expected_steps_288.csv.gz'
Loaded 554 adjacency matrices.
Starting 504000 runs.
Total failures: 0
Expected steps to absorption saved and compressed to '../output/expected_steps_339.csv.gz'
Loaded 554 adjacency matrices.
Starting 504000 runs.
Total failures: 0
Expected steps to absorption saved and compressed to '../output/expected_steps_308.csv.gz'
Loaded 554 adjacency matrices.
Starting 504000 runs.
Total failures: 0
Expected steps to absorption saved and compressed to '../output/expected_steps_360.csv.gz'
Loaded 554 adjacency matrices.
Starting 504000 runs.
Total failures: 0
Expected steps to absorption saved and compressed to '../output/expected_steps_198.csv.gz'
Loaded 554 adjacency matrices.
Starting 504000 runs.
Total failures: 0
Expected steps to absorption saved and compressed to '../output/expected_steps_338.csv.gz'
Loaded 554 adjacency matrices.
Starting 504000 runs.
Total failures: 0
Expected steps to absorption saved and compressed to '../output/expected_steps_437.csv.gz'
Loaded 554 adjacency matrices.
Starting 504000 runs.
Total failures: 0
Expected steps to absorption saved and compressed to '../output/expected_steps_374.csv.gz'
Loaded 554 adjacency matrices.
Starting 504000 runs.
Total failures: 0
Expected steps to absorption saved and compressed to '../output/expected_steps_323.csv.gz'
Loaded 554 adjacency matrices.
Starting 504000 runs.
Total failures: 0
Expected steps to absorption saved and compressed to '../output/expected_steps_480.csv.gz'
Loaded 554 adjacency matrices.
Starting 504000 runs.
Total failures: 0
Expected steps to absorption saved and compressed to '../output/expected_steps_459.csv.gz'
Loaded 554 adjacency matrices.
Starting 504000 runs.
Total failures: 0
Expected steps to absorption saved and compressed to '../output/expected_steps_197.csv.gz'
Loaded 554 adjacency matrices.
Starting 504000 runs.
Total failures: 0
Expected steps to absorption saved and compressed to '../output/expected_steps_436.csv.gz'
Loaded 554 adjacency matrices.
Starting 504000 runs.
Total failures: 0
Expected steps to absorption saved and compressed to '../output/expected_steps_453.csv.gz'
Loaded 554 adjacency matrices.
Starting 504000 runs.
Total failures: 0
Expected steps to absorption saved and compressed to '../output/expected_steps_539.csv.gz'
Loaded 554 adjacency matrices.
Starting 504000 runs.
Total failures: 0
Expected steps to absorption saved and compressed to '../output/expected_steps_291.csv.gz'
Loaded 554 adjacency matrices.
Starting 504000 runs.
Total failures: 0
Expected steps to absorption saved and compressed to '../output/expected_steps_292.csv.gz'
Loaded 554 adjacency matrices.
Starting 504000 runs.
Total failures: 0
Expected steps to absorption saved and compressed to '../output/expected_steps_312.csv.gz'
Loaded 554 adjacency matrices.
Starting 504000 runs.
Total failures: 0
Expected steps to absorption saved and compressed to '../output/expected_steps_139.csv.gz'
Loaded 554 adjacency matrices.
Starting 504000 runs.
Total failures: 0
Expected steps to absorption saved and compressed to '../output/expected_steps_145.csv.gz'
Loaded 554 adjacency matrices.
Starting 504000 runs.
Total failures: 0
Expected steps to absorption saved and compressed to '../output/expected_steps_289.csv.gz'
Loaded 554 adjacency matrices.
Starting 504000 runs.
Total failures: 0
Expected steps to absorption saved and compressed to '../output/expected_steps_354.csv.gz'
Loaded 554 adjacency matrices.
Starting 504000 runs.
Total failures: 0
Expected steps to absorption saved and compressed to '../output/expected_steps_152.csv.gz'
Loaded 554 adjacency matrices.
Starting 504000 runs.
Total failures: 0
Expected steps to absorption saved and compressed to '../output/expected_steps_280.csv.gz'
Loaded 554 adjacency matrices.
Starting 504000 runs.
Total failures: 0
Expected steps to absorption saved and compressed to '../output/expected_steps_487.csv.gz'
Loaded 554 adjacency matrices.
Starting 504000 runs.
Total failures: 0
Expected steps to absorption saved and compressed to '../output/expected_steps_361.csv.gz'
Loaded 554 adjacency matrices.
Starting 504000 runs.
Total failures: 0
Expected steps to absorption saved and compressed to '../output/expected_steps_319.csv.gz'
Loaded 554 adjacency matrices.
Starting 504000 runs.
Total failures: 0
Expected steps to absorption saved and compressed to '../output/expected_steps_351.csv.gz'
Loaded 554 adjacency matrices.
Starting 504000 runs.
Total failures: 0
Expected steps to absorption saved and compressed to '../output/expected_steps_369.csv.gz'
Loaded 554 adjacency matrices.
Starting 504000 runs.
Total failures: 0
Expected steps to absorption saved and compressed to '../output/expected_steps_373.csv.gz'
Loaded 554 adjacency matrices.
Starting 504000 runs.
Total failures: 0
Expected steps to absorption saved and compressed to '../output/expected_steps_534.csv.gz'
Loaded 554 adjacency matrices.
Starting 504000 runs.
Total failures: 0
Expected steps to absorption saved and compressed to '../output/expected_steps_287.csv.gz'
Loaded 554 adjacency matrices.
Starting 504000 runs.
Total failures: 0
Expected steps to absorption saved and compressed to '../output/expected_steps_432.csv.gz'
Loaded 554 adjacency matrices.
Starting 504000 runs.
Total failures: 0
Expected steps to absorption saved and compressed to '../output/expected_steps_519.csv.gz'
Loaded 554 adjacency matrices.
Starting 504000 runs.
Total failures: 0
Expected steps to absorption saved and compressed to '../output/expected_steps_379.csv.gz'
Loaded 554 adjacency matrices.
Starting 504000 runs.
Total failures: 0
Expected steps to absorption saved and compressed to '../output/expected_steps_375.csv.gz'
Loaded 554 adjacency matrices.
Starting 504000 runs.
Total failures: 0
Expected steps to absorption saved and compressed to '../output/expected_steps_449.csv.gz'
Loaded 554 adjacency matrices.
Starting 504000 runs.
Total failures: 0
Expected steps to absorption saved and compressed to '../output/expected_steps_153.csv.gz'
Loaded 554 adjacency matrices.
Starting 504000 runs.
Total failures: 0
Expected steps to absorption saved and compressed to '../output/expected_steps_309.csv.gz'
Loaded 554 adjacency matrices.
Starting 504000 runs.
Total failures: 0
Expected steps to absorption saved and compressed to '../output/expected_steps_305.csv.gz'
Loaded 554 adjacency matrices.
Starting 504000 runs.
Total failures: 0
Expected steps to absorption saved and compressed to '../output/expected_steps_293.csv.gz'
Loaded 554 adjacency matrices.
Starting 504000 runs.
Total failures: 0
Expected steps to absorption saved and compressed to '../output/expected_steps_347.csv.gz'
Loaded 554 adjacency matrices.
Starting 504000 runs.
Total failures: 0
Expected steps to absorption saved and compressed to '../output/expected_steps_261.csv.gz'
Loaded 554 adjacency matrices.
Starting 504000 runs.
Total failures: 0
Expected steps to absorption saved and compressed to '../output/expected_steps_299.csv.gz'
Loaded 554 adjacency matrices.
Starting 504000 runs.
Total failures: 0
Expected steps to absorption saved and compressed to '../output/expected_steps_203.csv.gz'
Loaded 554 adjacency matrices.
Starting 504000 runs.
Total failures: 0
Expected steps to absorption saved and compressed to '../output/expected_steps_134.csv.gz'
Loaded 554 adjacency matrices.
Starting 504000 runs.
Total failures: 0
Expected steps to absorption saved and compressed to '../output/expected_steps_356.csv.gz'
Loaded 554 adjacency matrices.
Starting 504000 runs.
Total failures: 0
Expected steps to absorption saved and compressed to '../output/expected_steps_486.csv.gz'
Loaded 554 adjacency matrices.
Starting 504000 runs.
Total failures: 0
Expected steps to absorption saved and compressed to '../output/expected_steps_472.csv.gz'
Loaded 554 adjacency matrices.
Starting 504000 runs.
Total failures: 0
Expected steps to absorption saved and compressed to '../output/expected_steps_135.csv.gz'
Loaded 554 adjacency matrices.
Starting 504000 runs.
Total failures: 0
Expected steps to absorption saved and compressed to '../output/expected_steps_151.csv.gz'
Loaded 554 adjacency matrices.
Starting 504000 runs.
Total failures: 0
Expected steps to absorption saved and compressed to '../output/expected_steps_123.csv.gz'
Loaded 554 adjacency matrices.
Starting 504000 runs.
Total failures: 0
Expected steps to absorption saved and compressed to '../output/expected_steps_541.csv.gz'
Loaded 554 adjacency matrices.
Starting 504000 runs.
Total failures: 0
Expected steps to absorption saved and compressed to '../output/expected_steps_296.csv.gz'
Loaded 554 adjacency matrices.
Starting 504000 runs.
Total failures: 0
Expected steps to absorption saved and compressed to '../output/expected_steps_405.csv.gz'
Loaded 554 adjacency matrices.
Starting 504000 runs.
Total failures: 0
Expected steps to absorption saved and compressed to '../output/expected_steps_311.csv.gz'
Loaded 554 adjacency matrices.
Starting 504000 runs.
Total failures: 0
Expected steps to absorption saved and compressed to '../output/expected_steps_290.csv.gz'
Loaded 554 adjacency matrices.
Starting 504000 runs.
Total failures: 0
Expected steps to absorption saved and compressed to '../output/expected_steps_386.csv.gz'
Loaded 554 adjacency matrices.
Starting 504000 runs.
Total failures: 0
Expected steps to absorption saved and compressed to '../output/expected_steps_348.csv.gz'
Loaded 554 adjacency matrices.
Starting 504000 runs.
Total failures: 0
Expected steps to absorption saved and compressed to '../output/expected_steps_215.csv.gz'
Loaded 554 adjacency matrices.
Starting 504000 runs.
Total failures: 0
Expected steps to absorption saved and compressed to '../output/expected_steps_481.csv.gz'
Loaded 554 adjacency matrices.
Starting 504000 runs.
Total failures: 0
Expected steps to absorption saved and compressed to '../output/expected_steps_136.csv.gz'
Loaded 554 adjacency matrices.
Starting 504000 runs.
Total failures: 0
Expected steps to absorption saved and compressed to '../output/expected_steps_409.csv.gz'
Loaded 554 adjacency matrices.
Starting 504000 runs.
Total failures: 0
Expected steps to absorption saved and compressed to '../output/expected_steps_460.csv.gz'
Loaded 554 adjacency matrices.
Starting 504000 runs.
Total failures: 0
Expected steps to absorption saved and compressed to '../output/expected_steps_362.csv.gz'
Loaded 554 adjacency matrices.
Starting 504000 runs.
Total failures: 0
Expected steps to absorption saved and compressed to '../output/expected_steps_495.csv.gz'
Loaded 554 adjacency matrices.
Starting 504000 runs.
Total failures: 0
Expected steps to absorption saved and compressed to '../output/expected_steps_131.csv.gz'
Loaded 554 adjacency matrices.
Starting 504000 runs.
Total failures: 0
Expected steps to absorption saved and compressed to '../output/expected_steps_285.csv.gz'
Loaded 554 adjacency matrices.
Starting 504000 runs.
Total failures: 0
Expected steps to absorption saved and compressed to '../output/expected_steps_193.csv.gz'
Loaded 554 adjacency matrices.
Starting 504000 runs.
Total failures: 0
Expected steps to absorption saved and compressed to '../output/expected_steps_521.csv.gz'
Loaded 554 adjacency matrices.
Starting 504000 runs.
Total failures: 0
Expected steps to absorption saved and compressed to '../output/expected_steps_433.csv.gz'
Loaded 554 adjacency matrices.
Starting 504000 runs.
Total failures: 0
Expected steps to absorption saved and compressed to '../output/expected_steps_371.csv.gz'
Loaded 554 adjacency matrices.
Starting 504000 runs.
Total failures: 0
Expected steps to absorption saved and compressed to '../output/expected_steps_199.csv.gz'
Loaded 554 adjacency matrices.
Starting 504000 runs.
Total failures: 0
Expected steps to absorption saved and compressed to '../output/expected_steps_403.csv.gz'
Loaded 554 adjacency matrices.
Starting 504000 runs.
Total failures: 0
Expected steps to absorption saved and compressed to '../output/expected_steps_202.csv.gz'
Loaded 554 adjacency matrices.
Starting 504000 runs.
Total failures: 0
Expected steps to absorption saved and compressed to '../output/expected_steps_137.csv.gz'
Loaded 554 adjacency matrices.
Starting 504000 runs.
Total failures: 0
Expected steps to absorption saved and compressed to '../output/expected_steps_124.csv.gz'
Loaded 554 adjacency matrices.
Starting 504000 runs.
Total failures: 0
Expected steps to absorption saved and compressed to '../output/expected_steps_446.csv.gz'
Loaded 554 adjacency matrices.
Starting 504000 runs.
Total failures: 0
Expected steps to absorption saved and compressed to '../output/expected_steps_342.csv.gz'
Loaded 554 adjacency matrices.
Starting 504000 runs.
Total failures: 0
Expected steps to absorption saved and compressed to '../output/expected_steps_377.csv.gz'
Loaded 554 adjacency matrices.
Starting 504000 runs.
Total failures: 0
Expected steps to absorption saved and compressed to '../output/expected_steps_439.csv.gz'
Loaded 554 adjacency matrices.
Starting 504000 runs.
Total failures: 0
Expected steps to absorption saved and compressed to '../output/expected_steps_378.csv.gz'
Loaded 554 adjacency matrices.
Starting 504000 runs.
Total failures: 0
Expected steps to absorption saved and compressed to '../output/expected_steps_353.csv.gz'
Loaded 554 adjacency matrices.
Starting 504000 runs.
Total failures: 0
Expected steps to absorption saved and compressed to '../output/expected_steps_325.csv.gz'
Loaded 554 adjacency matrices.
Starting 504000 runs.
Total failures: 0
Expected steps to absorption saved and compressed to '../output/expected_steps_315.csv.gz'
Loaded 554 adjacency matrices.
Starting 504000 runs.
Total failures: 0
Expected steps to absorption saved and compressed to '../output/expected_steps_307.csv.gz'
Loaded 554 adjacency matrices.
Starting 504000 runs.
Total failures: 0
Expected steps to absorption saved and compressed to '../output/expected_steps_295.csv.gz'
Loaded 554 adjacency matrices.
Starting 504000 runs.
Total failures: 0
Expected steps to absorption saved and compressed to '../output/expected_steps_423.csv.gz'
Loaded 554 adjacency matrices.
Starting 504000 runs.
Total failures: 0
Expected steps to absorption saved and compressed to '../output/expected_steps_275.csv.gz'
Loaded 554 adjacency matrices.
Starting 504000 runs.
Total failures: 0
Expected steps to absorption saved and compressed to '../output/expected_steps_525.csv.gz'
Loaded 554 adjacency matrices.
Starting 504000 runs.
Total failures: 0
Expected steps to absorption saved and compressed to '../output/expected_steps_381.csv.gz'
Loaded 554 adjacency matrices.
Starting 504000 runs.
Total failures: 0
Expected steps to absorption saved and compressed to '../output/expected_steps_132.csv.gz'
Loaded 554 adjacency matrices.
Starting 504000 runs.
Total failures: 0
Expected steps to absorption saved and compressed to '../output/expected_steps_127.csv.gz'
Loaded 554 adjacency matrices.
Starting 504000 runs.
Total failures: 0
Expected steps to absorption saved and compressed to '../output/expected_steps_524.csv.gz'
Loaded 554 adjacency matrices.
Starting 504000 runs.
Total failures: 0
Expected steps to absorption saved and compressed to '../output/expected_steps_120.csv.gz'
Loaded 554 adjacency matrices.
Starting 504000 runs.
Total failures: 0
Expected steps to absorption saved and compressed to '../output/expected_steps_324.csv.gz'
Loaded 554 adjacency matrices.
Starting 504000 runs.
Total failures: 0
Expected steps to absorption saved and compressed to '../output/expected_steps_522.csv.gz'
Loaded 554 adjacency matrices.
Starting 504000 runs.
Total failures: 0
Expected steps to absorption saved and compressed to '../output/expected_steps_263.csv.gz'
Loaded 554 adjacency matrices.
Starting 504000 runs.
Total failures: 0
Expected steps to absorption saved and compressed to '../output/expected_steps_441.csv.gz'
Loaded 554 adjacency matrices.
Starting 504000 runs.
Total failures: 0
Expected steps to absorption saved and compressed to '../output/expected_steps_282.csv.gz'
Loaded 554 adjacency matrices.
Starting 504000 runs.
Total failures: 0
Expected steps to absorption saved and compressed to '../output/expected_steps_187.csv.gz'
Loaded 554 adjacency matrices.
Starting 504000 runs.
Total failures: 0
Expected steps to absorption saved and compressed to '../output/expected_steps_217.csv.gz'
Loaded 554 adjacency matrices.
Starting 504000 runs.
Total failures: 0
Expected steps to absorption saved and compressed to '../output/expected_steps_254.csv.gz'
Loaded 554 adjacency matrices.
Starting 504000 runs.
Total failures: 0
Expected steps to absorption saved and compressed to '../output/expected_steps_533.csv.gz'
Loaded 554 adjacency matrices.
Starting 504000 runs.
Total failures: 0
Expected steps to absorption saved and compressed to '../output/expected_steps_401.csv.gz'
Loaded 554 adjacency matrices.
Starting 504000 runs.
Total failures: 0
Expected steps to absorption saved and compressed to '../output/expected_steps_114.csv.gz'
Loaded 554 adjacency matrices.
Starting 504000 runs.
Total failures: 0
Expected steps to absorption saved and compressed to '../output/expected_steps_429.csv.gz'
Loaded 554 adjacency matrices.
Starting 504000 runs.
Total failures: 0
Expected steps to absorption saved and compressed to '../output/expected_steps_316.csv.gz'
Loaded 554 adjacency matrices.
Starting 504000 runs.
Total failures: 0
Expected steps to absorption saved and compressed to '../output/expected_steps_196.csv.gz'
Loaded 554 adjacency matrices.
Starting 504000 runs.
Total failures: 0
Expected steps to absorption saved and compressed to '../output/expected_steps_200.csv.gz'
Loaded 554 adjacency matrices.
Starting 504000 runs.
Total failures: 0
Expected steps to absorption saved and compressed to '../output/expected_steps_303.csv.gz'
Loaded 554 adjacency matrices.
Starting 504000 runs.
Total failures: 0
Expected steps to absorption saved and compressed to '../output/expected_steps_326.csv.gz'
Loaded 554 adjacency matrices.
Starting 504000 runs.
Total failures: 0
Expected steps to absorption saved and compressed to '../output/expected_steps_355.csv.gz'
Loaded 554 adjacency matrices.
Starting 504000 runs.
Total failures: 0
Expected steps to absorption saved and compressed to '../output/expected_steps_380.csv.gz'
Loaded 554 adjacency matrices.
Starting 504000 runs.
Total failures: 0
Expected steps to absorption saved and compressed to '../output/expected_steps_191.csv.gz'
Loaded 554 adjacency matrices.
Starting 504000 runs.
Total failures: 0
Expected steps to absorption saved and compressed to '../output/expected_steps_133.csv.gz'
Loaded 554 adjacency matrices.
Starting 504000 runs.
Total failures: 0
Expected steps to absorption saved and compressed to '../output/expected_steps_186.csv.gz'
Loaded 554 adjacency matrices.
Starting 504000 runs.
Total failures: 0
Expected steps to absorption saved and compressed to '../output/expected_steps_302.csv.gz'
Loaded 554 adjacency matrices.
Starting 504000 runs.
Total failures: 0
Expected steps to absorption saved and compressed to '../output/expected_steps_425.csv.gz'
Loaded 554 adjacency matrices.
Starting 504000 runs.
Total failures: 0
Expected steps to absorption saved and compressed to '../output/expected_steps_138.csv.gz'
Loaded 554 adjacency matrices.
Starting 504000 runs.
Total failures: 0
Expected steps to absorption saved and compressed to '../output/expected_steps_505.csv.gz'
Loaded 554 adjacency matrices.
Starting 504000 runs.
Total failures: 0
Expected steps to absorption saved and compressed to '../output/expected_steps_438.csv.gz'
Loaded 554 adjacency matrices.
Starting 504000 runs.
Total failures: 0
Expected steps to absorption saved and compressed to '../output/expected_steps_194.csv.gz'
Loaded 554 adjacency matrices.
Starting 504000 runs.
Total failures: 0
Expected steps to absorption saved and compressed to '../output/expected_steps_161.csv.gz'
Loaded 554 adjacency matrices.
Starting 504000 runs.
Total failures: 0
Expected steps to absorption saved and compressed to '../output/expected_steps_189.csv.gz'
Loaded 554 adjacency matrices.
Starting 504000 runs.
Total failures: 0
Expected steps to absorption saved and compressed to '../output/expected_steps_283.csv.gz'
Loaded 554 adjacency matrices.
Starting 504000 runs.
Total failures: 0
Expected steps to absorption saved and compressed to '../output/expected_steps_350.csv.gz'
Loaded 554 adjacency matrices.
Starting 504000 runs.
Total failures: 0
Expected steps to absorption saved and compressed to '../output/expected_steps_116.csv.gz'
Loaded 554 adjacency matrices.
Starting 504000 runs.
Total failures: 0
Expected steps to absorption saved and compressed to '../output/expected_steps_415.csv.gz'
Loaded 554 adjacency matrices.
Starting 504000 runs.
Total failures: 0
Expected steps to absorption saved and compressed to '../output/expected_steps_450.csv.gz'
Loaded 554 adjacency matrices.
Starting 504000 runs.
Total failures: 0
Expected steps to absorption saved and compressed to '../output/expected_steps_482.csv.gz'
Loaded 554 adjacency matrices.
Starting 504000 runs.
Total failures: 0
Expected steps to absorption saved and compressed to '../output/expected_steps_301.csv.gz'
Loaded 554 adjacency matrices.
Starting 504000 runs.
Total failures: 0
Expected steps to absorption saved and compressed to '../output/expected_steps_382.csv.gz'
Loaded 554 adjacency matrices.
Starting 504000 runs.
Total failures: 0
Expected steps to absorption saved and compressed to '../output/expected_steps_447.csv.gz'
Loaded 554 adjacency matrices.
Starting 504000 runs.
Total failures: 0
Expected steps to absorption saved and compressed to '../output/expected_steps_526.csv.gz'
Loaded 554 adjacency matrices.
Starting 504000 runs.
Total failures: 0
Expected steps to absorption saved and compressed to '../output/expected_steps_258.csv.gz'
Loaded 554 adjacency matrices.
Starting 504000 runs.
Total failures: 0
Expected steps to absorption saved and compressed to '../output/expected_steps_216.csv.gz'
Loaded 554 adjacency matrices.
Starting 504000 runs.
Total failures: 0
Expected steps to absorption saved and compressed to '../output/expected_steps_540.csv.gz'
Loaded 554 adjacency matrices.
Starting 504000 runs.
Total failures: 0
Expected steps to absorption saved and compressed to '../output/expected_steps_340.csv.gz'
Loaded 554 adjacency matrices.
Starting 504000 runs.
Total failures: 0
Expected steps to absorption saved and compressed to '../output/expected_steps_397.csv.gz'
Loaded 554 adjacency matrices.
Starting 504000 runs.
Total failures: 0
Expected steps to absorption saved and compressed to '../output/expected_steps_212.csv.gz'
Loaded 554 adjacency matrices.
Starting 504000 runs.
Total failures: 0
Expected steps to absorption saved and compressed to '../output/expected_steps_179.csv.gz'
Loaded 554 adjacency matrices.
Starting 504000 runs.
Total failures: 0
Expected steps to absorption saved and compressed to '../output/expected_steps_430.csv.gz'
Loaded 554 adjacency matrices.
Starting 504000 runs.
Total failures: 0
Expected steps to absorption saved and compressed to '../output/expected_steps_545.csv.gz'
Loaded 554 adjacency matrices.
Starting 504000 runs.
Total failures: 0
Expected steps to absorption saved and compressed to '../output/expected_steps_465.csv.gz'
Loaded 554 adjacency matrices.
Starting 504000 runs.
Total failures: 0
Expected steps to absorption saved and compressed to '../output/expected_steps_192.csv.gz'
Loaded 554 adjacency matrices.
Starting 504000 runs.
Total failures: 0
Expected steps to absorption saved and compressed to '../output/expected_steps_162.csv.gz'
Loaded 554 adjacency matrices.
Starting 504000 runs.
Total failures: 0
Expected steps to absorption saved and compressed to '../output/expected_steps_255.csv.gz'
Loaded 554 adjacency matrices.
Starting 504000 runs.
Total failures: 0
Expected steps to absorption saved and compressed to '../output/expected_steps_252.csv.gz'
Loaded 554 adjacency matrices.
Starting 504000 runs.
Total failures: 0
Expected steps to absorption saved and compressed to '../output/expected_steps_454.csv.gz'
Loaded 554 adjacency matrices.
Starting 504000 runs.
Total failures: 0
Expected steps to absorption saved and compressed to '../output/expected_steps_239.csv.gz'
Loaded 554 adjacency matrices.
Starting 504000 runs.
Total failures: 0
Expected steps to absorption saved and compressed to '../output/expected_steps_396.csv.gz'
Loaded 554 adjacency matrices.
Starting 504000 runs.
Total failures: 0
Expected steps to absorption saved and compressed to '../output/expected_steps_451.csv.gz'
Loaded 554 adjacency matrices.
Starting 504000 runs.
Total failures: 0
Expected steps to absorption saved and compressed to '../output/expected_steps_327.csv.gz'
Loaded 554 adjacency matrices.
Starting 504000 runs.
Total failures: 0
Expected steps to absorption saved and compressed to '../output/expected_steps_496.csv.gz'
Loaded 554 adjacency matrices.
Starting 504000 runs.
Total failures: 0
Expected steps to absorption saved and compressed to '../output/expected_steps_142.csv.gz'
Loaded 554 adjacency matrices.
Starting 504000 runs.
Total failures: 0
Expected steps to absorption saved and compressed to '../output/expected_steps_150.csv.gz'
Loaded 554 adjacency matrices.
Starting 504000 runs.
Total failures: 0
Expected steps to absorption saved and compressed to '../output/expected_steps_149.csv.gz'
Loaded 554 adjacency matrices.
Starting 504000 runs.
Total failures: 0
Expected steps to absorption saved and compressed to '../output/expected_steps_529.csv.gz'
Loaded 554 adjacency matrices.
Starting 504000 runs.
Total failures: 0
Expected steps to absorption saved and compressed to '../output/expected_steps_363.csv.gz'
Loaded 554 adjacency matrices.
Starting 504000 runs.
Total failures: 0
Expected steps to absorption saved and compressed to '../output/expected_steps_443.csv.gz'
Loaded 554 adjacency matrices.
Starting 504000 runs.
Total failures: 0
Expected steps to absorption saved and compressed to '../output/expected_steps_276.csv.gz'
Loaded 554 adjacency matrices.
Starting 504000 runs.
Total failures: 0
Expected steps to absorption saved and compressed to '../output/expected_steps_118.csv.gz'
Loaded 554 adjacency matrices.
Starting 504000 runs.
Total failures: 0
Expected steps to absorption saved and compressed to '../output/expected_steps_190.csv.gz'
Loaded 554 adjacency matrices.
Starting 504000 runs.
Total failures: 0
Expected steps to absorption saved and compressed to '../output/expected_steps_256.csv.gz'
Loaded 554 adjacency matrices.
Starting 504000 runs.
Total failures: 0
Expected steps to absorption saved and compressed to '../output/expected_steps_208.csv.gz'
Loaded 554 adjacency matrices.
Starting 504000 runs.
Total failures: 0
Expected steps to absorption saved and compressed to '../output/expected_steps_357.csv.gz'
Loaded 554 adjacency matrices.
Starting 504000 runs.
Total failures: 0
Expected steps to absorption saved and compressed to '../output/expected_steps_368.csv.gz'
Loaded 554 adjacency matrices.
Starting 504000 runs.
Total failures: 0
Expected steps to absorption saved and compressed to '../output/expected_steps_392.csv.gz'
Loaded 554 adjacency matrices.
Starting 504000 runs.
Total failures: 0
Expected steps to absorption saved and compressed to '../output/expected_steps_537.csv.gz'
Loaded 554 adjacency matrices.
Starting 504000 runs.
Total failures: 0
Expected steps to absorption saved and compressed to '../output/expected_steps_370.csv.gz'
Loaded 554 adjacency matrices.
Starting 504000 runs.
Total failures: 0
Expected steps to absorption saved and compressed to '../output/expected_steps_83.csv.gz'
Loaded 554 adjacency matrices.
Starting 504000 runs.
Total failures: 0
Expected steps to absorption saved and compressed to '../output/expected_steps_214.csv.gz'
Loaded 554 adjacency matrices.
Starting 504000 runs.
Total failures: 0
Expected steps to absorption saved and compressed to '../output/expected_steps_527.csv.gz'
Loaded 554 adjacency matrices.
Starting 504000 runs.
Total failures: 0
Expected steps to absorption saved and compressed to '../output/expected_steps_477.csv.gz'
Loaded 554 adjacency matrices.
Starting 504000 runs.
Total failures: 0
Expected steps to absorption saved and compressed to '../output/expected_steps_341.csv.gz'
Loaded 554 adjacency matrices.
Starting 504000 runs.
Total failures: 0
Expected steps to absorption saved and compressed to '../output/expected_steps_413.csv.gz'
Loaded 554 adjacency matrices.
Starting 504000 runs.
Total failures: 0
Expected steps to absorption saved and compressed to '../output/expected_steps_108.csv.gz'
Loaded 554 adjacency matrices.
Starting 504000 runs.
Total failures: 0
Expected steps to absorption saved and compressed to '../output/expected_steps_440.csv.gz'
Loaded 554 adjacency matrices.
Starting 504000 runs.
Total failures: 0
Expected steps to absorption saved and compressed to '../output/expected_steps_402.csv.gz'
Loaded 554 adjacency matrices.
Starting 504000 runs.
Total failures: 0
Expected steps to absorption saved and compressed to '../output/expected_steps_410.csv.gz'
Loaded 554 adjacency matrices.
Starting 504000 runs.
Total failures: 0
Expected steps to absorption saved and compressed to '../output/expected_steps_206.csv.gz'
Loaded 554 adjacency matrices.
Starting 504000 runs.
Total failures: 0
Expected steps to absorption saved and compressed to '../output/expected_steps_395.csv.gz'
Loaded 554 adjacency matrices.
Starting 504000 runs.
Total failures: 0
Expected steps to absorption saved and compressed to '../output/expected_steps_310.csv.gz'
Loaded 554 adjacency matrices.
Starting 504000 runs.
Total failures: 0
Expected steps to absorption saved and compressed to '../output/expected_steps_160.csv.gz'
Loaded 554 adjacency matrices.
Starting 504000 runs.
Total failures: 0
Expected steps to absorption saved and compressed to '../output/expected_steps_86.csv.gz'
Loaded 554 adjacency matrices.
Starting 504000 runs.
Total failures: 0
Expected steps to absorption saved and compressed to '../output/expected_steps_213.csv.gz'
Loaded 554 adjacency matrices.
Starting 504000 runs.
Total failures: 0
Expected steps to absorption saved and compressed to '../output/expected_steps_78.csv.gz'
Loaded 554 adjacency matrices.
Starting 504000 runs.
Total failures: 0
Expected steps to absorption saved and compressed to '../output/expected_steps_159.csv.gz'
Loaded 554 adjacency matrices.
Starting 504000 runs.
Total failures: 0
Expected steps to absorption saved and compressed to '../output/expected_steps_175.csv.gz'
Loaded 554 adjacency matrices.
Starting 504000 runs.
Total failures: 0
Expected steps to absorption saved and compressed to '../output/expected_steps_434.csv.gz'
Loaded 554 adjacency matrices.
Starting 504000 runs.
Total failures: 0
Expected steps to absorption saved and compressed to '../output/expected_steps_366.csv.gz'
Loaded 554 adjacency matrices.
Starting 504000 runs.
Total failures: 0
Expected steps to absorption saved and compressed to '../output/expected_steps_188.csv.gz'
Loaded 554 adjacency matrices.
Starting 504000 runs.
Total failures: 0
Expected steps to absorption saved and compressed to '../output/expected_steps_414.csv.gz'
Loaded 554 adjacency matrices.
Starting 504000 runs.
Total failures: 0
Expected steps to absorption saved and compressed to '../output/expected_steps_431.csv.gz'
Loaded 554 adjacency matrices.
Starting 504000 runs.
Total failures: 0
Expected steps to absorption saved and compressed to '../output/expected_steps_49.csv.gz'
Loaded 554 adjacency matrices.
Starting 504000 runs.
Total failures: 0
Expected steps to absorption saved and compressed to '../output/expected_steps_201.csv.gz'
Loaded 554 adjacency matrices.
Starting 504000 runs.
Total failures: 0
Expected steps to absorption saved and compressed to '../output/expected_steps_251.csv.gz'
Loaded 554 adjacency matrices.
Starting 504000 runs.
Total failures: 0
Expected steps to absorption saved and compressed to '../output/expected_steps_126.csv.gz'
Loaded 554 adjacency matrices.
Starting 504000 runs.
Total failures: 0
Expected steps to absorption saved and compressed to '../output/expected_steps_300.csv.gz'
Loaded 554 adjacency matrices.
Starting 504000 runs.
Total failures: 0
Expected steps to absorption saved and compressed to '../output/expected_steps_84.csv.gz'
Loaded 554 adjacency matrices.
Starting 504000 runs.
Total failures: 0
Expected steps to absorption saved and compressed to '../output/expected_steps_542.csv.gz'
Loaded 554 adjacency matrices.
Starting 504000 runs.
Total failures: 0
Expected steps to absorption saved and compressed to '../output/expected_steps_544.csv.gz'
Loaded 554 adjacency matrices.
Starting 504000 runs.
Total failures: 0
Expected steps to absorption saved and compressed to '../output/expected_steps_140.csv.gz'
Loaded 554 adjacency matrices.
Starting 504000 runs.
Total failures: 0
Expected steps to absorption saved and compressed to '../output/expected_steps_359.csv.gz'
Loaded 554 adjacency matrices.
Starting 504000 runs.
Total failures: 0
Expected steps to absorption saved and compressed to '../output/expected_steps_538.csv.gz'
Loaded 554 adjacency matrices.
Starting 504000 runs.
Total failures: 0
Expected steps to absorption saved and compressed to '../output/expected_steps_262.csv.gz'
Loaded 554 adjacency matrices.
Starting 504000 runs.
Total failures: 0
Expected steps to absorption saved and compressed to '../output/expected_steps_176.csv.gz'
Loaded 554 adjacency matrices.
Starting 504000 runs.
Total failures: 0
Expected steps to absorption saved and compressed to '../output/expected_steps_474.csv.gz'
Loaded 554 adjacency matrices.
Starting 504000 runs.
Total failures: 0
Expected steps to absorption saved and compressed to '../output/expected_steps_364.csv.gz'
Loaded 554 adjacency matrices.
Starting 504000 runs.
Total failures: 0
Expected steps to absorption saved and compressed to '../output/expected_steps_107.csv.gz'
Loaded 554 adjacency matrices.
Starting 504000 runs.
Total failures: 0
Expected steps to absorption saved and compressed to '../output/expected_steps_543.csv.gz'
Loaded 554 adjacency matrices.
Starting 504000 runs.
Total failures: 0
Expected steps to absorption saved and compressed to '../output/expected_steps_468.csv.gz'
Loaded 554 adjacency matrices.
Starting 504000 runs.
Total failures: 0
Expected steps to absorption saved and compressed to '../output/expected_steps_195.csv.gz'
Loaded 554 adjacency matrices.
Starting 504000 runs.
Total failures: 0
Expected steps to absorption saved and compressed to '../output/expected_steps_424.csv.gz'
Loaded 554 adjacency matrices.
Starting 504000 runs.
Total failures: 0
Expected steps to absorption saved and compressed to '../output/expected_steps_183.csv.gz'
Loaded 554 adjacency matrices.
Starting 504000 runs.
Total failures: 0
Expected steps to absorption saved and compressed to '../output/expected_steps_129.csv.gz'
Loaded 554 adjacency matrices.
Starting 504000 runs.
Total failures: 0
Expected steps to absorption saved and compressed to '../output/expected_steps_268.csv.gz'
Loaded 554 adjacency matrices.
Starting 504000 runs.
Total failures: 0
Expected steps to absorption saved and compressed to '../output/expected_steps_277.csv.gz'
Loaded 554 adjacency matrices.
Starting 504000 runs.
Total failures: 0
Expected steps to absorption saved and compressed to '../output/expected_steps_530.csv.gz'
Loaded 554 adjacency matrices.
Starting 504000 runs.
Total failures: 0
Expected steps to absorption saved and compressed to '../output/expected_steps_232.csv.gz'
Loaded 554 adjacency matrices.
Starting 504000 runs.
Total failures: 0
Expected steps to absorption saved and compressed to '../output/expected_steps_278.csv.gz'
Loaded 554 adjacency matrices.
Starting 504000 runs.
Total failures: 0
Expected steps to absorption saved and compressed to '../output/expected_steps_35.csv.gz'
Loaded 554 adjacency matrices.
Starting 504000 runs.
Total failures: 0
Expected steps to absorption saved and compressed to '../output/expected_steps_81.csv.gz'
Loaded 554 adjacency matrices.
Starting 504000 runs.
Total failures: 0
Expected steps to absorption saved and compressed to '../output/expected_steps_96.csv.gz'
Loaded 554 adjacency matrices.
Starting 504000 runs.
Total failures: 0
Expected steps to absorption saved and compressed to '../output/expected_steps_85.csv.gz'
Loaded 554 adjacency matrices.
Starting 504000 runs.
Total failures: 0
Expected steps to absorption saved and compressed to '../output/expected_steps_181.csv.gz'
Loaded 554 adjacency matrices.
Starting 504000 runs.
Total failures: 0
Expected steps to absorption saved and compressed to '../output/expected_steps_178.csv.gz'
Loaded 554 adjacency matrices.
Starting 504000 runs.
Total failures: 0
Expected steps to absorption saved and compressed to '../output/expected_steps_34.csv.gz'
Loaded 554 adjacency matrices.
Starting 504000 runs.
Total failures: 0
Expected steps to absorption saved and compressed to '../output/expected_steps_390.csv.gz'
Loaded 554 adjacency matrices.
Starting 504000 runs.
Total failures: 0
Expected steps to absorption saved and compressed to '../output/expected_steps_400.csv.gz'
Loaded 554 adjacency matrices.
Starting 504000 runs.
Total failures: 0
Expected steps to absorption saved and compressed to '../output/expected_steps_297.csv.gz'
Loaded 554 adjacency matrices.
Starting 504000 runs.
Total failures: 0
Expected steps to absorption saved and compressed to '../output/expected_steps_488.csv.gz'
Loaded 554 adjacency matrices.
Starting 504000 runs.
Total failures: 0
Expected steps to absorption saved and compressed to '../output/expected_steps_532.csv.gz'
Loaded 554 adjacency matrices.
Starting 504000 runs.
Total failures: 0
Expected steps to absorption saved and compressed to '../output/expected_steps_146.csv.gz'
Loaded 554 adjacency matrices.
Starting 504000 runs.
Total failures: 0
Expected steps to absorption saved and compressed to '../output/expected_steps_550.csv.gz'
Loaded 554 adjacency matrices.
Starting 504000 runs.
Total failures: 0
Expected steps to absorption saved and compressed to '../output/expected_steps_306.csv.gz'
Loaded 554 adjacency matrices.
Starting 504000 runs.
Total failures: 0
Expected steps to absorption saved and compressed to '../output/expected_steps_445.csv.gz'
Loaded 554 adjacency matrices.
Starting 504000 runs.
Total failures: 0
Expected steps to absorption saved and compressed to '../output/expected_steps_211.csv.gz'
Loaded 554 adjacency matrices.
Starting 504000 runs.
Total failures: 0
Expected steps to absorption saved and compressed to '../output/expected_steps_257.csv.gz'
Loaded 554 adjacency matrices.
Starting 504000 runs.
Total failures: 0
Expected steps to absorption saved and compressed to '../output/expected_steps_271.csv.gz'
Loaded 554 adjacency matrices.
Starting 504000 runs.
Total failures: 0
Expected steps to absorption saved and compressed to '../output/expected_steps_80.csv.gz'
Loaded 554 adjacency matrices.
Starting 504000 runs.
Total failures: 0
Expected steps to absorption saved and compressed to '../output/expected_steps_233.csv.gz'
Loaded 554 adjacency matrices.
Starting 504000 runs.
Total failures: 0
Expected steps to absorption saved and compressed to '../output/expected_steps_349.csv.gz'
Loaded 554 adjacency matrices.
Starting 504000 runs.
Total failures: 0
Expected steps to absorption saved and compressed to '../output/expected_steps_122.csv.gz'
Loaded 554 adjacency matrices.
Starting 504000 runs.
Total failures: 0
Expected steps to absorption saved and compressed to '../output/expected_steps_242.csv.gz'
Loaded 554 adjacency matrices.
Starting 504000 runs.
Total failures: 0
Expected steps to absorption saved and compressed to '../output/expected_steps_91.csv.gz'
Loaded 554 adjacency matrices.
Starting 504000 runs.
Total failures: 0
Expected steps to absorption saved and compressed to '../output/expected_steps_204.csv.gz'
Loaded 554 adjacency matrices.
Starting 504000 runs.
Total failures: 0
Expected steps to absorption saved and compressed to '../output/expected_steps_259.csv.gz'
Loaded 554 adjacency matrices.
Starting 504000 runs.
Total failures: 0
Expected steps to absorption saved and compressed to '../output/expected_steps_98.csv.gz'
Loaded 554 adjacency matrices.
Starting 504000 runs.
Total failures: 0
Expected steps to absorption saved and compressed to '../output/expected_steps_406.csv.gz'
Loaded 554 adjacency matrices.
Starting 504000 runs.
Total failures: 0
Expected steps to absorption saved and compressed to '../output/expected_steps_115.csv.gz'
Loaded 554 adjacency matrices.
Starting 504000 runs.
Total failures: 0
Expected steps to absorption saved and compressed to '../output/expected_steps_93.csv.gz'
Loaded 554 adjacency matrices.
Starting 504000 runs.
Total failures: 0
Expected steps to absorption saved and compressed to '../output/expected_steps_475.csv.gz'
Loaded 554 adjacency matrices.
Starting 504000 runs.
Total failures: 0
Expected steps to absorption saved and compressed to '../output/expected_steps_62.csv.gz'
Loaded 554 adjacency matrices.
Starting 504000 runs.
Total failures: 0
Expected steps to absorption saved and compressed to '../output/expected_steps_428.csv.gz'
Loaded 554 adjacency matrices.
Starting 504000 runs.
Total failures: 0
Expected steps to absorption saved and compressed to '../output/expected_steps_236.csv.gz'
Loaded 554 adjacency matrices.
Starting 504000 runs.
Total failures: 0
Expected steps to absorption saved and compressed to '../output/expected_steps_260.csv.gz'
Loaded 554 adjacency matrices.
Starting 504000 runs.
Total failures: 0
Expected steps to absorption saved and compressed to '../output/expected_steps_33.csv.gz'
Loaded 554 adjacency matrices.
Starting 504000 runs.
Total failures: 0
Expected steps to absorption saved and compressed to '../output/expected_steps_426.csv.gz'
Loaded 554 adjacency matrices.
Starting 504000 runs.
Total failures: 0
Expected steps to absorption saved and compressed to '../output/expected_steps_37.csv.gz'
Loaded 554 adjacency matrices.
Starting 504000 runs.
Total failures: 0
Expected steps to absorption saved and compressed to '../output/expected_steps_103.csv.gz'
Loaded 554 adjacency matrices.
Starting 504000 runs.
Total failures: 0
Expected steps to absorption saved and compressed to '../output/expected_steps_549.csv.gz'
Loaded 554 adjacency matrices.
Starting 504000 runs.
Total failures: 0
Expected steps to absorption saved and compressed to '../output/expected_steps_112.csv.gz'
Loaded 554 adjacency matrices.
Starting 504000 runs.
Total failures: 0
Expected steps to absorption saved and compressed to '../output/expected_steps_125.csv.gz'
Loaded 554 adjacency matrices.
Starting 504000 runs.
Total failures: 0
Expected steps to absorption saved and compressed to '../output/expected_steps_245.csv.gz'
Loaded 554 adjacency matrices.
Starting 504000 runs.
Total failures: 0
Expected steps to absorption saved and compressed to '../output/expected_steps_463.csv.gz'
Loaded 554 adjacency matrices.
Starting 504000 runs.
Total failures: 0
Expected steps to absorption saved and compressed to '../output/expected_steps_419.csv.gz'
Loaded 554 adjacency matrices.
Starting 504000 runs.
Total failures: 0
Expected steps to absorption saved and compressed to '../output/expected_steps_365.csv.gz'
Loaded 554 adjacency matrices.
Starting 504000 runs.
Total failures: 0
Expected steps to absorption saved and compressed to '../output/expected_steps_173.csv.gz'
Loaded 554 adjacency matrices.
Starting 504000 runs.
Total failures: 0
Expected steps to absorption saved and compressed to '../output/expected_steps_284.csv.gz'
Loaded 554 adjacency matrices.
Starting 504000 runs.
Total failures: 0
Expected steps to absorption saved and compressed to '../output/expected_steps_90.csv.gz'
Loaded 554 adjacency matrices.
Starting 504000 runs.
Total failures: 0
Expected steps to absorption saved and compressed to '../output/expected_steps_249.csv.gz'
Loaded 554 adjacency matrices.
Starting 504000 runs.
Total failures: 0
Expected steps to absorption saved and compressed to '../output/expected_steps_166.csv.gz'
Loaded 554 adjacency matrices.
Starting 504000 runs.
Total failures: 0
Expected steps to absorption saved and compressed to '../output/expected_steps_235.csv.gz'
Loaded 554 adjacency matrices.
Starting 504000 runs.
Total failures: 0
Expected steps to absorption saved and compressed to '../output/expected_steps_155.csv.gz'
Loaded 554 adjacency matrices.
Starting 504000 runs.
Total failures: 0
Expected steps to absorption saved and compressed to '../output/expected_steps_240.csv.gz'
Loaded 554 adjacency matrices.
Starting 504000 runs.
Total failures: 0
Expected steps to absorption saved and compressed to '../output/expected_steps_372.csv.gz'
Loaded 554 adjacency matrices.
Starting 504000 runs.
Total failures: 0
Expected steps to absorption saved and compressed to '../output/expected_steps_60.csv.gz'
Loaded 554 adjacency matrices.
Starting 504000 runs.
Total failures: 0
Expected steps to absorption saved and compressed to '../output/expected_steps_224.csv.gz'
Loaded 554 adjacency matrices.
Starting 504000 runs.
Total failures: 0
Expected steps to absorption saved and compressed to '../output/expected_steps_304.csv.gz'
Loaded 554 adjacency matrices.
Starting 504000 runs.
Total failures: 0
Expected steps to absorption saved and compressed to '../output/expected_steps_43.csv.gz'
Loaded 554 adjacency matrices.
Starting 504000 runs.
Total failures: 0
Expected steps to absorption saved and compressed to '../output/expected_steps_435.csv.gz'
Loaded 554 adjacency matrices.
Starting 504000 runs.
Total failures: 0
Expected steps to absorption saved and compressed to '../output/expected_steps_207.csv.gz'
Loaded 554 adjacency matrices.
Starting 504000 runs.
Total failures: 0
Expected steps to absorption saved and compressed to '../output/expected_steps_243.csv.gz'
Loaded 554 adjacency matrices.
Starting 504000 runs.
Total failures: 0
Expected steps to absorption saved and compressed to '../output/expected_steps_547.csv.gz'
Loaded 554 adjacency matrices.
Starting 504000 runs.
Total failures: 0
Expected steps to absorption saved and compressed to '../output/expected_steps_177.csv.gz'
Loaded 554 adjacency matrices.
Starting 504000 runs.
Total failures: 0
Expected steps to absorption saved and compressed to '../output/expected_steps_128.csv.gz'
Loaded 554 adjacency matrices.
Starting 504000 runs.
Total failures: 0
Expected steps to absorption saved and compressed to '../output/expected_steps_147.csv.gz'
Loaded 554 adjacency matrices.
Starting 504000 runs.
Total failures: 0
Expected steps to absorption saved and compressed to '../output/expected_steps_266.csv.gz'
Loaded 554 adjacency matrices.
Starting 504000 runs.
Total failures: 0
Expected steps to absorption saved and compressed to '../output/expected_steps_535.csv.gz'
Loaded 554 adjacency matrices.
Starting 504000 runs.
Total failures: 0
Expected steps to absorption saved and compressed to '../output/expected_steps_121.csv.gz'
Loaded 554 adjacency matrices.
Starting 504000 runs.
Total failures: 0
Expected steps to absorption saved and compressed to '../output/expected_steps_130.csv.gz'
Loaded 554 adjacency matrices.
Starting 504000 runs.
Total failures: 0
Expected steps to absorption saved and compressed to '../output/expected_steps_230.csv.gz'
Loaded 554 adjacency matrices.
Starting 504000 runs.
Total failures: 0
Expected steps to absorption saved and compressed to '../output/expected_steps_89.csv.gz'
Loaded 554 adjacency matrices.
Starting 504000 runs.
Total failures: 0
Expected steps to absorption saved and compressed to '../output/expected_steps_253.csv.gz'
Loaded 554 adjacency matrices.
Starting 504000 runs.
Total failures: 0
Expected steps to absorption saved and compressed to '../output/expected_steps_238.csv.gz'
Loaded 554 adjacency matrices.
Starting 504000 runs.
Total failures: 0
Expected steps to absorption saved and compressed to '../output/expected_steps_244.csv.gz'
Loaded 554 adjacency matrices.
Starting 504000 runs.
Total failures: 0
Expected steps to absorption saved and compressed to '../output/expected_steps_59.csv.gz'
Loaded 554 adjacency matrices.
Starting 504000 runs.
Total failures: 0
Expected steps to absorption saved and compressed to '../output/expected_steps_470.csv.gz'
Loaded 554 adjacency matrices.
Starting 504000 runs.
Total failures: 0
Expected steps to absorption saved and compressed to '../output/expected_steps_38.csv.gz'
Loaded 554 adjacency matrices.
Starting 504000 runs.
Total failures: 0
Expected steps to absorption saved and compressed to '../output/expected_steps_102.csv.gz'
Loaded 554 adjacency matrices.
Starting 504000 runs.
Total failures: 0
Expected steps to absorption saved and compressed to '../output/expected_steps_286.csv.gz'
Loaded 554 adjacency matrices.
Starting 504000 runs.
Total failures: 0
Expected steps to absorption saved and compressed to '../output/expected_steps_407.csv.gz'
Loaded 554 adjacency matrices.
Starting 504000 runs.
Total failures: 0
Expected steps to absorption saved and compressed to '../output/expected_steps_228.csv.gz'
Loaded 554 adjacency matrices.
Starting 504000 runs.
Total failures: 0
Expected steps to absorption saved and compressed to '../output/expected_steps_548.csv.gz'
Loaded 554 adjacency matrices.
Starting 504000 runs.
Total failures: 0
Expected steps to absorption saved and compressed to '../output/expected_steps_141.csv.gz'
Loaded 554 adjacency matrices.
Starting 504000 runs.
Total failures: 0
Expected steps to absorption saved and compressed to '../output/expected_steps_113.csv.gz'
Loaded 554 adjacency matrices.
Starting 504000 runs.
Total failures: 0
Expected steps to absorption saved and compressed to '../output/expected_steps_110.csv.gz'
Loaded 554 adjacency matrices.
Starting 504000 runs.
Total failures: 0
Expected steps to absorption saved and compressed to '../output/expected_steps_156.csv.gz'
Loaded 554 adjacency matrices.
Starting 504000 runs.
Total failures: 0
Expected steps to absorption saved and compressed to '../output/expected_steps_54.csv.gz'
Loaded 554 adjacency matrices.
Starting 504000 runs.
Total failures: 0
Expected steps to absorption saved and compressed to '../output/expected_steps_367.csv.gz'
Loaded 554 adjacency matrices.
Starting 504000 runs.
Total failures: 0
Expected steps to absorption saved and compressed to '../output/expected_steps_536.csv.gz'
Loaded 554 adjacency matrices.
Starting 504000 runs.
Total failures: 0
Expected steps to absorption saved and compressed to '../output/expected_steps_143.csv.gz'
Loaded 554 adjacency matrices.
Starting 504000 runs.
Total failures: 0
Expected steps to absorption saved and compressed to '../output/expected_steps_248.csv.gz'
Loaded 554 adjacency matrices.
Starting 504000 runs.
Total failures: 0
Expected steps to absorption saved and compressed to '../output/expected_steps_104.csv.gz'
Loaded 554 adjacency matrices.
Starting 504000 runs.
Total failures: 0
Expected steps to absorption saved and compressed to '../output/expected_steps_41.csv.gz'
Loaded 554 adjacency matrices.
Starting 504000 runs.
Total failures: 0
Expected steps to absorption saved and compressed to '../output/expected_steps_250.csv.gz'
Loaded 554 adjacency matrices.
Starting 504000 runs.
Total failures: 0
Expected steps to absorption saved and compressed to '../output/expected_steps_106.csv.gz'
Loaded 554 adjacency matrices.
Starting 504000 runs.
Total failures: 0
Expected steps to absorption saved and compressed to '../output/expected_steps_87.csv.gz'
Loaded 554 adjacency matrices.
Starting 504000 runs.
Total failures: 0
Expected steps to absorption saved and compressed to '../output/expected_steps_95.csv.gz'
Loaded 554 adjacency matrices.
Starting 504000 runs.
Total failures: 0
Expected steps to absorption saved and compressed to '../output/expected_steps_546.csv.gz'
Loaded 554 adjacency matrices.
Starting 504000 runs.
Total failures: 0
Expected steps to absorption saved and compressed to '../output/expected_steps_64.csv.gz'
Loaded 554 adjacency matrices.
Starting 504000 runs.
Total failures: 0
Expected steps to absorption saved and compressed to '../output/expected_steps_205.csv.gz'
Loaded 554 adjacency matrices.
Starting 504000 runs.
Total failures: 0
Expected steps to absorption saved and compressed to '../output/expected_steps_111.csv.gz'
Loaded 554 adjacency matrices.
Starting 504000 runs.
Total failures: 0
Expected steps to absorption saved and compressed to '../output/expected_steps_168.csv.gz'
Loaded 554 adjacency matrices.
Starting 504000 runs.
Total failures: 0
Expected steps to absorption saved and compressed to '../output/expected_steps_418.csv.gz'
Loaded 554 adjacency matrices.
Starting 504000 runs.
Total failures: 0
Expected steps to absorption saved and compressed to '../output/expected_steps_411.csv.gz'
Loaded 554 adjacency matrices.
Starting 504000 runs.
Total failures: 0
Expected steps to absorption saved and compressed to '../output/expected_steps_117.csv.gz'
Loaded 554 adjacency matrices.
Starting 504000 runs.
Total failures: 0
Expected steps to absorption saved and compressed to '../output/expected_steps_67.csv.gz'
Loaded 554 adjacency matrices.
Starting 504000 runs.
Total failures: 0
Expected steps to absorption saved and compressed to '../output/expected_steps_47.csv.gz'
Loaded 554 adjacency matrices.
Starting 504000 runs.
Total failures: 0
Expected steps to absorption saved and compressed to '../output/expected_steps_298.csv.gz'
Loaded 554 adjacency matrices.
Starting 504000 runs.
Total failures: 0
Expected steps to absorption saved and compressed to '../output/expected_steps_227.csv.gz'
Loaded 554 adjacency matrices.
Starting 504000 runs.
Total failures: 0
Expected steps to absorption saved and compressed to '../output/expected_steps_391.csv.gz'
Loaded 554 adjacency matrices.
Starting 504000 runs.
Total failures: 0
Expected steps to absorption saved and compressed to '../output/expected_steps_393.csv.gz'
Loaded 554 adjacency matrices.
Starting 504000 runs.
Total failures: 0
Expected steps to absorption saved and compressed to '../output/expected_steps_13.csv.gz'
Loaded 554 adjacency matrices.
Starting 504000 runs.
Total failures: 0
Expected steps to absorption saved and compressed to '../output/expected_steps_65.csv.gz'
Loaded 554 adjacency matrices.
Starting 504000 runs.
Total failures: 0
Expected steps to absorption saved and compressed to '../output/expected_steps_476.csv.gz'
Loaded 554 adjacency matrices.
Starting 504000 runs.
Total failures: 0
Expected steps to absorption saved and compressed to '../output/expected_steps_264.csv.gz'
Loaded 554 adjacency matrices.
Starting 504000 runs.
Total failures: 0
Expected steps to absorption saved and compressed to '../output/expected_steps_28.csv.gz'
Loaded 554 adjacency matrices.
Starting 504000 runs.
Total failures: 0
Expected steps to absorption saved and compressed to '../output/expected_steps_69.csv.gz'
Loaded 554 adjacency matrices.
Starting 504000 runs.
Total failures: 0
Expected steps to absorption saved and compressed to '../output/expected_steps_241.csv.gz'
Loaded 554 adjacency matrices.
Starting 504000 runs.
Total failures: 0
Expected steps to absorption saved and compressed to '../output/expected_steps_74.csv.gz'
Loaded 554 adjacency matrices.
Starting 504000 runs.
Total failures: 0
Expected steps to absorption saved and compressed to '../output/expected_steps_185.csv.gz'
Loaded 554 adjacency matrices.
Starting 504000 runs.
Total failures: 0
Expected steps to absorption saved and compressed to '../output/expected_steps_119.csv.gz'
Loaded 554 adjacency matrices.
Starting 504000 runs.
Total failures: 0
Expected steps to absorption saved and compressed to '../output/expected_steps_148.csv.gz'
Loaded 554 adjacency matrices.
Starting 504000 runs.
Total failures: 0
Expected steps to absorption saved and compressed to '../output/expected_steps_272.csv.gz'
Loaded 554 adjacency matrices.
Starting 504000 runs.
Total failures: 0
Expected steps to absorption saved and compressed to '../output/expected_steps_73.csv.gz'
Loaded 554 adjacency matrices.
Starting 504000 runs.
Total failures: 0
Expected steps to absorption saved and compressed to '../output/expected_steps_281.csv.gz'
Loaded 554 adjacency matrices.
Starting 504000 runs.
Total failures: 0
Expected steps to absorption saved and compressed to '../output/expected_steps_109.csv.gz'
Loaded 554 adjacency matrices.
Starting 504000 runs.
Total failures: 0
Expected steps to absorption saved and compressed to '../output/expected_steps_70.csv.gz'
Loaded 554 adjacency matrices.
Starting 504000 runs.
Total failures: 0
Expected steps to absorption saved and compressed to '../output/expected_steps_394.csv.gz'
Loaded 554 adjacency matrices.
Starting 504000 runs.
Total failures: 0
Expected steps to absorption saved and compressed to '../output/expected_steps_398.csv.gz'
Loaded 554 adjacency matrices.
Starting 504000 runs.
Total failures: 0
Expected steps to absorption saved and compressed to '../output/expected_steps_63.csv.gz'
Loaded 554 adjacency matrices.
Starting 504000 runs.
Total failures: 0
Expected steps to absorption saved and compressed to '../output/expected_steps_172.csv.gz'
Loaded 554 adjacency matrices.
Starting 504000 runs.
Total failures: 0
Expected steps to absorption saved and compressed to '../output/expected_steps_157.csv.gz'
Loaded 554 adjacency matrices.
Starting 504000 runs.
Total failures: 0
Expected steps to absorption saved and compressed to '../output/expected_steps_412.csv.gz'
Loaded 554 adjacency matrices.
Starting 504000 runs.
Total failures: 0
Expected steps to absorption saved and compressed to '../output/expected_steps_478.csv.gz'
Loaded 554 adjacency matrices.
Starting 504000 runs.
Total failures: 0
Expected steps to absorption saved and compressed to '../output/expected_steps_273.csv.gz'
Loaded 554 adjacency matrices.
Starting 504000 runs.
Total failures: 0
Expected steps to absorption saved and compressed to '../output/expected_steps_26.csv.gz'
Loaded 554 adjacency matrices.
Starting 504000 runs.
Total failures: 0
Expected steps to absorption saved and compressed to '../output/expected_steps_222.csv.gz'
Loaded 554 adjacency matrices.
Starting 504000 runs.
Total failures: 0
Expected steps to absorption saved and compressed to '../output/expected_steps_467.csv.gz'
Loaded 554 adjacency matrices.
Starting 504000 runs.
Total failures: 0
Expected steps to absorption saved and compressed to '../output/expected_steps_422.csv.gz'
Loaded 554 adjacency matrices.
Starting 504000 runs.
Total failures: 0
Expected steps to absorption saved and compressed to '../output/expected_steps_50.csv.gz'
Loaded 554 adjacency matrices.
Starting 504000 runs.
Total failures: 0
Expected steps to absorption saved and compressed to '../output/expected_steps_105.csv.gz'
Loaded 554 adjacency matrices.
Starting 504000 runs.
Total failures: 0
Expected steps to absorption saved and compressed to '../output/expected_steps_389.csv.gz'
Loaded 554 adjacency matrices.
Starting 504000 runs.
Total failures: 0
Expected steps to absorption saved and compressed to '../output/expected_steps_167.csv.gz'
Loaded 554 adjacency matrices.
Starting 504000 runs.
Total failures: 0
Expected steps to absorption saved and compressed to '../output/expected_steps_92.csv.gz'
Loaded 554 adjacency matrices.
Starting 504000 runs.
Total failures: 0
Expected steps to absorption saved and compressed to '../output/expected_steps_404.csv.gz'
Loaded 554 adjacency matrices.
Starting 504000 runs.
Total failures: 0
Expected steps to absorption saved and compressed to '../output/expected_steps_79.csv.gz'
Loaded 554 adjacency matrices.
Starting 504000 runs.
Total failures: 0
Expected steps to absorption saved and compressed to '../output/expected_steps_471.csv.gz'
Loaded 554 adjacency matrices.
Starting 504000 runs.
Total failures: 0
Expected steps to absorption saved and compressed to '../output/expected_steps_552.csv.gz'
Loaded 554 adjacency matrices.
Starting 504000 runs.
Total failures: 0
Expected steps to absorption saved and compressed to '../output/expected_steps_184.csv.gz'
Loaded 554 adjacency matrices.
Starting 504000 runs.
Total failures: 0
Expected steps to absorption saved and compressed to '../output/expected_steps_174.csv.gz'
Loaded 554 adjacency matrices.
Starting 504000 runs.
Total failures: 0
Expected steps to absorption saved and compressed to '../output/expected_steps_464.csv.gz'
Loaded 554 adjacency matrices.
Starting 504000 runs.
Total failures: 0
Expected steps to absorption saved and compressed to '../output/expected_steps_279.csv.gz'
Loaded 554 adjacency matrices.
Starting 504000 runs.
Total failures: 0
Expected steps to absorption saved and compressed to '../output/expected_steps_448.csv.gz'
Loaded 554 adjacency matrices.
Starting 504000 runs.
Total failures: 0
Expected steps to absorption saved and compressed to '../output/expected_steps_270.csv.gz'
Loaded 554 adjacency matrices.
Starting 504000 runs.
Total failures: 0
Expected steps to absorption saved and compressed to '../output/expected_steps_209.csv.gz'
Loaded 554 adjacency matrices.
Starting 504000 runs.
Total failures: 0
Expected steps to absorption saved and compressed to '../output/expected_steps_77.csv.gz'
Loaded 554 adjacency matrices.
Starting 504000 runs.
Total failures: 0
Expected steps to absorption saved and compressed to '../output/expected_steps_94.csv.gz'
Loaded 554 adjacency matrices.
Starting 504000 runs.
Total failures: 0
Expected steps to absorption saved and compressed to '../output/expected_steps_19.csv.gz'
Loaded 554 adjacency matrices.
Starting 504000 runs.
Total failures: 0
Expected steps to absorption saved and compressed to '../output/expected_steps_56.csv.gz'
Loaded 554 adjacency matrices.
Starting 504000 runs.
Total failures: 0
Expected steps to absorption saved and compressed to '../output/expected_steps_97.csv.gz'
Loaded 554 adjacency matrices.
Starting 504000 runs.
Total failures: 0
Expected steps to absorption saved and compressed to '../output/expected_steps_44.csv.gz'
Loaded 554 adjacency matrices.
Starting 504000 runs.
Total failures: 0
Expected steps to absorption saved and compressed to '../output/expected_steps_473.csv.gz'
Loaded 554 adjacency matrices.
Starting 504000 runs.
Total failures: 0
Expected steps to absorption saved and compressed to '../output/expected_steps_163.csv.gz'
Loaded 554 adjacency matrices.
Starting 504000 runs.
Total failures: 0
Expected steps to absorption saved and compressed to '../output/expected_steps_169.csv.gz'
Loaded 554 adjacency matrices.
Starting 504000 runs.
Total failures: 0
Expected steps to absorption saved and compressed to '../output/expected_steps_101.csv.gz'
Loaded 554 adjacency matrices.
Starting 504000 runs.
Total failures: 0
Expected steps to absorption saved and compressed to '../output/expected_steps_210.csv.gz'
Loaded 554 adjacency matrices.
Starting 504000 runs.
Total failures: 0
Expected steps to absorption saved and compressed to '../output/expected_steps_23.csv.gz'
Loaded 554 adjacency matrices.
Starting 504000 runs.
Total failures: 0
Expected steps to absorption saved and compressed to '../output/expected_steps_99.csv.gz'
Loaded 554 adjacency matrices.
Starting 504000 runs.
Total failures: 0
Expected steps to absorption saved and compressed to '../output/expected_steps_17.csv.gz'
Loaded 554 adjacency matrices.
Starting 504000 runs.
Total failures: 0
Expected steps to absorption saved and compressed to '../output/expected_steps_246.csv.gz'
Loaded 554 adjacency matrices.
Starting 504000 runs.
Total failures: 0
Expected steps to absorption saved and compressed to '../output/expected_steps_219.csv.gz'
Loaded 554 adjacency matrices.
Starting 504000 runs.
Total failures: 0
Expected steps to absorption saved and compressed to '../output/expected_steps_267.csv.gz'
Loaded 554 adjacency matrices.
Starting 504000 runs.
Total failures: 0
Expected steps to absorption saved and compressed to '../output/expected_steps_247.csv.gz'
Loaded 554 adjacency matrices.
Starting 504000 runs.
Total failures: 0
Expected steps to absorption saved and compressed to '../output/expected_steps_88.csv.gz'
Loaded 554 adjacency matrices.
Starting 504000 runs.
Total failures: 0
Expected steps to absorption saved and compressed to '../output/expected_steps_237.csv.gz'
Loaded 554 adjacency matrices.
Starting 504000 runs.
Total failures: 0
Expected steps to absorption saved and compressed to '../output/expected_steps_420.csv.gz'
Loaded 554 adjacency matrices.
Starting 504000 runs.
Total failures: 0
Expected steps to absorption saved and compressed to '../output/expected_steps_45.csv.gz'
Loaded 554 adjacency matrices.
Starting 504000 runs.
Total failures: 0
Expected steps to absorption saved and compressed to '../output/expected_steps_225.csv.gz'
Loaded 554 adjacency matrices.
Starting 504000 runs.
Total failures: 0
Expected steps to absorption saved and compressed to '../output/expected_steps_265.csv.gz'
Loaded 554 adjacency matrices.
Starting 504000 runs.
Total failures: 0
Expected steps to absorption saved and compressed to '../output/expected_steps_144.csv.gz'
Loaded 554 adjacency matrices.
Starting 504000 runs.
Total failures: 0
Expected steps to absorption saved and compressed to '../output/expected_steps_42.csv.gz'
Loaded 554 adjacency matrices.
Starting 504000 runs.
Total failures: 0
Expected steps to absorption saved and compressed to '../output/expected_steps_234.csv.gz'
Loaded 554 adjacency matrices.
Starting 504000 runs.
Total failures: 0
Expected steps to absorption saved and compressed to '../output/expected_steps_39.csv.gz'
Loaded 554 adjacency matrices.
Starting 504000 runs.
Total failures: 0
Expected steps to absorption saved and compressed to '../output/expected_steps_51.csv.gz'
Loaded 554 adjacency matrices.
Starting 504000 runs.
Total failures: 0
Expected steps to absorption saved and compressed to '../output/expected_steps_358.csv.gz'
Loaded 554 adjacency matrices.
Starting 504000 runs.
Total failures: 0
Expected steps to absorption saved and compressed to '../output/expected_steps_36.csv.gz'
Loaded 554 adjacency matrices.
Starting 504000 runs.
Total failures: 0
Expected steps to absorption saved and compressed to '../output/expected_steps_61.csv.gz'
Loaded 554 adjacency matrices.
Starting 504000 runs.
Total failures: 0
Expected steps to absorption saved and compressed to '../output/expected_steps_180.csv.gz'
Loaded 554 adjacency matrices.
Starting 504000 runs.
Total failures: 0
Expected steps to absorption saved and compressed to '../output/expected_steps_226.csv.gz'
Loaded 554 adjacency matrices.
Starting 504000 runs.
Total failures: 0
Expected steps to absorption saved and compressed to '../output/expected_steps_269.csv.gz'
Loaded 554 adjacency matrices.
Starting 504000 runs.
Total failures: 0
Expected steps to absorption saved and compressed to '../output/expected_steps_100.csv.gz'
Loaded 554 adjacency matrices.
Starting 504000 runs.
Total failures: 0
Expected steps to absorption saved and compressed to '../output/expected_steps_72.csv.gz'
Loaded 554 adjacency matrices.
Starting 504000 runs.
Total failures: 0
Expected steps to absorption saved and compressed to '../output/expected_steps_462.csv.gz'
Loaded 554 adjacency matrices.
Starting 504000 runs.
Total failures: 0
Expected steps to absorption saved and compressed to '../output/expected_steps_274.csv.gz'
Loaded 554 adjacency matrices.
Starting 504000 runs.
Total failures: 0
Expected steps to absorption saved and compressed to '../output/expected_steps_171.csv.gz'
Loaded 554 adjacency matrices.
Starting 504000 runs.
Total failures: 0
Expected steps to absorption saved and compressed to '../output/expected_steps_231.csv.gz'
Loaded 554 adjacency matrices.
Starting 504000 runs.
Total failures: 0
Expected steps to absorption saved and compressed to '../output/expected_steps_30.csv.gz'
Loaded 554 adjacency matrices.
Starting 504000 runs.
Total failures: 0
Expected steps to absorption saved and compressed to '../output/expected_steps_182.csv.gz'
Loaded 554 adjacency matrices.
Starting 504000 runs.
Total failures: 0
Expected steps to absorption saved and compressed to '../output/expected_steps_427.csv.gz'
Loaded 554 adjacency matrices.
Starting 504000 runs.
Total failures: 0
Expected steps to absorption saved and compressed to '../output/expected_steps_388.csv.gz'
Loaded 554 adjacency matrices.
Starting 504000 runs.
Total failures: 0
Expected steps to absorption saved and compressed to '../output/expected_steps_220.csv.gz'
Loaded 554 adjacency matrices.
Starting 504000 runs.
Total failures: 0
Expected steps to absorption saved and compressed to '../output/expected_steps_399.csv.gz'
Loaded 554 adjacency matrices.
Starting 504000 runs.
Total failures: 0
Expected steps to absorption saved and compressed to '../output/expected_steps_158.csv.gz'
Loaded 554 adjacency matrices.
Starting 504000 runs.
Total failures: 0
Expected steps to absorption saved and compressed to '../output/expected_steps_416.csv.gz'
Loaded 554 adjacency matrices.
Starting 504000 runs.
Total failures: 0
Expected steps to absorption saved and compressed to '../output/expected_steps_469.csv.gz'
Loaded 554 adjacency matrices.
Starting 504000 runs.
Total failures: 0
Expected steps to absorption saved and compressed to '../output/expected_steps_46.csv.gz'
Loaded 554 adjacency matrices.
Starting 504000 runs.
Total failures: 0
Expected steps to absorption saved and compressed to '../output/expected_steps_48.csv.gz'
Loaded 554 adjacency matrices.
Starting 504000 runs.
Total failures: 0
Expected steps to absorption saved and compressed to '../output/expected_steps_387.csv.gz'
Loaded 554 adjacency matrices.
Starting 504000 runs.
Total failures: 0
Expected steps to absorption saved and compressed to '../output/expected_steps_466.csv.gz'
Loaded 554 adjacency matrices.
Starting 504000 runs.
Total failures: 0
Expected steps to absorption saved and compressed to '../output/expected_steps_82.csv.gz'
Loaded 554 adjacency matrices.
Starting 504000 runs.
Total failures: 0
Expected steps to absorption saved and compressed to '../output/expected_steps_421.csv.gz'
Loaded 554 adjacency matrices.
Starting 504000 runs.
Total failures: 0
Expected steps to absorption saved and compressed to '../output/expected_steps_11.csv.gz'
Loaded 554 adjacency matrices.
Starting 504000 runs.
Total failures: 0
Expected steps to absorption saved and compressed to '../output/expected_steps_58.csv.gz'
Loaded 554 adjacency matrices.
Starting 504000 runs.
Total failures: 0
Expected steps to absorption saved and compressed to '../output/expected_steps_229.csv.gz'
Loaded 554 adjacency matrices.
Starting 504000 runs.
Total failures: 0
Expected steps to absorption saved and compressed to '../output/expected_steps_417.csv.gz'
Loaded 554 adjacency matrices.
Starting 504000 runs.
Total failures: 0
Expected steps to absorption saved and compressed to '../output/expected_steps_40.csv.gz'
Loaded 554 adjacency matrices.
Starting 504000 runs.
Total failures: 0
Expected steps to absorption saved and compressed to '../output/expected_steps_461.csv.gz'
Loaded 554 adjacency matrices.
Starting 504000 runs.
Total failures: 0
Expected steps to absorption saved and compressed to '../output/expected_steps_551.csv.gz'
Loaded 554 adjacency matrices.
Starting 504000 runs.
Total failures: 0
Expected steps to absorption saved and compressed to '../output/expected_steps_32.csv.gz'
Loaded 554 adjacency matrices.
Starting 504000 runs.
Total failures: 0
Expected steps to absorption saved and compressed to '../output/expected_steps_55.csv.gz'
Loaded 554 adjacency matrices.
Starting 504000 runs.
Total failures: 0
Expected steps to absorption saved and compressed to '../output/expected_steps_24.csv.gz'
Loaded 554 adjacency matrices.
Starting 504000 runs.
Total failures: 0
Expected steps to absorption saved and compressed to '../output/expected_steps_164.csv.gz'
Loaded 554 adjacency matrices.
Starting 504000 runs.
Total failures: 0
Expected steps to absorption saved and compressed to '../output/expected_steps_223.csv.gz'
Loaded 554 adjacency matrices.
Starting 504000 runs.
Total failures: 0
Expected steps to absorption saved and compressed to '../output/expected_steps_170.csv.gz'
Loaded 554 adjacency matrices.
Starting 504000 runs.
Total failures: 0
Expected steps to absorption saved and compressed to '../output/expected_steps_31.csv.gz'
Loaded 554 adjacency matrices.
Starting 504000 runs.
Total failures: 0
Expected steps to absorption saved and compressed to '../output/expected_steps_16.csv.gz'
Loaded 554 adjacency matrices.
Starting 504000 runs.
Total failures: 0
Expected steps to absorption saved and compressed to '../output/expected_steps_20.csv.gz'
Loaded 554 adjacency matrices.
Starting 504000 runs.
Total failures: 0
Expected steps to absorption saved and compressed to '../output/expected_steps_66.csv.gz'
Loaded 554 adjacency matrices.
Starting 504000 runs.
Total failures: 0
Expected steps to absorption saved and compressed to '../output/expected_steps_29.csv.gz'
Loaded 554 adjacency matrices.
Starting 504000 runs.
Total failures: 0
Expected steps to absorption saved and compressed to '../output/expected_steps_25.csv.gz'
Loaded 554 adjacency matrices.
Starting 504000 runs.
Total failures: 0
Expected steps to absorption saved and compressed to '../output/expected_steps_75.csv.gz'
Loaded 554 adjacency matrices.
Starting 504000 runs.
Total failures: 0
Expected steps to absorption saved and compressed to '../output/expected_steps_12.csv.gz'
Loaded 554 adjacency matrices.
Starting 504000 runs.
Total failures: 0
Expected steps to absorption saved and compressed to '../output/expected_steps_57.csv.gz'
Loaded 554 adjacency matrices.
Starting 504000 runs.
Total failures: 0
Expected steps to absorption saved and compressed to '../output/expected_steps_27.csv.gz'
Loaded 554 adjacency matrices.
Starting 504000 runs.
Total failures: 0
Expected steps to absorption saved and compressed to '../output/expected_steps_76.csv.gz'
Loaded 554 adjacency matrices.
Starting 504000 runs.
Total failures: 0
Expected steps to absorption saved and compressed to '../output/expected_steps_154.csv.gz'
Loaded 554 adjacency matrices.
Starting 504000 runs.
Total failures: 0
Expected steps to absorption saved and compressed to '../output/expected_steps_22.csv.gz'
Loaded 554 adjacency matrices.
Starting 504000 runs.
Total failures: 0
Expected steps to absorption saved and compressed to '../output/expected_steps_7.csv.gz'
Loaded 554 adjacency matrices.
Starting 504000 runs.
Total failures: 0
Expected steps to absorption saved and compressed to '../output/expected_steps_71.csv.gz'
Loaded 554 adjacency matrices.
Starting 504000 runs.
Total failures: 0
Expected steps to absorption saved and compressed to '../output/expected_steps_21.csv.gz'
Loaded 554 adjacency matrices.
Starting 504000 runs.
Total failures: 0
Expected steps to absorption saved and compressed to '../output/expected_steps_221.csv.gz'
Loaded 554 adjacency matrices.
Starting 504000 runs.
Total failures: 0
Expected steps to absorption saved and compressed to '../output/expected_steps_68.csv.gz'
Loaded 554 adjacency matrices.
Starting 504000 runs.
Total failures: 0
Expected steps to absorption saved and compressed to '../output/expected_steps_8.csv.gz'
Loaded 554 adjacency matrices.
Starting 504000 runs.
Total failures: 0
Expected steps to absorption saved and compressed to '../output/expected_steps_10.csv.gz'
Loaded 554 adjacency matrices.
Starting 504000 runs.
Total failures: 0
Expected steps to absorption saved and compressed to '../output/expected_steps_15.csv.gz'
Loaded 554 adjacency matrices.
Starting 504000 runs.
Total failures: 0
Expected steps to absorption saved and compressed to '../output/expected_steps_165.csv.gz'
Loaded 554 adjacency matrices.
Starting 504000 runs.
Total failures: 0
Expected steps to absorption saved and compressed to '../output/expected_steps_18.csv.gz'
Loaded 554 adjacency matrices.
Starting 504000 runs.
Total failures: 0
Expected steps to absorption saved and compressed to '../output/expected_steps_14.csv.gz'
Loaded 554 adjacency matrices.
Starting 504000 runs.
Total failures: 0
Expected steps to absorption saved and compressed to '../output/expected_steps_9.csv.gz'
Loaded 554 adjacency matrices.
Starting 504000 runs.
Total failures: 0
Expected steps to absorption saved and compressed to '../output/expected_steps_53.csv.gz'
Loaded 554 adjacency matrices.
Starting 504000 runs.
Total failures: 0
Expected steps to absorption saved and compressed to '../output/expected_steps_3.csv.gz'
Loaded 554 adjacency matrices.
Starting 504000 runs.
Total failures: 0
Expected steps to absorption saved and compressed to '../output/expected_steps_52.csv.gz'
Loaded 554 adjacency matrices.
Starting 504000 runs.
Total failures: 0
Expected steps to absorption saved and compressed to '../output/expected_steps_553.csv.gz'
Loaded 554 adjacency matrices.
Starting 504000 runs.
Total failures: 0
Expected steps to absorption saved and compressed to '../output/expected_steps_6.csv.gz'
Loaded 554 adjacency matrices.
Starting 504000 runs.
Total failures: 0
Expected steps to absorption saved and compressed to '../output/expected_steps_5.csv.gz'
Loaded 554 adjacency matrices.
Starting 504000 runs.
Total failures: 0
Expected steps to absorption saved and compressed to '../output/expected_steps_218.csv.gz'
Loaded 554 adjacency matrices.
Starting 504000 runs.
Total failures: 0
Expected steps to absorption saved and compressed to '../output/expected_steps_4.csv.gz'
Loaded 554 adjacency matrices.
Starting 504000 runs.
Total failures: 0
Expected steps to absorption saved and compressed to '../output/expected_steps_2.csv.gz'
Loaded 554 adjacency matrices.
Starting 504000 runs.
Total failures: 0
Expected steps to absorption saved and compressed to '../output/expected_steps_1.csv.gz'
Loaded 554 adjacency matrices.
Starting 504000 runs.
Total failures: 0
Expected steps to absorption saved and compressed to '../output/expected_steps_0.csv.gz'

JOB STATISTICS
==============
Job ID: 9564066
Cluster: snellius
User/Group: njafarian/njafarian
State: COMPLETED (exit code 0)
Nodes: 18
Cores per node: 128
CPU Utilized: 5-00:39:34
CPU Efficiency: 3.29% of 152-23:40:48 core-walltime
Job Wall-clock time: 01:35:37
Memory Utilized: 964.75 MB
Memory Efficiency: 0.02% of 3.94 TB
