Loaded 2 adjacency matrices.
Error: std::bad_array_new_length
Loaded 2 adjacency matrices.
Starting 200 runs.
Total failures: 0
Expected steps to absorption saved and compressed to '../output/expected_steps_1.csv.gz'
Loaded 2 adjacency matrices.
Starting 200 runs.
Total failures: 0
Expected steps to absorption saved and compressed to '../output/expected_steps_0.csv.gz'
/var/spool/slurm/slurmd/job9103245/slurm_script: line 14: 234017 Segmentation fault      ./yam "$i"
/var/spool/slurm/slurmd/job9103245/slurm_script: line 14: 234019 Segmentation fault      ./yam "$i"
/var/spool/slurm/slurmd/job9103245/slurm_script: line 14: 234020 Segmentation fault      ./yam "$i"
/var/spool/slurm/slurmd/job9103245/slurm_script: line 14: 234022 Segmentation fault      ./yam "$i"
/var/spool/slurm/slurmd/job9103245/slurm_script: line 14: 234023 Segmentation fault      ./yam "$i"
/var/spool/slurm/slurmd/job9103245/slurm_script: line 14: 234024 Segmentation fault      ./yam "$i"
/var/spool/slurm/slurmd/job9103245/slurm_script: line 14: 234026 Segmentation fault      ./yam "$i"
/var/spool/slurm/slurmd/job9103245/slurm_script: line 14: 234028 Segmentation fault      ./yam "$i"
/var/spool/slurm/slurmd/job9103245/slurm_script: line 14: 234031 Segmentation fault      ./yam "$i"
/var/spool/slurm/slurmd/job9103245/slurm_script: line 14: 234032 Segmentation fault      ./yam "$i"
/var/spool/slurm/slurmd/job9103245/slurm_script: line 14: 234048 Segmentation fault      ./yam "$i"
/var/spool/slurm/slurmd/job9103245/slurm_script: line 14: 234053 Segmentation fault      ./yam "$i"
/var/spool/slurm/slurmd/job9103245/slurm_script: line 14: 234054 Segmentation fault      ./yam "$i"
/var/spool/slurm/slurmd/job9103245/slurm_script: line 14: 234068 Segmentation fault      ./yam "$i"
/var/spool/slurm/slurmd/job9103245/slurm_script: line 15: 234021 Segmentation fault      ./yam "$i"
/var/spool/slurm/slurmd/job9103245/slurm_script: line 15: 234027 Segmentation fault      ./yam "$i"
/var/spool/slurm/slurmd/job9103245/slurm_script: line 15: 234029 Segmentation fault      ./yam "$i"
/var/spool/slurm/slurmd/job9103245/slurm_script: line 15: 234038 Segmentation fault      ./yam "$i"
/var/spool/slurm/slurmd/job9103245/slurm_script: line 15: 234045 Segmentation fault      ./yam "$i"
/var/spool/slurm/slurmd/job9103245/slurm_script: line 15: 234052 Segmentation fault      ./yam "$i"
/var/spool/slurm/slurmd/job9103245/slurm_script: line 15: 234061 Segmentation fault      ./yam "$i"
/var/spool/slurm/slurmd/job9103245/slurm_script: line 15: 234072 Segmentation fault      ./yam "$i"
/var/spool/slurm/slurmd/job9103245/slurm_script: line 15: 234079 Segmentation fault      ./yam "$i"
/var/spool/slurm/slurmd/job9103245/slurm_script: line 15: 234089 Segmentation fault      ./yam "$i"
/var/spool/slurm/slurmd/job9103245/slurm_script: line 15: 234093 Segmentation fault      ./yam "$i"
/var/spool/slurm/slurmd/job9103245/slurm_script: line 15: 234098 Segmentation fault      ./yam "$i"
/var/spool/slurm/slurmd/job9103245/slurm_script: line 15: 234099 Segmentation fault      ./yam "$i"
/var/spool/slurm/slurmd/job9103245/slurm_script: line 15: 234103 Segmentation fault      ./yam "$i"
/var/spool/slurm/slurmd/job9103245/slurm_script: line 15: 234114 Segmentation fault      ./yam "$i"
/var/spool/slurm/slurmd/job9103245/slurm_script: line 15: 234125 Segmentation fault      ./yam "$i"
/var/spool/slurm/slurmd/job9103245/slurm_script: line 15: 234133 Segmentation fault      ./yam "$i"
/var/spool/slurm/slurmd/job9103245/slurm_script: line 15: 234142 Segmentation fault      ./yam "$i"
/var/spool/slurm/slurmd/job9103245/slurm_script: line 15: 234145 Segmentation fault      ./yam "$i"
/var/spool/slurm/slurmd/job9103245/slurm_script: line 15: 234146 Segmentation fault      ./yam "$i"
/var/spool/slurm/slurmd/job9103245/slurm_script: line 15: 234147 Segmentation fault      ./yam "$i"
/var/spool/slurm/slurmd/job9103245/slurm_script: line 15: 234150 Segmentation fault      ./yam "$i"
/var/spool/slurm/slurmd/job9103245/slurm_script: line 15: 234155 Segmentation fault      ./yam "$i"
/var/spool/slurm/slurmd/job9103245/slurm_script: line 15: 234164 Segmentation fault      ./yam "$i"
/var/spool/slurm/slurmd/job9103245/slurm_script: line 15: 234166 Segmentation fault      ./yam "$i"
/var/spool/slurm/slurmd/job9103245/slurm_script: line 15: 234174 Segmentation fault      ./yam "$i"
/var/spool/slurm/slurmd/job9103245/slurm_script: line 15: 234181 Segmentation fault      ./yam "$i"
/var/spool/slurm/slurmd/job9103245/slurm_script: line 15: 234190 Segmentation fault      ./yam "$i"
/var/spool/slurm/slurmd/job9103245/slurm_script: line 15: 234198 Segmentation fault      ./yam "$i"
/var/spool/slurm/slurmd/job9103245/slurm_script: line 15: 234221 Segmentation fault      ./yam "$i"
/var/spool/slurm/slurmd/job9103245/slurm_script: line 15: 234226 Segmentation fault      ./yam "$i"
/var/spool/slurm/slurmd/job9103245/slurm_script: line 15: 234236 Segmentation fault      ./yam "$i"
/var/spool/slurm/slurmd/job9103245/slurm_script: line 15: 234250 Segmentation fault      ./yam "$i"
/var/spool/slurm/slurmd/job9103245/slurm_script: line 15: 234256 Segmentation fault      ./yam "$i"
/var/spool/slurm/slurmd/job9103245/slurm_script: line 15: 234259 Segmentation fault      ./yam "$i"
/var/spool/slurm/slurmd/job9103245/slurm_script: line 15: 234266 Segmentation fault      ./yam "$i"
/var/spool/slurm/slurmd/job9103245/slurm_script: line 15: 234287 Segmentation fault      ./yam "$i"
/var/spool/slurm/slurmd/job9103245/slurm_script: line 15: 234291 Segmentation fault      ./yam "$i"
/var/spool/slurm/slurmd/job9103245/slurm_script: line 15: 234295 Segmentation fault      ./yam "$i"
/var/spool/slurm/slurmd/job9103245/slurm_script: line 15: 234298 Segmentation fault      ./yam "$i"
/var/spool/slurm/slurmd/job9103245/slurm_script: line 15: 234305 Segmentation fault      ./yam "$i"
/var/spool/slurm/slurmd/job9103245/slurm_script: line 15: 234315 Segmentation fault      ./yam "$i"
/var/spool/slurm/slurmd/job9103245/slurm_script: line 15: 234347 Segmentation fault      ./yam "$i"
/var/spool/slurm/slurmd/job9103245/slurm_script: line 15: 234348 Segmentation fault      ./yam "$i"
/var/spool/slurm/slurmd/job9103245/slurm_script: line 15: 234355 Segmentation fault      ./yam "$i"
/var/spool/slurm/slurmd/job9103245/slurm_script: line 15: 234363 Segmentation fault      ./yam "$i"
/var/spool/slurm/slurmd/job9103245/slurm_script: line 15: 234373 Segmentation fault      ./yam "$i"
/var/spool/slurm/slurmd/job9103245/slurm_script: line 15: 234399 Segmentation fault      ./yam "$i"
/var/spool/slurm/slurmd/job9103245/slurm_script: line 15: 234401 Segmentation fault      ./yam "$i"
/var/spool/slurm/slurmd/job9103245/slurm_script: line 15: 234412 Segmentation fault      ./yam "$i"
/var/spool/slurm/slurmd/job9103245/slurm_script: line 15: 234415 Segmentation fault      ./yam "$i"
/var/spool/slurm/slurmd/job9103245/slurm_script: line 15: 234424 Segmentation fault      ./yam "$i"
/var/spool/slurm/slurmd/job9103245/slurm_script: line 15: 234439 Segmentation fault      ./yam "$i"
/var/spool/slurm/slurmd/job9103245/slurm_script: line 15: 234456 Segmentation fault      ./yam "$i"
/var/spool/slurm/slurmd/job9103245/slurm_script: line 15: 234461 Segmentation fault      ./yam "$i"
/var/spool/slurm/slurmd/job9103245/slurm_script: line 15: 234468 Segmentation fault      ./yam "$i"
/var/spool/slurm/slurmd/job9103245/slurm_script: line 15: 234470 Segmentation fault      ./yam "$i"
/var/spool/slurm/slurmd/job9103245/slurm_script: line 15: 234477 Segmentation fault      ./yam "$i"
/var/spool/slurm/slurmd/job9103245/slurm_script: line 15: 234479 Segmentation fault      ./yam "$i"
/var/spool/slurm/slurmd/job9103245/slurm_script: line 15: 234492 Segmentation fault      ./yam "$i"
/var/spool/slurm/slurmd/job9103245/slurm_script: line 15: 234520 Segmentation fault      ./yam "$i"
/var/spool/slurm/slurmd/job9103245/slurm_script: line 15: 234526 Segmentation fault      ./yam "$i"
/var/spool/slurm/slurmd/job9103245/slurm_script: line 15: 234545 Segmentation fault      ./yam "$i"
/var/spool/slurm/slurmd/job9103245/slurm_script: line 15: 234561 Segmentation fault      ./yam "$i"
/var/spool/slurm/slurmd/job9103245/slurm_script: line 15: 234562 Segmentation fault      ./yam "$i"
/var/spool/slurm/slurmd/job9103245/slurm_script: line 15: 234567 Segmentation fault      ./yam "$i"
/var/spool/slurm/slurmd/job9103245/slurm_script: line 15: 234572 Segmentation fault      ./yam "$i"
/var/spool/slurm/slurmd/job9103245/slurm_script: line 15: 234579 Segmentation fault      ./yam "$i"
/var/spool/slurm/slurmd/job9103245/slurm_script: line 15: 234580 Segmentation fault      ./yam "$i"
/var/spool/slurm/slurmd/job9103245/slurm_script: line 15: 234582 Segmentation fault      ./yam "$i"
/var/spool/slurm/slurmd/job9103245/slurm_script: line 15: 234025 Segmentation fault      ./yam "$i"
/var/spool/slurm/slurmd/job9103245/slurm_script: line 15: 234030 Segmentation fault      ./yam "$i"
/var/spool/slurm/slurmd/job9103245/slurm_script: line 15: 234033 Segmentation fault      ./yam "$i"
/var/spool/slurm/slurmd/job9103245/slurm_script: line 15: 234043 Segmentation fault      ./yam "$i"
/var/spool/slurm/slurmd/job9103245/slurm_script: line 15: 234050 Segmentation fault      ./yam "$i"
/var/spool/slurm/slurmd/job9103245/slurm_script: line 15: 234051 Segmentation fault      ./yam "$i"
/var/spool/slurm/slurmd/job9103245/slurm_script: line 15: 234057 Segmentation fault      ./yam "$i"
/var/spool/slurm/slurmd/job9103245/slurm_script: line 15: 234059 Segmentation fault      ./yam "$i"
/var/spool/slurm/slurmd/job9103245/slurm_script: line 15: 234064 Segmentation fault      ./yam "$i"
/var/spool/slurm/slurmd/job9103245/slurm_script: line 15: 234066 Segmentation fault      ./yam "$i"
/var/spool/slurm/slurmd/job9103245/slurm_script: line 15: 234067 Segmentation fault      ./yam "$i"
/var/spool/slurm/slurmd/job9103245/slurm_script: line 15: 234073 Segmentation fault      ./yam "$i"
/var/spool/slurm/slurmd/job9103245/slurm_script: line 15: 234075 Segmentation fault      ./yam "$i"
/var/spool/slurm/slurmd/job9103245/slurm_script: line 15: 234076 Segmentation fault      ./yam "$i"
/var/spool/slurm/slurmd/job9103245/slurm_script: line 15: 234081 Segmentation fault      ./yam "$i"
/var/spool/slurm/slurmd/job9103245/slurm_script: line 15: 234083 Segmentation fault      ./yam "$i"
/var/spool/slurm/slurmd/job9103245/slurm_script: line 15: 234085 Segmentation fault      ./yam "$i"
/var/spool/slurm/slurmd/job9103245/slurm_script: line 15: 234086 Segmentation fault      ./yam "$i"
/var/spool/slurm/slurmd/job9103245/slurm_script: line 15: 234087 Segmentation fault      ./yam "$i"
/var/spool/slurm/slurmd/job9103245/slurm_script: line 15: 234088 Segmentation fault      ./yam "$i"
/var/spool/slurm/slurmd/job9103245/slurm_script: line 15: 234090 Segmentation fault      ./yam "$i"
/var/spool/slurm/slurmd/job9103245/slurm_script: line 15: 234095 Segmentation fault      ./yam "$i"
/var/spool/slurm/slurmd/job9103245/slurm_script: line 15: 234096 Segmentation fault      ./yam "$i"
/var/spool/slurm/slurmd/job9103245/slurm_script: line 15: 234097 Segmentation fault      ./yam "$i"
/var/spool/slurm/slurmd/job9103245/slurm_script: line 15: 234107 Segmentation fault      ./yam "$i"
/var/spool/slurm/slurmd/job9103245/slurm_script: line 15: 234109 Segmentation fault      ./yam "$i"
/var/spool/slurm/slurmd/job9103245/slurm_script: line 15: 234111 Segmentation fault      ./yam "$i"
/var/spool/slurm/slurmd/job9103245/slurm_script: line 15: 234116 Segmentation fault      ./yam "$i"
/var/spool/slurm/slurmd/job9103245/slurm_script: line 15: 234119 Segmentation fault      ./yam "$i"
/var/spool/slurm/slurmd/job9103245/slurm_script: line 15: 234120 Segmentation fault      ./yam "$i"
/var/spool/slurm/slurmd/job9103245/slurm_script: line 15: 234123 Segmentation fault      ./yam "$i"
/var/spool/slurm/slurmd/job9103245/slurm_script: line 15: 234126 Segmentation fault      ./yam "$i"
/var/spool/slurm/slurmd/job9103245/slurm_script: line 15: 234128 Segmentation fault      ./yam "$i"
/var/spool/slurm/slurmd/job9103245/slurm_script: line 15: 234131 Segmentation fault      ./yam "$i"
/var/spool/slurm/slurmd/job9103245/slurm_script: line 15: 234135 Segmentation fault      ./yam "$i"
/var/spool/slurm/slurmd/job9103245/slurm_script: line 15: 234137 Segmentation fault      ./yam "$i"
/var/spool/slurm/slurmd/job9103245/slurm_script: line 15: 234139 Segmentation fault      ./yam "$i"
/var/spool/slurm/slurmd/job9103245/slurm_script: line 15: 234140 Segmentation fault      ./yam "$i"
/var/spool/slurm/slurmd/job9103245/slurm_script: line 15: 234148 Segmentation fault      ./yam "$i"
/var/spool/slurm/slurmd/job9103245/slurm_script: line 15: 234149 Segmentation fault      ./yam "$i"
/var/spool/slurm/slurmd/job9103245/slurm_script: line 15: 234152 Segmentation fault      ./yam "$i"
/var/spool/slurm/slurmd/job9103245/slurm_script: line 15: 234153 Segmentation fault      ./yam "$i"
/var/spool/slurm/slurmd/job9103245/slurm_script: line 15: 234156 Segmentation fault      ./yam "$i"
/var/spool/slurm/slurmd/job9103245/slurm_script: line 15: 234157 Segmentation fault      ./yam "$i"
/var/spool/slurm/slurmd/job9103245/slurm_script: line 15: 234158 Segmentation fault      ./yam "$i"
/var/spool/slurm/slurmd/job9103245/slurm_script: line 15: 234159 Segmentation fault      ./yam "$i"
/var/spool/slurm/slurmd/job9103245/slurm_script: line 15: 234161 Segmentation fault      ./yam "$i"
/var/spool/slurm/slurmd/job9103245/slurm_script: line 15: 234162 Segmentation fault      ./yam "$i"
/var/spool/slurm/slurmd/job9103245/slurm_script: line 15: 234163 Segmentation fault      ./yam "$i"
/var/spool/slurm/slurmd/job9103245/slurm_script: line 15: 234165 Segmentation fault      ./yam "$i"
/var/spool/slurm/slurmd/job9103245/slurm_script: line 15: 234168 Segmentation fault      ./yam "$i"
/var/spool/slurm/slurmd/job9103245/slurm_script: line 15: 234170 Segmentation fault      ./yam "$i"
/var/spool/slurm/slurmd/job9103245/slurm_script: line 15: 234171 Segmentation fault      ./yam "$i"
/var/spool/slurm/slurmd/job9103245/slurm_script: line 15: 234176 Segmentation fault      ./yam "$i"
/var/spool/slurm/slurmd/job9103245/slurm_script: line 15: 234179 Segmentation fault      ./yam "$i"
/var/spool/slurm/slurmd/job9103245/slurm_script: line 15: 234180 Segmentation fault      ./yam "$i"
/var/spool/slurm/slurmd/job9103245/slurm_script: line 15: 234184 Segmentation fault      ./yam "$i"
/var/spool/slurm/slurmd/job9103245/slurm_script: line 15: 234186 Segmentation fault      ./yam "$i"
/var/spool/slurm/slurmd/job9103245/slurm_script: line 15: 234187 Segmentation fault      ./yam "$i"
/var/spool/slurm/slurmd/job9103245/slurm_script: line 15: 234191 Segmentation fault      ./yam "$i"
/var/spool/slurm/slurmd/job9103245/slurm_script: line 15: 234196 Segmentation fault      ./yam "$i"
/var/spool/slurm/slurmd/job9103245/slurm_script: line 15: 234200 Segmentation fault      ./yam "$i"
/var/spool/slurm/slurmd/job9103245/slurm_script: line 15: 234201 Segmentation fault      ./yam "$i"
/var/spool/slurm/slurmd/job9103245/slurm_script: line 15: 234204 Segmentation fault      ./yam "$i"
/var/spool/slurm/slurmd/job9103245/slurm_script: line 15: 234205 Segmentation fault      ./yam "$i"
/var/spool/slurm/slurmd/job9103245/slurm_script: line 15: 234206 Segmentation fault      ./yam "$i"
/var/spool/slurm/slurmd/job9103245/slurm_script: line 15: 234207 Segmentation fault      ./yam "$i"
/var/spool/slurm/slurmd/job9103245/slurm_script: line 15: 234209 Segmentation fault      ./yam "$i"
/var/spool/slurm/slurmd/job9103245/slurm_script: line 15: 234210 Segmentation fault      ./yam "$i"
/var/spool/slurm/slurmd/job9103245/slurm_script: line 15: 234214 Segmentation fault      ./yam "$i"
/var/spool/slurm/slurmd/job9103245/slurm_script: line 15: 234216 Segmentation fault      ./yam "$i"
/var/spool/slurm/slurmd/job9103245/slurm_script: line 15: 234218 Segmentation fault      ./yam "$i"
/var/spool/slurm/slurmd/job9103245/slurm_script: line 15: 234222 Segmentation fault      ./yam "$i"
/var/spool/slurm/slurmd/job9103245/slurm_script: line 15: 234227 Segmentation fault      ./yam "$i"
/var/spool/slurm/slurmd/job9103245/slurm_script: line 15: 234229 Segmentation fault      ./yam "$i"
/var/spool/slurm/slurmd/job9103245/slurm_script: line 15: 234230 Segmentation fault      ./yam "$i"
/var/spool/slurm/slurmd/job9103245/slurm_script: line 15: 234233 Segmentation fault      ./yam "$i"
/var/spool/slurm/slurmd/job9103245/slurm_script: line 15: 234235 Segmentation fault      ./yam "$i"
/var/spool/slurm/slurmd/job9103245/slurm_script: line 15: 234239 Segmentation fault      ./yam "$i"
/var/spool/slurm/slurmd/job9103245/slurm_script: line 15: 234241 Segmentation fault      ./yam "$i"
/var/spool/slurm/slurmd/job9103245/slurm_script: line 15: 234251 Segmentation fault      ./yam "$i"
/var/spool/slurm/slurmd/job9103245/slurm_script: line 15: 234253 Segmentation fault      ./yam "$i"
/var/spool/slurm/slurmd/job9103245/slurm_script: line 15: 234254 Segmentation fault      ./yam "$i"
/var/spool/slurm/slurmd/job9103245/slurm_script: line 15: 234255 Segmentation fault      ./yam "$i"
/var/spool/slurm/slurmd/job9103245/slurm_script: line 15: 234260 Segmentation fault      ./yam "$i"
/var/spool/slurm/slurmd/job9103245/slurm_script: line 15: 234261 Segmentation fault      ./yam "$i"
/var/spool/slurm/slurmd/job9103245/slurm_script: line 15: 234262 Segmentation fault      ./yam "$i"
/var/spool/slurm/slurmd/job9103245/slurm_script: line 15: 234264 Segmentation fault      ./yam "$i"
/var/spool/slurm/slurmd/job9103245/slurm_script: line 15: 234267 Segmentation fault      ./yam "$i"
/var/spool/slurm/slurmd/job9103245/slurm_script: line 15: 234269 Segmentation fault      ./yam "$i"
/var/spool/slurm/slurmd/job9103245/slurm_script: line 15: 234271 Segmentation fault      ./yam "$i"
/var/spool/slurm/slurmd/job9103245/slurm_script: line 15: 234272 Segmentation fault      ./yam "$i"
/var/spool/slurm/slurmd/job9103245/slurm_script: line 15: 234273 Segmentation fault      ./yam "$i"
/var/spool/slurm/slurmd/job9103245/slurm_script: line 15: 234276 Segmentation fault      ./yam "$i"
/var/spool/slurm/slurmd/job9103245/slurm_script: line 15: 234280 Segmentation fault      ./yam "$i"
/var/spool/slurm/slurmd/job9103245/slurm_script: line 15: 234281 Segmentation fault      ./yam "$i"
/var/spool/slurm/slurmd/job9103245/slurm_script: line 15: 234290 Segmentation fault      ./yam "$i"
/var/spool/slurm/slurmd/job9103245/slurm_script: line 15: 234294 Segmentation fault      ./yam "$i"
/var/spool/slurm/slurmd/job9103245/slurm_script: line 15: 234299 Segmentation fault      ./yam "$i"
/var/spool/slurm/slurmd/job9103245/slurm_script: line 15: 234304 Segmentation fault      ./yam "$i"
/var/spool/slurm/slurmd/job9103245/slurm_script: line 15: 234306 Segmentation fault      ./yam "$i"
/var/spool/slurm/slurmd/job9103245/slurm_script: line 15: 234307 Segmentation fault      ./yam "$i"
/var/spool/slurm/slurmd/job9103245/slurm_script: line 15: 234309 Segmentation fault      ./yam "$i"
/var/spool/slurm/slurmd/job9103245/slurm_script: line 15: 234316 Segmentation fault      ./yam "$i"
/var/spool/slurm/slurmd/job9103245/slurm_script: line 15: 234319 Segmentation fault      ./yam "$i"
/var/spool/slurm/slurmd/job9103245/slurm_script: line 15: 234323 Segmentation fault      ./yam "$i"
/var/spool/slurm/slurmd/job9103245/slurm_script: line 15: 234324 Segmentation fault      ./yam "$i"
/var/spool/slurm/slurmd/job9103245/slurm_script: line 15: 234326 Segmentation fault      ./yam "$i"
/var/spool/slurm/slurmd/job9103245/slurm_script: line 15: 234327 Segmentation fault      ./yam "$i"
/var/spool/slurm/slurmd/job9103245/slurm_script: line 15: 234329 Segmentation fault      ./yam "$i"
/var/spool/slurm/slurmd/job9103245/slurm_script: line 15: 234332 Segmentation fault      ./yam "$i"
/var/spool/slurm/slurmd/job9103245/slurm_script: line 15: 234334 Segmentation fault      ./yam "$i"
/var/spool/slurm/slurmd/job9103245/slurm_script: line 15: 234338 Segmentation fault      ./yam "$i"
/var/spool/slurm/slurmd/job9103245/slurm_script: line 15: 234340 Segmentation fault      ./yam "$i"
/var/spool/slurm/slurmd/job9103245/slurm_script: line 15: 234342 Segmentation fault      ./yam "$i"
/var/spool/slurm/slurmd/job9103245/slurm_script: line 15: 234343 Segmentation fault      ./yam "$i"
/var/spool/slurm/slurmd/job9103245/slurm_script: line 15: 234349 Segmentation fault      ./yam "$i"
/var/spool/slurm/slurmd/job9103245/slurm_script: line 15: 234350 Segmentation fault      ./yam "$i"
/var/spool/slurm/slurmd/job9103245/slurm_script: line 15: 234352 Segmentation fault      ./yam "$i"
/var/spool/slurm/slurmd/job9103245/slurm_script: line 15: 234358 Segmentation fault      ./yam "$i"
/var/spool/slurm/slurmd/job9103245/slurm_script: line 15: 234359 Segmentation fault      ./yam "$i"
/var/spool/slurm/slurmd/job9103245/slurm_script: line 15: 234360 Segmentation fault      ./yam "$i"
/var/spool/slurm/slurmd/job9103245/slurm_script: line 15: 234364 Segmentation fault      ./yam "$i"
/var/spool/slurm/slurmd/job9103245/slurm_script: line 15: 234367 Segmentation fault      ./yam "$i"
/var/spool/slurm/slurmd/job9103245/slurm_script: line 15: 234369 Segmentation fault      ./yam "$i"
/var/spool/slurm/slurmd/job9103245/slurm_script: line 15: 234371 Segmentation fault      ./yam "$i"
/var/spool/slurm/slurmd/job9103245/slurm_script: line 15: 234375 Segmentation fault      ./yam "$i"
/var/spool/slurm/slurmd/job9103245/slurm_script: line 15: 234376 Segmentation fault      ./yam "$i"
/var/spool/slurm/slurmd/job9103245/slurm_script: line 15: 234380 Segmentation fault      ./yam "$i"
/var/spool/slurm/slurmd/job9103245/slurm_script: line 15: 234382 Segmentation fault      ./yam "$i"
/var/spool/slurm/slurmd/job9103245/slurm_script: line 15: 234386 Segmentation fault      ./yam "$i"
/var/spool/slurm/slurmd/job9103245/slurm_script: line 15: 234388 Segmentation fault      ./yam "$i"
/var/spool/slurm/slurmd/job9103245/slurm_script: line 15: 234391 Segmentation fault      ./yam "$i"
/var/spool/slurm/slurmd/job9103245/slurm_script: line 15: 234393 Segmentation fault      ./yam "$i"
/var/spool/slurm/slurmd/job9103245/slurm_script: line 15: 234396 Segmentation fault      ./yam "$i"
/var/spool/slurm/slurmd/job9103245/slurm_script: line 15: 234406 Segmentation fault      ./yam "$i"
/var/spool/slurm/slurmd/job9103245/slurm_script: line 15: 234407 Segmentation fault      ./yam "$i"
/var/spool/slurm/slurmd/job9103245/slurm_script: line 15: 234409 Segmentation fault      ./yam "$i"
/var/spool/slurm/slurmd/job9103245/slurm_script: line 15: 234411 Segmentation fault      ./yam "$i"
/var/spool/slurm/slurmd/job9103245/slurm_script: line 15: 234419 Segmentation fault      ./yam "$i"
/var/spool/slurm/slurmd/job9103245/slurm_script: line 15: 234421 Segmentation fault      ./yam "$i"
/var/spool/slurm/slurmd/job9103245/slurm_script: line 15: 234430 Segmentation fault      ./yam "$i"
/var/spool/slurm/slurmd/job9103245/slurm_script: line 15: 234432 Segmentation fault      ./yam "$i"
/var/spool/slurm/slurmd/job9103245/slurm_script: line 15: 234433 Segmentation fault      ./yam "$i"
/var/spool/slurm/slurmd/job9103245/slurm_script: line 15: 234434 Segmentation fault      ./yam "$i"
/var/spool/slurm/slurmd/job9103245/slurm_script: line 15: 234436 Segmentation fault      ./yam "$i"
/var/spool/slurm/slurmd/job9103245/slurm_script: line 15: 234440 Segmentation fault      ./yam "$i"
/var/spool/slurm/slurmd/job9103245/slurm_script: line 15: 234445 Segmentation fault      ./yam "$i"
/var/spool/slurm/slurmd/job9103245/slurm_script: line 15: 234449 Segmentation fault      ./yam "$i"
/var/spool/slurm/slurmd/job9103245/slurm_script: line 15: 234452 Segmentation fault      ./yam "$i"
/var/spool/slurm/slurmd/job9103245/slurm_script: line 15: 234454 Segmentation fault      ./yam "$i"
/var/spool/slurm/slurmd/job9103245/slurm_script: line 15: 234457 Segmentation fault      ./yam "$i"
/var/spool/slurm/slurmd/job9103245/slurm_script: line 15: 234464 Segmentation fault      ./yam "$i"
/var/spool/slurm/slurmd/job9103245/slurm_script: line 15: 234465 Segmentation fault      ./yam "$i"
/var/spool/slurm/slurmd/job9103245/slurm_script: line 15: 234466 Segmentation fault      ./yam "$i"
/var/spool/slurm/slurmd/job9103245/slurm_script: line 15: 234467 Segmentation fault      ./yam "$i"
/var/spool/slurm/slurmd/job9103245/slurm_script: line 15: 234469 Segmentation fault      ./yam "$i"
/var/spool/slurm/slurmd/job9103245/slurm_script: line 15: 234471 Segmentation fault      ./yam "$i"
/var/spool/slurm/slurmd/job9103245/slurm_script: line 15: 234473 Segmentation fault      ./yam "$i"
/var/spool/slurm/slurmd/job9103245/slurm_script: line 15: 234476 Segmentation fault      ./yam "$i"
/var/spool/slurm/slurmd/job9103245/slurm_script: line 15: 234478 Segmentation fault      ./yam "$i"
/var/spool/slurm/slurmd/job9103245/slurm_script: line 15: 234481 Segmentation fault      ./yam "$i"
/var/spool/slurm/slurmd/job9103245/slurm_script: line 15: 234482 Segmentation fault      ./yam "$i"
/var/spool/slurm/slurmd/job9103245/slurm_script: line 15: 234485 Segmentation fault      ./yam "$i"
/var/spool/slurm/slurmd/job9103245/slurm_script: line 15: 234487 Segmentation fault      ./yam "$i"
/var/spool/slurm/slurmd/job9103245/slurm_script: line 15: 234491 Segmentation fault      ./yam "$i"
/var/spool/slurm/slurmd/job9103245/slurm_script: line 15: 234501 Segmentation fault      ./yam "$i"
/var/spool/slurm/slurmd/job9103245/slurm_script: line 15: 234503 Segmentation fault      ./yam "$i"
/var/spool/slurm/slurmd/job9103245/slurm_script: line 15: 234510 Segmentation fault      ./yam "$i"
/var/spool/slurm/slurmd/job9103245/slurm_script: line 15: 234519 Segmentation fault      ./yam "$i"
/var/spool/slurm/slurmd/job9103245/slurm_script: line 15: 234521 Segmentation fault      ./yam "$i"
/var/spool/slurm/slurmd/job9103245/slurm_script: line 15: 234524 Segmentation fault      ./yam "$i"
/var/spool/slurm/slurmd/job9103245/slurm_script: line 15: 234527 Segmentation fault      ./yam "$i"
/var/spool/slurm/slurmd/job9103245/slurm_script: line 15: 234529 Segmentation fault      ./yam "$i"
/var/spool/slurm/slurmd/job9103245/slurm_script: line 15: 234531 Segmentation fault      ./yam "$i"
/var/spool/slurm/slurmd/job9103245/slurm_script: line 15: 234536 Segmentation fault      ./yam "$i"
/var/spool/slurm/slurmd/job9103245/slurm_script: line 15: 234539 Segmentation fault      ./yam "$i"
/var/spool/slurm/slurmd/job9103245/slurm_script: line 15: 234541 Segmentation fault      ./yam "$i"
/var/spool/slurm/slurmd/job9103245/slurm_script: line 15: 234543 Segmentation fault      ./yam "$i"
/var/spool/slurm/slurmd/job9103245/slurm_script: line 15: 234544 Segmentation fault      ./yam "$i"
/var/spool/slurm/slurmd/job9103245/slurm_script: line 15: 234547 Segmentation fault      ./yam "$i"
/var/spool/slurm/slurmd/job9103245/slurm_script: line 15: 234552 Segmentation fault      ./yam "$i"
/var/spool/slurm/slurmd/job9103245/slurm_script: line 15: 234553 Segmentation fault      ./yam "$i"
/var/spool/slurm/slurmd/job9103245/slurm_script: line 15: 234554 Segmentation fault      ./yam "$i"
/var/spool/slurm/slurmd/job9103245/slurm_script: line 15: 234556 Segmentation fault      ./yam "$i"
/var/spool/slurm/slurmd/job9103245/slurm_script: line 15: 234563 Segmentation fault      ./yam "$i"
/var/spool/slurm/slurmd/job9103245/slurm_script: line 15: 234564 Segmentation fault      ./yam "$i"
/var/spool/slurm/slurmd/job9103245/slurm_script: line 15: 234565 Segmentation fault      ./yam "$i"
/var/spool/slurm/slurmd/job9103245/slurm_script: line 15: 234566 Segmentation fault      ./yam "$i"
/var/spool/slurm/slurmd/job9103245/slurm_script: line 15: 234568 Segmentation fault      ./yam "$i"
/var/spool/slurm/slurmd/job9103245/slurm_script: line 15: 234573 Segmentation fault      ./yam "$i"
/var/spool/slurm/slurmd/job9103245/slurm_script: line 15: 234574 Segmentation fault      ./yam "$i"
/var/spool/slurm/slurmd/job9103245/slurm_script: line 15: 234575 Segmentation fault      ./yam "$i"
/var/spool/slurm/slurmd/job9103245/slurm_script: line 15: 234576 Segmentation fault      ./yam "$i"
/var/spool/slurm/slurmd/job9103245/slurm_script: line 15: 234583 Segmentation fault      ./yam "$i"
/var/spool/slurm/slurmd/job9103245/slurm_script: line 15: 234584 Segmentation fault      ./yam "$i"
/var/spool/slurm/slurmd/job9103245/slurm_script: line 15: 234049 Segmentation fault      ./yam "$i"
/var/spool/slurm/slurmd/job9103245/slurm_script: line 15: 234058 Segmentation fault      ./yam "$i"
/var/spool/slurm/slurmd/job9103245/slurm_script: line 15: 234065 Segmentation fault      ./yam "$i"
/var/spool/slurm/slurmd/job9103245/slurm_script: line 15: 234069 Segmentation fault      ./yam "$i"
/var/spool/slurm/slurmd/job9103245/slurm_script: line 15: 234070 Segmentation fault      ./yam "$i"
/var/spool/slurm/slurmd/job9103245/slurm_script: line 15: 234071 Segmentation fault      ./yam "$i"
/var/spool/slurm/slurmd/job9103245/slurm_script: line 15: 234078 Segmentation fault      ./yam "$i"
/var/spool/slurm/slurmd/job9103245/slurm_script: line 15: 234080 Segmentation fault      ./yam "$i"
/var/spool/slurm/slurmd/job9103245/slurm_script: line 15: 234082 Segmentation fault      ./yam "$i"
/var/spool/slurm/slurmd/job9103245/slurm_script: line 15: 234084 Segmentation fault      ./yam "$i"
/var/spool/slurm/slurmd/job9103245/slurm_script: line 15: 234091 Segmentation fault      ./yam "$i"
/var/spool/slurm/slurmd/job9103245/slurm_script: line 15: 234092 Segmentation fault      ./yam "$i"
/var/spool/slurm/slurmd/job9103245/slurm_script: line 15: 234094 Segmentation fault      ./yam "$i"
/var/spool/slurm/slurmd/job9103245/slurm_script: line 15: 234101 Segmentation fault      ./yam "$i"
/var/spool/slurm/slurmd/job9103245/slurm_script: line 15: 234102 Segmentation fault      ./yam "$i"
/var/spool/slurm/slurmd/job9103245/slurm_script: line 15: 234104 Segmentation fault      ./yam "$i"
/var/spool/slurm/slurmd/job9103245/slurm_script: line 15: 234105 Segmentation fault      ./yam "$i"
/var/spool/slurm/slurmd/job9103245/slurm_script: line 15: 234106 Segmentation fault      ./yam "$i"
/var/spool/slurm/slurmd/job9103245/slurm_script: line 15: 234108 Segmentation fault      ./yam "$i"
/var/spool/slurm/slurmd/job9103245/slurm_script: line 15: 234112 Segmentation fault      ./yam "$i"
/var/spool/slurm/slurmd/job9103245/slurm_script: line 15: 234113 Segmentation fault      ./yam "$i"
/var/spool/slurm/slurmd/job9103245/slurm_script: line 15: 234115 Segmentation fault      ./yam "$i"
/var/spool/slurm/slurmd/job9103245/slurm_script: line 15: 234117 Segmentation fault      ./yam "$i"
/var/spool/slurm/slurmd/job9103245/slurm_script: line 15: 234118 Segmentation fault      ./yam "$i"
/var/spool/slurm/slurmd/job9103245/slurm_script: line 15: 234121 Segmentation fault      ./yam "$i"
/var/spool/slurm/slurmd/job9103245/slurm_script: line 15: 234124 Segmentation fault      ./yam "$i"
/var/spool/slurm/slurmd/job9103245/slurm_script: line 15: 234129 Segmentation fault      ./yam "$i"
/var/spool/slurm/slurmd/job9103245/slurm_script: line 15: 234130 Segmentation fault      ./yam "$i"
/var/spool/slurm/slurmd/job9103245/slurm_script: line 15: 234134 Segmentation fault      ./yam "$i"
/var/spool/slurm/slurmd/job9103245/slurm_script: line 15: 234136 Segmentation fault      ./yam "$i"
/var/spool/slurm/slurmd/job9103245/slurm_script: line 15: 234138 Segmentation fault      ./yam "$i"
/var/spool/slurm/slurmd/job9103245/slurm_script: line 15: 234141 Segmentation fault      ./yam "$i"
/var/spool/slurm/slurmd/job9103245/slurm_script: line 15: 234143 Segmentation fault      ./yam "$i"
/var/spool/slurm/slurmd/job9103245/slurm_script: line 15: 234144 Segmentation fault      ./yam "$i"
/var/spool/slurm/slurmd/job9103245/slurm_script: line 15: 234151 Segmentation fault      ./yam "$i"
/var/spool/slurm/slurmd/job9103245/slurm_script: line 15: 234154 Segmentation fault      ./yam "$i"
/var/spool/slurm/slurmd/job9103245/slurm_script: line 15: 234160 Segmentation fault      ./yam "$i"
/var/spool/slurm/slurmd/job9103245/slurm_script: line 15: 234167 Segmentation fault      ./yam "$i"
/var/spool/slurm/slurmd/job9103245/slurm_script: line 15: 234169 Segmentation fault      ./yam "$i"
/var/spool/slurm/slurmd/job9103245/slurm_script: line 15: 234172 Segmentation fault      ./yam "$i"
/var/spool/slurm/slurmd/job9103245/slurm_script: line 15: 234173 Segmentation fault      ./yam "$i"
/var/spool/slurm/slurmd/job9103245/slurm_script: line 15: 234175 Segmentation fault      ./yam "$i"
/var/spool/slurm/slurmd/job9103245/slurm_script: line 15: 234177 Segmentation fault      ./yam "$i"
/var/spool/slurm/slurmd/job9103245/slurm_script: line 15: 234178 Segmentation fault      ./yam "$i"
/var/spool/slurm/slurmd/job9103245/slurm_script: line 15: 234182 Segmentation fault      ./yam "$i"
/var/spool/slurm/slurmd/job9103245/slurm_script: line 15: 234183 Segmentation fault      ./yam "$i"
/var/spool/slurm/slurmd/job9103245/slurm_script: line 15: 234185 Segmentation fault      ./yam "$i"
/var/spool/slurm/slurmd/job9103245/slurm_script: line 15: 234188 Segmentation fault      ./yam "$i"
/var/spool/slurm/slurmd/job9103245/slurm_script: line 15: 234189 Segmentation fault      ./yam "$i"
/var/spool/slurm/slurmd/job9103245/slurm_script: line 15: 234192 Segmentation fault      ./yam "$i"
/var/spool/slurm/slurmd/job9103245/slurm_script: line 15: 234193 Segmentation fault      ./yam "$i"
/var/spool/slurm/slurmd/job9103245/slurm_script: line 15: 234194 Segmentation fault      ./yam "$i"
/var/spool/slurm/slurmd/job9103245/slurm_script: line 15: 234195 Segmentation fault      ./yam "$i"
/var/spool/slurm/slurmd/job9103245/slurm_script: line 15: 234197 Segmentation fault      ./yam "$i"
/var/spool/slurm/slurmd/job9103245/slurm_script: line 15: 234199 Segmentation fault      ./yam "$i"
/var/spool/slurm/slurmd/job9103245/slurm_script: line 15: 234202 Segmentation fault      ./yam "$i"
/var/spool/slurm/slurmd/job9103245/slurm_script: line 15: 234203 Segmentation fault      ./yam "$i"
/var/spool/slurm/slurmd/job9103245/slurm_script: line 15: 234211 Segmentation fault      ./yam "$i"
/var/spool/slurm/slurmd/job9103245/slurm_script: line 15: 234212 Segmentation fault      ./yam "$i"
/var/spool/slurm/slurmd/job9103245/slurm_script: line 15: 234215 Segmentation fault      ./yam "$i"
/var/spool/slurm/slurmd/job9103245/slurm_script: line 15: 234217 Segmentation fault      ./yam "$i"
/var/spool/slurm/slurmd/job9103245/slurm_script: line 15: 234219 Segmentation fault      ./yam "$i"
/var/spool/slurm/slurmd/job9103245/slurm_script: line 15: 234220 Segmentation fault      ./yam "$i"
/var/spool/slurm/slurmd/job9103245/slurm_script: line 15: 234223 Segmentation fault      ./yam "$i"
/var/spool/slurm/slurmd/job9103245/slurm_script: line 15: 234224 Segmentation fault      ./yam "$i"
/var/spool/slurm/slurmd/job9103245/slurm_script: line 15: 234225 Segmentation fault      ./yam "$i"
/var/spool/slurm/slurmd/job9103245/slurm_script: line 15: 234228 Segmentation fault      ./yam "$i"
/var/spool/slurm/slurmd/job9103245/slurm_script: line 15: 234231 Segmentation fault      ./yam "$i"
/var/spool/slurm/slurmd/job9103245/slurm_script: line 15: 234234 Segmentation fault      ./yam "$i"
/var/spool/slurm/slurmd/job9103245/slurm_script: line 15: 234237 Segmentation fault      ./yam "$i"
/var/spool/slurm/slurmd/job9103245/slurm_script: line 15: 234238 Segmentation fault      ./yam "$i"
/var/spool/slurm/slurmd/job9103245/slurm_script: line 15: 234240 Segmentation fault      ./yam "$i"
/var/spool/slurm/slurmd/job9103245/slurm_script: line 15: 234242 Segmentation fault      ./yam "$i"
/var/spool/slurm/slurmd/job9103245/slurm_script: line 15: 234244 Segmentation fault      ./yam "$i"
/var/spool/slurm/slurmd/job9103245/slurm_script: line 15: 234245 Segmentation fault      ./yam "$i"
/var/spool/slurm/slurmd/job9103245/slurm_script: line 15: 234246 Segmentation fault      ./yam "$i"
/var/spool/slurm/slurmd/job9103245/slurm_script: line 15: 234247 Segmentation fault      ./yam "$i"
/var/spool/slurm/slurmd/job9103245/slurm_script: line 15: 234248 Segmentation fault      ./yam "$i"
/var/spool/slurm/slurmd/job9103245/slurm_script: line 15: 234249 Segmentation fault      ./yam "$i"
/var/spool/slurm/slurmd/job9103245/slurm_script: line 15: 234252 Segmentation fault      ./yam "$i"
/var/spool/slurm/slurmd/job9103245/slurm_script: line 15: 234257 Segmentation fault      ./yam "$i"
/var/spool/slurm/slurmd/job9103245/slurm_script: line 15: 234258 Segmentation fault      ./yam "$i"
/var/spool/slurm/slurmd/job9103245/slurm_script: line 15: 234263 Segmentation fault      ./yam "$i"
/var/spool/slurm/slurmd/job9103245/slurm_script: line 15: 234265 Segmentation fault      ./yam "$i"
/var/spool/slurm/slurmd/job9103245/slurm_script: line 15: 234268 Segmentation fault      ./yam "$i"
/var/spool/slurm/slurmd/job9103245/slurm_script: line 15: 234270 Segmentation fault      ./yam "$i"
/var/spool/slurm/slurmd/job9103245/slurm_script: line 15: 234277 Segmentation fault      ./yam "$i"
/var/spool/slurm/slurmd/job9103245/slurm_script: line 15: 234278 Segmentation fault      ./yam "$i"
/var/spool/slurm/slurmd/job9103245/slurm_script: line 15: 234279 Segmentation fault      ./yam "$i"
/var/spool/slurm/slurmd/job9103245/slurm_script: line 15: 234282 Segmentation fault      ./yam "$i"
/var/spool/slurm/slurmd/job9103245/slurm_script: line 15: 234283 Segmentation fault      ./yam "$i"
/var/spool/slurm/slurmd/job9103245/slurm_script: line 15: 234284 Segmentation fault      ./yam "$i"
/var/spool/slurm/slurmd/job9103245/slurm_script: line 15: 234285 Segmentation fault      ./yam "$i"
/var/spool/slurm/slurmd/job9103245/slurm_script: line 15: 234286 Segmentation fault      ./yam "$i"
/var/spool/slurm/slurmd/job9103245/slurm_script: line 15: 234288 Segmentation fault      ./yam "$i"
/var/spool/slurm/slurmd/job9103245/slurm_script: line 15: 234289 Segmentation fault      ./yam "$i"
/var/spool/slurm/slurmd/job9103245/slurm_script: line 15: 234292 Segmentation fault      ./yam "$i"
/var/spool/slurm/slurmd/job9103245/slurm_script: line 15: 234293 Segmentation fault      ./yam "$i"
/var/spool/slurm/slurmd/job9103245/slurm_script: line 15: 234296 Segmentation fault      ./yam "$i"
/var/spool/slurm/slurmd/job9103245/slurm_script: line 15: 234297 Segmentation fault      ./yam "$i"
/var/spool/slurm/slurmd/job9103245/slurm_script: line 15: 234300 Segmentation fault      ./yam "$i"
/var/spool/slurm/slurmd/job9103245/slurm_script: line 15: 234301 Segmentation fault      ./yam "$i"
/var/spool/slurm/slurmd/job9103245/slurm_script: line 15: 234302 Segmentation fault      ./yam "$i"
/var/spool/slurm/slurmd/job9103245/slurm_script: line 15: 234303 Segmentation fault      ./yam "$i"
/var/spool/slurm/slurmd/job9103245/slurm_script: line 15: 234308 Segmentation fault      ./yam "$i"
/var/spool/slurm/slurmd/job9103245/slurm_script: line 15: 234310 Segmentation fault      ./yam "$i"
/var/spool/slurm/slurmd/job9103245/slurm_script: line 15: 234311 Segmentation fault      ./yam "$i"
/var/spool/slurm/slurmd/job9103245/slurm_script: line 15: 234312 Segmentation fault      ./yam "$i"
/var/spool/slurm/slurmd/job9103245/slurm_script: line 15: 234313 Segmentation fault      ./yam "$i"
/var/spool/slurm/slurmd/job9103245/slurm_script: line 15: 234314 Segmentation fault      ./yam "$i"
/var/spool/slurm/slurmd/job9103245/slurm_script: line 15: 234317 Segmentation fault      ./yam "$i"
/var/spool/slurm/slurmd/job9103245/slurm_script: line 15: 234318 Segmentation fault      ./yam "$i"
/var/spool/slurm/slurmd/job9103245/slurm_script: line 15: 234320 Segmentation fault      ./yam "$i"
/var/spool/slurm/slurmd/job9103245/slurm_script: line 15: 234322 Segmentation fault      ./yam "$i"
/var/spool/slurm/slurmd/job9103245/slurm_script: line 15: 234325 Segmentation fault      ./yam "$i"
/var/spool/slurm/slurmd/job9103245/slurm_script: line 15: 234328 Segmentation fault      ./yam "$i"
/var/spool/slurm/slurmd/job9103245/slurm_script: line 15: 234331 Segmentation fault      ./yam "$i"
/var/spool/slurm/slurmd/job9103245/slurm_script: line 15: 234333 Segmentation fault      ./yam "$i"
/var/spool/slurm/slurmd/job9103245/slurm_script: line 15: 234336 Segmentation fault      ./yam "$i"
/var/spool/slurm/slurmd/job9103245/slurm_script: line 15: 234337 Segmentation fault      ./yam "$i"
/var/spool/slurm/slurmd/job9103245/slurm_script: line 15: 234339 Segmentation fault      ./yam "$i"
/var/spool/slurm/slurmd/job9103245/slurm_script: line 15: 234341 Segmentation fault      ./yam "$i"
/var/spool/slurm/slurmd/job9103245/slurm_script: line 15: 234344 Segmentation fault      ./yam "$i"
/var/spool/slurm/slurmd/job9103245/slurm_script: line 15: 234345 Segmentation fault      ./yam "$i"
/var/spool/slurm/slurmd/job9103245/slurm_script: line 15: 234346 Segmentation fault      ./yam "$i"
/var/spool/slurm/slurmd/job9103245/slurm_script: line 15: 234351 Segmentation fault      ./yam "$i"
/var/spool/slurm/slurmd/job9103245/slurm_script: line 15: 234353 Segmentation fault      ./yam "$i"
/var/spool/slurm/slurmd/job9103245/slurm_script: line 15: 234354 Segmentation fault      ./yam "$i"
/var/spool/slurm/slurmd/job9103245/slurm_script: line 15: 234356 Segmentation fault      ./yam "$i"
/var/spool/slurm/slurmd/job9103245/slurm_script: line 15: 234357 Segmentation fault      ./yam "$i"
/var/spool/slurm/slurmd/job9103245/slurm_script: line 15: 234361 Segmentation fault      ./yam "$i"
/var/spool/slurm/slurmd/job9103245/slurm_script: line 15: 234362 Segmentation fault      ./yam "$i"
/var/spool/slurm/slurmd/job9103245/slurm_script: line 15: 234365 Segmentation fault      ./yam "$i"
/var/spool/slurm/slurmd/job9103245/slurm_script: line 15: 234366 Segmentation fault      ./yam "$i"
/var/spool/slurm/slurmd/job9103245/slurm_script: line 15: 234368 Segmentation fault      ./yam "$i"
/var/spool/slurm/slurmd/job9103245/slurm_script: line 15: 234370 Segmentation fault      ./yam "$i"
/var/spool/slurm/slurmd/job9103245/slurm_script: line 15: 234372 Segmentation fault      ./yam "$i"
/var/spool/slurm/slurmd/job9103245/slurm_script: line 15: 234374 Segmentation fault      ./yam "$i"
/var/spool/slurm/slurmd/job9103245/slurm_script: line 15: 234377 Segmentation fault      ./yam "$i"
/var/spool/slurm/slurmd/job9103245/slurm_script: line 15: 234378 Segmentation fault      ./yam "$i"
/var/spool/slurm/slurmd/job9103245/slurm_script: line 15: 234379 Segmentation fault      ./yam "$i"
/var/spool/slurm/slurmd/job9103245/slurm_script: line 15: 234381 Segmentation fault      ./yam "$i"
/var/spool/slurm/slurmd/job9103245/slurm_script: line 15: 234383 Segmentation fault      ./yam "$i"
/var/spool/slurm/slurmd/job9103245/slurm_script: line 15: 234385 Segmentation fault      ./yam "$i"
/var/spool/slurm/slurmd/job9103245/slurm_script: line 15: 234387 Segmentation fault      ./yam "$i"
/var/spool/slurm/slurmd/job9103245/slurm_script: line 15: 234389 Segmentation fault      ./yam "$i"
/var/spool/slurm/slurmd/job9103245/slurm_script: line 15: 234390 Segmentation fault      ./yam "$i"
/var/spool/slurm/slurmd/job9103245/slurm_script: line 15: 234394 Segmentation fault      ./yam "$i"
/var/spool/slurm/slurmd/job9103245/slurm_script: line 15: 234395 Segmentation fault      ./yam "$i"
/var/spool/slurm/slurmd/job9103245/slurm_script: line 15: 234397 Segmentation fault      ./yam "$i"
/var/spool/slurm/slurmd/job9103245/slurm_script: line 15: 234398 Segmentation fault      ./yam "$i"
/var/spool/slurm/slurmd/job9103245/slurm_script: line 15: 234400 Segmentation fault      ./yam "$i"
/var/spool/slurm/slurmd/job9103245/slurm_script: line 15: 234402 Segmentation fault      ./yam "$i"
/var/spool/slurm/slurmd/job9103245/slurm_script: line 15: 234403 Segmentation fault      ./yam "$i"
/var/spool/slurm/slurmd/job9103245/slurm_script: line 15: 234404 Segmentation fault      ./yam "$i"
/var/spool/slurm/slurmd/job9103245/slurm_script: line 15: 234405 Segmentation fault      ./yam "$i"
/var/spool/slurm/slurmd/job9103245/slurm_script: line 15: 234408 Segmentation fault      ./yam "$i"
/var/spool/slurm/slurmd/job9103245/slurm_script: line 15: 234410 Segmentation fault      ./yam "$i"
/var/spool/slurm/slurmd/job9103245/slurm_script: line 15: 234413 Segmentation fault      ./yam "$i"
/var/spool/slurm/slurmd/job9103245/slurm_script: line 15: 234414 Segmentation fault      ./yam "$i"
/var/spool/slurm/slurmd/job9103245/slurm_script: line 15: 234416 Segmentation fault      ./yam "$i"
/var/spool/slurm/slurmd/job9103245/slurm_script: line 15: 234417 Segmentation fault      ./yam "$i"
/var/spool/slurm/slurmd/job9103245/slurm_script: line 15: 234418 Segmentation fault      ./yam "$i"
/var/spool/slurm/slurmd/job9103245/slurm_script: line 15: 234420 Segmentation fault      ./yam "$i"
/var/spool/slurm/slurmd/job9103245/slurm_script: line 15: 234423 Segmentation fault      ./yam "$i"
/var/spool/slurm/slurmd/job9103245/slurm_script: line 15: 234425 Segmentation fault      ./yam "$i"
/var/spool/slurm/slurmd/job9103245/slurm_script: line 15: 234426 Segmentation fault      ./yam "$i"
/var/spool/slurm/slurmd/job9103245/slurm_script: line 15: 234427 Segmentation fault      ./yam "$i"
/var/spool/slurm/slurmd/job9103245/slurm_script: line 15: 234428 Segmentation fault      ./yam "$i"
/var/spool/slurm/slurmd/job9103245/slurm_script: line 15: 234429 Segmentation fault      ./yam "$i"
/var/spool/slurm/slurmd/job9103245/slurm_script: line 15: 234431 Segmentation fault      ./yam "$i"
/var/spool/slurm/slurmd/job9103245/slurm_script: line 15: 234435 Segmentation fault      ./yam "$i"
/var/spool/slurm/slurmd/job9103245/slurm_script: line 15: 234437 Segmentation fault      ./yam "$i"
/var/spool/slurm/slurmd/job9103245/slurm_script: line 15: 234438 Segmentation fault      ./yam "$i"
/var/spool/slurm/slurmd/job9103245/slurm_script: line 15: 234441 Segmentation fault      ./yam "$i"
/var/spool/slurm/slurmd/job9103245/slurm_script: line 15: 234443 Segmentation fault      ./yam "$i"
/var/spool/slurm/slurmd/job9103245/slurm_script: line 15: 234444 Segmentation fault      ./yam "$i"
/var/spool/slurm/slurmd/job9103245/slurm_script: line 15: 234446 Segmentation fault      ./yam "$i"
/var/spool/slurm/slurmd/job9103245/slurm_script: line 15: 234447 Segmentation fault      ./yam "$i"
/var/spool/slurm/slurmd/job9103245/slurm_script: line 15: 234450 Segmentation fault      ./yam "$i"
/var/spool/slurm/slurmd/job9103245/slurm_script: line 15: 234451 Segmentation fault      ./yam "$i"
/var/spool/slurm/slurmd/job9103245/slurm_script: line 15: 234455 Segmentation fault      ./yam "$i"
/var/spool/slurm/slurmd/job9103245/slurm_script: line 15: 234458 Segmentation fault      ./yam "$i"
/var/spool/slurm/slurmd/job9103245/slurm_script: line 15: 234459 Segmentation fault      ./yam "$i"
/var/spool/slurm/slurmd/job9103245/slurm_script: line 15: 234460 Segmentation fault      ./yam "$i"
/var/spool/slurm/slurmd/job9103245/slurm_script: line 15: 234462 Segmentation fault      ./yam "$i"
/var/spool/slurm/slurmd/job9103245/slurm_script: line 15: 234463 Segmentation fault      ./yam "$i"
/var/spool/slurm/slurmd/job9103245/slurm_script: line 15: 234472 Segmentation fault      ./yam "$i"
/var/spool/slurm/slurmd/job9103245/slurm_script: line 15: 234474 Segmentation fault      ./yam "$i"
/var/spool/slurm/slurmd/job9103245/slurm_script: line 15: 234475 Segmentation fault      ./yam "$i"
/var/spool/slurm/slurmd/job9103245/slurm_script: line 15: 234480 Segmentation fault      ./yam "$i"
/var/spool/slurm/slurmd/job9103245/slurm_script: line 15: 234483 Segmentation fault      ./yam "$i"
/var/spool/slurm/slurmd/job9103245/slurm_script: line 15: 234484 Segmentation fault      ./yam "$i"
/var/spool/slurm/slurmd/job9103245/slurm_script: line 15: 234488 Segmentation fault      ./yam "$i"
/var/spool/slurm/slurmd/job9103245/slurm_script: line 15: 234489 Segmentation fault      ./yam "$i"
/var/spool/slurm/slurmd/job9103245/slurm_script: line 15: 234490 Segmentation fault      ./yam "$i"
/var/spool/slurm/slurmd/job9103245/slurm_script: line 15: 234493 Segmentation fault      ./yam "$i"
/var/spool/slurm/slurmd/job9103245/slurm_script: line 15: 234494 Segmentation fault      ./yam "$i"
/var/spool/slurm/slurmd/job9103245/slurm_script: line 15: 234496 Segmentation fault      ./yam "$i"
/var/spool/slurm/slurmd/job9103245/slurm_script: line 15: 234497 Segmentation fault      ./yam "$i"
/var/spool/slurm/slurmd/job9103245/slurm_script: line 15: 234499 Segmentation fault      ./yam "$i"
/var/spool/slurm/slurmd/job9103245/slurm_script: line 15: 234500 Segmentation fault      ./yam "$i"
/var/spool/slurm/slurmd/job9103245/slurm_script: line 15: 234504 Segmentation fault      ./yam "$i"
/var/spool/slurm/slurmd/job9103245/slurm_script: line 15: 234505 Segmentation fault      ./yam "$i"
/var/spool/slurm/slurmd/job9103245/slurm_script: line 15: 234507 Segmentation fault      ./yam "$i"
/var/spool/slurm/slurmd/job9103245/slurm_script: line 15: 234508 Segmentation fault      ./yam "$i"
/var/spool/slurm/slurmd/job9103245/slurm_script: line 15: 234509 Segmentation fault      ./yam "$i"
/var/spool/slurm/slurmd/job9103245/slurm_script: line 15: 234511 Segmentation fault      ./yam "$i"
/var/spool/slurm/slurmd/job9103245/slurm_script: line 15: 234512 Segmentation fault      ./yam "$i"
/var/spool/slurm/slurmd/job9103245/slurm_script: line 15: 234513 Segmentation fault      ./yam "$i"
/var/spool/slurm/slurmd/job9103245/slurm_script: line 15: 234514 Segmentation fault      ./yam "$i"
/var/spool/slurm/slurmd/job9103245/slurm_script: line 15: 234515 Segmentation fault      ./yam "$i"
/var/spool/slurm/slurmd/job9103245/slurm_script: line 15: 234516 Segmentation fault      ./yam "$i"
/var/spool/slurm/slurmd/job9103245/slurm_script: line 15: 234517 Segmentation fault      ./yam "$i"
/var/spool/slurm/slurmd/job9103245/slurm_script: line 15: 234518 Segmentation fault      ./yam "$i"
/var/spool/slurm/slurmd/job9103245/slurm_script: line 15: 234522 Segmentation fault      ./yam "$i"
/var/spool/slurm/slurmd/job9103245/slurm_script: line 15: 234525 Segmentation fault      ./yam "$i"
/var/spool/slurm/slurmd/job9103245/slurm_script: line 15: 234528 Segmentation fault      ./yam "$i"
/var/spool/slurm/slurmd/job9103245/slurm_script: line 15: 234530 Segmentation fault      ./yam "$i"
/var/spool/slurm/slurmd/job9103245/slurm_script: line 15: 234532 Segmentation fault      ./yam "$i"
/var/spool/slurm/slurmd/job9103245/slurm_script: line 15: 234533 Segmentation fault      ./yam "$i"
/var/spool/slurm/slurmd/job9103245/slurm_script: line 15: 234534 Segmentation fault      ./yam "$i"
/var/spool/slurm/slurmd/job9103245/slurm_script: line 15: 234535 Segmentation fault      ./yam "$i"
/var/spool/slurm/slurmd/job9103245/slurm_script: line 15: 234537 Segmentation fault      ./yam "$i"
/var/spool/slurm/slurmd/job9103245/slurm_script: line 15: 234538 Segmentation fault      ./yam "$i"
/var/spool/slurm/slurmd/job9103245/slurm_script: line 15: 234540 Segmentation fault      ./yam "$i"
/var/spool/slurm/slurmd/job9103245/slurm_script: line 15: 234542 Segmentation fault      ./yam "$i"
/var/spool/slurm/slurmd/job9103245/slurm_script: line 15: 234546 Segmentation fault      ./yam "$i"
/var/spool/slurm/slurmd/job9103245/slurm_script: line 15: 234548 Segmentation fault      ./yam "$i"
/var/spool/slurm/slurmd/job9103245/slurm_script: line 15: 234549 Segmentation fault      ./yam "$i"
/var/spool/slurm/slurmd/job9103245/slurm_script: line 15: 234550 Segmentation fault      ./yam "$i"
/var/spool/slurm/slurmd/job9103245/slurm_script: line 15: 234551 Segmentation fault      ./yam "$i"
/var/spool/slurm/slurmd/job9103245/slurm_script: line 15: 234555 Segmentation fault      ./yam "$i"
/var/spool/slurm/slurmd/job9103245/slurm_script: line 15: 234557 Segmentation fault      ./yam "$i"
/var/spool/slurm/slurmd/job9103245/slurm_script: line 15: 234558 Segmentation fault      ./yam "$i"
/var/spool/slurm/slurmd/job9103245/slurm_script: line 15: 234559 Segmentation fault      ./yam "$i"
/var/spool/slurm/slurmd/job9103245/slurm_script: line 15: 234569 Segmentation fault      ./yam "$i"
/var/spool/slurm/slurmd/job9103245/slurm_script: line 15: 234570 Segmentation fault      ./yam "$i"
/var/spool/slurm/slurmd/job9103245/slurm_script: line 15: 234577 Segmentation fault      ./yam "$i"
/var/spool/slurm/slurmd/job9103245/slurm_script: line 15: 234578 Segmentation fault      ./yam "$i"
/var/spool/slurm/slurmd/job9103245/slurm_script: line 15: 234581 Segmentation fault      ./yam "$i"
/var/spool/slurm/slurmd/job9103245/slurm_script: line 15: 234585 Segmentation fault      ./yam "$i"
/var/spool/slurm/slurmd/job9103245/slurm_script: line 15: 234587 Segmentation fault      ./yam "$i"
/var/spool/slurm/slurmd/job9103245/slurm_script: line 15: 234588 Segmentation fault      ./yam "$i"
/var/spool/slurm/slurmd/job9103245/slurm_script: line 15: 234063 Segmentation fault      ./yam "$i"
/var/spool/slurm/slurmd/job9103245/slurm_script: line 15: 234110 Segmentation fault      ./yam "$i"
/var/spool/slurm/slurmd/job9103245/slurm_script: line 15: 234132 Segmentation fault      ./yam "$i"
/var/spool/slurm/slurmd/job9103245/slurm_script: line 15: 234243 Segmentation fault      ./yam "$i"
/var/spool/slurm/slurmd/job9103245/slurm_script: line 15: 234274 Segmentation fault      ./yam "$i"
/var/spool/slurm/slurmd/job9103245/slurm_script: line 15: 234275 Segmentation fault      ./yam "$i"
/var/spool/slurm/slurmd/job9103245/slurm_script: line 15: 234321 Segmentation fault      ./yam "$i"
/var/spool/slurm/slurmd/job9103245/slurm_script: line 15: 234384 Segmentation fault      ./yam "$i"
/var/spool/slurm/slurmd/job9103245/slurm_script: line 15: 234392 Segmentation fault      ./yam "$i"
/var/spool/slurm/slurmd/job9103245/slurm_script: line 15: 234422 Segmentation fault      ./yam "$i"
/var/spool/slurm/slurmd/job9103245/slurm_script: line 15: 234442 Segmentation fault      ./yam "$i"
/var/spool/slurm/slurmd/job9103245/slurm_script: line 15: 234448 Segmentation fault      ./yam "$i"
/var/spool/slurm/slurmd/job9103245/slurm_script: line 15: 234453 Segmentation fault      ./yam "$i"
/var/spool/slurm/slurmd/job9103245/slurm_script: line 15: 234486 Segmentation fault      ./yam "$i"
/var/spool/slurm/slurmd/job9103245/slurm_script: line 15: 234498 Segmentation fault      ./yam "$i"
/var/spool/slurm/slurmd/job9103245/slurm_script: line 15: 234502 Segmentation fault      ./yam "$i"
/var/spool/slurm/slurmd/job9103245/slurm_script: line 15: 234506 Segmentation fault      ./yam "$i"
/var/spool/slurm/slurmd/job9103245/slurm_script: line 15: 234523 Segmentation fault      ./yam "$i"
/var/spool/slurm/slurmd/job9103245/slurm_script: line 15: 234560 Segmentation fault      ./yam "$i"
/var/spool/slurm/slurmd/job9103245/slurm_script: line 15: 234571 Segmentation fault      ./yam "$i"
/var/spool/slurm/slurmd/job9103245/slurm_script: line 15: 234586 Segmentation fault      ./yam "$i"
/var/spool/slurm/slurmd/job9103245/slurm_script: line 15: 234208 Segmentation fault      ./yam "$i"
/var/spool/slurm/slurmd/job9103245/slurm_script: line 15: 234232 Segmentation fault      ./yam "$i"
/var/spool/slurm/slurmd/job9103245/slurm_script: line 15: 234330 Segmentation fault      ./yam "$i"
/var/spool/slurm/slurmd/job9103245/slurm_script: line 15: 234335 Segmentation fault      ./yam "$i"
/var/spool/slurm/slurmd/job9103245/slurm_script: line 15: 234213 Segmentation fault      ./yam "$i"
/var/spool/slurm/slurmd/job9103245/slurm_script: line 15: 234495 Segmentation fault      ./yam "$i"

JOB STATISTICS
==============
Job ID: 9103245
Cluster: snellius
User/Group: njafarian/njafarian
State: COMPLETED (exit code 0)
Nodes: 18
Cores per node: 128
CPU Utilized: 00:02:18
CPU Efficiency: 0.33% of 11:31:12 core-walltime
Job Wall-clock time: 00:00:18
Memory Utilized: 2.64 MB
Memory Efficiency: 0.00% of 3.94 TB
